{"/home/phamt27@campus.up.edu/project-mw-continued-education-portal/server/dbms.js": {"path":"/home/phamt27@campus.up.edu/project-mw-continued-education-portal/server/dbms.js","statementMap":{"0":{"start":{"line":9,"column":0},"end":{"line":9,"column":26}},"1":{"start":{"line":12,"column":12},"end":{"line":12,"column":29}},"2":{"start":{"line":13,"column":12},"end":{"line":13,"column":28}},"3":{"start":{"line":15,"column":11},"end":{"line":15,"column":22}},"4":{"start":{"line":17,"column":15},"end":{"line":17,"column":23}},"5":{"start":{"line":18,"column":11},"end":{"line":18,"column":19}},"6":{"start":{"line":19,"column":15},"end":{"line":19,"column":20}},"7":{"start":{"line":32,"column":0},"end":{"line":83,"column":1}},"8":{"start":{"line":35,"column":18},"end":{"line":35,"column":22}},"9":{"start":{"line":37,"column":4},"end":{"line":81,"column":7}},"10":{"start":{"line":41,"column":12},"end":{"line":41,"column":53}},"11":{"start":{"line":42,"column":12},"end":{"line":47,"column":15}},"12":{"start":{"line":49,"column":12},"end":{"line":49,"column":39}},"13":{"start":{"line":54,"column":12},"end":{"line":54,"column":48}},"14":{"start":{"line":55,"column":12},"end":{"line":55,"column":48}},"15":{"start":{"line":60,"column":12},"end":{"line":60,"column":46}},"16":{"start":{"line":61,"column":12},"end":{"line":61,"column":27}},"17":{"start":{"line":62,"column":12},"end":{"line":62,"column":35}},"18":{"start":{"line":63,"column":12},"end":{"line":63,"column":27}},"19":{"start":{"line":69,"column":8},"end":{"line":76,"column":9}},"20":{"start":{"line":70,"column":12},"end":{"line":70,"column":55}},"21":{"start":{"line":71,"column":12},"end":{"line":71,"column":29}},"22":{"start":{"line":72,"column":12},"end":{"line":72,"column":32}},"23":{"start":{"line":74,"column":12},"end":{"line":74,"column":53}},"24":{"start":{"line":75,"column":12},"end":{"line":75,"column":37}},"25":{"start":{"line":79,"column":8},"end":{"line":79,"column":23}}},"fnMap":{"0":{"name":"(anonymous_0)","decl":{"start":{"line":32,"column":18},"end":{"line":32,"column":19}},"loc":{"start":{"line":32,"column":48},"end":{"line":83,"column":1}},"line":32},"1":{"name":"(anonymous_1)","decl":{"start":{"line":40,"column":8},"end":{"line":40,"column":9}},"loc":{"start":{"line":40,"column":28},"end":{"line":50,"column":9}},"line":40},"2":{"name":"(anonymous_2)","decl":{"start":{"line":53,"column":8},"end":{"line":53,"column":9}},"loc":{"start":{"line":53,"column":37},"end":{"line":56,"column":9}},"line":53},"3":{"name":"(anonymous_3)","decl":{"start":{"line":59,"column":8},"end":{"line":59,"column":9}},"loc":{"start":{"line":59,"column":42},"end":{"line":64,"column":9}},"line":59},"4":{"name":"(anonymous_4)","decl":{"start":{"line":68,"column":4},"end":{"line":68,"column":5}},"loc":{"start":{"line":68,"column":24},"end":{"line":81,"column":5}},"line":68}},"branchMap":{"0":{"loc":{"start":{"line":69,"column":8},"end":{"line":76,"column":9}},"type":"if","locations":[{"start":{"line":69,"column":8},"end":{"line":76,"column":9}},{"start":{"line":73,"column":15},"end":{"line":76,"column":9}}],"line":69}},"s":{"0":1,"1":1,"2":1,"3":1,"4":1,"5":1,"6":1,"7":1,"8":0,"9":0,"10":0,"11":0,"12":0,"13":0,"14":0,"15":0,"16":0,"17":0,"18":0,"19":0,"20":0,"21":0,"22":0,"23":0,"24":0,"25":0},"f":{"0":0,"1":0,"2":0,"3":0,"4":0},"b":{"0":[0,0]},"_coverageSchema":"1a1c01bbd47fc00a2c39e90264f33305004495a9","hash":"177e004b6ea619896649d0ce502295ebcc64879e"}
,"/home/phamt27@campus.up.edu/project-mw-continued-education-portal/server/server2.js": {"path":"/home/phamt27@campus.up.edu/project-mw-continued-education-portal/server/server2.js","statementMap":{"0":{"start":{"line":1,"column":13},"end":{"line":1,"column":33}},"1":{"start":{"line":2,"column":16},"end":{"line":2,"column":34}},"2":{"start":{"line":3,"column":13},"end":{"line":3,"column":28}},"3":{"start":{"line":5,"column":12},"end":{"line":5,"column":21}},"4":{"start":{"line":6,"column":13},"end":{"line":6,"column":37}},"5":{"start":{"line":8,"column":0},"end":{"line":8,"column":48}},"6":{"start":{"line":9,"column":0},"end":{"line":9,"column":24}},"7":{"start":{"line":12,"column":0},"end":{"line":12,"column":65}},"8":{"start":{"line":15,"column":0},"end":{"line":17,"column":3}},"9":{"start":{"line":16,"column":2},"end":{"line":16,"column":70}},"10":{"start":{"line":19,"column":0},"end":{"line":31,"column":5}},"11":{"start":{"line":21,"column":12},"end":{"line":21,"column":20}},"12":{"start":{"line":22,"column":12},"end":{"line":22,"column":25}},"13":{"start":{"line":23,"column":12},"end":{"line":23,"column":25}},"14":{"start":{"line":24,"column":13},"end":{"line":24,"column":103}},"15":{"start":{"line":25,"column":1},"end":{"line":30,"column":4}},"16":{"start":{"line":26,"column":12},"end":{"line":26,"column":28}},"17":{"start":{"line":27,"column":1},"end":{"line":27,"column":27}},"18":{"start":{"line":28,"column":2},"end":{"line":29,"column":36}},"19":{"start":{"line":28,"column":33},"end":{"line":28,"column":59}},"20":{"start":{"line":29,"column":8},"end":{"line":29,"column":35}},"21":{"start":{"line":34,"column":0},"end":{"line":64,"column":4}},"22":{"start":{"line":35,"column":12},"end":{"line":35,"column":20}},"23":{"start":{"line":36,"column":12},"end":{"line":36,"column":21}},"24":{"start":{"line":37,"column":13},"end":{"line":37,"column":23}},"25":{"start":{"line":38,"column":16},"end":{"line":38,"column":29}},"26":{"start":{"line":39,"column":13},"end":{"line":39,"column":23}},"27":{"start":{"line":40,"column":16},"end":{"line":40,"column":29}},"28":{"start":{"line":41,"column":16},"end":{"line":41,"column":29}},"29":{"start":{"line":43,"column":20},"end":{"line":43,"column":76}},"30":{"start":{"line":44,"column":14},"end":{"line":44,"column":75}},"31":{"start":{"line":45,"column":14},"end":{"line":45,"column":45}},"32":{"start":{"line":46,"column":14},"end":{"line":46,"column":49}},"33":{"start":{"line":47,"column":1},"end":{"line":47,"column":20}},"34":{"start":{"line":48,"column":1},"end":{"line":62,"column":4}},"35":{"start":{"line":50,"column":1},"end":{"line":60,"column":2}},"36":{"start":{"line":50,"column":31},"end":{"line":50,"column":61}},"37":{"start":{"line":53,"column":1},"end":{"line":59,"column":4}},"38":{"start":{"line":54,"column":1},"end":{"line":58,"column":2}},"39":{"start":{"line":54,"column":11},"end":{"line":54,"column":36}},"40":{"start":{"line":54,"column":37},"end":{"line":54,"column":44}},"41":{"start":{"line":57,"column":1},"end":{"line":57,"column":28}},"42":{"start":{"line":66,"column":0},"end":{"line":75,"column":3}},"43":{"start":{"line":67,"column":11},"end":{"line":67,"column":19}},"44":{"start":{"line":68,"column":0},"end":{"line":68,"column":31}},"45":{"start":{"line":69,"column":11},"end":{"line":69,"column":24}},"46":{"start":{"line":70,"column":0},"end":{"line":70,"column":62}},"47":{"start":{"line":71,"column":0},"end":{"line":74,"column":3}},"48":{"start":{"line":73,"column":0},"end":{"line":73,"column":19}},"49":{"start":{"line":77,"column":15},"end":{"line":79,"column":1}},"50":{"start":{"line":78,"column":0},"end":{"line":78,"column":26}},"51":{"start":{"line":80,"column":0},"end":{"line":80,"column":28}},"52":{"start":{"line":82,"column":0},"end":{"line":84,"column":3}},"53":{"start":{"line":83,"column":2},"end":{"line":83,"column":60}},"54":{"start":{"line":86,"column":0},"end":{"line":86,"column":28}}},"fnMap":{"0":{"name":"(anonymous_0)","decl":{"start":{"line":15,"column":14},"end":{"line":15,"column":15}},"loc":{"start":{"line":15,"column":28},"end":{"line":17,"column":1}},"line":15},"1":{"name":"(anonymous_1)","decl":{"start":{"line":19,"column":19},"end":{"line":19,"column":20}},"loc":{"start":{"line":19,"column":33},"end":{"line":31,"column":3}},"line":19},"2":{"name":"(anonymous_2)","decl":{"start":{"line":25,"column":21},"end":{"line":25,"column":22}},"loc":{"start":{"line":25,"column":40},"end":{"line":30,"column":2}},"line":25},"3":{"name":"(anonymous_3)","decl":{"start":{"line":34,"column":20},"end":{"line":34,"column":21}},"loc":{"start":{"line":34,"column":33},"end":{"line":64,"column":2}},"line":34},"4":{"name":"(anonymous_4)","decl":{"start":{"line":48,"column":21},"end":{"line":48,"column":22}},"loc":{"start":{"line":48,"column":39},"end":{"line":62,"column":2}},"line":48},"5":{"name":"(anonymous_5)","decl":{"start":{"line":53,"column":22},"end":{"line":53,"column":23}},"loc":{"start":{"line":53,"column":40},"end":{"line":59,"column":2}},"line":53},"6":{"name":"(anonymous_6)","decl":{"start":{"line":66,"column":21},"end":{"line":66,"column":22}},"loc":{"start":{"line":66,"column":35},"end":{"line":75,"column":1}},"line":66},"7":{"name":"(anonymous_7)","decl":{"start":{"line":71,"column":20},"end":{"line":71,"column":21}},"loc":{"start":{"line":71,"column":39},"end":{"line":74,"column":1}},"line":71},"8":{"name":"(anonymous_8)","decl":{"start":{"line":77,"column":15},"end":{"line":77,"column":16}},"loc":{"start":{"line":77,"column":35},"end":{"line":79,"column":1}},"line":77},"9":{"name":"(anonymous_9)","decl":{"start":{"line":82,"column":17},"end":{"line":82,"column":18}},"loc":{"start":{"line":82,"column":23},"end":{"line":84,"column":1}},"line":82}},"branchMap":{"0":{"loc":{"start":{"line":6,"column":13},"end":{"line":6,"column":37}},"type":"binary-expr","locations":[{"start":{"line":6,"column":13},"end":{"line":6,"column":29}},{"start":{"line":6,"column":33},"end":{"line":6,"column":37}}],"line":6},"1":{"loc":{"start":{"line":28,"column":2},"end":{"line":29,"column":36}},"type":"if","locations":[{"start":{"line":28,"column":2},"end":{"line":29,"column":36}},{"start":{"line":29,"column":7},"end":{"line":29,"column":36}}],"line":28},"2":{"loc":{"start":{"line":50,"column":1},"end":{"line":60,"column":2}},"type":"if","locations":[{"start":{"line":50,"column":1},"end":{"line":60,"column":2}},{"start":{"line":52,"column":6},"end":{"line":60,"column":2}}],"line":50},"3":{"loc":{"start":{"line":54,"column":1},"end":{"line":58,"column":2}},"type":"if","locations":[{"start":{"line":54,"column":1},"end":{"line":58,"column":2}},{"start":{"line":55,"column":6},"end":{"line":58,"column":2}}],"line":54}},"s":{"0":1,"1":1,"2":1,"3":1,"4":1,"5":1,"6":1,"7":1,"8":1,"9":0,"10":1,"11":0,"12":0,"13":0,"14":0,"15":0,"16":0,"17":0,"18":0,"19":0,"20":0,"21":1,"22":0,"23":0,"24":0,"25":0,"26":0,"27":0,"28":0,"29":0,"30":0,"31":0,"32":0,"33":0,"34":0,"35":0,"36":0,"37":0,"38":0,"39":0,"40":0,"41":0,"42":1,"43":0,"44":0,"45":0,"46":0,"47":0,"48":0,"49":1,"50":0,"51":1,"52":1,"53":0,"54":1},"f":{"0":0,"1":0,"2":0,"3":0,"4":0,"5":0,"6":0,"7":0,"8":0,"9":0},"b":{"0":[1,1],"1":[0,0],"2":[0,0],"3":[0,0]},"_coverageSchema":"1a1c01bbd47fc00a2c39e90264f33305004495a9","hash":"21549c32dd591b0a0e02103c7a4c698557127ad9"}
}
