<?xml version="1.0" encoding="UTF-8"?>
<coverage generated="1777270125020" clover="3.2.0">
  <project timestamp="1777270125020" name="All files">
    <metrics statements="1469" coveredstatements="1262" conditionals="1225" coveredconditionals="938" methods="263" coveredmethods="231" elements="2957" coveredelements="2431" complexity="0" loc="1469" ncloc="1469" packages="1" files="2" classes="2"/>
    <file name="dbms.js" path="/home/phamt27@campus.up.edu/clone2/client/server/dbms.js">
      <metrics statements="12" coveredstatements="12" conditionals="4" coveredconditionals="4" methods="2" coveredmethods="2"/>
      <line num="6" count="3" type="stmt"/>
      <line num="8" count="3" type="stmt"/>
      <line num="18" count="3" type="stmt"/>
      <line num="20" count="3" type="stmt"/>
      <line num="21" count="3" type="cond" truecount="2" falsecount="0"/>
      <line num="22" count="1" type="stmt"/>
      <line num="23" count="1" type="stmt"/>
      <line num="26" count="3" type="stmt"/>
      <line num="27" count="3" type="cond" truecount="2" falsecount="0"/>
      <line num="28" count="1" type="stmt"/>
      <line num="29" count="1" type="stmt"/>
      <line num="32" count="2" type="stmt"/>
    </file>
    <file name="server.js" path="/home/phamt27@campus.up.edu/clone2/client/server/server.js">
      <metrics statements="1457" coveredstatements="1250" conditionals="1221" coveredconditionals="934" methods="261" coveredmethods="229"/>
      <line num="1" count="14" type="stmt"/>
      <line num="2" count="14" type="stmt"/>
      <line num="3" count="14" type="stmt"/>
      <line num="4" count="14" type="stmt"/>
      <line num="5" count="14" type="stmt"/>
      <line num="6" count="14" type="stmt"/>
      <line num="7" count="14" type="stmt"/>
      <line num="8" count="14" type="stmt"/>
      <line num="9" count="14" type="stmt"/>
      <line num="10" count="14" type="stmt"/>
      <line num="13" count="14" type="stmt"/>
      <line num="14" count="14" type="cond" truecount="1" falsecount="1"/>
      <line num="17" count="14" type="stmt"/>
      <line num="18" count="14" type="stmt"/>
      <line num="21" count="14" type="cond" truecount="1" falsecount="1"/>
      <line num="22" count="0" type="stmt"/>
      <line num="26" count="1" type="stmt"/>
      <line num="38" count="298" type="stmt"/>
      <line num="40" count="298" type="cond" truecount="4" falsecount="0"/>
      <line num="41" count="5" type="stmt"/>
      <line num="47" count="293" type="stmt"/>
      <line num="49" count="293" type="stmt"/>
      <line num="50" count="293" type="stmt"/>
      <line num="51" count="291" type="stmt"/>
      <line num="52" count="291" type="stmt"/>
      <line num="54" count="2" type="stmt"/>
      <line num="62" count="574" type="stmt"/>
      <line num="63" count="233" type="cond" truecount="1" falsecount="1"/>
      <line num="64" count="0" type="stmt"/>
      <line num="70" count="233" type="cond" truecount="2" falsecount="0"/>
      <line num="71" count="56" type="stmt"/>
      <line num="74" count="177" type="cond" truecount="2" falsecount="0"/>
      <line num="75" count="7" type="stmt"/>
      <line num="81" count="170" type="stmt"/>
      <line num="86" count="24" type="stmt"/>
      <line num="87" count="24" type="stmt"/>
      <line num="89" count="20" type="cond" truecount="2" falsecount="0"/>
      <line num="90" count="3" type="stmt"/>
      <line num="93" count="17" type="stmt"/>
      <line num="95" count="4" type="stmt"/>
      <line num="100" count="24" type="stmt"/>
      <line num="101" count="24" type="stmt"/>
      <line num="102" count="23" type="stmt"/>
      <line num="105" count="23" type="cond" truecount="4" falsecount="0"/>
      <line num="106" count="6" type="stmt"/>
      <line num="108" count="6" type="cond" truecount="2" falsecount="0"/>
      <line num="109" count="3" type="stmt"/>
      <line num="112" count="3" type="cond" truecount="2" falsecount="0"/>
      <line num="115" count="6" type="cond" truecount="2" falsecount="0"/>
      <line num="116" count="5" type="stmt"/>
      <line num="121" count="18" type="cond" truecount="2" falsecount="0"/>
      <line num="122" count="3" type="stmt"/>
      <line num="123" count="3" type="cond" truecount="2" falsecount="0"/>
      <line num="124" count="2" type="stmt"/>
      <line num="129" count="16" type="cond" truecount="2" falsecount="0"/>
      <line num="130" count="3" type="stmt"/>
      <line num="131" count="3" type="cond" truecount="2" falsecount="0"/>
      <line num="132" count="2" type="stmt"/>
      <line num="136" count="14" type="stmt"/>
      <line num="138" count="1" type="stmt"/>
      <line num="143" count="3" type="stmt"/>
      <line num="151" count="3" type="stmt"/>
      <line num="152" count="3" type="cond" truecount="2" falsecount="0"/>
      <line num="153" count="1" type="stmt"/>
      <line num="156" count="2" type="cond" truecount="1" falsecount="1"/>
      <line num="157" count="2" type="cond" truecount="2" falsecount="0"/>
      <line num="159" count="2" type="stmt"/>
      <line num="165" count="2" type="stmt"/>
      <line num="166" count="2" type="cond" truecount="1" falsecount="1"/>
      <line num="167" count="0" type="stmt"/>
      <line num="170" count="2" type="stmt"/>
      <line num="176" count="11" type="cond" truecount="2" falsecount="0"/>
      <line num="178" count="10" type="cond" truecount="1" falsecount="1"/>
      <line num="179" count="10" type="cond" truecount="2" falsecount="0"/>
      <line num="181" count="10" type="cond" truecount="2" falsecount="0"/>
      <line num="182" count="3" type="stmt"/>
      <line num="185" count="7" type="cond" truecount="2" falsecount="0"/>
      <line num="186" count="2" type="stmt"/>
      <line num="189" count="5" type="cond" truecount="2" falsecount="0"/>
      <line num="193" count="2" type="stmt"/>
      <line num="196" count="3" type="cond" truecount="2" falsecount="0"/>
      <line num="197" count="1" type="stmt"/>
      <line num="200" count="2" type="cond" truecount="2" falsecount="0"/>
      <line num="201" count="1" type="stmt"/>
      <line num="204" count="1" type="stmt"/>
      <line num="209" count="4" type="cond" truecount="2" falsecount="0"/>
      <line num="216" count="4" type="stmt"/>
      <line num="222" count="4" type="stmt"/>
      <line num="223" count="4" type="cond" truecount="2" falsecount="0"/>
      <line num="225" count="3" type="cond" truecount="2" falsecount="0"/>
      <line num="227" count="3" type="stmt"/>
      <line num="230" count="3" type="stmt"/>
      <line num="236" count="28" type="cond" truecount="1" falsecount="1"/>
      <line num="237" count="28" type="cond" truecount="1" falsecount="1"/>
      <line num="239" count="28" type="cond" truecount="2" falsecount="0"/>
      <line num="241" count="27" type="stmt"/>
      <line num="249" count="14" type="stmt"/>
      <line num="255" count="14" type="stmt"/>
      <line num="256" count="14" type="stmt"/>
      <line num="257" count="14" type="stmt"/>
      <line num="259" count="14" type="stmt"/>
      <line num="261" count="14" type="cond" truecount="1" falsecount="1"/>
      <line num="262" count="0" type="stmt"/>
      <line num="265" count="14" type="stmt"/>
      <line num="267" count="7" type="stmt"/>
      <line num="270" count="7" type="stmt"/>
      <line num="271" count="7" type="stmt"/>
      <line num="272" count="7" type="stmt"/>
      <line num="276" count="14" type="stmt"/>
      <line num="280" count="4" type="cond" truecount="3" falsecount="0"/>
      <line num="283" count="4" type="cond" truecount="2" falsecount="0"/>
      <line num="288" count="8" type="stmt"/>
      <line num="289" count="8" type="stmt"/>
      <line num="309" count="8" type="stmt"/>
      <line num="320" count="5" type="stmt"/>
      <line num="321" count="5" type="cond" truecount="1" falsecount="1"/>
      <line num="323" count="5" type="stmt"/>
      <line num="335" count="5" type="stmt"/>
      <line num="343" count="14" type="stmt"/>
      <line num="344" count="1" type="stmt"/>
      <line num="347" count="14" type="stmt"/>
      <line num="348" count="6" type="stmt"/>
      <line num="350" count="6" type="stmt"/>
      <line num="351" count="6" type="cond" truecount="2" falsecount="0"/>
      <line num="352" count="1" type="stmt"/>
      <line num="353" count="1" type="stmt"/>
      <line num="359" count="5" type="cond" truecount="4" falsecount="0"/>
      <line num="360" count="1" type="stmt"/>
      <line num="366" count="4" type="stmt"/>
      <line num="367" count="4" type="stmt"/>
      <line num="369" count="4" type="cond" truecount="2" falsecount="0"/>
      <line num="370" count="1" type="stmt"/>
      <line num="376" count="3" type="cond" truecount="2" falsecount="0"/>
      <line num="377" count="1" type="stmt"/>
      <line num="383" count="2" type="cond" truecount="2" falsecount="0"/>
      <line num="384" count="1" type="stmt"/>
      <line num="390" count="1" type="stmt"/>
      <line num="403" count="1" type="stmt"/>
      <line num="405" count="1" type="stmt"/>
      <line num="414" count="14" type="stmt"/>
      <line num="415" count="2" type="stmt"/>
      <line num="416" count="2" type="cond" truecount="2" falsecount="0"/>
      <line num="417" count="1" type="stmt"/>
      <line num="418" count="1" type="stmt"/>
      <line num="424" count="1" type="cond" truecount="3" falsecount="1"/>
      <line num="425" count="0" type="stmt"/>
      <line num="431" count="1" type="stmt"/>
      <line num="433" count="1" type="stmt"/>
      <line num="451" count="14" type="stmt"/>
      <line num="452" count="5" type="stmt"/>
      <line num="454" count="5" type="stmt"/>
      <line num="456" count="5" type="stmt"/>
      <line num="457" count="5" type="cond" truecount="1" falsecount="1"/>
      <line num="458" count="0" type="stmt"/>
      <line num="459" count="0" type="stmt"/>
      <line num="462" count="5" type="cond" truecount="4" falsecount="0"/>
      <line num="463" count="1" type="stmt"/>
      <line num="466" count="4" type="stmt"/>
      <line num="467" count="4" type="stmt"/>
      <line num="469" count="4" type="cond" truecount="2" falsecount="0"/>
      <line num="470" count="1" type="stmt"/>
      <line num="476" count="3" type="stmt"/>
      <line num="477" count="3" type="stmt"/>
      <line num="479" count="3" type="stmt"/>
      <line num="480" count="3" type="cond" truecount="2" falsecount="0"/>
      <line num="481" count="1" type="stmt"/>
      <line num="482" count="1" type="stmt"/>
      <line num="485" count="2" type="stmt"/>
      <line num="494" count="14" type="stmt"/>
      <line num="495" count="7" type="stmt"/>
      <line num="496" count="7" type="stmt"/>
      <line num="498" count="7" type="cond" truecount="5" falsecount="0"/>
      <line num="499" count="1" type="stmt"/>
      <line num="505" count="6" type="stmt"/>
      <line num="506" count="6" type="cond" truecount="1" falsecount="1"/>
      <line num="508" count="6" type="stmt"/>
      <line num="509" count="6" type="cond" truecount="2" falsecount="0"/>
      <line num="510" count="1" type="stmt"/>
      <line num="516" count="5" type="stmt"/>
      <line num="520" count="5" type="cond" truecount="2" falsecount="0"/>
      <line num="521" count="1" type="stmt"/>
      <line num="522" count="1" type="stmt"/>
      <line num="528" count="4" type="cond" truecount="4" falsecount="0"/>
      <line num="529" count="1" type="stmt"/>
      <line num="535" count="3" type="stmt"/>
      <line num="537" count="3" type="stmt"/>
      <line num="541" count="3" type="cond" truecount="2" falsecount="0"/>
      <line num="542" count="1" type="stmt"/>
      <line num="543" count="1" type="stmt"/>
      <line num="549" count="2" type="stmt"/>
      <line num="553" count="2" type="cond" truecount="2" falsecount="0"/>
      <line num="554" count="1" type="stmt"/>
      <line num="555" count="1" type="stmt"/>
      <line num="561" count="1" type="stmt"/>
      <line num="572" count="0" type="stmt"/>
      <line num="573" count="0" type="stmt"/>
      <line num="581" count="14" type="stmt"/>
      <line num="598" count="11" type="stmt"/>
      <line num="600" count="11" type="cond" truecount="4" falsecount="0"/>
      <line num="601" count="1" type="stmt"/>
      <line num="607" count="10" type="cond" truecount="1" falsecount="1"/>
      <line num="611" count="10" type="cond" truecount="2" falsecount="0"/>
      <line num="612" count="1" type="stmt"/>
      <line num="618" count="9" type="cond" truecount="2" falsecount="0"/>
      <line num="619" count="9" type="cond" truecount="2" falsecount="0"/>
      <line num="621" count="9" type="cond" truecount="1" falsecount="1"/>
      <line num="625" count="9" type="stmt"/>
      <line num="626" count="9" type="stmt"/>
      <line num="627" count="9" type="stmt"/>
      <line num="628" count="9" type="stmt"/>
      <line num="630" count="9" type="cond" truecount="2" falsecount="0"/>
      <line num="631" count="2" type="cond" truecount="2" falsecount="0"/>
      <line num="632" count="1" type="stmt"/>
      <line num="638" count="1" type="stmt"/>
      <line num="640" count="1" type="stmt"/>
      <line num="643" count="8" type="cond" truecount="2" falsecount="0"/>
      <line num="644" count="7" type="cond" truecount="2" falsecount="0"/>
      <line num="645" count="1" type="stmt"/>
      <line num="651" count="6" type="stmt"/>
      <line num="653" count="6" type="cond" truecount="2" falsecount="0"/>
      <line num="654" count="2" type="stmt"/>
      <line num="660" count="4" type="stmt"/>
      <line num="663" count="5" type="stmt"/>
      <line num="682" count="5" type="stmt"/>
      <line num="698" count="5" type="stmt"/>
      <line num="699" count="5" type="cond" truecount="2" falsecount="0"/>
      <line num="700" count="1" type="stmt"/>
      <line num="701" count="1" type="stmt"/>
      <line num="708" count="4" type="stmt"/>
      <line num="732" count="14" type="stmt"/>
      <line num="733" count="2" type="stmt"/>
      <line num="735" count="2" type="cond" truecount="3" falsecount="1"/>
      <line num="736" count="0" type="stmt"/>
      <line num="742" count="2" type="stmt"/>
      <line num="760" count="2" type="stmt"/>
      <line num="761" count="2" type="cond" truecount="2" falsecount="0"/>
      <line num="762" count="1" type="stmt"/>
      <line num="763" count="1" type="stmt"/>
      <line num="769" count="1" type="stmt"/>
      <line num="777" count="14" type="stmt"/>
      <line num="778" count="2" type="stmt"/>
      <line num="798" count="2" type="stmt"/>
      <line num="799" count="2" type="cond" truecount="2" falsecount="0"/>
      <line num="800" count="1" type="stmt"/>
      <line num="801" count="1" type="stmt"/>
      <line num="807" count="1" type="stmt"/>
      <line num="814" count="14" type="stmt"/>
      <line num="815" count="5" type="stmt"/>
      <line num="816" count="5" type="stmt"/>
      <line num="817" count="5" type="stmt"/>
      <line num="819" count="5" type="cond" truecount="2" falsecount="0"/>
      <line num="820" count="1" type="stmt"/>
      <line num="839" count="1" type="stmt"/>
      <line num="840" count="1" type="cond" truecount="1" falsecount="1"/>
      <line num="841" count="0" type="stmt"/>
      <line num="842" count="0" type="stmt"/>
      <line num="848" count="1" type="stmt"/>
      <line num="854" count="1" type="stmt"/>
      <line num="857" count="4" type="cond" truecount="5" falsecount="0"/>
      <line num="859" count="3" type="cond" truecount="2" falsecount="0"/>
      <line num="863" count="3" type="stmt"/>
      <line num="901" count="3" type="stmt"/>
      <line num="902" count="3" type="cond" truecount="2" falsecount="0"/>
      <line num="903" count="1" type="stmt"/>
      <line num="904" count="1" type="stmt"/>
      <line num="910" count="2" type="stmt"/>
      <line num="916" count="3" type="stmt"/>
      <line num="919" count="1" type="stmt"/>
      <line num="935" count="1" type="stmt"/>
      <line num="936" count="1" type="cond" truecount="1" falsecount="1"/>
      <line num="937" count="0" type="stmt"/>
      <line num="938" count="0" type="stmt"/>
      <line num="944" count="1" type="stmt"/>
      <line num="951" count="14" type="stmt"/>
      <line num="955" count="8" type="stmt"/>
      <line num="957" count="8" type="stmt"/>
      <line num="964" count="8" type="stmt"/>
      <line num="965" count="8" type="cond" truecount="2" falsecount="0"/>
      <line num="966" count="1" type="stmt"/>
      <line num="967" count="1" type="stmt"/>
      <line num="973" count="7" type="cond" truecount="4" falsecount="0"/>
      <line num="974" count="1" type="stmt"/>
      <line num="980" count="6" type="stmt"/>
      <line num="981" count="6" type="cond" truecount="2" falsecount="0"/>
      <line num="982" count="1" type="stmt"/>
      <line num="988" count="5" type="stmt"/>
      <line num="995" count="5" type="stmt"/>
      <line num="996" count="5" type="cond" truecount="2" falsecount="0"/>
      <line num="997" count="1" type="stmt"/>
      <line num="998" count="1" type="stmt"/>
      <line num="1004" count="4" type="cond" truecount="4" falsecount="0"/>
      <line num="1005" count="1" type="stmt"/>
      <line num="1011" count="3" type="stmt"/>
      <line num="1023" count="3" type="stmt"/>
      <line num="1027" count="3" type="cond" truecount="2" falsecount="0"/>
      <line num="1028" count="2" type="stmt"/>
      <line num="1030" count="2" type="cond" truecount="2" falsecount="0"/>
      <line num="1031" count="1" type="stmt"/>
      <line num="1037" count="1" type="stmt"/>
      <line num="1043" count="1" type="stmt"/>
      <line num="1054" count="14" type="stmt"/>
      <line num="1055" count="4" type="stmt"/>
      <line num="1057" count="4" type="cond" truecount="4" falsecount="0"/>
      <line num="1058" count="1" type="stmt"/>
      <line num="1064" count="3" type="stmt"/>
      <line num="1085" count="3" type="stmt"/>
      <line num="1086" count="3" type="cond" truecount="1" falsecount="1"/>
      <line num="1087" count="0" type="stmt"/>
      <line num="1088" count="0" type="stmt"/>
      <line num="1094" count="3" type="cond" truecount="4" falsecount="0"/>
      <line num="1095" count="1" type="stmt"/>
      <line num="1101" count="2" type="stmt"/>
      <line num="1103" count="2" type="stmt"/>
      <line num="1122" count="2" type="stmt"/>
      <line num="1123" count="2" type="cond" truecount="2" falsecount="0"/>
      <line num="1124" count="1" type="stmt"/>
      <line num="1125" count="1" type="stmt"/>
      <line num="1131" count="1" type="stmt"/>
      <line num="1142" count="14" type="stmt"/>
      <line num="1146" count="1" type="stmt"/>
      <line num="1148" count="1" type="stmt"/>
      <line num="1156" count="1" type="stmt"/>
      <line num="1157" count="1" type="cond" truecount="1" falsecount="1"/>
      <line num="1158" count="0" type="stmt"/>
      <line num="1159" count="0" type="stmt"/>
      <line num="1165" count="1" type="stmt"/>
      <line num="1173" count="14" type="stmt"/>
      <line num="1177" count="5" type="stmt"/>
      <line num="1179" count="5" type="stmt"/>
      <line num="1185" count="5" type="stmt"/>
      <line num="1197" count="5" type="stmt"/>
      <line num="1198" count="5" type="cond" truecount="2" falsecount="0"/>
      <line num="1199" count="1" type="stmt"/>
      <line num="1200" count="1" type="stmt"/>
      <line num="1206" count="4" type="stmt"/>
      <line num="1210" count="4" type="cond" truecount="2" falsecount="0"/>
      <line num="1211" count="1" type="stmt"/>
      <line num="1212" count="1" type="stmt"/>
      <line num="1218" count="3" type="cond" truecount="1" falsecount="1"/>
      <line num="1219" count="3" type="cond" truecount="1" falsecount="1"/>
      <line num="1222" count="3" type="cond" truecount="1" falsecount="1"/>
      <line num="1227" count="3" type="cond" truecount="2" falsecount="0"/>
      <line num="1229" count="3" type="stmt"/>
      <line num="1238" count="3" type="stmt"/>
      <line num="1247" count="3" type="cond" truecount="2" falsecount="0"/>
      <line num="1248" count="1" type="stmt"/>
      <line num="1249" count="1" type="stmt"/>
      <line num="1255" count="2" type="stmt"/>
      <line num="1275" count="14" type="stmt"/>
      <line num="1279" count="2" type="stmt"/>
      <line num="1281" count="2" type="stmt"/>
      <line num="1305" count="2" type="stmt"/>
      <line num="1306" count="2" type="cond" truecount="2" falsecount="0"/>
      <line num="1307" count="1" type="stmt"/>
      <line num="1308" count="1" type="stmt"/>
      <line num="1314" count="1" type="stmt"/>
      <line num="1322" count="14" type="stmt"/>
      <line num="1326" count="8" type="stmt"/>
      <line num="1327" count="8" type="stmt"/>
      <line num="1328" count="8" type="stmt"/>
      <line num="1330" count="8" type="stmt"/>
      <line num="1332" count="8" type="cond" truecount="4" falsecount="0"/>
      <line num="1333" count="1" type="stmt"/>
      <line num="1339" count="7" type="cond" truecount="4" falsecount="0"/>
      <line num="1340" count="1" type="stmt"/>
      <line num="1346" count="6" type="stmt"/>
      <line num="1361" count="6" type="stmt"/>
      <line num="1362" count="6" type="cond" truecount="2" falsecount="0"/>
      <line num="1363" count="1" type="stmt"/>
      <line num="1364" count="1" type="stmt"/>
      <line num="1370" count="5" type="cond" truecount="4" falsecount="0"/>
      <line num="1371" count="1" type="stmt"/>
      <line num="1377" count="4" type="stmt"/>
      <line num="1379" count="4" type="stmt"/>
      <line num="1390" count="4" type="stmt"/>
      <line num="1394" count="4" type="cond" truecount="2" falsecount="0"/>
      <line num="1395" count="1" type="stmt"/>
      <line num="1396" count="1" type="stmt"/>
      <line num="1402" count="3" type="cond" truecount="4" falsecount="0"/>
      <line num="1403" count="1" type="stmt"/>
      <line num="1409" count="2" type="stmt"/>
      <line num="1419" count="2" type="cond" truecount="2" falsecount="0"/>
      <line num="1420" count="1" type="stmt"/>
      <line num="1423" count="2" type="stmt"/>
      <line num="1435" count="14" type="stmt"/>
      <line num="1440" count="11" type="stmt"/>
      <line num="1441" count="11" type="cond" truecount="2" falsecount="0"/>
      <line num="1442" count="11" type="cond" truecount="1" falsecount="1"/>
      <line num="1443" count="11" type="cond" truecount="2" falsecount="0"/>
      <line num="1444" count="11" type="cond" truecount="2" falsecount="0"/>
      <line num="1447" count="11" type="cond" truecount="2" falsecount="0"/>
      <line num="1449" count="11" type="cond" truecount="4" falsecount="0"/>
      <line num="1450" count="1" type="stmt"/>
      <line num="1456" count="10" type="cond" truecount="4" falsecount="0"/>
      <line num="1457" count="1" type="stmt"/>
      <line num="1463" count="9" type="cond" truecount="2" falsecount="0"/>
      <line num="1464" count="1" type="stmt"/>
      <line num="1470" count="8" type="cond" truecount="2" falsecount="0"/>
      <line num="1472" count="8" type="stmt"/>
      <line num="1473" count="8" type="stmt"/>
      <line num="1474" count="8" type="stmt"/>
      <line num="1475" count="8" type="stmt"/>
      <line num="1477" count="8" type="cond" truecount="2" falsecount="0"/>
      <line num="1478" count="1" type="cond" truecount="1" falsecount="1"/>
      <line num="1479" count="0" type="stmt"/>
      <line num="1485" count="1" type="stmt"/>
      <line num="1487" count="1" type="cond" truecount="1" falsecount="1"/>
      <line num="1497" count="8" type="cond" truecount="2" falsecount="0"/>
      <line num="1498" count="7" type="cond" truecount="2" falsecount="0"/>
      <line num="1499" count="1" type="stmt"/>
      <line num="1505" count="6" type="stmt"/>
      <line num="1507" count="6" type="cond" truecount="1" falsecount="1"/>
      <line num="1508" count="0" type="stmt"/>
      <line num="1514" count="6" type="stmt"/>
      <line num="1517" count="7" type="stmt"/>
      <line num="1524" count="7" type="stmt"/>
      <line num="1525" count="7" type="cond" truecount="2" falsecount="0"/>
      <line num="1526" count="1" type="stmt"/>
      <line num="1527" count="1" type="stmt"/>
      <line num="1533" count="6" type="cond" truecount="4" falsecount="0"/>
      <line num="1534" count="1" type="stmt"/>
      <line num="1540" count="5" type="stmt"/>
      <line num="1546" count="5" type="stmt"/>
      <line num="1547" count="5" type="cond" truecount="2" falsecount="0"/>
      <line num="1548" count="1" type="stmt"/>
      <line num="1549" count="1" type="stmt"/>
      <line num="1555" count="4" type="cond" truecount="1" falsecount="1"/>
      <line num="1557" count="4" type="stmt"/>
      <line num="1574" count="4" type="stmt"/>
      <line num="1588" count="4" type="stmt"/>
      <line num="1589" count="4" type="cond" truecount="2" falsecount="0"/>
      <line num="1590" count="1" type="stmt"/>
      <line num="1591" count="1" type="stmt"/>
      <line num="1597" count="3" type="stmt"/>
      <line num="1598" count="3" type="cond" truecount="2" falsecount="0"/>
      <line num="1599" count="1" type="stmt"/>
      <line num="1600" count="1" type="stmt"/>
      <line num="1606" count="2" type="stmt"/>
      <line num="1631" count="14" type="stmt"/>
      <line num="1636" count="12" type="stmt"/>
      <line num="1637" count="12" type="cond" truecount="2" falsecount="0"/>
      <line num="1638" count="12" type="cond" truecount="1" falsecount="1"/>
      <line num="1641" count="12" type="cond" truecount="2" falsecount="0"/>
      <line num="1643" count="12" type="cond" truecount="4" falsecount="0"/>
      <line num="1644" count="1" type="stmt"/>
      <line num="1650" count="11" type="cond" truecount="2" falsecount="0"/>
      <line num="1651" count="1" type="stmt"/>
      <line num="1657" count="10" type="cond" truecount="2" falsecount="0"/>
      <line num="1659" count="10" type="stmt"/>
      <line num="1660" count="10" type="stmt"/>
      <line num="1661" count="10" type="stmt"/>
      <line num="1662" count="10" type="stmt"/>
      <line num="1664" count="10" type="cond" truecount="2" falsecount="0"/>
      <line num="1665" count="2" type="cond" truecount="2" falsecount="0"/>
      <line num="1666" count="1" type="stmt"/>
      <line num="1672" count="1" type="stmt"/>
      <line num="1673" count="1" type="stmt"/>
      <line num="1676" count="9" type="cond" truecount="2" falsecount="0"/>
      <line num="1677" count="8" type="cond" truecount="1" falsecount="1"/>
      <line num="1678" count="0" type="stmt"/>
      <line num="1684" count="8" type="stmt"/>
      <line num="1686" count="8" type="cond" truecount="2" falsecount="0"/>
      <line num="1687" count="3" type="stmt"/>
      <line num="1693" count="5" type="stmt"/>
      <line num="1696" count="6" type="stmt"/>
      <line num="1703" count="6" type="stmt"/>
      <line num="1704" count="6" type="cond" truecount="2" falsecount="0"/>
      <line num="1705" count="1" type="stmt"/>
      <line num="1706" count="1" type="stmt"/>
      <line num="1712" count="5" type="cond" truecount="4" falsecount="0"/>
      <line num="1713" count="1" type="stmt"/>
      <line num="1719" count="4" type="stmt"/>
      <line num="1731" count="4" type="stmt"/>
      <line num="1743" count="4" type="cond" truecount="2" falsecount="0"/>
      <line num="1744" count="1" type="stmt"/>
      <line num="1745" count="1" type="stmt"/>
      <line num="1751" count="3" type="stmt"/>
      <line num="1770" count="14" type="stmt"/>
      <line num="1774" count="3" type="stmt"/>
      <line num="1776" count="3" type="stmt"/>
      <line num="1796" count="3" type="stmt"/>
      <line num="1797" count="3" type="cond" truecount="2" falsecount="0"/>
      <line num="1798" count="1" type="stmt"/>
      <line num="1799" count="1" type="stmt"/>
      <line num="1805" count="2" type="stmt"/>
      <line num="1813" count="14" type="stmt"/>
      <line num="1818" count="7" type="stmt"/>
      <line num="1819" count="7" type="stmt"/>
      <line num="1821" count="7" type="cond" truecount="2" falsecount="0"/>
      <line num="1823" count="7" type="cond" truecount="1" falsecount="1"/>
      <line num="1827" count="7" type="cond" truecount="1" falsecount="3"/>
      <line num="1829" count="7" type="stmt"/>
      <line num="1836" count="7" type="stmt"/>
      <line num="1837" count="7" type="cond" truecount="2" falsecount="0"/>
      <line num="1838" count="1" type="stmt"/>
      <line num="1839" count="1" type="stmt"/>
      <line num="1845" count="6" type="cond" truecount="4" falsecount="0"/>
      <line num="1846" count="1" type="stmt"/>
      <line num="1852" count="5" type="stmt"/>
      <line num="1854" count="5" type="cond" truecount="2" falsecount="0"/>
      <line num="1855" count="1" type="stmt"/>
      <line num="1861" count="4" type="stmt"/>
      <line num="1867" count="4" type="stmt"/>
      <line num="1868" count="4" type="cond" truecount="2" falsecount="0"/>
      <line num="1869" count="1" type="stmt"/>
      <line num="1870" count="1" type="stmt"/>
      <line num="1876" count="3" type="cond" truecount="1" falsecount="1"/>
      <line num="1878" count="3" type="stmt"/>
      <line num="1884" count="3" type="stmt"/>
      <line num="1885" count="3" type="cond" truecount="2" falsecount="0"/>
      <line num="1886" count="1" type="stmt"/>
      <line num="1887" count="1" type="stmt"/>
      <line num="1893" count="2" type="stmt"/>
      <line num="1912" count="2" type="stmt"/>
      <line num="1922" count="2" type="stmt"/>
      <line num="1923" count="2" type="cond" truecount="2" falsecount="0"/>
      <line num="1924" count="1" type="stmt"/>
      <line num="1925" count="1" type="stmt"/>
      <line num="1930" count="1" type="stmt"/>
      <line num="1931" count="1" type="stmt"/>
      <line num="1951" count="1" type="cond" truecount="1" falsecount="1"/>
      <line num="1955" count="1" type="cond" truecount="3" falsecount="1"/>
      <line num="1956" count="1" type="stmt"/>
      <line num="1959" count="0" type="stmt"/>
      <line num="1969" count="0" type="cond" truecount="0" falsecount="2"/>
      <line num="1970" count="0" type="stmt"/>
      <line num="1973" count="0" type="stmt"/>
      <line num="1983" count="14" type="stmt"/>
      <line num="1984" count="2" type="stmt"/>
      <line num="1986" count="2" type="stmt"/>
      <line num="2019" count="2" type="stmt"/>
      <line num="2061" count="2" type="stmt"/>
      <line num="2071" count="2" type="stmt"/>
      <line num="2072" count="2" type="cond" truecount="2" falsecount="0"/>
      <line num="2073" count="1" type="stmt"/>
      <line num="2074" count="1" type="stmt"/>
      <line num="2080" count="1" type="stmt"/>
      <line num="2087" count="14" type="stmt"/>
      <line num="2091" count="4" type="stmt"/>
      <line num="2097" count="4" type="stmt"/>
      <line num="2103" count="4" type="stmt"/>
      <line num="2111" count="4" type="stmt"/>
      <line num="2130" count="4" type="stmt"/>
      <line num="2131" count="4" type="cond" truecount="1" falsecount="1"/>
      <line num="2132" count="0" type="stmt"/>
      <line num="2133" count="0" type="stmt"/>
      <line num="2139" count="4" type="stmt"/>
      <line num="2143" count="4" type="cond" truecount="2" falsecount="0"/>
      <line num="2144" count="1" type="stmt"/>
      <line num="2145" count="1" type="stmt"/>
      <line num="2151" count="3" type="stmt"/>
      <line num="2155" count="3" type="cond" truecount="2" falsecount="0"/>
      <line num="2156" count="1" type="stmt"/>
      <line num="2157" count="1" type="stmt"/>
      <line num="2163" count="2" type="stmt"/>
      <line num="2167" count="2" type="cond" truecount="2" falsecount="0"/>
      <line num="2168" count="1" type="stmt"/>
      <line num="2169" count="1" type="stmt"/>
      <line num="2175" count="1" type="cond" truecount="1" falsecount="1"/>
      <line num="2177" count="1" type="cond" truecount="1" falsecount="1"/>
      <line num="2178" count="1" type="cond" truecount="1" falsecount="1"/>
      <line num="2181" count="1" type="cond" truecount="1" falsecount="1"/>
      <line num="2185" count="1" type="stmt"/>
      <line num="2205" count="14" type="stmt"/>
      <line num="2209" count="3" type="stmt"/>
      <line num="2216" count="3" type="stmt"/>
      <line num="2233" count="3" type="stmt"/>
      <line num="2234" count="3" type="cond" truecount="2" falsecount="0"/>
      <line num="2235" count="1" type="stmt"/>
      <line num="2236" count="1" type="stmt"/>
      <line num="2242" count="2" type="stmt"/>
      <line num="2243" count="2" type="cond" truecount="2" falsecount="0"/>
      <line num="2244" count="1" type="stmt"/>
      <line num="2245" count="1" type="stmt"/>
      <line num="2251" count="1" type="cond" truecount="1" falsecount="1"/>
      <line num="2252" count="1" type="cond" truecount="1" falsecount="1"/>
      <line num="2254" count="1" type="stmt"/>
      <line num="2267" count="14" type="stmt"/>
      <line num="2269" count="4" type="stmt"/>
      <line num="2285" count="4" type="stmt"/>
      <line num="2286" count="4" type="cond" truecount="2" falsecount="0"/>
      <line num="2287" count="1" type="stmt"/>
      <line num="2288" count="1" type="stmt"/>
      <line num="2294" count="3" type="cond" truecount="4" falsecount="0"/>
      <line num="2295" count="1" type="stmt"/>
      <line num="2301" count="2" type="stmt"/>
      <line num="2308" count="14" type="stmt"/>
      <line num="2314" count="3" type="stmt"/>
      <line num="2316" count="3" type="stmt"/>
      <line num="2326" count="3" type="stmt"/>
      <line num="2334" count="3" type="stmt"/>
      <line num="2335" count="3" type="cond" truecount="2" falsecount="0"/>
      <line num="2336" count="1" type="stmt"/>
      <line num="2337" count="1" type="stmt"/>
      <line num="2343" count="2" type="stmt"/>
      <line num="2350" count="14" type="stmt"/>
      <line num="2351" count="3" type="cond" truecount="2" falsecount="0"/>
      <line num="2352" count="1" type="stmt"/>
      <line num="2358" count="2" type="stmt"/>
      <line num="2360" count="2" type="stmt"/>
      <line num="2362" count="2" type="stmt"/>
      <line num="2363" count="2" type="cond" truecount="2" falsecount="0"/>
      <line num="2364" count="1" type="stmt"/>
      <line num="2365" count="1" type="stmt"/>
      <line num="2371" count="1" type="stmt"/>
      <line num="2379" count="14" type="stmt"/>
      <line num="2383" count="9" type="stmt"/>
      <line num="2384" count="9" type="stmt"/>
      <line num="2386" count="9" type="cond" truecount="4" falsecount="0"/>
      <line num="2387" count="1" type="stmt"/>
      <line num="2393" count="8" type="stmt"/>
      <line num="2400" count="8" type="stmt"/>
      <line num="2401" count="8" type="cond" truecount="2" falsecount="0"/>
      <line num="2402" count="1" type="stmt"/>
      <line num="2403" count="1" type="stmt"/>
      <line num="2409" count="7" type="cond" truecount="4" falsecount="0"/>
      <line num="2410" count="1" type="stmt"/>
      <line num="2416" count="6" type="stmt"/>
      <line num="2418" count="6" type="cond" truecount="2" falsecount="0"/>
      <line num="2419" count="1" type="stmt"/>
      <line num="2425" count="5" type="cond" truecount="2" falsecount="0"/>
      <line num="2426" count="1" type="stmt"/>
      <line num="2432" count="4" type="stmt"/>
      <line num="2439" count="4" type="stmt"/>
      <line num="2440" count="4" type="cond" truecount="2" falsecount="0"/>
      <line num="2441" count="1" type="stmt"/>
      <line num="2442" count="1" type="stmt"/>
      <line num="2448" count="3" type="cond" truecount="4" falsecount="0"/>
      <line num="2449" count="1" type="stmt"/>
      <line num="2455" count="2" type="stmt"/>
      <line num="2469" count="2" type="stmt"/>
      <line num="2473" count="2" type="cond" truecount="2" falsecount="0"/>
      <line num="2474" count="1" type="stmt"/>
      <line num="2475" count="1" type="stmt"/>
      <line num="2481" count="1" type="stmt"/>
      <line num="2502" count="14" type="stmt"/>
      <line num="2506" count="8" type="stmt"/>
      <line num="2508" count="8" type="cond" truecount="4" falsecount="0"/>
      <line num="2509" count="1" type="stmt"/>
      <line num="2515" count="7" type="stmt"/>
      <line num="2522" count="7" type="stmt"/>
      <line num="2523" count="7" type="cond" truecount="2" falsecount="0"/>
      <line num="2524" count="1" type="stmt"/>
      <line num="2527" count="6" type="cond" truecount="4" falsecount="0"/>
      <line num="2528" count="1" type="stmt"/>
      <line num="2531" count="5" type="stmt"/>
      <line num="2533" count="5" type="cond" truecount="1" falsecount="1"/>
      <line num="2534" count="0" type="stmt"/>
      <line num="2540" count="5" type="stmt"/>
      <line num="2547" count="5" type="stmt"/>
      <line num="2548" count="5" type="cond" truecount="1" falsecount="1"/>
      <line num="2549" count="0" type="stmt"/>
      <line num="2552" count="5" type="cond" truecount="4" falsecount="0"/>
      <line num="2553" count="1" type="stmt"/>
      <line num="2556" count="4" type="stmt"/>
      <line num="2558" count="4" type="stmt"/>
      <line num="2565" count="4" type="stmt"/>
      <line num="2566" count="4" type="cond" truecount="2" falsecount="0"/>
      <line num="2567" count="1" type="stmt"/>
      <line num="2570" count="3" type="cond" truecount="1" falsecount="1"/>
      <line num="2571" count="3" type="cond" truecount="2" falsecount="0"/>
      <line num="2572" count="1" type="stmt"/>
      <line num="2578" count="2" type="stmt"/>
      <line num="2579" count="2" type="stmt"/>
      <line num="2581" count="2" type="stmt"/>
      <line num="2588" count="2" type="stmt"/>
      <line num="2589" count="2" type="cond" truecount="2" falsecount="0"/>
      <line num="2590" count="1" type="stmt"/>
      <line num="2593" count="1" type="cond" truecount="1" falsecount="1"/>
      <line num="2594" count="1" type="stmt"/>
      <line num="2596" count="1" type="stmt"/>
      <line num="2599" count="1" type="stmt"/>
      <line num="2613" count="14" type="stmt"/>
      <line num="2617" count="7" type="stmt"/>
      <line num="2624" count="7" type="stmt"/>
      <line num="2626" count="7" type="cond" truecount="4" falsecount="0"/>
      <line num="2627" count="1" type="stmt"/>
      <line num="2630" count="6" type="stmt"/>
      <line num="2638" count="6" type="stmt"/>
      <line num="2639" count="6" type="cond" truecount="2" falsecount="0"/>
      <line num="2640" count="1" type="stmt"/>
      <line num="2643" count="5" type="cond" truecount="4" falsecount="0"/>
      <line num="2644" count="1" type="stmt"/>
      <line num="2647" count="4" type="cond" truecount="2" falsecount="0"/>
      <line num="2648" count="1" type="stmt"/>
      <line num="2651" count="3" type="stmt"/>
      <line num="2662" count="3" type="stmt"/>
      <line num="2673" count="3" type="cond" truecount="2" falsecount="0"/>
      <line num="2674" count="1" type="stmt"/>
      <line num="2677" count="2" type="stmt"/>
      <line num="2684" count="14" type="stmt"/>
      <line num="2688" count="7" type="stmt"/>
      <line num="2696" count="7" type="stmt"/>
      <line num="2698" count="7" type="cond" truecount="4" falsecount="0"/>
      <line num="2699" count="1" type="stmt"/>
      <line num="2702" count="6" type="cond" truecount="2" falsecount="0"/>
      <line num="2703" count="1" type="stmt"/>
      <line num="2706" count="5" type="cond" truecount="4" falsecount="0"/>
      <line num="2707" count="1" type="stmt"/>
      <line num="2710" count="4" type="stmt"/>
      <line num="2718" count="4" type="stmt"/>
      <line num="2719" count="4" type="cond" truecount="2" falsecount="0"/>
      <line num="2720" count="3" type="cond" truecount="4" falsecount="0"/>
      <line num="2721" count="1" type="stmt"/>
      <line num="2723" count="2" type="cond" truecount="1" falsecount="1"/>
      <line num="2724" count="0" type="stmt"/>
      <line num="2727" count="2" type="stmt"/>
      <line num="2734" count="2" type="stmt"/>
      <line num="2745" count="2" type="cond" truecount="1" falsecount="1"/>
      <line num="2746" count="0" type="stmt"/>
      <line num="2749" count="2" type="stmt"/>
      <line num="2751" count="2" type="cond" truecount="2" falsecount="0"/>
      <line num="2752" count="1" type="stmt"/>
      <line num="2753" count="1" type="cond" truecount="1" falsecount="1"/>
      <line num="2754" count="0" type="stmt"/>
      <line num="2756" count="1" type="stmt"/>
      <line num="2760" count="1" type="cond" truecount="3" falsecount="1"/>
      <line num="2761" count="0" type="stmt"/>
      <line num="2767" count="2" type="stmt"/>
      <line num="2774" count="1" type="stmt"/>
      <line num="2781" count="1" type="stmt"/>
      <line num="2782" count="1" type="cond" truecount="1" falsecount="1"/>
      <line num="2783" count="0" type="stmt"/>
      <line num="2786" count="1" type="stmt"/>
      <line num="2787" count="1" type="cond" truecount="1" falsecount="1"/>
      <line num="2788" count="0" type="stmt"/>
      <line num="2790" count="1" type="stmt"/>
      <line num="2799" count="14" type="stmt"/>
      <line num="2803" count="7" type="stmt"/>
      <line num="2805" count="7" type="cond" truecount="4" falsecount="0"/>
      <line num="2806" count="1" type="stmt"/>
      <line num="2809" count="6" type="stmt"/>
      <line num="2818" count="6" type="stmt"/>
      <line num="2819" count="6" type="cond" truecount="1" falsecount="1"/>
      <line num="2820" count="6" type="cond" truecount="4" falsecount="0"/>
      <line num="2821" count="1" type="stmt"/>
      <line num="2824" count="5" type="stmt"/>
      <line num="2825" count="5" type="cond" truecount="2" falsecount="0"/>
      <line num="2826" count="1" type="stmt"/>
      <line num="2829" count="4" type="stmt"/>
      <line num="2833" count="4" type="cond" truecount="2" falsecount="0"/>
      <line num="2835" count="3" type="stmt"/>
      <line num="2839" count="3" type="cond" truecount="2" falsecount="0"/>
      <line num="2841" count="2" type="stmt"/>
      <line num="2842" count="2" type="cond" truecount="2" falsecount="0"/>
      <line num="2843" count="1" type="stmt"/>
      <line num="2845" count="1" type="stmt"/>
      <line num="2855" count="14" type="stmt"/>
      <line num="2859" count="9" type="stmt"/>
      <line num="2861" count="9" type="cond" truecount="4" falsecount="0"/>
      <line num="2862" count="1" type="stmt"/>
      <line num="2865" count="8" type="stmt"/>
      <line num="2883" count="8" type="stmt"/>
      <line num="2884" count="8" type="cond" truecount="2" falsecount="0"/>
      <line num="2885" count="7" type="cond" truecount="4" falsecount="0"/>
      <line num="2886" count="1" type="stmt"/>
      <line num="2889" count="6" type="stmt"/>
      <line num="2890" count="6" type="cond" truecount="2" falsecount="0"/>
      <line num="2891" count="1" type="stmt"/>
      <line num="2894" count="5" type="stmt"/>
      <line num="2902" count="5" type="stmt"/>
      <line num="2906" count="5" type="cond" truecount="2" falsecount="0"/>
      <line num="2907" count="1" type="stmt"/>
      <line num="2910" count="4" type="cond" truecount="2" falsecount="0"/>
      <line num="2912" count="4" type="stmt"/>
      <line num="2919" count="4" type="stmt"/>
      <line num="2920" count="4" type="cond" truecount="2" falsecount="0"/>
      <line num="2922" count="3" type="cond" truecount="1" falsecount="1"/>
      <line num="2923" count="3" type="cond" truecount="2" falsecount="0"/>
      <line num="2924" count="1" type="stmt"/>
      <line num="2930" count="2" type="stmt"/>
      <line num="2931" count="2" type="stmt"/>
      <line num="2933" count="2" type="stmt"/>
      <line num="2940" count="2" type="stmt"/>
      <line num="2941" count="2" type="cond" truecount="2" falsecount="0"/>
      <line num="2943" count="1" type="stmt"/>
      <line num="2945" count="1" type="cond" truecount="1" falsecount="1"/>
      <line num="2948" count="1" type="stmt"/>
      <line num="2964" count="14" type="stmt"/>
      <line num="2968" count="14" type="stmt"/>
      <line num="2969" count="14" type="stmt"/>
      <line num="2971" count="14" type="cond" truecount="4" falsecount="0"/>
      <line num="2972" count="2" type="stmt"/>
      <line num="2975" count="12" type="stmt"/>
      <line num="2983" count="12" type="stmt"/>
      <line num="2984" count="12" type="cond" truecount="2" falsecount="0"/>
      <line num="2985" count="10" type="cond" truecount="4" falsecount="0"/>
      <line num="2986" count="2" type="stmt"/>
      <line num="2989" count="8" type="stmt"/>
      <line num="2990" count="8" type="cond" truecount="2" falsecount="0"/>
      <line num="2991" count="2" type="stmt"/>
      <line num="2994" count="6" type="stmt"/>
      <line num="3002" count="6" type="stmt"/>
      <line num="3003" count="6" type="cond" truecount="2" falsecount="0"/>
      <line num="3005" count="5" type="cond" truecount="2" falsecount="0"/>
      <line num="3007" count="5" type="cond" truecount="2" falsecount="0"/>
      <line num="3012" count="2" type="stmt"/>
      <line num="3019" count="3" type="stmt"/>
      <line num="3026" count="3" type="stmt"/>
      <line num="3030" count="3" type="cond" truecount="2" falsecount="0"/>
      <line num="3031" count="1" type="stmt"/>
      <line num="3034" count="2" type="stmt"/>
      <line num="3046" count="14" type="stmt"/>
      <line num="3050" count="11" type="stmt"/>
      <line num="3051" count="11" type="cond" truecount="2" falsecount="0"/>
      <line num="3052" count="11" type="stmt"/>
      <line num="3054" count="11" type="cond" truecount="4" falsecount="0"/>
      <line num="3055" count="1" type="stmt"/>
      <line num="3058" count="10" type="stmt"/>
      <line num="3065" count="10" type="stmt"/>
      <line num="3066" count="10" type="cond" truecount="2" falsecount="0"/>
      <line num="3067" count="9" type="cond" truecount="4" falsecount="0"/>
      <line num="3068" count="2" type="stmt"/>
      <line num="3071" count="7" type="stmt"/>
      <line num="3072" count="7" type="cond" truecount="2" falsecount="0"/>
      <line num="3073" count="1" type="stmt"/>
      <line num="3076" count="6" type="stmt"/>
      <line num="3083" count="6" type="stmt"/>
      <line num="3084" count="6" type="cond" truecount="1" falsecount="1"/>
      <line num="3085" count="6" type="cond" truecount="4" falsecount="0"/>
      <line num="3086" count="1" type="stmt"/>
      <line num="3089" count="5" type="stmt"/>
      <line num="3091" count="5" type="stmt"/>
      <line num="3098" count="5" type="stmt"/>
      <line num="3099" count="5" type="cond" truecount="1" falsecount="1"/>
      <line num="3101" count="5" type="cond" truecount="1" falsecount="1"/>
      <line num="3102" count="5" type="cond" truecount="2" falsecount="0"/>
      <line num="3103" count="1" type="stmt"/>
      <line num="3106" count="4" type="stmt"/>
      <line num="3107" count="4" type="stmt"/>
      <line num="3109" count="4" type="stmt"/>
      <line num="3115" count="4" type="stmt"/>
      <line num="3116" count="4" type="cond" truecount="1" falsecount="1"/>
      <line num="3118" count="4" type="cond" truecount="1" falsecount="1"/>
      <line num="3119" count="4" type="stmt"/>
      <line num="3120" count="4" type="stmt"/>
      <line num="3121" count="4" type="stmt"/>
      <line num="3123" count="4" type="stmt"/>
      <line num="3124" count="4" type="cond" truecount="1" falsecount="1"/>
      <line num="3127" count="4" type="cond" truecount="1" falsecount="1"/>
      <line num="3129" count="4" type="stmt"/>
      <line num="3130" count="4" type="stmt"/>
      <line num="3131" count="4" type="stmt"/>
      <line num="3132" count="4" type="stmt"/>
      <line num="3134" count="4" type="cond" truecount="4" falsecount="0"/>
      <line num="3135" count="3" type="cond" truecount="1" falsecount="1"/>
      <line num="3139" count="3" type="stmt"/>
      <line num="3141" count="3" type="cond" truecount="2" falsecount="0"/>
      <line num="3145" count="3" type="cond" truecount="1" falsecount="1"/>
      <line num="3150" count="3" type="stmt"/>
      <line num="3151" count="3" type="cond" truecount="1" falsecount="1"/>
      <line num="3155" count="4" type="cond" truecount="2" falsecount="0"/>
      <line num="3156" count="1" type="cond" truecount="1" falsecount="1"/>
      <line num="3157" count="1" type="cond" truecount="1" falsecount="1"/>
      <line num="3161" count="0" type="stmt"/>
      <line num="3162" count="0" type="cond" truecount="0" falsecount="2"/>
      <line num="3166" count="4" type="stmt"/>
      <line num="3168" count="4" type="stmt"/>
      <line num="3178" count="4" type="cond" truecount="1" falsecount="1"/>
      <line num="3179" count="4" type="cond" truecount="4" falsecount="0"/>
      <line num="3181" count="4" type="stmt"/>
      <line num="3186" count="4" type="stmt"/>
      <line num="3187" count="4" type="cond" truecount="1" falsecount="1"/>
      <line num="3189" count="4" type="stmt"/>
      <line num="3196" count="4" type="stmt"/>
      <line num="3197" count="4" type="cond" truecount="2" falsecount="0"/>
      <line num="3199" count="3" type="stmt"/>
      <line num="3212" count="3" type="stmt"/>
      <line num="3216" count="3" type="cond" truecount="2" falsecount="0"/>
      <line num="3217" count="1" type="stmt"/>
      <line num="3220" count="2" type="stmt"/>
      <line num="3243" count="14" type="stmt"/>
      <line num="3247" count="13" type="stmt"/>
      <line num="3248" count="13" type="stmt"/>
      <line num="3250" count="13" type="cond" truecount="4" falsecount="0"/>
      <line num="3251" count="2" type="stmt"/>
      <line num="3254" count="11" type="stmt"/>
      <line num="3260" count="11" type="stmt"/>
      <line num="3261" count="11" type="cond" truecount="2" falsecount="0"/>
      <line num="3262" count="2" type="stmt"/>
      <line num="3265" count="9" type="stmt"/>
      <line num="3272" count="9" type="stmt"/>
      <line num="3273" count="9" type="cond" truecount="5" falsecount="0"/>
      <line num="3274" count="3" type="stmt"/>
      <line num="3277" count="6" type="cond" truecount="2" falsecount="0"/>
      <line num="3279" count="6" type="stmt"/>
      <line num="3289" count="14" type="stmt"/>
      <line num="3293" count="3" type="stmt"/>
      <line num="3295" count="3" type="cond" truecount="3" falsecount="1"/>
      <line num="3296" count="0" type="stmt"/>
      <line num="3299" count="3" type="stmt"/>
      <line num="3306" count="3" type="stmt"/>
      <line num="3307" count="3" type="cond" truecount="1" falsecount="1"/>
      <line num="3308" count="3" type="cond" truecount="3" falsecount="1"/>
      <line num="3309" count="0" type="stmt"/>
      <line num="3311" count="3" type="cond" truecount="2" falsecount="0"/>
      <line num="3312" count="1" type="stmt"/>
      <line num="3315" count="2" type="stmt"/>
      <line num="3333" count="2" type="stmt"/>
      <line num="3334" count="2" type="cond" truecount="2" falsecount="0"/>
      <line num="3335" count="1" type="stmt"/>
      <line num="3338" count="1" type="stmt"/>
      <line num="3349" count="14" type="stmt"/>
      <line num="3350" count="0" type="stmt"/>
      <line num="3365" count="0" type="stmt"/>
      <line num="3366" count="0" type="cond" truecount="0" falsecount="2"/>
      <line num="3367" count="0" type="stmt"/>
      <line num="3368" count="0" type="stmt"/>
      <line num="3374" count="0" type="stmt"/>
      <line num="3381" count="14" type="stmt"/>
      <line num="3382" count="4" type="stmt"/>
      <line num="3384" count="4" type="cond" truecount="4" falsecount="0"/>
      <line num="3385" count="2" type="stmt"/>
      <line num="3391" count="2" type="stmt"/>
      <line num="3396" count="2" type="stmt"/>
      <line num="3400" count="2" type="cond" truecount="2" falsecount="0"/>
      <line num="3401" count="1" type="stmt"/>
      <line num="3402" count="1" type="stmt"/>
      <line num="3408" count="1" type="stmt"/>
      <line num="3417" count="14" type="stmt"/>
      <line num="3418" count="5" type="stmt"/>
      <line num="3420" count="5" type="stmt"/>
      <line num="3436" count="5" type="stmt"/>
      <line num="3452" count="5" type="stmt"/>
      <line num="3453" count="5" type="cond" truecount="2" falsecount="0"/>
      <line num="3454" count="1" type="stmt"/>
      <line num="3455" count="1" type="stmt"/>
      <line num="3461" count="4" type="cond" truecount="4" falsecount="0"/>
      <line num="3462" count="1" type="stmt"/>
      <line num="3468" count="3" type="stmt"/>
      <line num="3469" count="3" type="cond" truecount="2" falsecount="0"/>
      <line num="3470" count="1" type="stmt"/>
      <line num="3471" count="1" type="stmt"/>
      <line num="3477" count="2" type="stmt"/>
      <line num="3488" count="14" type="stmt"/>
      <line num="3489" count="6" type="stmt"/>
      <line num="3490" count="6" type="cond" truecount="1" falsecount="1"/>
      <line num="3491" count="6" type="stmt"/>
      <line num="3493" count="6" type="cond" truecount="4" falsecount="0"/>
      <line num="3494" count="1" type="stmt"/>
      <line num="3500" count="5" type="cond" truecount="2" falsecount="0"/>
      <line num="3501" count="1" type="stmt"/>
      <line num="3507" count="4" type="stmt"/>
      <line num="3514" count="4" type="stmt"/>
      <line num="3515" count="4" type="cond" truecount="2" falsecount="0"/>
      <line num="3516" count="1" type="stmt"/>
      <line num="3517" count="1" type="stmt"/>
      <line num="3523" count="3" type="cond" truecount="4" falsecount="0"/>
      <line num="3524" count="1" type="stmt"/>
      <line num="3530" count="2" type="cond" truecount="1" falsecount="1"/>
      <line num="3534" count="2" type="stmt"/>
      <line num="3539" count="2" type="stmt"/>
      <line num="3543" count="2" type="cond" truecount="2" falsecount="0"/>
      <line num="3544" count="1" type="stmt"/>
      <line num="3545" count="1" type="stmt"/>
      <line num="3551" count="1" type="stmt"/>
      <line num="3552" count="1" type="stmt"/>
      <line num="3559" count="1" type="cond" truecount="1" falsecount="1"/>
      <line num="3563" count="1" type="stmt"/>
      <line num="3566" count="0" type="stmt"/>
      <line num="3576" count="0" type="cond" truecount="0" falsecount="2"/>
      <line num="3577" count="0" type="stmt"/>
      <line num="3583" count="0" type="stmt"/>
      <line num="3591" count="14" type="stmt"/>
      <line num="3592" count="4" type="stmt"/>
      <line num="3594" count="4" type="cond" truecount="2" falsecount="0"/>
      <line num="3595" count="1" type="stmt"/>
      <line num="3601" count="3" type="stmt"/>
      <line num="3603" count="3" type="stmt"/>
      <line num="3619" count="3" type="stmt"/>
      <line num="3620" count="3" type="cond" truecount="2" falsecount="0"/>
      <line num="3621" count="1" type="stmt"/>
      <line num="3622" count="1" type="stmt"/>
      <line num="3628" count="2" type="cond" truecount="4" falsecount="0"/>
      <line num="3629" count="1" type="stmt"/>
      <line num="3635" count="1" type="stmt"/>
      <line num="3644" count="14" type="stmt"/>
      <line num="3648" count="5" type="stmt"/>
      <line num="3649" count="5" type="stmt"/>
      <line num="3650" count="5" type="stmt"/>
      <line num="3655" count="5" type="stmt"/>
      <line num="3660" count="5" type="stmt"/>
      <line num="3661" count="5" type="cond" truecount="2" falsecount="0"/>
      <line num="3662" count="1" type="stmt"/>
      <line num="3663" count="1" type="stmt"/>
      <line num="3666" count="4" type="stmt"/>
      <line num="3667" count="4" type="cond" truecount="2" falsecount="0"/>
      <line num="3668" count="1" type="stmt"/>
      <line num="3669" count="1" type="stmt"/>
      <line num="3672" count="3" type="stmt"/>
      <line num="3673" count="3" type="cond" truecount="2" falsecount="0"/>
      <line num="3674" count="1" type="stmt"/>
      <line num="3675" count="1" type="stmt"/>
      <line num="3678" count="2" type="stmt"/>
      <line num="3679" count="2" type="cond" truecount="2" falsecount="0"/>
      <line num="3680" count="1" type="stmt"/>
      <line num="3681" count="1" type="stmt"/>
      <line num="3684" count="1" type="stmt"/>
      <line num="3700" count="14" type="stmt"/>
      <line num="3704" count="3" type="stmt"/>
      <line num="3720" count="3" type="stmt"/>
      <line num="3721" count="3" type="cond" truecount="2" falsecount="0"/>
      <line num="3722" count="1" type="stmt"/>
      <line num="3723" count="1" type="stmt"/>
      <line num="3729" count="2" type="stmt"/>
      <line num="3737" count="14" type="stmt"/>
      <line num="3741" count="3" type="stmt"/>
      <line num="3743" count="3" type="stmt"/>
      <line num="3755" count="3" type="stmt"/>
      <line num="3756" count="3" type="cond" truecount="2" falsecount="0"/>
      <line num="3757" count="1" type="stmt"/>
      <line num="3758" count="1" type="stmt"/>
      <line num="3764" count="2" type="cond" truecount="4" falsecount="0"/>
      <line num="3765" count="1" type="stmt"/>
      <line num="3771" count="1" type="stmt"/>
      <line num="3780" count="1" type="stmt"/>
      <line num="3788" count="14" type="stmt"/>
      <line num="3792" count="3" type="stmt"/>
      <line num="3794" count="3" type="stmt"/>
      <line num="3804" count="3" type="stmt"/>
      <line num="3805" count="3" type="cond" truecount="2" falsecount="0"/>
      <line num="3806" count="1" type="stmt"/>
      <line num="3807" count="1" type="stmt"/>
      <line num="3813" count="2" type="cond" truecount="4" falsecount="0"/>
      <line num="3814" count="1" type="stmt"/>
      <line num="3820" count="1" type="stmt"/>
      <line num="3828" count="14" type="stmt"/>
      <line num="3832" count="2" type="stmt"/>
      <line num="3844" count="2" type="stmt"/>
      <line num="3845" count="2" type="cond" truecount="2" falsecount="0"/>
      <line num="3846" count="1" type="stmt"/>
      <line num="3847" count="1" type="stmt"/>
      <line num="3853" count="1" type="stmt"/>
      <line num="3861" count="14" type="stmt"/>
      <line num="3865" count="4" type="stmt"/>
      <line num="3866" count="4" type="stmt"/>
      <line num="3868" count="4" type="stmt"/>
      <line num="3870" count="4" type="cond" truecount="2" falsecount="0"/>
      <line num="3871" count="1" type="stmt"/>
      <line num="3877" count="3" type="stmt"/>
      <line num="3883" count="3" type="stmt"/>
      <line num="3884" count="3" type="cond" truecount="2" falsecount="0"/>
      <line num="3885" count="1" type="stmt"/>
      <line num="3886" count="1" type="stmt"/>
      <line num="3892" count="2" type="cond" truecount="4" falsecount="0"/>
      <line num="3893" count="1" type="stmt"/>
      <line num="3899" count="1" type="stmt"/>
      <line num="3907" count="14" type="stmt"/>
      <line num="3911" count="3" type="stmt"/>
      <line num="3913" count="3" type="cond" truecount="4" falsecount="0"/>
      <line num="3914" count="1" type="stmt"/>
      <line num="3920" count="2" type="stmt"/>
      <line num="3925" count="2" type="cond" truecount="2" falsecount="0"/>
      <line num="3926" count="2" type="cond" truecount="2" falsecount="0"/>
      <line num="3927" count="1" type="stmt"/>
      <line num="3928" count="1" type="stmt"/>
      <line num="3934" count="1" type="stmt"/>
      <line num="3947" count="14" type="stmt"/>
      <line num="3951" count="2" type="stmt"/>
      <line num="3963" count="2" type="stmt"/>
      <line num="3964" count="2" type="cond" truecount="2" falsecount="0"/>
      <line num="3965" count="1" type="stmt"/>
      <line num="3966" count="1" type="stmt"/>
      <line num="3972" count="1" type="stmt"/>
      <line num="3980" count="14" type="stmt"/>
      <line num="3985" count="11" type="stmt"/>
      <line num="3986" count="11" type="stmt"/>
      <line num="3988" count="11" type="stmt"/>
      <line num="3990" count="11" type="cond" truecount="4" falsecount="0"/>
      <line num="3991" count="1" type="stmt"/>
      <line num="3998" count="10" type="cond" truecount="4" falsecount="0"/>
      <line num="4002" count="10" type="stmt"/>
      <line num="4009" count="10" type="stmt"/>
      <line num="4010" count="10" type="cond" truecount="2" falsecount="0"/>
      <line num="4011" count="1" type="stmt"/>
      <line num="4012" count="1" type="stmt"/>
      <line num="4018" count="9" type="cond" truecount="4" falsecount="0"/>
      <line num="4019" count="1" type="stmt"/>
      <line num="4025" count="8" type="cond" truecount="1" falsecount="1"/>
      <line num="4027" count="8" type="cond" truecount="2" falsecount="0"/>
      <line num="4034" count="8" type="cond" truecount="2" falsecount="0"/>
      <line num="4035" count="3" type="stmt"/>
      <line num="4041" count="3" type="stmt"/>
      <line num="4042" count="3" type="cond" truecount="2" falsecount="0"/>
      <line num="4043" count="1" type="stmt"/>
      <line num="4044" count="1" type="stmt"/>
      <line num="4050" count="2" type="cond" truecount="2" falsecount="0"/>
      <line num="4051" count="1" type="stmt"/>
      <line num="4058" count="1" type="stmt"/>
      <line num="4062" count="1" type="cond" truecount="1" falsecount="1"/>
      <line num="4063" count="1" type="stmt"/>
      <line num="4064" count="1" type="stmt"/>
      <line num="4070" count="0" type="stmt"/>
      <line num="4077" count="1" type="stmt"/>
      <line num="4080" count="1" type="stmt"/>
      <line num="4086" count="3" type="stmt"/>
      <line num="4091" count="5" type="stmt"/>
      <line num="4099" count="5" type="stmt"/>
      <line num="4100" count="5" type="cond" truecount="2" falsecount="0"/>
      <line num="4101" count="1" type="stmt"/>
      <line num="4102" count="1" type="stmt"/>
      <line num="4108" count="4" type="cond" truecount="4" falsecount="0"/>
      <line num="4109" count="1" type="stmt"/>
      <line num="4115" count="3" type="cond" truecount="2" falsecount="0"/>
      <line num="4116" count="1" type="stmt"/>
      <line num="4122" count="2" type="stmt"/>
      <line num="4130" count="2" type="stmt"/>
      <line num="4134" count="2" type="cond" truecount="1" falsecount="1"/>
      <line num="4135" count="0" type="stmt"/>
      <line num="4136" count="0" type="stmt"/>
      <line num="4142" count="2" type="cond" truecount="2" falsecount="0"/>
      <line num="4143" count="1" type="stmt"/>
      <line num="4149" count="1" type="stmt"/>
      <line num="4155" count="1" type="stmt"/>
      <line num="4159" count="1" type="cond" truecount="1" falsecount="1"/>
      <line num="4160" count="0" type="stmt"/>
      <line num="4161" count="0" type="stmt"/>
      <line num="4167" count="1" type="stmt"/>
      <line num="4173" count="1" type="stmt"/>
      <line num="4177" count="1" type="cond" truecount="1" falsecount="1"/>
      <line num="4178" count="0" type="stmt"/>
      <line num="4179" count="0" type="stmt"/>
      <line num="4185" count="1" type="cond" truecount="1" falsecount="1"/>
      <line num="4189" count="1" type="stmt"/>
      <line num="4196" count="1" type="stmt"/>
      <line num="4208" count="1" type="stmt"/>
      <line num="4223" count="14" type="stmt"/>
      <line num="4227" count="2" type="stmt"/>
      <line num="4228" count="2" type="stmt"/>
      <line num="4230" count="2" type="stmt"/>
      <line num="4236" count="2" type="cond" truecount="1" falsecount="1"/>
      <line num="4237" count="2" type="cond" truecount="1" falsecount="1"/>
      <line num="4238" count="0" type="stmt"/>
      <line num="4239" count="0" type="stmt"/>
      <line num="4245" count="2" type="cond" truecount="4" falsecount="0"/>
      <line num="4246" count="1" type="stmt"/>
      <line num="4252" count="1" type="stmt"/>
      <line num="4260" count="14" type="stmt"/>
      <line num="4264" count="3" type="stmt"/>
      <line num="4266" count="3" type="stmt"/>
      <line num="4271" count="3" type="stmt"/>
      <line num="4276" count="3" type="stmt"/>
      <line num="4281" count="3" type="stmt"/>
      <line num="4286" count="3" type="stmt"/>
      <line num="4287" count="3" type="cond" truecount="1" falsecount="1"/>
      <line num="4288" count="0" type="stmt"/>
      <line num="4289" count="0" type="stmt"/>
      <line num="4295" count="3" type="stmt"/>
      <line num="4296" count="3" type="cond" truecount="1" falsecount="1"/>
      <line num="4297" count="0" type="stmt"/>
      <line num="4298" count="0" type="stmt"/>
      <line num="4304" count="3" type="stmt"/>
      <line num="4305" count="3" type="cond" truecount="1" falsecount="1"/>
      <line num="4306" count="0" type="stmt"/>
      <line num="4307" count="0" type="stmt"/>
      <line num="4313" count="3" type="stmt"/>
      <line num="4314" count="3" type="cond" truecount="1" falsecount="1"/>
      <line num="4315" count="0" type="stmt"/>
      <line num="4316" count="0" type="stmt"/>
      <line num="4322" count="3" type="cond" truecount="4" falsecount="0"/>
      <line num="4323" count="1" type="stmt"/>
      <line num="4329" count="2" type="stmt"/>
      <line num="4340" count="14" type="stmt"/>
      <line num="4344" count="7" type="stmt"/>
      <line num="4345" count="7" type="stmt"/>
      <line num="4347" count="7" type="cond" truecount="6" falsecount="0"/>
      <line num="4348" count="1" type="stmt"/>
      <line num="4354" count="6" type="stmt"/>
      <line num="4355" count="6" type="stmt"/>
      <line num="4357" count="6" type="cond" truecount="2" falsecount="0"/>
      <line num="4358" count="1" type="stmt"/>
      <line num="4364" count="5" type="stmt"/>
      <line num="4368" count="5" type="cond" truecount="2" falsecount="0"/>
      <line num="4369" count="1" type="stmt"/>
      <line num="4370" count="1" type="stmt"/>
      <line num="4376" count="4" type="cond" truecount="4" falsecount="0"/>
      <line num="4377" count="1" type="stmt"/>
      <line num="4383" count="3" type="stmt"/>
      <line num="4385" count="3" type="stmt"/>
      <line num="4389" count="3" type="cond" truecount="2" falsecount="0"/>
      <line num="4390" count="1" type="stmt"/>
      <line num="4391" count="1" type="stmt"/>
      <line num="4397" count="2" type="stmt"/>
      <line num="4404" count="2" type="cond" truecount="2" falsecount="0"/>
      <line num="4405" count="1" type="stmt"/>
      <line num="4406" count="1" type="stmt"/>
      <line num="4412" count="1" type="stmt"/>
      <line num="4423" count="0" type="stmt"/>
      <line num="4424" count="0" type="stmt"/>
      <line num="4435" count="14" type="stmt"/>
      <line num="4439" count="3" type="stmt"/>
      <line num="4446" count="3" type="stmt"/>
      <line num="4447" count="3" type="cond" truecount="1" falsecount="1"/>
      <line num="4448" count="0" type="stmt"/>
      <line num="4449" count="0" type="stmt"/>
      <line num="4455" count="3" type="cond" truecount="3" falsecount="1"/>
      <line num="4456" count="0" type="stmt"/>
      <line num="4462" count="3" type="stmt"/>
      <line num="4463" count="3" type="stmt"/>
      <line num="4465" count="3" type="stmt"/>
      <line num="4471" count="3" type="stmt"/>
      <line num="4478" count="3" type="stmt"/>
      <line num="4485" count="3" type="stmt"/>
      <line num="4486" count="3" type="cond" truecount="1" falsecount="1"/>
      <line num="4487" count="0" type="stmt"/>
      <line num="4488" count="0" type="stmt"/>
      <line num="4494" count="3" type="stmt"/>
      <line num="4495" count="3" type="cond" truecount="2" falsecount="0"/>
      <line num="4496" count="1" type="stmt"/>
      <line num="4497" count="1" type="stmt"/>
      <line num="4503" count="2" type="stmt"/>
      <line num="4504" count="2" type="cond" truecount="2" falsecount="0"/>
      <line num="4505" count="1" type="stmt"/>
      <line num="4506" count="1" type="stmt"/>
      <line num="4512" count="1" type="stmt"/>
      <line num="4529" count="14" type="stmt"/>
      <line num="4533" count="3" type="stmt"/>
      <line num="4540" count="3" type="stmt"/>
      <line num="4541" count="3" type="cond" truecount="2" falsecount="0"/>
      <line num="4542" count="1" type="stmt"/>
      <line num="4543" count="1" type="stmt"/>
      <line num="4549" count="2" type="cond" truecount="4" falsecount="0"/>
      <line num="4550" count="1" type="stmt"/>
      <line num="4556" count="1" type="stmt"/>
      <line num="4558" count="1" type="stmt"/>
      <line num="4586" count="1" type="stmt"/>
      <line num="4587" count="1" type="cond" truecount="1" falsecount="1"/>
      <line num="4588" count="0" type="stmt"/>
      <line num="4589" count="0" type="stmt"/>
      <line num="4595" count="1" type="stmt"/>
      <line num="4597" count="1" type="cond" truecount="1" falsecount="1"/>
      <line num="4610" count="14" type="stmt"/>
      <line num="4614" count="0" type="stmt"/>
      <line num="4621" count="0" type="stmt"/>
      <line num="4622" count="0" type="cond" truecount="0" falsecount="2"/>
      <line num="4623" count="0" type="stmt"/>
      <line num="4624" count="0" type="stmt"/>
      <line num="4630" count="0" type="cond" truecount="0" falsecount="4"/>
      <line num="4631" count="0" type="stmt"/>
      <line num="4637" count="0" type="stmt"/>
      <line num="4639" count="0" type="stmt"/>
      <line num="4661" count="0" type="stmt"/>
      <line num="4662" count="0" type="cond" truecount="0" falsecount="2"/>
      <line num="4663" count="0" type="stmt"/>
      <line num="4664" count="0" type="stmt"/>
      <line num="4670" count="0" type="stmt"/>
      <line num="4672" count="0" type="cond" truecount="0" falsecount="2"/>
      <line num="4685" count="14" type="stmt"/>
      <line num="4689" count="0" type="stmt"/>
      <line num="4703" count="0" type="stmt"/>
      <line num="4704" count="0" type="cond" truecount="0" falsecount="2"/>
      <line num="4705" count="0" type="stmt"/>
      <line num="4706" count="0" type="stmt"/>
      <line num="4712" count="0" type="stmt"/>
      <line num="4720" count="14" type="stmt"/>
      <line num="4724" count="6" type="cond" truecount="2" falsecount="0"/>
      <line num="4725" count="6" type="stmt"/>
      <line num="4726" count="6" type="stmt"/>
      <line num="4728" count="6" type="cond" truecount="5" falsecount="0"/>
      <line num="4729" count="1" type="stmt"/>
      <line num="4735" count="5" type="stmt"/>
      <line num="4742" count="5" type="stmt"/>
      <line num="4743" count="5" type="cond" truecount="2" falsecount="0"/>
      <line num="4744" count="1" type="stmt"/>
      <line num="4745" count="1" type="stmt"/>
      <line num="4751" count="4" type="cond" truecount="3" falsecount="1"/>
      <line num="4752" count="0" type="stmt"/>
      <line num="4758" count="4" type="stmt"/>
      <line num="4760" count="4" type="stmt"/>
      <line num="4769" count="4" type="stmt"/>
      <line num="4773" count="4" type="cond" truecount="1" falsecount="1"/>
      <line num="4774" count="0" type="stmt"/>
      <line num="4775" count="0" type="stmt"/>
      <line num="4781" count="4" type="cond" truecount="4" falsecount="0"/>
      <line num="4782" count="1" type="stmt"/>
      <line num="4788" count="3" type="stmt"/>
      <line num="4795" count="3" type="stmt"/>
      <line num="4796" count="3" type="cond" truecount="1" falsecount="1"/>
      <line num="4797" count="0" type="stmt"/>
      <line num="4798" count="0" type="stmt"/>
      <line num="4804" count="3" type="cond" truecount="4" falsecount="0"/>
      <line num="4805" count="1" type="stmt"/>
      <line num="4811" count="2" type="stmt"/>
      <line num="4822" count="2" type="stmt"/>
      <line num="4826" count="2" type="cond" truecount="2" falsecount="0"/>
      <line num="4827" count="1" type="stmt"/>
      <line num="4829" count="1" type="cond" truecount="1" falsecount="1"/>
      <line num="4830" count="1" type="stmt"/>
      <line num="4836" count="0" type="stmt"/>
      <line num="4842" count="1" type="stmt"/>
      <line num="4853" count="1" type="cond" truecount="1" falsecount="1"/>
      <line num="4854" count="0" type="stmt"/>
      <line num="4857" count="1" type="stmt"/>
      <line num="4875" count="14" type="stmt"/>
      <line num="4876" count="5" type="stmt"/>
      <line num="4884" count="5" type="stmt"/>
      <line num="4885" count="5" type="cond" truecount="2" falsecount="0"/>
      <line num="4886" count="2" type="stmt"/>
      <line num="4887" count="2" type="stmt"/>
      <line num="4893" count="3" type="stmt"/>
      <line num="4900" count="14" type="stmt"/>
      <line num="4901" count="3" type="stmt"/>
      <line num="4908" count="3" type="stmt"/>
      <line num="4909" count="3" type="cond" truecount="2" falsecount="0"/>
      <line num="4910" count="2" type="stmt"/>
      <line num="4911" count="2" type="stmt"/>
      <line num="4917" count="1" type="stmt"/>
      <line num="4924" count="14" type="stmt"/>
      <line num="4925" count="5" type="stmt"/>
      <line num="4927" count="5" type="cond" truecount="4" falsecount="0"/>
      <line num="4928" count="2" type="stmt"/>
      <line num="4934" count="3" type="stmt"/>
      <line num="4942" count="3" type="stmt"/>
      <line num="4943" count="3" type="cond" truecount="2" falsecount="0"/>
      <line num="4944" count="1" type="stmt"/>
      <line num="4945" count="1" type="stmt"/>
      <line num="4951" count="2" type="cond" truecount="4" falsecount="0"/>
      <line num="4952" count="1" type="stmt"/>
      <line num="4958" count="1" type="stmt"/>
      <line num="4965" count="14" type="stmt"/>
      <line num="4966" count="2" type="stmt"/>
      <line num="4974" count="2" type="stmt"/>
      <line num="4975" count="2" type="cond" truecount="2" falsecount="0"/>
      <line num="4976" count="1" type="stmt"/>
      <line num="4977" count="1" type="stmt"/>
      <line num="4983" count="1" type="stmt"/>
      <line num="4994" count="14" type="stmt"/>
      <line num="4998" count="3" type="stmt"/>
      <line num="4999" count="3" type="stmt"/>
      <line num="5000" count="3" type="cond" truecount="1" falsecount="1"/>
      <line num="5002" count="3" type="cond" truecount="4" falsecount="0"/>
      <line num="5003" count="1" type="stmt"/>
      <line num="5009" count="2" type="stmt"/>
      <line num="5016" count="2" type="stmt"/>
      <line num="5017" count="2" type="cond" truecount="1" falsecount="1"/>
      <line num="5018" count="0" type="stmt"/>
      <line num="5019" count="0" type="stmt"/>
      <line num="5025" count="2" type="cond" truecount="4" falsecount="0"/>
      <line num="5026" count="1" type="stmt"/>
      <line num="5032" count="1" type="stmt"/>
      <line num="5033" count="1" type="cond" truecount="1" falsecount="1"/>
      <line num="5037" count="1" type="stmt"/>
      <line num="5038" count="1" type="stmt"/>
      <line num="5040" count="1" type="cond" truecount="3" falsecount="1"/>
      <line num="5041" count="1" type="stmt"/>
      <line num="5047" count="0" type="stmt"/>
      <line num="5053" count="0" type="stmt"/>
      <line num="5054" count="0" type="cond" truecount="0" falsecount="2"/>
      <line num="5055" count="0" type="stmt"/>
      <line num="5056" count="0" type="stmt"/>
      <line num="5062" count="0" type="cond" truecount="0" falsecount="2"/>
      <line num="5064" count="0" type="stmt"/>
      <line num="5069" count="0" type="stmt"/>
      <line num="5070" count="0" type="cond" truecount="0" falsecount="2"/>
      <line num="5071" count="0" type="stmt"/>
      <line num="5072" count="0" type="stmt"/>
      <line num="5078" count="0" type="stmt"/>
      <line num="5079" count="0" type="cond" truecount="0" falsecount="2"/>
      <line num="5080" count="0" type="stmt"/>
      <line num="5083" count="0" type="stmt"/>
      <line num="5084" count="0" type="stmt"/>
      <line num="5089" count="0" type="stmt"/>
      <line num="5090" count="0" type="cond" truecount="0" falsecount="2"/>
      <line num="5091" count="0" type="stmt"/>
      <line num="5092" count="0" type="stmt"/>
      <line num="5098" count="0" type="stmt"/>
      <line num="5102" count="0" type="stmt"/>
      <line num="5103" count="0" type="stmt"/>
      <line num="5108" count="0" type="stmt"/>
      <line num="5109" count="0" type="cond" truecount="0" falsecount="2"/>
      <line num="5110" count="0" type="stmt"/>
      <line num="5111" count="0" type="stmt"/>
      <line num="5117" count="0" type="stmt"/>
      <line num="5122" count="0" type="stmt"/>
      <line num="5123" count="0" type="cond" truecount="0" falsecount="2"/>
      <line num="5124" count="0" type="stmt"/>
      <line num="5125" count="0" type="stmt"/>
      <line num="5131" count="0" type="cond" truecount="0" falsecount="4"/>
      <line num="5132" count="0" type="stmt"/>
      <line num="5138" count="0" type="stmt"/>
      <line num="5151" count="14" type="stmt"/>
      <line num="5155" count="0" type="stmt"/>
      <line num="5156" count="0" type="stmt"/>
      <line num="5157" count="0" type="cond" truecount="0" falsecount="2"/>
      <line num="5159" count="0" type="cond" truecount="0" falsecount="4"/>
      <line num="5160" count="0" type="stmt"/>
      <line num="5166" count="0" type="stmt"/>
      <line num="5173" count="0" type="stmt"/>
      <line num="5174" count="0" type="cond" truecount="0" falsecount="2"/>
      <line num="5175" count="0" type="stmt"/>
      <line num="5176" count="0" type="stmt"/>
      <line num="5182" count="0" type="cond" truecount="0" falsecount="4"/>
      <line num="5183" count="0" type="stmt"/>
      <line num="5189" count="0" type="stmt"/>
      <line num="5190" count="0" type="cond" truecount="0" falsecount="2"/>
      <line num="5194" count="0" type="stmt"/>
      <line num="5195" count="0" type="stmt"/>
      <line num="5197" count="0" type="cond" truecount="0" falsecount="4"/>
      <line num="5198" count="0" type="stmt"/>
      <line num="5204" count="0" type="stmt"/>
      <line num="5209" count="0" type="stmt"/>
      <line num="5210" count="0" type="cond" truecount="0" falsecount="2"/>
      <line num="5211" count="0" type="stmt"/>
      <line num="5212" count="0" type="stmt"/>
      <line num="5218" count="0" type="stmt"/>
      <line num="5223" count="0" type="stmt"/>
      <line num="5224" count="0" type="cond" truecount="0" falsecount="2"/>
      <line num="5225" count="0" type="stmt"/>
      <line num="5226" count="0" type="stmt"/>
      <line num="5232" count="0" type="cond" truecount="0" falsecount="4"/>
      <line num="5233" count="0" type="stmt"/>
      <line num="5239" count="0" type="stmt"/>
      <line num="5240" count="0" type="cond" truecount="0" falsecount="2"/>
      <line num="5241" count="0" type="stmt"/>
      <line num="5242" count="0" type="stmt"/>
      <line num="5248" count="0" type="stmt"/>
      <line num="5262" count="14" type="stmt"/>
      <line num="5263" count="0" type="stmt"/>
      <line num="5268" count="14" type="stmt"/>
      <line num="5269" count="0" type="cond" truecount="0" falsecount="2"/>
      <line num="5271" count="0" type="cond" truecount="0" falsecount="2"/>
      <line num="5272" count="0" type="stmt"/>
      <line num="5275" count="0" type="cond" truecount="0" falsecount="2"/>
      <line num="5276" count="0" type="stmt"/>
      <line num="5283" count="0" type="stmt"/>
      <line num="5284" count="0" type="stmt"/>
      <line num="5289" count="0" type="cond" truecount="0" falsecount="2"/>
      <line num="5290" count="0" type="stmt"/>
      <line num="5292" count="0" type="stmt"/>
      <line num="5295" count="0" type="stmt"/>
      <line num="5299" count="0" type="stmt"/>
      <line num="5300" count="0" type="stmt"/>
      <line num="5302" count="0" type="stmt"/>
      <line num="5304" count="0" type="cond" truecount="0" falsecount="2"/>
      <line num="5305" count="0" type="cond" truecount="0" falsecount="2"/>
      <line num="5317" count="0" type="cond" truecount="0" falsecount="2"/>
      <line num="5328" count="0" type="stmt"/>
      <line num="5330" count="0" type="stmt"/>
      <line num="5331" count="0" type="stmt"/>
      <line num="5342" count="14" type="stmt"/>
      <line num="5343" count="0" type="stmt"/>
      <line num="5345" count="0" type="stmt"/>
      <line num="5346" count="0" type="stmt"/>
      <line num="5347" count="0" type="stmt"/>
      <line num="5349" count="0" type="cond" truecount="0" falsecount="2"/>
      <line num="5350" count="0" type="stmt"/>
      <line num="5357" count="0" type="stmt"/>
      <line num="5363" count="14" type="stmt"/>
      <line num="5365" count="14" type="stmt"/>
      <line num="5366" count="0" type="stmt"/>
      <line num="5369" count="14" type="cond" truecount="1" falsecount="1"/>
      <line num="5370" count="0" type="stmt"/>
      <line num="5375" count="0" type="stmt"/>
      <line num="5376" count="0" type="stmt"/>
      <line num="5386" count="14" type="stmt"/>
      <line num="5388" count="14" type="cond" truecount="1" falsecount="1"/>
      <line num="5389" count="14" type="stmt"/>
    </file>
  </project>
</coverage>
