<?xml version="1.0" encoding="UTF-8"?>
<coverage generated="1775708116411" clover="3.2.0">
  <project timestamp="1775708116412" name="All files">
    <metrics statements="710" coveredstatements="94" conditionals="571" coveredconditionals="11" methods="131" coveredmethods="9" elements="1412" coveredelements="114" complexity="0" loc="710" ncloc="710" packages="1" files="2" classes="2"/>
    <file name="dbms.js" path="/home/phamt27@campus.up.edu/clone/client/server/dbms.js">
      <metrics statements="12" coveredstatements="11" conditionals="4" coveredconditionals="2" methods="2" coveredmethods="2"/>
      <line num="6" count="1" type="stmt"/>
      <line num="8" count="1" type="stmt"/>
      <line num="18" count="1" type="stmt"/>
      <line num="20" count="1" type="stmt"/>
      <line num="21" count="1" type="cond" truecount="1" falsecount="1"/>
      <line num="22" count="1" type="stmt"/>
      <line num="23" count="1" type="stmt"/>
      <line num="26" count="1" type="stmt"/>
      <line num="27" count="1" type="cond" truecount="1" falsecount="1"/>
      <line num="28" count="1" type="stmt"/>
      <line num="29" count="1" type="stmt"/>
      <line num="32" count="0" type="stmt"/>
    </file>
    <file name="server.js" path="/home/phamt27@campus.up.edu/clone/client/server/server.js">
      <metrics statements="698" coveredstatements="83" conditionals="567" coveredconditionals="9" methods="129" coveredmethods="7"/>
      <line num="1" count="1" type="stmt"/>
      <line num="2" count="1" type="stmt"/>
      <line num="3" count="1" type="stmt"/>
      <line num="4" count="1" type="stmt"/>
      <line num="5" count="1" type="stmt"/>
      <line num="6" count="1" type="stmt"/>
      <line num="7" count="1" type="stmt"/>
      <line num="8" count="1" type="stmt"/>
      <line num="9" count="1" type="stmt"/>
      <line num="12" count="1" type="stmt"/>
      <line num="13" count="1" type="cond" truecount="1" falsecount="1"/>
      <line num="16" count="1" type="stmt"/>
      <line num="17" count="1" type="cond" truecount="1" falsecount="1"/>
      <line num="19" count="1" type="cond" truecount="1" falsecount="1"/>
      <line num="20" count="0" type="stmt"/>
      <line num="24" count="0" type="stmt"/>
      <line num="36" count="3" type="stmt"/>
      <line num="38" count="3" type="cond" truecount="2" falsecount="2"/>
      <line num="39" count="3" type="stmt"/>
      <line num="45" count="0" type="stmt"/>
      <line num="47" count="0" type="stmt"/>
      <line num="48" count="0" type="stmt"/>
      <line num="49" count="0" type="stmt"/>
      <line num="50" count="0" type="stmt"/>
      <line num="52" count="0" type="stmt"/>
      <line num="60" count="26" type="stmt"/>
      <line num="61" count="0" type="cond" truecount="0" falsecount="2"/>
      <line num="62" count="0" type="stmt"/>
      <line num="68" count="0" type="cond" truecount="0" falsecount="2"/>
      <line num="69" count="0" type="stmt"/>
      <line num="72" count="0" type="cond" truecount="0" falsecount="2"/>
      <line num="73" count="0" type="stmt"/>
      <line num="79" count="0" type="stmt"/>
      <line num="84" count="1" type="stmt"/>
      <line num="90" count="1" type="stmt"/>
      <line num="91" count="1" type="stmt"/>
      <line num="92" count="1" type="stmt"/>
      <line num="94" count="1" type="stmt"/>
      <line num="96" count="1" type="cond" truecount="1" falsecount="1"/>
      <line num="97" count="0" type="stmt"/>
      <line num="100" count="1" type="stmt"/>
      <line num="102" count="0" type="stmt"/>
      <line num="105" count="0" type="stmt"/>
      <line num="106" count="0" type="stmt"/>
      <line num="107" count="0" type="stmt"/>
      <line num="111" count="1" type="stmt"/>
      <line num="115" count="0" type="cond" truecount="0" falsecount="3"/>
      <line num="118" count="0" type="cond" truecount="0" falsecount="2"/>
      <line num="122" count="1" type="stmt"/>
      <line num="139" count="1" type="stmt"/>
      <line num="144" count="1" type="stmt"/>
      <line num="145" count="1" type="stmt"/>
      <line num="148" count="1" type="stmt"/>
      <line num="149" count="1" type="stmt"/>
      <line num="151" count="1" type="stmt"/>
      <line num="152" count="0" type="cond" truecount="0" falsecount="2"/>
      <line num="153" count="0" type="stmt"/>
      <line num="154" count="0" type="stmt"/>
      <line num="159" count="0" type="cond" truecount="0" falsecount="4"/>
      <line num="160" count="0" type="stmt"/>
      <line num="166" count="0" type="stmt"/>
      <line num="167" count="0" type="stmt"/>
      <line num="169" count="0" type="cond" truecount="0" falsecount="2"/>
      <line num="170" count="0" type="stmt"/>
      <line num="176" count="0" type="stmt"/>
      <line num="187" count="0" type="stmt"/>
      <line num="189" count="0" type="stmt"/>
      <line num="198" count="1" type="stmt"/>
      <line num="199" count="0" type="stmt"/>
      <line num="200" count="0" type="cond" truecount="0" falsecount="2"/>
      <line num="201" count="0" type="stmt"/>
      <line num="202" count="0" type="stmt"/>
      <line num="208" count="0" type="cond" truecount="0" falsecount="4"/>
      <line num="209" count="0" type="stmt"/>
      <line num="215" count="0" type="stmt"/>
      <line num="217" count="0" type="stmt"/>
      <line num="234" count="1" type="stmt"/>
      <line num="235" count="0" type="stmt"/>
      <line num="237" count="0" type="stmt"/>
      <line num="239" count="0" type="stmt"/>
      <line num="240" count="0" type="cond" truecount="0" falsecount="2"/>
      <line num="241" count="0" type="stmt"/>
      <line num="242" count="0" type="stmt"/>
      <line num="245" count="0" type="cond" truecount="0" falsecount="4"/>
      <line num="246" count="0" type="stmt"/>
      <line num="249" count="0" type="stmt"/>
      <line num="250" count="0" type="stmt"/>
      <line num="252" count="0" type="cond" truecount="0" falsecount="2"/>
      <line num="253" count="0" type="stmt"/>
      <line num="259" count="0" type="stmt"/>
      <line num="260" count="0" type="stmt"/>
      <line num="262" count="0" type="stmt"/>
      <line num="263" count="0" type="cond" truecount="0" falsecount="2"/>
      <line num="264" count="0" type="stmt"/>
      <line num="265" count="0" type="stmt"/>
      <line num="268" count="0" type="stmt"/>
      <line num="277" count="1" type="stmt"/>
      <line num="278" count="0" type="stmt"/>
      <line num="279" count="0" type="stmt"/>
      <line num="281" count="0" type="cond" truecount="0" falsecount="5"/>
      <line num="282" count="0" type="stmt"/>
      <line num="288" count="0" type="stmt"/>
      <line num="289" count="0" type="cond" truecount="0" falsecount="2"/>
      <line num="291" count="0" type="stmt"/>
      <line num="292" count="0" type="cond" truecount="0" falsecount="2"/>
      <line num="293" count="0" type="stmt"/>
      <line num="299" count="0" type="stmt"/>
      <line num="303" count="0" type="cond" truecount="0" falsecount="2"/>
      <line num="304" count="0" type="stmt"/>
      <line num="305" count="0" type="stmt"/>
      <line num="311" count="0" type="cond" truecount="0" falsecount="4"/>
      <line num="312" count="0" type="stmt"/>
      <line num="318" count="0" type="stmt"/>
      <line num="320" count="0" type="stmt"/>
      <line num="324" count="0" type="cond" truecount="0" falsecount="2"/>
      <line num="325" count="0" type="stmt"/>
      <line num="326" count="0" type="stmt"/>
      <line num="332" count="0" type="stmt"/>
      <line num="336" count="0" type="cond" truecount="0" falsecount="2"/>
      <line num="337" count="0" type="stmt"/>
      <line num="338" count="0" type="stmt"/>
      <line num="344" count="0" type="stmt"/>
      <line num="355" count="0" type="stmt"/>
      <line num="356" count="0" type="stmt"/>
      <line num="364" count="1" type="stmt"/>
      <line num="379" count="0" type="stmt"/>
      <line num="381" count="0" type="cond" truecount="0" falsecount="4"/>
      <line num="382" count="0" type="stmt"/>
      <line num="388" count="0" type="cond" truecount="0" falsecount="2"/>
      <line num="389" count="0" type="cond" truecount="0" falsecount="2"/>
      <line num="391" count="0" type="cond" truecount="0" falsecount="2"/>
      <line num="395" count="0" type="cond" truecount="0" falsecount="2"/>
      <line num="399" count="0" type="cond" truecount="0" falsecount="2"/>
      <line num="410" count="0" type="stmt"/>
      <line num="425" count="0" type="stmt"/>
      <line num="437" count="0" type="stmt"/>
      <line num="438" count="0" type="cond" truecount="0" falsecount="2"/>
      <line num="439" count="0" type="stmt"/>
      <line num="440" count="0" type="stmt"/>
      <line num="447" count="0" type="stmt"/>
      <line num="467" count="1" type="stmt"/>
      <line num="468" count="0" type="stmt"/>
      <line num="470" count="0" type="stmt"/>
      <line num="485" count="0" type="stmt"/>
      <line num="486" count="0" type="cond" truecount="0" falsecount="2"/>
      <line num="487" count="0" type="stmt"/>
      <line num="488" count="0" type="stmt"/>
      <line num="494" count="0" type="stmt"/>
      <line num="502" count="1" type="stmt"/>
      <line num="503" count="0" type="stmt"/>
      <line num="519" count="0" type="stmt"/>
      <line num="520" count="0" type="cond" truecount="0" falsecount="2"/>
      <line num="521" count="0" type="stmt"/>
      <line num="522" count="0" type="stmt"/>
      <line num="528" count="0" type="stmt"/>
      <line num="536" count="1" type="stmt"/>
      <line num="537" count="0" type="cond" truecount="0" falsecount="2"/>
      <line num="538" count="0" type="stmt"/>
      <line num="556" count="0" type="stmt"/>
      <line num="557" count="0" type="cond" truecount="0" falsecount="2"/>
      <line num="558" count="0" type="stmt"/>
      <line num="559" count="0" type="stmt"/>
      <line num="565" count="0" type="stmt"/>
      <line num="571" count="0" type="stmt"/>
      <line num="574" count="0" type="stmt"/>
      <line num="588" count="0" type="stmt"/>
      <line num="589" count="0" type="cond" truecount="0" falsecount="2"/>
      <line num="590" count="0" type="stmt"/>
      <line num="591" count="0" type="stmt"/>
      <line num="597" count="0" type="stmt"/>
      <line num="604" count="1" type="stmt"/>
      <line num="608" count="0" type="stmt"/>
      <line num="610" count="0" type="stmt"/>
      <line num="617" count="0" type="stmt"/>
      <line num="618" count="0" type="cond" truecount="0" falsecount="2"/>
      <line num="619" count="0" type="stmt"/>
      <line num="620" count="0" type="stmt"/>
      <line num="626" count="0" type="cond" truecount="0" falsecount="4"/>
      <line num="627" count="0" type="stmt"/>
      <line num="633" count="0" type="stmt"/>
      <line num="634" count="0" type="cond" truecount="0" falsecount="2"/>
      <line num="635" count="0" type="stmt"/>
      <line num="641" count="0" type="stmt"/>
      <line num="648" count="0" type="stmt"/>
      <line num="649" count="0" type="cond" truecount="0" falsecount="2"/>
      <line num="650" count="0" type="stmt"/>
      <line num="651" count="0" type="stmt"/>
      <line num="657" count="0" type="cond" truecount="0" falsecount="4"/>
      <line num="658" count="0" type="stmt"/>
      <line num="664" count="0" type="stmt"/>
      <line num="676" count="0" type="stmt"/>
      <line num="680" count="0" type="cond" truecount="0" falsecount="2"/>
      <line num="681" count="0" type="stmt"/>
      <line num="683" count="0" type="cond" truecount="0" falsecount="2"/>
      <line num="684" count="0" type="stmt"/>
      <line num="690" count="0" type="stmt"/>
      <line num="696" count="0" type="stmt"/>
      <line num="707" count="1" type="stmt"/>
      <line num="708" count="0" type="stmt"/>
      <line num="710" count="0" type="stmt"/>
      <line num="726" count="0" type="stmt"/>
      <line num="727" count="0" type="cond" truecount="0" falsecount="2"/>
      <line num="728" count="0" type="stmt"/>
      <line num="729" count="0" type="stmt"/>
      <line num="735" count="0" type="cond" truecount="0" falsecount="4"/>
      <line num="736" count="0" type="stmt"/>
      <line num="742" count="0" type="stmt"/>
      <line num="744" count="0" type="stmt"/>
      <line num="753" count="0" type="stmt"/>
      <line num="754" count="0" type="cond" truecount="0" falsecount="2"/>
      <line num="755" count="0" type="stmt"/>
      <line num="756" count="0" type="stmt"/>
      <line num="762" count="0" type="stmt"/>
      <line num="773" count="1" type="stmt"/>
      <line num="777" count="0" type="stmt"/>
      <line num="779" count="0" type="stmt"/>
      <line num="787" count="0" type="stmt"/>
      <line num="788" count="0" type="cond" truecount="0" falsecount="2"/>
      <line num="789" count="0" type="stmt"/>
      <line num="790" count="0" type="stmt"/>
      <line num="796" count="0" type="stmt"/>
      <line num="804" count="1" type="stmt"/>
      <line num="808" count="0" type="stmt"/>
      <line num="810" count="0" type="stmt"/>
      <line num="816" count="0" type="stmt"/>
      <line num="826" count="0" type="stmt"/>
      <line num="827" count="0" type="cond" truecount="0" falsecount="2"/>
      <line num="828" count="0" type="stmt"/>
      <line num="829" count="0" type="stmt"/>
      <line num="835" count="0" type="stmt"/>
      <line num="839" count="0" type="cond" truecount="0" falsecount="2"/>
      <line num="840" count="0" type="stmt"/>
      <line num="841" count="0" type="stmt"/>
      <line num="847" count="0" type="cond" truecount="0" falsecount="2"/>
      <line num="848" count="0" type="cond" truecount="0" falsecount="2"/>
      <line num="851" count="0" type="cond" truecount="0" falsecount="2"/>
      <line num="853" count="0" type="cond" truecount="0" falsecount="2"/>
      <line num="854" count="0" type="stmt"/>
      <line num="864" count="0" type="stmt"/>
      <line num="872" count="0" type="stmt"/>
      <line num="873" count="0" type="cond" truecount="0" falsecount="2"/>
      <line num="874" count="0" type="stmt"/>
      <line num="875" count="0" type="stmt"/>
      <line num="881" count="0" type="stmt"/>
      <line num="897" count="1" type="stmt"/>
      <line num="901" count="0" type="stmt"/>
      <line num="903" count="0" type="stmt"/>
      <line num="927" count="0" type="stmt"/>
      <line num="928" count="0" type="cond" truecount="0" falsecount="2"/>
      <line num="929" count="0" type="stmt"/>
      <line num="930" count="0" type="stmt"/>
      <line num="936" count="0" type="stmt"/>
      <line num="944" count="1" type="stmt"/>
      <line num="948" count="0" type="stmt"/>
      <line num="949" count="0" type="stmt"/>
      <line num="951" count="0" type="stmt"/>
      <line num="953" count="0" type="cond" truecount="0" falsecount="4"/>
      <line num="954" count="0" type="stmt"/>
      <line num="960" count="0" type="stmt"/>
      <line num="971" count="0" type="stmt"/>
      <line num="981" count="0" type="cond" truecount="0" falsecount="2"/>
      <line num="982" count="0" type="stmt"/>
      <line num="983" count="0" type="stmt"/>
      <line num="989" count="0" type="cond" truecount="0" falsecount="4"/>
      <line num="990" count="0" type="stmt"/>
      <line num="996" count="0" type="stmt"/>
      <line num="1005" count="1" type="stmt"/>
      <line num="1009" count="0" type="stmt"/>
      <line num="1010" count="0" type="stmt"/>
      <line num="1012" count="0" type="cond" truecount="0" falsecount="4"/>
      <line num="1013" count="0" type="stmt"/>
      <line num="1019" count="0" type="cond" truecount="0" falsecount="2"/>
      <line num="1021" count="0" type="cond" truecount="0" falsecount="2"/>
      <line num="1025" count="0" type="cond" truecount="0" falsecount="2"/>
      <line num="1038" count="0" type="stmt"/>
      <line num="1044" count="0" type="stmt"/>
      <line num="1045" count="0" type="cond" truecount="0" falsecount="2"/>
      <line num="1046" count="0" type="stmt"/>
      <line num="1047" count="0" type="stmt"/>
      <line num="1053" count="0" type="cond" truecount="0" falsecount="2"/>
      <line num="1055" count="0" type="stmt"/>
      <line num="1068" count="0" type="stmt"/>
      <line num="1078" count="0" type="stmt"/>
      <line num="1079" count="0" type="cond" truecount="0" falsecount="2"/>
      <line num="1080" count="0" type="stmt"/>
      <line num="1081" count="0" type="stmt"/>
      <line num="1087" count="0" type="stmt"/>
      <line num="1105" count="1" type="stmt"/>
      <line num="1110" count="0" type="stmt"/>
      <line num="1111" count="0" type="stmt"/>
      <line num="1113" count="0" type="cond" truecount="0" falsecount="2"/>
      <line num="1115" count="0" type="cond" truecount="0" falsecount="2"/>
      <line num="1119" count="0" type="cond" truecount="0" falsecount="4"/>
      <line num="1121" count="0" type="stmt"/>
      <line num="1127" count="0" type="stmt"/>
      <line num="1131" count="0" type="cond" truecount="0" falsecount="2"/>
      <line num="1132" count="0" type="stmt"/>
      <line num="1133" count="0" type="stmt"/>
      <line num="1139" count="0" type="stmt"/>
      <line num="1154" count="1" type="stmt"/>
      <line num="1158" count="0" type="stmt"/>
      <line num="1160" count="0" type="stmt"/>
      <line num="1180" count="0" type="stmt"/>
      <line num="1181" count="0" type="cond" truecount="0" falsecount="2"/>
      <line num="1182" count="0" type="stmt"/>
      <line num="1183" count="0" type="stmt"/>
      <line num="1189" count="0" type="stmt"/>
      <line num="1197" count="1" type="stmt"/>
      <line num="1202" count="0" type="stmt"/>
      <line num="1203" count="0" type="stmt"/>
      <line num="1205" count="0" type="cond" truecount="0" falsecount="2"/>
      <line num="1207" count="0" type="cond" truecount="0" falsecount="2"/>
      <line num="1211" count="0" type="cond" truecount="0" falsecount="4"/>
      <line num="1213" count="0" type="stmt"/>
      <line num="1220" count="0" type="stmt"/>
      <line num="1221" count="0" type="cond" truecount="0" falsecount="2"/>
      <line num="1222" count="0" type="stmt"/>
      <line num="1223" count="0" type="stmt"/>
      <line num="1229" count="0" type="cond" truecount="0" falsecount="4"/>
      <line num="1230" count="0" type="stmt"/>
      <line num="1236" count="0" type="stmt"/>
      <line num="1238" count="0" type="cond" truecount="0" falsecount="2"/>
      <line num="1239" count="0" type="stmt"/>
      <line num="1245" count="0" type="stmt"/>
      <line num="1251" count="0" type="stmt"/>
      <line num="1252" count="0" type="cond" truecount="0" falsecount="2"/>
      <line num="1253" count="0" type="stmt"/>
      <line num="1254" count="0" type="stmt"/>
      <line num="1260" count="0" type="cond" truecount="0" falsecount="2"/>
      <line num="1262" count="0" type="stmt"/>
      <line num="1268" count="0" type="stmt"/>
      <line num="1269" count="0" type="cond" truecount="0" falsecount="2"/>
      <line num="1270" count="0" type="stmt"/>
      <line num="1271" count="0" type="stmt"/>
      <line num="1277" count="0" type="stmt"/>
      <line num="1296" count="0" type="stmt"/>
      <line num="1306" count="0" type="stmt"/>
      <line num="1307" count="0" type="cond" truecount="0" falsecount="2"/>
      <line num="1308" count="0" type="stmt"/>
      <line num="1309" count="0" type="stmt"/>
      <line num="1315" count="0" type="stmt"/>
      <line num="1340" count="1" type="stmt"/>
      <line num="1341" count="0" type="stmt"/>
      <line num="1367" count="0" type="stmt"/>
      <line num="1368" count="0" type="cond" truecount="0" falsecount="2"/>
      <line num="1369" count="0" type="stmt"/>
      <line num="1370" count="0" type="stmt"/>
      <line num="1376" count="0" type="stmt"/>
      <line num="1383" count="1" type="stmt"/>
      <line num="1387" count="0" type="stmt"/>
      <line num="1393" count="0" type="stmt"/>
      <line num="1399" count="0" type="stmt"/>
      <line num="1407" count="0" type="stmt"/>
      <line num="1426" count="0" type="stmt"/>
      <line num="1427" count="0" type="cond" truecount="0" falsecount="2"/>
      <line num="1428" count="0" type="stmt"/>
      <line num="1429" count="0" type="stmt"/>
      <line num="1435" count="0" type="stmt"/>
      <line num="1439" count="0" type="cond" truecount="0" falsecount="2"/>
      <line num="1440" count="0" type="stmt"/>
      <line num="1441" count="0" type="stmt"/>
      <line num="1447" count="0" type="stmt"/>
      <line num="1451" count="0" type="cond" truecount="0" falsecount="2"/>
      <line num="1452" count="0" type="stmt"/>
      <line num="1453" count="0" type="stmt"/>
      <line num="1459" count="0" type="stmt"/>
      <line num="1463" count="0" type="cond" truecount="0" falsecount="2"/>
      <line num="1464" count="0" type="stmt"/>
      <line num="1465" count="0" type="stmt"/>
      <line num="1471" count="0" type="cond" truecount="0" falsecount="2"/>
      <line num="1473" count="0" type="cond" truecount="0" falsecount="2"/>
      <line num="1474" count="0" type="cond" truecount="0" falsecount="2"/>
      <line num="1477" count="0" type="cond" truecount="0" falsecount="2"/>
      <line num="1481" count="0" type="stmt"/>
      <line num="1501" count="1" type="stmt"/>
      <line num="1505" count="0" type="stmt"/>
      <line num="1511" count="0" type="stmt"/>
      <line num="1524" count="0" type="stmt"/>
      <line num="1525" count="0" type="cond" truecount="0" falsecount="2"/>
      <line num="1526" count="0" type="stmt"/>
      <line num="1527" count="0" type="stmt"/>
      <line num="1533" count="0" type="stmt"/>
      <line num="1534" count="0" type="cond" truecount="0" falsecount="2"/>
      <line num="1535" count="0" type="stmt"/>
      <line num="1536" count="0" type="stmt"/>
      <line num="1542" count="0" type="cond" truecount="0" falsecount="2"/>
      <line num="1543" count="0" type="cond" truecount="0" falsecount="2"/>
      <line num="1545" count="0" type="stmt"/>
      <line num="1558" count="1" type="stmt"/>
      <line num="1559" count="0" type="stmt"/>
      <line num="1573" count="0" type="stmt"/>
      <line num="1574" count="0" type="cond" truecount="0" falsecount="2"/>
      <line num="1575" count="0" type="stmt"/>
      <line num="1576" count="0" type="stmt"/>
      <line num="1582" count="0" type="cond" truecount="0" falsecount="4"/>
      <line num="1583" count="0" type="stmt"/>
      <line num="1589" count="0" type="stmt"/>
      <line num="1596" count="1" type="stmt"/>
      <line num="1603" count="0" type="stmt"/>
      <line num="1605" count="0" type="stmt"/>
      <line num="1616" count="0" type="stmt"/>
      <line num="1625" count="0" type="stmt"/>
      <line num="1626" count="0" type="cond" truecount="0" falsecount="2"/>
      <line num="1627" count="0" type="stmt"/>
      <line num="1628" count="0" type="stmt"/>
      <line num="1634" count="0" type="stmt"/>
      <line num="1641" count="1" type="stmt"/>
      <line num="1642" count="0" type="cond" truecount="0" falsecount="2"/>
      <line num="1643" count="0" type="stmt"/>
      <line num="1649" count="0" type="stmt"/>
      <line num="1651" count="0" type="stmt"/>
      <line num="1653" count="0" type="stmt"/>
      <line num="1654" count="0" type="cond" truecount="0" falsecount="2"/>
      <line num="1655" count="0" type="stmt"/>
      <line num="1656" count="0" type="stmt"/>
      <line num="1662" count="0" type="stmt"/>
      <line num="1671" count="1" type="stmt"/>
      <line num="1675" count="0" type="stmt"/>
      <line num="1676" count="0" type="stmt"/>
      <line num="1677" count="0" type="stmt"/>
      <line num="1682" count="0" type="stmt"/>
      <line num="1687" count="0" type="stmt"/>
      <line num="1688" count="0" type="cond" truecount="0" falsecount="2"/>
      <line num="1689" count="0" type="stmt"/>
      <line num="1690" count="0" type="stmt"/>
      <line num="1693" count="0" type="stmt"/>
      <line num="1694" count="0" type="cond" truecount="0" falsecount="2"/>
      <line num="1695" count="0" type="stmt"/>
      <line num="1696" count="0" type="stmt"/>
      <line num="1699" count="0" type="stmt"/>
      <line num="1700" count="0" type="cond" truecount="0" falsecount="2"/>
      <line num="1701" count="0" type="stmt"/>
      <line num="1702" count="0" type="stmt"/>
      <line num="1705" count="0" type="stmt"/>
      <line num="1706" count="0" type="cond" truecount="0" falsecount="2"/>
      <line num="1707" count="0" type="stmt"/>
      <line num="1708" count="0" type="stmt"/>
      <line num="1711" count="0" type="stmt"/>
      <line num="1727" count="1" type="stmt"/>
      <line num="1731" count="0" type="stmt"/>
      <line num="1747" count="0" type="stmt"/>
      <line num="1748" count="0" type="cond" truecount="0" falsecount="2"/>
      <line num="1749" count="0" type="stmt"/>
      <line num="1750" count="0" type="stmt"/>
      <line num="1756" count="0" type="stmt"/>
      <line num="1764" count="1" type="stmt"/>
      <line num="1768" count="0" type="stmt"/>
      <line num="1769" count="0" type="stmt"/>
      <line num="1771" count="0" type="stmt"/>
      <line num="1773" count="0" type="cond" truecount="0" falsecount="2"/>
      <line num="1774" count="0" type="stmt"/>
      <line num="1780" count="0" type="stmt"/>
      <line num="1786" count="0" type="stmt"/>
      <line num="1787" count="0" type="cond" truecount="0" falsecount="2"/>
      <line num="1788" count="0" type="stmt"/>
      <line num="1789" count="0" type="stmt"/>
      <line num="1795" count="0" type="cond" truecount="0" falsecount="4"/>
      <line num="1796" count="0" type="stmt"/>
      <line num="1802" count="0" type="stmt"/>
      <line num="1810" count="1" type="stmt"/>
      <line num="1814" count="0" type="stmt"/>
      <line num="1816" count="0" type="cond" truecount="0" falsecount="4"/>
      <line num="1817" count="0" type="stmt"/>
      <line num="1823" count="0" type="stmt"/>
      <line num="1828" count="0" type="cond" truecount="0" falsecount="2"/>
      <line num="1829" count="0" type="cond" truecount="0" falsecount="2"/>
      <line num="1830" count="0" type="stmt"/>
      <line num="1831" count="0" type="stmt"/>
      <line num="1837" count="0" type="stmt"/>
      <line num="1850" count="1" type="stmt"/>
      <line num="1854" count="0" type="stmt"/>
      <line num="1866" count="0" type="stmt"/>
      <line num="1867" count="0" type="cond" truecount="0" falsecount="2"/>
      <line num="1868" count="0" type="stmt"/>
      <line num="1869" count="0" type="stmt"/>
      <line num="1875" count="0" type="stmt"/>
      <line num="1883" count="1" type="stmt"/>
      <line num="1887" count="0" type="stmt"/>
      <line num="1888" count="0" type="stmt"/>
      <line num="1890" count="0" type="cond" truecount="0" falsecount="2"/>
      <line num="1891" count="0" type="stmt"/>
      <line num="1897" count="0" type="stmt"/>
      <line num="1904" count="0" type="stmt"/>
      <line num="1905" count="0" type="cond" truecount="0" falsecount="2"/>
      <line num="1906" count="0" type="stmt"/>
      <line num="1907" count="0" type="stmt"/>
      <line num="1913" count="0" type="cond" truecount="0" falsecount="4"/>
      <line num="1914" count="0" type="stmt"/>
      <line num="1920" count="0" type="cond" truecount="0" falsecount="2"/>
      <line num="1921" count="0" type="stmt"/>
      <line num="1927" count="0" type="stmt"/>
      <line num="1933" count="0" type="stmt"/>
      <line num="1934" count="0" type="cond" truecount="0" falsecount="2"/>
      <line num="1935" count="0" type="stmt"/>
      <line num="1936" count="0" type="stmt"/>
      <line num="1942" count="0" type="cond" truecount="0" falsecount="4"/>
      <line num="1943" count="0" type="stmt"/>
      <line num="1949" count="0" type="stmt"/>
      <line num="1958" count="1" type="stmt"/>
      <line num="1962" count="0" type="stmt"/>
      <line num="1963" count="0" type="stmt"/>
      <line num="1965" count="0" type="stmt"/>
      <line num="1971" count="0" type="cond" truecount="0" falsecount="2"/>
      <line num="1972" count="0" type="cond" truecount="0" falsecount="2"/>
      <line num="1973" count="0" type="stmt"/>
      <line num="1974" count="0" type="stmt"/>
      <line num="1980" count="0" type="cond" truecount="0" falsecount="4"/>
      <line num="1981" count="0" type="stmt"/>
      <line num="1987" count="0" type="stmt"/>
      <line num="1995" count="1" type="stmt"/>
      <line num="1999" count="0" type="stmt"/>
      <line num="2001" count="0" type="stmt"/>
      <line num="2006" count="0" type="stmt"/>
      <line num="2011" count="0" type="stmt"/>
      <line num="2016" count="0" type="stmt"/>
      <line num="2021" count="0" type="stmt"/>
      <line num="2022" count="0" type="cond" truecount="0" falsecount="2"/>
      <line num="2023" count="0" type="stmt"/>
      <line num="2024" count="0" type="stmt"/>
      <line num="2030" count="0" type="stmt"/>
      <line num="2031" count="0" type="cond" truecount="0" falsecount="2"/>
      <line num="2032" count="0" type="stmt"/>
      <line num="2033" count="0" type="stmt"/>
      <line num="2039" count="0" type="stmt"/>
      <line num="2040" count="0" type="cond" truecount="0" falsecount="2"/>
      <line num="2041" count="0" type="stmt"/>
      <line num="2042" count="0" type="stmt"/>
      <line num="2048" count="0" type="stmt"/>
      <line num="2049" count="0" type="cond" truecount="0" falsecount="2"/>
      <line num="2050" count="0" type="stmt"/>
      <line num="2051" count="0" type="stmt"/>
      <line num="2057" count="0" type="cond" truecount="0" falsecount="4"/>
      <line num="2058" count="0" type="stmt"/>
      <line num="2064" count="0" type="stmt"/>
      <line num="2075" count="1" type="stmt"/>
      <line num="2079" count="0" type="stmt"/>
      <line num="2080" count="0" type="stmt"/>
      <line num="2082" count="0" type="cond" truecount="0" falsecount="6"/>
      <line num="2083" count="0" type="stmt"/>
      <line num="2089" count="0" type="stmt"/>
      <line num="2090" count="0" type="stmt"/>
      <line num="2092" count="0" type="cond" truecount="0" falsecount="2"/>
      <line num="2093" count="0" type="stmt"/>
      <line num="2099" count="0" type="stmt"/>
      <line num="2103" count="0" type="cond" truecount="0" falsecount="2"/>
      <line num="2104" count="0" type="stmt"/>
      <line num="2105" count="0" type="stmt"/>
      <line num="2111" count="0" type="cond" truecount="0" falsecount="4"/>
      <line num="2112" count="0" type="stmt"/>
      <line num="2118" count="0" type="stmt"/>
      <line num="2120" count="0" type="stmt"/>
      <line num="2124" count="0" type="cond" truecount="0" falsecount="2"/>
      <line num="2125" count="0" type="stmt"/>
      <line num="2126" count="0" type="stmt"/>
      <line num="2132" count="0" type="stmt"/>
      <line num="2139" count="0" type="cond" truecount="0" falsecount="2"/>
      <line num="2140" count="0" type="stmt"/>
      <line num="2141" count="0" type="stmt"/>
      <line num="2147" count="0" type="stmt"/>
      <line num="2158" count="0" type="stmt"/>
      <line num="2159" count="0" type="stmt"/>
      <line num="2170" count="1" type="stmt"/>
      <line num="2174" count="0" type="stmt"/>
      <line num="2181" count="0" type="stmt"/>
      <line num="2182" count="0" type="cond" truecount="0" falsecount="2"/>
      <line num="2183" count="0" type="stmt"/>
      <line num="2184" count="0" type="stmt"/>
      <line num="2190" count="0" type="cond" truecount="0" falsecount="4"/>
      <line num="2191" count="0" type="stmt"/>
      <line num="2197" count="0" type="stmt"/>
      <line num="2198" count="0" type="stmt"/>
      <line num="2200" count="0" type="stmt"/>
      <line num="2206" count="0" type="stmt"/>
      <line num="2213" count="0" type="stmt"/>
      <line num="2220" count="0" type="stmt"/>
      <line num="2221" count="0" type="cond" truecount="0" falsecount="2"/>
      <line num="2222" count="0" type="stmt"/>
      <line num="2223" count="0" type="stmt"/>
      <line num="2229" count="0" type="stmt"/>
      <line num="2230" count="0" type="cond" truecount="0" falsecount="2"/>
      <line num="2231" count="0" type="stmt"/>
      <line num="2232" count="0" type="stmt"/>
      <line num="2238" count="0" type="stmt"/>
      <line num="2239" count="0" type="cond" truecount="0" falsecount="2"/>
      <line num="2240" count="0" type="stmt"/>
      <line num="2241" count="0" type="stmt"/>
      <line num="2247" count="0" type="stmt"/>
      <line num="2264" count="1" type="stmt"/>
      <line num="2268" count="0" type="stmt"/>
      <line num="2275" count="0" type="stmt"/>
      <line num="2276" count="0" type="cond" truecount="0" falsecount="2"/>
      <line num="2277" count="0" type="stmt"/>
      <line num="2278" count="0" type="stmt"/>
      <line num="2284" count="0" type="cond" truecount="0" falsecount="4"/>
      <line num="2285" count="0" type="stmt"/>
      <line num="2291" count="0" type="stmt"/>
      <line num="2293" count="0" type="stmt"/>
      <line num="2321" count="0" type="stmt"/>
      <line num="2322" count="0" type="cond" truecount="0" falsecount="2"/>
      <line num="2323" count="0" type="stmt"/>
      <line num="2324" count="0" type="stmt"/>
      <line num="2330" count="0" type="stmt"/>
      <line num="2332" count="0" type="cond" truecount="0" falsecount="2"/>
      <line num="2345" count="1" type="stmt"/>
      <line num="2349" count="0" type="stmt"/>
      <line num="2356" count="0" type="stmt"/>
      <line num="2357" count="0" type="cond" truecount="0" falsecount="2"/>
      <line num="2358" count="0" type="stmt"/>
      <line num="2359" count="0" type="stmt"/>
      <line num="2365" count="0" type="cond" truecount="0" falsecount="4"/>
      <line num="2366" count="0" type="stmt"/>
      <line num="2372" count="0" type="stmt"/>
      <line num="2374" count="0" type="stmt"/>
      <line num="2396" count="0" type="stmt"/>
      <line num="2397" count="0" type="cond" truecount="0" falsecount="2"/>
      <line num="2398" count="0" type="stmt"/>
      <line num="2399" count="0" type="stmt"/>
      <line num="2405" count="0" type="stmt"/>
      <line num="2407" count="0" type="cond" truecount="0" falsecount="2"/>
      <line num="2420" count="1" type="stmt"/>
      <line num="2424" count="0" type="stmt"/>
      <line num="2438" count="0" type="stmt"/>
      <line num="2439" count="0" type="cond" truecount="0" falsecount="2"/>
      <line num="2440" count="0" type="stmt"/>
      <line num="2441" count="0" type="stmt"/>
      <line num="2447" count="0" type="stmt"/>
      <line num="2455" count="1" type="stmt"/>
      <line num="2459" count="0" type="stmt"/>
      <line num="2461" count="0" type="cond" truecount="0" falsecount="4"/>
      <line num="2462" count="0" type="stmt"/>
      <line num="2468" count="0" type="stmt"/>
      <line num="2475" count="0" type="stmt"/>
      <line num="2476" count="0" type="cond" truecount="0" falsecount="2"/>
      <line num="2477" count="0" type="stmt"/>
      <line num="2478" count="0" type="stmt"/>
      <line num="2484" count="0" type="cond" truecount="0" falsecount="4"/>
      <line num="2485" count="0" type="stmt"/>
      <line num="2491" count="0" type="stmt"/>
      <line num="2493" count="0" type="stmt"/>
      <line num="2502" count="0" type="stmt"/>
      <line num="2503" count="0" type="cond" truecount="0" falsecount="2"/>
      <line num="2504" count="0" type="stmt"/>
      <line num="2505" count="0" type="stmt"/>
      <line num="2511" count="0" type="cond" truecount="0" falsecount="4"/>
      <line num="2512" count="0" type="stmt"/>
      <line num="2518" count="0" type="stmt"/>
      <line num="2525" count="0" type="stmt"/>
      <line num="2526" count="0" type="cond" truecount="0" falsecount="2"/>
      <line num="2527" count="0" type="stmt"/>
      <line num="2528" count="0" type="stmt"/>
      <line num="2534" count="0" type="cond" truecount="0" falsecount="4"/>
      <line num="2535" count="0" type="stmt"/>
      <line num="2541" count="0" type="stmt"/>
      <line num="2552" count="0" type="stmt"/>
      <line num="2556" count="0" type="cond" truecount="0" falsecount="2"/>
      <line num="2557" count="0" type="stmt"/>
      <line num="2559" count="0" type="cond" truecount="0" falsecount="2"/>
      <line num="2560" count="0" type="stmt"/>
      <line num="2566" count="0" type="stmt"/>
      <line num="2572" count="0" type="stmt"/>
      <line num="2588" count="1" type="stmt"/>
      <line num="2589" count="0" type="stmt"/>
      <line num="2593" count="1" type="stmt"/>
      <line num="2594" count="0" type="cond" truecount="0" falsecount="2"/>
      <line num="2596" count="0" type="cond" truecount="0" falsecount="2"/>
      <line num="2597" count="0" type="stmt"/>
      <line num="2600" count="0" type="cond" truecount="0" falsecount="2"/>
      <line num="2601" count="0" type="stmt"/>
      <line num="2608" count="0" type="stmt"/>
      <line num="2609" count="0" type="stmt"/>
      <line num="2614" count="0" type="cond" truecount="0" falsecount="2"/>
      <line num="2615" count="0" type="stmt"/>
      <line num="2617" count="0" type="stmt"/>
      <line num="2620" count="0" type="stmt"/>
      <line num="2624" count="0" type="stmt"/>
      <line num="2625" count="0" type="stmt"/>
      <line num="2627" count="0" type="stmt"/>
      <line num="2629" count="0" type="cond" truecount="0" falsecount="2"/>
      <line num="2630" count="0" type="cond" truecount="0" falsecount="2"/>
      <line num="2642" count="0" type="cond" truecount="0" falsecount="2"/>
      <line num="2653" count="0" type="stmt"/>
      <line num="2655" count="0" type="stmt"/>
      <line num="2656" count="0" type="stmt"/>
      <line num="2667" count="1" type="stmt"/>
      <line num="2668" count="1" type="stmt"/>
      <line num="2670" count="1" type="stmt"/>
      <line num="2671" count="1" type="stmt"/>
      <line num="2672" count="1" type="stmt"/>
      <line num="2674" count="1" type="cond" truecount="1" falsecount="1"/>
      <line num="2675" count="0" type="stmt"/>
      <line num="2682" count="1" type="stmt"/>
      <line num="2688" count="1" type="stmt"/>
      <line num="2690" count="1" type="stmt"/>
      <line num="2691" count="0" type="stmt"/>
      <line num="2694" count="1" type="cond" truecount="1" falsecount="1"/>
      <line num="2695" count="0" type="stmt"/>
      <line num="2696" count="0" type="stmt"/>
      <line num="2700" count="1" type="stmt"/>
    </file>
  </project>
</coverage>
