{"C:\\Users\\hassi\\OneDrive\\Documents\\GitHub\\project-mw-continued-education-portal\\server\\dbms.js": {"path":"C:\\Users\\hassi\\OneDrive\\Documents\\GitHub\\project-mw-continued-education-portal\\server\\dbms.js","statementMap":{"0":{"start":{"line":8,"column":0},"end":{"line":8,"column":26}},"1":{"start":{"line":11,"column":12},"end":{"line":11,"column":29}},"2":{"start":{"line":12,"column":12},"end":{"line":12,"column":28}},"3":{"start":{"line":14,"column":11},"end":{"line":14,"column":38}},"4":{"start":{"line":16,"column":15},"end":{"line":16,"column":29}},"5":{"start":{"line":17,"column":11},"end":{"line":17,"column":25}},"6":{"start":{"line":18,"column":15},"end":{"line":18,"column":33}},"7":{"start":{"line":31,"column":0},"end":{"line":87,"column":1}},"8":{"start":{"line":34,"column":18},"end":{"line":34,"column":22}},"9":{"start":{"line":36,"column":4},"end":{"line":85,"column":7}},"10":{"start":{"line":40,"column":12},"end":{"line":40,"column":53}},"11":{"start":{"line":41,"column":12},"end":{"line":46,"column":15}},"12":{"start":{"line":48,"column":12},"end":{"line":48,"column":39}},"13":{"start":{"line":53,"column":12},"end":{"line":53,"column":48}},"14":{"start":{"line":54,"column":12},"end":{"line":58,"column":8}},"15":{"start":{"line":55,"column":5},"end":{"line":55,"column":37}},"16":{"start":{"line":55,"column":15},"end":{"line":55,"column":36}},"17":{"start":{"line":56,"column":5},"end":{"line":56,"column":81}},"18":{"start":{"line":56,"column":46},"end":{"line":56,"column":80}},"19":{"start":{"line":57,"column":5},"end":{"line":57,"column":41}},"20":{"start":{"line":59,"column":5},"end":{"line":59,"column":27}},"21":{"start":{"line":63,"column":12},"end":{"line":63,"column":46}},"22":{"start":{"line":64,"column":12},"end":{"line":64,"column":27}},"23":{"start":{"line":65,"column":12},"end":{"line":65,"column":35}},"24":{"start":{"line":66,"column":5},"end":{"line":66,"column":27}},"25":{"start":{"line":67,"column":12},"end":{"line":67,"column":27}},"26":{"start":{"line":73,"column":8},"end":{"line":80,"column":9}},"27":{"start":{"line":74,"column":12},"end":{"line":74,"column":55}},"28":{"start":{"line":75,"column":12},"end":{"line":75,"column":29}},"29":{"start":{"line":76,"column":12},"end":{"line":76,"column":32}},"30":{"start":{"line":78,"column":12},"end":{"line":78,"column":53}},"31":{"start":{"line":79,"column":12},"end":{"line":79,"column":37}},"32":{"start":{"line":83,"column":8},"end":{"line":83,"column":23}}},"fnMap":{"0":{"name":"(anonymous_0)","decl":{"start":{"line":31,"column":18},"end":{"line":31,"column":19}},"loc":{"start":{"line":31,"column":48},"end":{"line":87,"column":1}},"line":31},"1":{"name":"(anonymous_1)","decl":{"start":{"line":39,"column":8},"end":{"line":39,"column":9}},"loc":{"start":{"line":39,"column":28},"end":{"line":49,"column":9}},"line":39},"2":{"name":"(anonymous_2)","decl":{"start":{"line":52,"column":8},"end":{"line":52,"column":9}},"loc":{"start":{"line":52,"column":37},"end":{"line":60,"column":9}},"line":52},"3":{"name":"(anonymous_3)","decl":{"start":{"line":54,"column":38},"end":{"line":54,"column":39}},"loc":{"start":{"line":54,"column":66},"end":{"line":58,"column":6}},"line":54},"4":{"name":"(anonymous_4)","decl":{"start":{"line":62,"column":8},"end":{"line":62,"column":9}},"loc":{"start":{"line":62,"column":42},"end":{"line":68,"column":9}},"line":62},"5":{"name":"(anonymous_5)","decl":{"start":{"line":72,"column":4},"end":{"line":72,"column":5}},"loc":{"start":{"line":72,"column":24},"end":{"line":85,"column":5}},"line":72}},"branchMap":{"0":{"loc":{"start":{"line":55,"column":5},"end":{"line":55,"column":37}},"type":"if","locations":[{"start":{"line":55,"column":5},"end":{"line":55,"column":37}},{"start":{},"end":{}}],"line":55},"1":{"loc":{"start":{"line":56,"column":5},"end":{"line":56,"column":81}},"type":"if","locations":[{"start":{"line":56,"column":5},"end":{"line":56,"column":81}},{"start":{},"end":{}}],"line":56},"2":{"loc":{"start":{"line":56,"column":9},"end":{"line":56,"column":43}},"type":"binary-expr","locations":[{"start":{"line":56,"column":9},"end":{"line":56,"column":13}},{"start":{"line":56,"column":17},"end":{"line":56,"column":43}}],"line":56},"3":{"loc":{"start":{"line":73,"column":8},"end":{"line":80,"column":9}},"type":"if","locations":[{"start":{"line":73,"column":8},"end":{"line":80,"column":9}},{"start":{"line":77,"column":15},"end":{"line":80,"column":9}}],"line":73}},"s":{"0":1,"1":1,"2":1,"3":1,"4":1,"5":1,"6":1,"7":1,"8":1,"9":1,"10":1,"11":1,"12":1,"13":1,"14":1,"15":1,"16":1,"17":0,"18":0,"19":0,"20":1,"21":0,"22":0,"23":0,"24":0,"25":0,"26":1,"27":1,"28":1,"29":1,"30":0,"31":0,"32":1},"f":{"0":1,"1":1,"2":1,"3":1,"4":0,"5":1},"b":{"0":[1,0],"1":[0,0],"2":[0,0],"3":[1,0]},"_coverageSchema":"1a1c01bbd47fc00a2c39e90264f33305004495a9","hash":"f1e0b81a88de1ac0495ba33bfe5ddeded69dc7b8"}
,"C:\\Users\\hassi\\OneDrive\\Documents\\GitHub\\project-mw-continued-education-portal\\server\\server.js": {"path":"C:\\Users\\hassi\\OneDrive\\Documents\\GitHub\\project-mw-continued-education-portal\\server\\server.js","statementMap":{"0":{"start":{"line":1,"column":0},"end":{"line":1,"column":27}},"1":{"start":{"line":2,"column":16},"end":{"line":2,"column":34}},"2":{"start":{"line":3,"column":13},"end":{"line":3,"column":28}},"3":{"start":{"line":4,"column":13},"end":{"line":4,"column":28}},"4":{"start":{"line":5,"column":13},"end":{"line":5,"column":33}},"5":{"start":{"line":6,"column":15},"end":{"line":6,"column":34}},"6":{"start":{"line":7,"column":15},"end":{"line":7,"column":32}},"7":{"start":{"line":8,"column":11},"end":{"line":8,"column":24}},"8":{"start":{"line":10,"column":12},"end":{"line":10,"column":21}},"9":{"start":{"line":11,"column":13},"end":{"line":11,"column":37}},"10":{"start":{"line":13,"column":0},"end":{"line":13,"column":16}},"11":{"start":{"line":14,"column":0},"end":{"line":14,"column":48}},"12":{"start":{"line":15,"column":0},"end":{"line":15,"column":24}},"13":{"start":{"line":16,"column":0},"end":{"line":16,"column":69}},"14":{"start":{"line":18,"column":19},"end":{"line":18,"column":50}},"15":{"start":{"line":20,"column":0},"end":{"line":22,"column":1}},"16":{"start":{"line":21,"column":2},"end":{"line":21,"column":48}},"17":{"start":{"line":24,"column":16},"end":{"line":33,"column":2}},"18":{"start":{"line":26,"column":4},"end":{"line":26,"column":25}},"19":{"start":{"line":29,"column":25},"end":{"line":29,"column":75}},"20":{"start":{"line":30,"column":21},"end":{"line":30,"column":59}},"21":{"start":{"line":31,"column":4},"end":{"line":31,"column":44}},"22":{"start":{"line":35,"column":15},"end":{"line":35,"column":34}},"23":{"start":{"line":38,"column":0},"end":{"line":40,"column":3}},"24":{"start":{"line":39,"column":2},"end":{"line":39,"column":42}},"25":{"start":{"line":42,"column":0},"end":{"line":67,"column":3}},"26":{"start":{"line":43,"column":30},"end":{"line":43,"column":38}},"27":{"start":{"line":45,"column":16},"end":{"line":45,"column":61}},"28":{"start":{"line":47,"column":2},"end":{"line":66,"column":5}},"29":{"start":{"line":48,"column":4},"end":{"line":51,"column":5}},"30":{"start":{"line":49,"column":6},"end":{"line":49,"column":25}},"31":{"start":{"line":50,"column":6},"end":{"line":50,"column":54}},"32":{"start":{"line":53,"column":4},"end":{"line":55,"column":5}},"33":{"start":{"line":54,"column":6},"end":{"line":54,"column":42}},"34":{"start":{"line":57,"column":17},"end":{"line":57,"column":28}},"35":{"start":{"line":59,"column":20},"end":{"line":59,"column":65}},"36":{"start":{"line":61,"column":4},"end":{"line":65,"column":5}},"37":{"start":{"line":62,"column":6},"end":{"line":62,"column":41}},"38":{"start":{"line":64,"column":6},"end":{"line":64,"column":42}},"39":{"start":{"line":69,"column":0},"end":{"line":111,"column":3}},"40":{"start":{"line":70,"column":46},"end":{"line":70,"column":54}},"41":{"start":{"line":72,"column":16},"end":{"line":72,"column":61}},"42":{"start":{"line":74,"column":2},"end":{"line":110,"column":5}},"43":{"start":{"line":75,"column":4},"end":{"line":78,"column":5}},"44":{"start":{"line":76,"column":6},"end":{"line":76,"column":25}},"45":{"start":{"line":77,"column":6},"end":{"line":77,"column":54}},"46":{"start":{"line":80,"column":4},"end":{"line":82,"column":5}},"47":{"start":{"line":81,"column":6},"end":{"line":81,"column":69}},"48":{"start":{"line":84,"column":17},"end":{"line":84,"column":28}},"49":{"start":{"line":86,"column":20},"end":{"line":86,"column":68}},"50":{"start":{"line":88,"column":4},"end":{"line":93,"column":5}},"51":{"start":{"line":89,"column":6},"end":{"line":92,"column":9}},"52":{"start":{"line":95,"column":30},"end":{"line":95,"column":64}},"53":{"start":{"line":97,"column":24},"end":{"line":97,"column":98}},"54":{"start":{"line":99,"column":4},"end":{"line":109,"column":7}},"55":{"start":{"line":100,"column":6},"end":{"line":103,"column":7}},"56":{"start":{"line":101,"column":8},"end":{"line":101,"column":28}},"57":{"start":{"line":102,"column":8},"end":{"line":102,"column":56}},"58":{"start":{"line":105,"column":6},"end":{"line":108,"column":9}},"59":{"start":{"line":115,"column":0},"end":{"line":135,"column":3}},"60":{"start":{"line":116,"column":30},"end":{"line":116,"column":38}},"61":{"start":{"line":118,"column":2},"end":{"line":134,"column":3}},"62":{"start":{"line":119,"column":27},"end":{"line":119,"column":58}},"63":{"start":{"line":121,"column":18},"end":{"line":121,"column":97}},"64":{"start":{"line":123,"column":4},"end":{"line":130,"column":7}},"65":{"start":{"line":124,"column":6},"end":{"line":127,"column":7}},"66":{"start":{"line":125,"column":8},"end":{"line":125,"column":27}},"67":{"start":{"line":126,"column":8},"end":{"line":126,"column":56}},"68":{"start":{"line":129,"column":6},"end":{"line":129,"column":41}},"69":{"start":{"line":132,"column":4},"end":{"line":132,"column":23}},"70":{"start":{"line":133,"column":4},"end":{"line":133,"column":52}},"71":{"start":{"line":137,"column":0},"end":{"line":149,"column":3}},"72":{"start":{"line":138,"column":20},"end":{"line":138,"column":28}},"73":{"start":{"line":140,"column":16},"end":{"line":140,"column":63}},"74":{"start":{"line":142,"column":2},"end":{"line":148,"column":5}},"75":{"start":{"line":143,"column":4},"end":{"line":145,"column":5}},"76":{"start":{"line":144,"column":6},"end":{"line":144,"column":38}},"77":{"start":{"line":147,"column":4},"end":{"line":147,"column":30}},"78":{"start":{"line":151,"column":0},"end":{"line":182,"column":3}},"79":{"start":{"line":160,"column":6},"end":{"line":160,"column":14}},"80":{"start":{"line":162,"column":16},"end":{"line":172,"column":3}},"81":{"start":{"line":174,"column":2},"end":{"line":181,"column":5}},"82":{"start":{"line":175,"column":4},"end":{"line":178,"column":5}},"83":{"start":{"line":176,"column":6},"end":{"line":176,"column":50}},"84":{"start":{"line":177,"column":6},"end":{"line":177,"column":54}},"85":{"start":{"line":180,"column":4},"end":{"line":180,"column":39}},"86":{"start":{"line":184,"column":0},"end":{"line":198,"column":3}},"87":{"start":{"line":185,"column":2},"end":{"line":190,"column":3}},"88":{"start":{"line":186,"column":4},"end":{"line":189,"column":7}},"89":{"start":{"line":192,"column":19},"end":{"line":192,"column":74}},"90":{"start":{"line":194,"column":2},"end":{"line":197,"column":5}},"91":{"start":{"line":202,"column":0},"end":{"line":204,"column":3}},"92":{"start":{"line":203,"column":2},"end":{"line":203,"column":29}},"93":{"start":{"line":208,"column":0},"end":{"line":225,"column":3}},"94":{"start":{"line":209,"column":16},"end":{"line":209,"column":34}},"95":{"start":{"line":211,"column":2},"end":{"line":224,"column":5}},"96":{"start":{"line":212,"column":4},"end":{"line":212,"column":37}},"97":{"start":{"line":213,"column":4},"end":{"line":213,"column":47}},"98":{"start":{"line":215,"column":4},"end":{"line":221,"column":5}},"99":{"start":{"line":216,"column":6},"end":{"line":220,"column":9}},"100":{"start":{"line":223,"column":4},"end":{"line":223,"column":49}},"101":{"start":{"line":229,"column":0},"end":{"line":229,"column":65}},"102":{"start":{"line":231,"column":0},"end":{"line":233,"column":3}},"103":{"start":{"line":232,"column":2},"end":{"line":232,"column":70}},"104":{"start":{"line":235,"column":0},"end":{"line":239,"column":1}},"105":{"start":{"line":236,"column":4},"end":{"line":238,"column":6}},"106":{"start":{"line":237,"column":8},"end":{"line":237,"column":66}},"107":{"start":{"line":241,"column":0},"end":{"line":241,"column":21}}},"fnMap":{"0":{"name":"(anonymous_0)","decl":{"start":{"line":25,"column":15},"end":{"line":25,"column":16}},"loc":{"start":{"line":25,"column":40},"end":{"line":27,"column":3}},"line":25},"1":{"name":"(anonymous_1)","decl":{"start":{"line":28,"column":12},"end":{"line":28,"column":13}},"loc":{"start":{"line":28,"column":37},"end":{"line":32,"column":3}},"line":28},"2":{"name":"(anonymous_2)","decl":{"start":{"line":38,"column":23},"end":{"line":38,"column":24}},"loc":{"start":{"line":38,"column":37},"end":{"line":40,"column":1}},"line":38},"3":{"name":"(anonymous_3)","decl":{"start":{"line":42,"column":28},"end":{"line":42,"column":29}},"loc":{"start":{"line":42,"column":42},"end":{"line":67,"column":1}},"line":42},"4":{"name":"(anonymous_4)","decl":{"start":{"line":47,"column":22},"end":{"line":47,"column":23}},"loc":{"start":{"line":47,"column":47},"end":{"line":66,"column":3}},"line":47},"5":{"name":"(anonymous_5)","decl":{"start":{"line":69,"column":41},"end":{"line":69,"column":42}},"loc":{"start":{"line":69,"column":55},"end":{"line":111,"column":1}},"line":69},"6":{"name":"(anonymous_6)","decl":{"start":{"line":74,"column":22},"end":{"line":74,"column":23}},"loc":{"start":{"line":74,"column":47},"end":{"line":110,"column":3}},"line":74},"7":{"name":"(anonymous_7)","decl":{"start":{"line":99,"column":30},"end":{"line":99,"column":31}},"loc":{"start":{"line":99,"column":40},"end":{"line":109,"column":5}},"line":99},"8":{"name":"(anonymous_8)","decl":{"start":{"line":115,"column":29},"end":{"line":115,"column":30}},"loc":{"start":{"line":115,"column":49},"end":{"line":135,"column":1}},"line":115},"9":{"name":"(anonymous_9)","decl":{"start":{"line":123,"column":24},"end":{"line":123,"column":25}},"loc":{"start":{"line":123,"column":33},"end":{"line":130,"column":5}},"line":123},"10":{"name":"(anonymous_10)","decl":{"start":{"line":137,"column":25},"end":{"line":137,"column":26}},"loc":{"start":{"line":137,"column":39},"end":{"line":149,"column":1}},"line":137},"11":{"name":"(anonymous_11)","decl":{"start":{"line":142,"column":22},"end":{"line":142,"column":23}},"loc":{"start":{"line":142,"column":41},"end":{"line":148,"column":3}},"line":142},"12":{"name":"(anonymous_12)","decl":{"start":{"line":151,"column":32},"end":{"line":151,"column":33}},"loc":{"start":{"line":151,"column":46},"end":{"line":182,"column":1}},"line":151},"13":{"name":"(anonymous_13)","decl":{"start":{"line":174,"column":22},"end":{"line":174,"column":23}},"loc":{"start":{"line":174,"column":41},"end":{"line":181,"column":3}},"line":174},"14":{"name":"(anonymous_14)","decl":{"start":{"line":184,"column":62},"end":{"line":184,"column":63}},"loc":{"start":{"line":184,"column":76},"end":{"line":198,"column":1}},"line":184},"15":{"name":"(anonymous_15)","decl":{"start":{"line":202,"column":24},"end":{"line":202,"column":25}},"loc":{"start":{"line":202,"column":38},"end":{"line":204,"column":1}},"line":202},"16":{"name":"(anonymous_16)","decl":{"start":{"line":208,"column":24},"end":{"line":208,"column":25}},"loc":{"start":{"line":208,"column":38},"end":{"line":225,"column":1}},"line":208},"17":{"name":"(anonymous_17)","decl":{"start":{"line":211,"column":22},"end":{"line":211,"column":23}},"loc":{"start":{"line":211,"column":41},"end":{"line":224,"column":3}},"line":211},"18":{"name":"(anonymous_18)","decl":{"start":{"line":231,"column":14},"end":{"line":231,"column":15}},"loc":{"start":{"line":231,"column":28},"end":{"line":233,"column":1}},"line":231},"19":{"name":"(anonymous_19)","decl":{"start":{"line":236,"column":21},"end":{"line":236,"column":22}},"loc":{"start":{"line":236,"column":27},"end":{"line":238,"column":4}},"line":236}},"branchMap":{"0":{"loc":{"start":{"line":11,"column":13},"end":{"line":11,"column":37}},"type":"binary-expr","locations":[{"start":{"line":11,"column":13},"end":{"line":11,"column":29}},{"start":{"line":11,"column":33},"end":{"line":11,"column":37}}],"line":11},"1":{"loc":{"start":{"line":20,"column":0},"end":{"line":22,"column":1}},"type":"if","locations":[{"start":{"line":20,"column":0},"end":{"line":22,"column":1}},{"start":{},"end":{}}],"line":20},"2":{"loc":{"start":{"line":48,"column":4},"end":{"line":51,"column":5}},"type":"if","locations":[{"start":{"line":48,"column":4},"end":{"line":51,"column":5}},{"start":{},"end":{}}],"line":48},"3":{"loc":{"start":{"line":53,"column":4},"end":{"line":55,"column":5}},"type":"if","locations":[{"start":{"line":53,"column":4},"end":{"line":55,"column":5}},{"start":{},"end":{}}],"line":53},"4":{"loc":{"start":{"line":53,"column":8},"end":{"line":53,"column":42}},"type":"binary-expr","locations":[{"start":{"line":53,"column":8},"end":{"line":53,"column":17}},{"start":{"line":53,"column":21},"end":{"line":53,"column":42}}],"line":53},"5":{"loc":{"start":{"line":61,"column":4},"end":{"line":65,"column":5}},"type":"if","locations":[{"start":{"line":61,"column":4},"end":{"line":65,"column":5}},{"start":{"line":63,"column":11},"end":{"line":65,"column":5}}],"line":61},"6":{"loc":{"start":{"line":75,"column":4},"end":{"line":78,"column":5}},"type":"if","locations":[{"start":{"line":75,"column":4},"end":{"line":78,"column":5}},{"start":{},"end":{}}],"line":75},"7":{"loc":{"start":{"line":80,"column":4},"end":{"line":82,"column":5}},"type":"if","locations":[{"start":{"line":80,"column":4},"end":{"line":82,"column":5}},{"start":{},"end":{}}],"line":80},"8":{"loc":{"start":{"line":80,"column":8},"end":{"line":80,"column":42}},"type":"binary-expr","locations":[{"start":{"line":80,"column":8},"end":{"line":80,"column":17}},{"start":{"line":80,"column":21},"end":{"line":80,"column":42}}],"line":80},"9":{"loc":{"start":{"line":88,"column":4},"end":{"line":93,"column":5}},"type":"if","locations":[{"start":{"line":88,"column":4},"end":{"line":93,"column":5}},{"start":{},"end":{}}],"line":88},"10":{"loc":{"start":{"line":100,"column":6},"end":{"line":103,"column":7}},"type":"if","locations":[{"start":{"line":100,"column":6},"end":{"line":103,"column":7}},{"start":{},"end":{}}],"line":100},"11":{"loc":{"start":{"line":124,"column":6},"end":{"line":127,"column":7}},"type":"if","locations":[{"start":{"line":124,"column":6},"end":{"line":127,"column":7}},{"start":{},"end":{}}],"line":124},"12":{"loc":{"start":{"line":143,"column":4},"end":{"line":145,"column":5}},"type":"if","locations":[{"start":{"line":143,"column":4},"end":{"line":145,"column":5}},{"start":{},"end":{}}],"line":143},"13":{"loc":{"start":{"line":175,"column":4},"end":{"line":178,"column":5}},"type":"if","locations":[{"start":{"line":175,"column":4},"end":{"line":178,"column":5}},{"start":{},"end":{}}],"line":175},"14":{"loc":{"start":{"line":185,"column":2},"end":{"line":190,"column":3}},"type":"if","locations":[{"start":{"line":185,"column":2},"end":{"line":190,"column":3}},{"start":{},"end":{}}],"line":185},"15":{"loc":{"start":{"line":215,"column":4},"end":{"line":221,"column":5}},"type":"if","locations":[{"start":{"line":215,"column":4},"end":{"line":221,"column":5}},{"start":{},"end":{}}],"line":215},"16":{"loc":{"start":{"line":235,"column":0},"end":{"line":239,"column":1}},"type":"if","locations":[{"start":{"line":235,"column":0},"end":{"line":239,"column":1}},{"start":{},"end":{}}],"line":235}},"s":{"0":1,"1":1,"2":1,"3":1,"4":1,"5":1,"6":1,"7":1,"8":1,"9":1,"10":1,"11":1,"12":1,"13":1,"14":1,"15":1,"16":0,"17":1,"18":1,"19":1,"20":1,"21":1,"22":1,"23":1,"24":1,"25":1,"26":1,"27":1,"28":1,"29":1,"30":0,"31":0,"32":1,"33":0,"34":1,"35":1,"36":1,"37":1,"38":0,"39":1,"40":1,"41":1,"42":1,"43":1,"44":0,"45":0,"46":1,"47":0,"48":1,"49":1,"50":1,"51":0,"52":1,"53":1,"54":1,"55":1,"56":0,"57":0,"58":1,"59":1,"60":0,"61":0,"62":0,"63":0,"64":0,"65":0,"66":0,"67":0,"68":0,"69":0,"70":0,"71":1,"72":1,"73":1,"74":1,"75":1,"76":0,"77":1,"78":1,"79":1,"80":1,"81":1,"82":1,"83":0,"84":0,"85":1,"86":1,"87":1,"88":0,"89":1,"90":1,"91":1,"92":0,"93":1,"94":1,"95":1,"96":1,"97":1,"98":1,"99":0,"100":1,"101":1,"102":1,"103":0,"104":1,"105":0,"106":0,"107":1},"f":{"0":1,"1":1,"2":1,"3":1,"4":1,"5":1,"6":1,"7":1,"8":0,"9":0,"10":1,"11":1,"12":1,"13":1,"14":1,"15":0,"16":1,"17":1,"18":0,"19":0},"b":{"0":[1,1],"1":[0,1],"2":[0,1],"3":[0,1],"4":[1,1],"5":[1,0],"6":[0,1],"7":[0,1],"8":[1,1],"9":[0,1],"10":[0,1],"11":[0,0],"12":[0,1],"13":[0,1],"14":[0,1],"15":[0,1],"16":[0,1]},"_coverageSchema":"1a1c01bbd47fc00a2c39e90264f33305004495a9","hash":"80b9cc986f1aa2174f03d3dcbdc77c367f13ea22"}
}
