{"C:\\Users\\hassi\\OneDrive\\Documents\\GitHub\\project-mw-continued-education-portal\\client\\server\\dbms.js": {"path":"C:\\Users\\hassi\\OneDrive\\Documents\\GitHub\\project-mw-continued-education-portal\\client\\server\\dbms.js","statementMap":{"0":{"start":{"line":6,"column":14},"end":{"line":6,"column":31}},"1":{"start":{"line":8,"column":13},"end":{"line":16,"column":2}},"2":{"start":{"line":18,"column":0},"end":{"line":18,"column":26}},"3":{"start":{"line":20,"column":0},"end":{"line":34,"column":2}},"4":{"start":{"line":21,"column":2},"end":{"line":24,"column":3}},"5":{"start":{"line":22,"column":4},"end":{"line":22,"column":22}},"6":{"start":{"line":23,"column":4},"end":{"line":23,"column":16}},"7":{"start":{"line":26,"column":2},"end":{"line":33,"column":5}},"8":{"start":{"line":27,"column":4},"end":{"line":30,"column":5}},"9":{"start":{"line":28,"column":6},"end":{"line":28,"column":51}},"10":{"start":{"line":29,"column":6},"end":{"line":29,"column":33}},"11":{"start":{"line":32,"column":4},"end":{"line":32,"column":32}}},"fnMap":{"0":{"name":"(anonymous_0)","decl":{"start":{"line":20,"column":18},"end":{"line":20,"column":19}},"loc":{"start":{"line":20,"column":56},"end":{"line":34,"column":1}},"line":20},"1":{"name":"(anonymous_1)","decl":{"start":{"line":26,"column":31},"end":{"line":26,"column":32}},"loc":{"start":{"line":26,"column":46},"end":{"line":33,"column":3}},"line":26}},"branchMap":{"0":{"loc":{"start":{"line":21,"column":2},"end":{"line":24,"column":3}},"type":"if","locations":[{"start":{"line":21,"column":2},"end":{"line":24,"column":3}},{"start":{},"end":{}}],"line":21},"1":{"loc":{"start":{"line":27,"column":4},"end":{"line":30,"column":5}},"type":"if","locations":[{"start":{"line":27,"column":4},"end":{"line":30,"column":5}},{"start":{},"end":{}}],"line":27}},"s":{"0":3,"1":3,"2":3,"3":3,"4":3,"5":1,"6":1,"7":3,"8":3,"9":1,"10":1,"11":2},"f":{"0":3,"1":3},"b":{"0":[1,2],"1":[1,2]},"_coverageSchema":"1a1c01bbd47fc00a2c39e90264f33305004495a9","hash":"195b69eff4049b2f16b454c64b80df16e7f6acd8"}
,"C:\\Users\\hassi\\OneDrive\\Documents\\GitHub\\project-mw-continued-education-portal\\client\\server\\server.js": {"path":"C:\\Users\\hassi\\OneDrive\\Documents\\GitHub\\project-mw-continued-education-portal\\client\\server\\server.js","statementMap":{"0":{"start":{"line":1,"column":13},"end":{"line":1,"column":28}},"1":{"start":{"line":2,"column":0},"end":{"line":2,"column":27}},"2":{"start":{"line":3,"column":16},"end":{"line":3,"column":34}},"3":{"start":{"line":4,"column":13},"end":{"line":4,"column":28}},"4":{"start":{"line":5,"column":13},"end":{"line":5,"column":33}},"5":{"start":{"line":6,"column":15},"end":{"line":6,"column":34}},"6":{"start":{"line":7,"column":12},"end":{"line":7,"column":35}},"7":{"start":{"line":8,"column":15},"end":{"line":8,"column":32}},"8":{"start":{"line":9,"column":11},"end":{"line":9,"column":24}},"9":{"start":{"line":12,"column":12},"end":{"line":12,"column":21}},"10":{"start":{"line":13,"column":13},"end":{"line":13,"column":37}},"11":{"start":{"line":16,"column":19},"end":{"line":16,"column":41}},"12":{"start":{"line":17,"column":21},"end":{"line":17,"column":64}},"13":{"start":{"line":20,"column":0},"end":{"line":22,"column":1}},"14":{"start":{"line":21,"column":4},"end":{"line":21,"column":68}},"15":{"start":{"line":25,"column":2},"end":{"line":33,"column":4}},"16":{"start":{"line":37,"column":21},"end":{"line":37,"column":46}},"17":{"start":{"line":39,"column":2},"end":{"line":44,"column":3}},"18":{"start":{"line":40,"column":4},"end":{"line":43,"column":7}},"19":{"start":{"line":46,"column":16},"end":{"line":46,"column":40}},"20":{"start":{"line":48,"column":2},"end":{"line":57,"column":3}},"21":{"start":{"line":49,"column":20},"end":{"line":49,"column":49}},"22":{"start":{"line":50,"column":4},"end":{"line":50,"column":23}},"23":{"start":{"line":51,"column":4},"end":{"line":51,"column":11}},"24":{"start":{"line":53,"column":4},"end":{"line":56,"column":7}},"25":{"start":{"line":61,"column":2},"end":{"line":81,"column":4}},"26":{"start":{"line":62,"column":4},"end":{"line":67,"column":5}},"27":{"start":{"line":63,"column":6},"end":{"line":66,"column":9}},"28":{"start":{"line":69,"column":4},"end":{"line":71,"column":5}},"29":{"start":{"line":70,"column":6},"end":{"line":70,"column":20}},"30":{"start":{"line":73,"column":4},"end":{"line":78,"column":5}},"31":{"start":{"line":74,"column":6},"end":{"line":77,"column":9}},"32":{"start":{"line":80,"column":4},"end":{"line":80,"column":11}},"33":{"start":{"line":85,"column":2},"end":{"line":95,"column":3}},"34":{"start":{"line":86,"column":16},"end":{"line":86,"column":45}},"35":{"start":{"line":88,"column":4},"end":{"line":90,"column":5}},"36":{"start":{"line":89,"column":6},"end":{"line":89,"column":18}},"37":{"start":{"line":92,"column":4},"end":{"line":92,"column":26}},"38":{"start":{"line":94,"column":4},"end":{"line":94,"column":16}},"39":{"start":{"line":99,"column":2},"end":{"line":138,"column":3}},"40":{"start":{"line":100,"column":16},"end":{"line":100,"column":36}},"41":{"start":{"line":101,"column":17},"end":{"line":101,"column":51}},"42":{"start":{"line":104,"column":4},"end":{"line":117,"column":5}},"43":{"start":{"line":105,"column":20},"end":{"line":105,"column":22}},"44":{"start":{"line":107,"column":6},"end":{"line":112,"column":7}},"45":{"start":{"line":108,"column":8},"end":{"line":108,"column":48}},"46":{"start":{"line":111,"column":8},"end":{"line":111,"column":50}},"47":{"start":{"line":114,"column":6},"end":{"line":116,"column":7}},"48":{"start":{"line":115,"column":8},"end":{"line":115,"column":58}},"49":{"start":{"line":120,"column":4},"end":{"line":125,"column":5}},"50":{"start":{"line":121,"column":20},"end":{"line":121,"column":60}},"51":{"start":{"line":122,"column":6},"end":{"line":124,"column":7}},"52":{"start":{"line":123,"column":8},"end":{"line":123,"column":69}},"53":{"start":{"line":128,"column":4},"end":{"line":133,"column":5}},"54":{"start":{"line":129,"column":22},"end":{"line":129,"column":51}},"55":{"start":{"line":130,"column":6},"end":{"line":132,"column":7}},"56":{"start":{"line":131,"column":8},"end":{"line":131,"column":59}},"57":{"start":{"line":135,"column":4},"end":{"line":135,"column":16}},"58":{"start":{"line":137,"column":4},"end":{"line":137,"column":16}},"59":{"start":{"line":142,"column":16},"end":{"line":148,"column":3}},"60":{"start":{"line":150,"column":2},"end":{"line":171,"column":5}},"61":{"start":{"line":151,"column":4},"end":{"line":153,"column":5}},"62":{"start":{"line":152,"column":6},"end":{"line":152,"column":27}},"63":{"start":{"line":155,"column":20},"end":{"line":155,"column":54}},"64":{"start":{"line":156,"column":20},"end":{"line":156,"column":54}},"65":{"start":{"line":158,"column":24},"end":{"line":162,"column":5}},"66":{"start":{"line":164,"column":4},"end":{"line":170,"column":7}},"67":{"start":{"line":165,"column":6},"end":{"line":167,"column":7}},"68":{"start":{"line":166,"column":8},"end":{"line":166,"column":35}},"69":{"start":{"line":169,"column":6},"end":{"line":169,"column":43}},"70":{"start":{"line":175,"column":2},"end":{"line":175,"column":23}},"71":{"start":{"line":175,"column":13},"end":{"line":175,"column":23}},"72":{"start":{"line":177,"column":23},"end":{"line":177,"column":68}},"73":{"start":{"line":178,"column":19},"end":{"line":178,"column":60}},"74":{"start":{"line":180,"column":2},"end":{"line":182,"column":3}},"75":{"start":{"line":181,"column":4},"end":{"line":181,"column":20}},"76":{"start":{"line":184,"column":2},"end":{"line":186,"column":3}},"77":{"start":{"line":185,"column":4},"end":{"line":185,"column":29}},"78":{"start":{"line":188,"column":2},"end":{"line":193,"column":3}},"79":{"start":{"line":192,"column":4},"end":{"line":192,"column":24}},"80":{"start":{"line":195,"column":2},"end":{"line":197,"column":3}},"81":{"start":{"line":196,"column":4},"end":{"line":196,"column":85}},"82":{"start":{"line":199,"column":2},"end":{"line":201,"column":3}},"83":{"start":{"line":200,"column":4},"end":{"line":200,"column":32}},"84":{"start":{"line":203,"column":2},"end":{"line":203,"column":12}},"85":{"start":{"line":208,"column":2},"end":{"line":211,"column":26}},"86":{"start":{"line":215,"column":16},"end":{"line":219,"column":3}},"87":{"start":{"line":221,"column":2},"end":{"line":231,"column":5}},"88":{"start":{"line":222,"column":4},"end":{"line":222,"column":34}},"89":{"start":{"line":222,"column":13},"end":{"line":222,"column":34}},"90":{"start":{"line":224,"column":24},"end":{"line":224,"column":58}},"91":{"start":{"line":226,"column":4},"end":{"line":230,"column":6}},"92":{"start":{"line":229,"column":21},"end":{"line":229,"column":53}},"93":{"start":{"line":235,"column":25},"end":{"line":235,"column":74}},"94":{"start":{"line":236,"column":24},"end":{"line":236,"column":72}},"95":{"start":{"line":238,"column":2},"end":{"line":238,"column":45}},"96":{"start":{"line":238,"column":33},"end":{"line":238,"column":45}},"97":{"start":{"line":240,"column":2},"end":{"line":243,"column":4}},"98":{"start":{"line":248,"column":0},"end":{"line":253,"column":2}},"99":{"start":{"line":254,"column":0},"end":{"line":254,"column":48}},"100":{"start":{"line":255,"column":0},"end":{"line":255,"column":24}},"101":{"start":{"line":256,"column":0},"end":{"line":256,"column":69}},"102":{"start":{"line":258,"column":19},"end":{"line":258,"column":50}},"103":{"start":{"line":260,"column":0},"end":{"line":262,"column":1}},"104":{"start":{"line":261,"column":2},"end":{"line":261,"column":48}},"105":{"start":{"line":264,"column":16},"end":{"line":273,"column":2}},"106":{"start":{"line":266,"column":4},"end":{"line":266,"column":25}},"107":{"start":{"line":269,"column":25},"end":{"line":269,"column":75}},"108":{"start":{"line":270,"column":21},"end":{"line":270,"column":59}},"109":{"start":{"line":271,"column":4},"end":{"line":271,"column":44}},"110":{"start":{"line":275,"column":15},"end":{"line":275,"column":34}},"111":{"start":{"line":279,"column":4},"end":{"line":281,"column":35}},"112":{"start":{"line":282,"column":2},"end":{"line":282,"column":31}},"113":{"start":{"line":287,"column":26},"end":{"line":287,"column":66}},"114":{"start":{"line":288,"column":16},"end":{"line":306,"column":3}},"115":{"start":{"line":308,"column":2},"end":{"line":308,"column":51}},"116":{"start":{"line":319,"column":30},"end":{"line":319,"column":73}},"117":{"start":{"line":320,"column":26},"end":{"line":320,"column":85}},"118":{"start":{"line":322,"column":16},"end":{"line":332,"column":3}},"119":{"start":{"line":334,"column":2},"end":{"line":338,"column":4}},"120":{"start":{"line":342,"column":0},"end":{"line":344,"column":3}},"121":{"start":{"line":343,"column":2},"end":{"line":343,"column":42}},"122":{"start":{"line":346,"column":0},"end":{"line":410,"column":3}},"123":{"start":{"line":347,"column":30},"end":{"line":347,"column":38}},"124":{"start":{"line":349,"column":2},"end":{"line":409,"column":5}},"125":{"start":{"line":350,"column":4},"end":{"line":356,"column":5}},"126":{"start":{"line":351,"column":6},"end":{"line":351,"column":41}},"127":{"start":{"line":352,"column":6},"end":{"line":355,"column":9}},"128":{"start":{"line":358,"column":4},"end":{"line":363,"column":5}},"129":{"start":{"line":359,"column":6},"end":{"line":362,"column":9}},"130":{"start":{"line":365,"column":17},"end":{"line":365,"column":28}},"131":{"start":{"line":366,"column":20},"end":{"line":366,"column":65}},"132":{"start":{"line":368,"column":4},"end":{"line":373,"column":5}},"133":{"start":{"line":369,"column":6},"end":{"line":372,"column":9}},"134":{"start":{"line":375,"column":4},"end":{"line":380,"column":5}},"135":{"start":{"line":376,"column":6},"end":{"line":379,"column":9}},"136":{"start":{"line":382,"column":4},"end":{"line":387,"column":5}},"137":{"start":{"line":383,"column":6},"end":{"line":386,"column":9}},"138":{"start":{"line":389,"column":21},"end":{"line":400,"column":5}},"139":{"start":{"line":402,"column":18},"end":{"line":402,"column":39}},"140":{"start":{"line":404,"column":4},"end":{"line":408,"column":7}},"141":{"start":{"line":413,"column":0},"end":{"line":447,"column":3}},"142":{"start":{"line":414,"column":2},"end":{"line":446,"column":5}},"143":{"start":{"line":415,"column":4},"end":{"line":421,"column":5}},"144":{"start":{"line":416,"column":6},"end":{"line":416,"column":43}},"145":{"start":{"line":417,"column":6},"end":{"line":420,"column":9}},"146":{"start":{"line":423,"column":4},"end":{"line":428,"column":5}},"147":{"start":{"line":424,"column":6},"end":{"line":427,"column":9}},"148":{"start":{"line":430,"column":17},"end":{"line":430,"column":28}},"149":{"start":{"line":432,"column":4},"end":{"line":445,"column":7}},"150":{"start":{"line":450,"column":0},"end":{"line":490,"column":3}},"151":{"start":{"line":451,"column":39},"end":{"line":451,"column":47}},"152":{"start":{"line":453,"column":16},"end":{"line":453,"column":53}},"153":{"start":{"line":455,"column":2},"end":{"line":489,"column":5}},"154":{"start":{"line":456,"column":4},"end":{"line":459,"column":5}},"155":{"start":{"line":457,"column":6},"end":{"line":457,"column":51}},"156":{"start":{"line":458,"column":6},"end":{"line":458,"column":54}},"157":{"start":{"line":461,"column":4},"end":{"line":463,"column":5}},"158":{"start":{"line":462,"column":6},"end":{"line":462,"column":69}},"159":{"start":{"line":465,"column":17},"end":{"line":465,"column":28}},"160":{"start":{"line":466,"column":20},"end":{"line":466,"column":68}},"161":{"start":{"line":468,"column":4},"end":{"line":473,"column":5}},"162":{"start":{"line":469,"column":6},"end":{"line":472,"column":9}},"163":{"start":{"line":475,"column":30},"end":{"line":475,"column":64}},"164":{"start":{"line":476,"column":24},"end":{"line":476,"column":71}},"165":{"start":{"line":478,"column":4},"end":{"line":488,"column":7}},"166":{"start":{"line":479,"column":6},"end":{"line":482,"column":7}},"167":{"start":{"line":480,"column":8},"end":{"line":480,"column":61}},"168":{"start":{"line":481,"column":8},"end":{"line":481,"column":56}},"169":{"start":{"line":484,"column":6},"end":{"line":487,"column":9}},"170":{"start":{"line":493,"column":0},"end":{"line":577,"column":3}},"171":{"start":{"line":494,"column":2},"end":{"line":576,"column":3}},"172":{"start":{"line":495,"column":48},"end":{"line":495,"column":56}},"173":{"start":{"line":497,"column":4},"end":{"line":502,"column":5}},"174":{"start":{"line":498,"column":6},"end":{"line":501,"column":9}},"175":{"start":{"line":504,"column":28},"end":{"line":504,"column":62}},"176":{"start":{"line":505,"column":27},"end":{"line":505,"column":45}},"177":{"start":{"line":507,"column":25},"end":{"line":507,"column":70}},"178":{"start":{"line":508,"column":4},"end":{"line":513,"column":5}},"179":{"start":{"line":509,"column":6},"end":{"line":512,"column":9}},"180":{"start":{"line":515,"column":4},"end":{"line":569,"column":6}},"181":{"start":{"line":519,"column":8},"end":{"line":525,"column":9}},"182":{"start":{"line":520,"column":10},"end":{"line":520,"column":57}},"183":{"start":{"line":521,"column":10},"end":{"line":524,"column":13}},"184":{"start":{"line":527,"column":8},"end":{"line":532,"column":9}},"185":{"start":{"line":528,"column":10},"end":{"line":531,"column":13}},"186":{"start":{"line":534,"column":31},"end":{"line":534,"column":62}},"187":{"start":{"line":536,"column":8},"end":{"line":567,"column":10}},"188":{"start":{"line":540,"column":12},"end":{"line":546,"column":13}},"189":{"start":{"line":541,"column":14},"end":{"line":541,"column":66}},"190":{"start":{"line":542,"column":14},"end":{"line":545,"column":17}},"191":{"start":{"line":548,"column":12},"end":{"line":565,"column":14}},"192":{"start":{"line":552,"column":16},"end":{"line":558,"column":17}},"193":{"start":{"line":553,"column":18},"end":{"line":553,"column":76}},"194":{"start":{"line":554,"column":18},"end":{"line":557,"column":21}},"195":{"start":{"line":560,"column":16},"end":{"line":563,"column":19}},"196":{"start":{"line":571,"column":4},"end":{"line":571,"column":48}},"197":{"start":{"line":572,"column":4},"end":{"line":575,"column":7}},"198":{"start":{"line":580,"column":0},"end":{"line":729,"column":2}},"199":{"start":{"line":597,"column":8},"end":{"line":597,"column":16}},"200":{"start":{"line":599,"column":4},"end":{"line":604,"column":5}},"201":{"start":{"line":600,"column":6},"end":{"line":603,"column":9}},"202":{"start":{"line":606,"column":35},"end":{"line":608,"column":20}},"203":{"start":{"line":610,"column":4},"end":{"line":615,"column":5}},"204":{"start":{"line":611,"column":6},"end":{"line":614,"column":9}},"205":{"start":{"line":617,"column":26},"end":{"line":617,"column":59}},"206":{"start":{"line":618,"column":23},"end":{"line":618,"column":57}},"207":{"start":{"line":620,"column":25},"end":{"line":622,"column":10}},"208":{"start":{"line":624,"column":18},"end":{"line":624,"column":22}},"209":{"start":{"line":625,"column":19},"end":{"line":625,"column":23}},"210":{"start":{"line":626,"column":24},"end":{"line":626,"column":28}},"211":{"start":{"line":627,"column":19},"end":{"line":627,"column":23}},"212":{"start":{"line":629,"column":4},"end":{"line":640,"column":5}},"213":{"start":{"line":630,"column":6},"end":{"line":635,"column":7}},"214":{"start":{"line":631,"column":8},"end":{"line":634,"column":11}},"215":{"start":{"line":637,"column":6},"end":{"line":637,"column":65}},"216":{"start":{"line":639,"column":6},"end":{"line":639,"column":52}},"217":{"start":{"line":642,"column":4},"end":{"line":660,"column":5}},"218":{"start":{"line":643,"column":6},"end":{"line":648,"column":7}},"219":{"start":{"line":644,"column":8},"end":{"line":647,"column":11}},"220":{"start":{"line":650,"column":6},"end":{"line":650,"column":56}},"221":{"start":{"line":652,"column":6},"end":{"line":657,"column":7}},"222":{"start":{"line":653,"column":8},"end":{"line":656,"column":11}},"223":{"start":{"line":659,"column":6},"end":{"line":659,"column":44}},"224":{"start":{"line":662,"column":18},"end":{"line":679,"column":5}},"225":{"start":{"line":681,"column":19},"end":{"line":695,"column":5}},"226":{"start":{"line":697,"column":4},"end":{"line":727,"column":7}},"227":{"start":{"line":698,"column":6},"end":{"line":705,"column":7}},"228":{"start":{"line":699,"column":8},"end":{"line":699,"column":51}},"229":{"start":{"line":700,"column":8},"end":{"line":704,"column":11}},"230":{"start":{"line":707,"column":6},"end":{"line":726,"column":9}},"231":{"start":{"line":731,"column":0},"end":{"line":773,"column":3}},"232":{"start":{"line":732,"column":19},"end":{"line":732,"column":40}},"233":{"start":{"line":734,"column":2},"end":{"line":739,"column":3}},"234":{"start":{"line":735,"column":4},"end":{"line":738,"column":7}},"235":{"start":{"line":741,"column":16},"end":{"line":757,"column":3}},"236":{"start":{"line":759,"column":2},"end":{"line":772,"column":5}},"237":{"start":{"line":760,"column":4},"end":{"line":766,"column":5}},"238":{"start":{"line":761,"column":6},"end":{"line":761,"column":47}},"239":{"start":{"line":762,"column":6},"end":{"line":765,"column":9}},"240":{"start":{"line":768,"column":4},"end":{"line":771,"column":7}},"241":{"start":{"line":776,"column":0},"end":{"line":811,"column":3}},"242":{"start":{"line":777,"column":16},"end":{"line":795,"column":3}},"243":{"start":{"line":797,"column":2},"end":{"line":810,"column":5}},"244":{"start":{"line":798,"column":4},"end":{"line":804,"column":5}},"245":{"start":{"line":799,"column":6},"end":{"line":799,"column":47}},"246":{"start":{"line":800,"column":6},"end":{"line":803,"column":9}},"247":{"start":{"line":806,"column":4},"end":{"line":809,"column":7}},"248":{"start":{"line":813,"column":0},"end":{"line":948,"column":3}},"249":{"start":{"line":814,"column":26},"end":{"line":814,"column":34}},"250":{"start":{"line":815,"column":20},"end":{"line":815,"column":50}},"251":{"start":{"line":816,"column":23},"end":{"line":816,"column":45}},"252":{"start":{"line":818,"column":2},"end":{"line":854,"column":3}},"253":{"start":{"line":819,"column":18},"end":{"line":836,"column":5}},"254":{"start":{"line":838,"column":4},"end":{"line":851,"column":7}},"255":{"start":{"line":839,"column":6},"end":{"line":845,"column":7}},"256":{"start":{"line":840,"column":8},"end":{"line":840,"column":54}},"257":{"start":{"line":841,"column":8},"end":{"line":844,"column":11}},"258":{"start":{"line":847,"column":6},"end":{"line":850,"column":9}},"259":{"start":{"line":853,"column":4},"end":{"line":853,"column":11}},"260":{"start":{"line":856,"column":2},"end":{"line":916,"column":3}},"261":{"start":{"line":858,"column":6},"end":{"line":860,"column":31}},"262":{"start":{"line":862,"column":18},"end":{"line":898,"column":5}},"263":{"start":{"line":900,"column":4},"end":{"line":913,"column":7}},"264":{"start":{"line":901,"column":6},"end":{"line":907,"column":7}},"265":{"start":{"line":902,"column":8},"end":{"line":902,"column":65}},"266":{"start":{"line":903,"column":8},"end":{"line":906,"column":11}},"267":{"start":{"line":909,"column":6},"end":{"line":912,"column":9}},"268":{"start":{"line":915,"column":4},"end":{"line":915,"column":11}},"269":{"start":{"line":918,"column":16},"end":{"line":932,"column":3}},"270":{"start":{"line":934,"column":2},"end":{"line":947,"column":5}},"271":{"start":{"line":935,"column":4},"end":{"line":941,"column":5}},"272":{"start":{"line":936,"column":6},"end":{"line":936,"column":47}},"273":{"start":{"line":937,"column":6},"end":{"line":940,"column":9}},"274":{"start":{"line":943,"column":4},"end":{"line":946,"column":7}},"275":{"start":{"line":950,"column":0},"end":{"line":1051,"column":2}},"276":{"start":{"line":954,"column":25},"end":{"line":954,"column":35}},"277":{"start":{"line":956,"column":25},"end":{"line":961,"column":5}},"278":{"start":{"line":963,"column":4},"end":{"line":1049,"column":7}},"279":{"start":{"line":964,"column":6},"end":{"line":970,"column":7}},"280":{"start":{"line":965,"column":8},"end":{"line":965,"column":64}},"281":{"start":{"line":966,"column":8},"end":{"line":969,"column":11}},"282":{"start":{"line":972,"column":6},"end":{"line":977,"column":7}},"283":{"start":{"line":973,"column":8},"end":{"line":976,"column":11}},"284":{"start":{"line":979,"column":29},"end":{"line":979,"column":58}},"285":{"start":{"line":980,"column":6},"end":{"line":985,"column":7}},"286":{"start":{"line":981,"column":8},"end":{"line":984,"column":11}},"287":{"start":{"line":987,"column":26},"end":{"line":992,"column":7}},"288":{"start":{"line":994,"column":6},"end":{"line":1048,"column":9}},"289":{"start":{"line":995,"column":8},"end":{"line":1001,"column":9}},"290":{"start":{"line":996,"column":10},"end":{"line":996,"column":64}},"291":{"start":{"line":997,"column":10},"end":{"line":1000,"column":13}},"292":{"start":{"line":1003,"column":8},"end":{"line":1008,"column":9}},"293":{"start":{"line":1004,"column":10},"end":{"line":1007,"column":13}},"294":{"start":{"line":1010,"column":28},"end":{"line":1020,"column":9}},"295":{"start":{"line":1022,"column":8},"end":{"line":1047,"column":10}},"296":{"start":{"line":1026,"column":12},"end":{"line":1040,"column":13}},"297":{"start":{"line":1027,"column":14},"end":{"line":1027,"column":68}},"298":{"start":{"line":1029,"column":14},"end":{"line":1034,"column":15}},"299":{"start":{"line":1030,"column":16},"end":{"line":1033,"column":19}},"300":{"start":{"line":1036,"column":14},"end":{"line":1039,"column":17}},"301":{"start":{"line":1042,"column":12},"end":{"line":1045,"column":15}},"302":{"start":{"line":1053,"column":0},"end":{"line":1139,"column":3}},"303":{"start":{"line":1054,"column":19},"end":{"line":1054,"column":40}},"304":{"start":{"line":1056,"column":2},"end":{"line":1061,"column":3}},"305":{"start":{"line":1057,"column":4},"end":{"line":1060,"column":7}},"306":{"start":{"line":1063,"column":22},"end":{"line":1082,"column":3}},"307":{"start":{"line":1084,"column":2},"end":{"line":1138,"column":5}},"308":{"start":{"line":1085,"column":4},"end":{"line":1091,"column":5}},"309":{"start":{"line":1086,"column":6},"end":{"line":1086,"column":50}},"310":{"start":{"line":1087,"column":6},"end":{"line":1090,"column":9}},"311":{"start":{"line":1093,"column":4},"end":{"line":1098,"column":5}},"312":{"start":{"line":1094,"column":6},"end":{"line":1097,"column":9}},"313":{"start":{"line":1100,"column":19},"end":{"line":1100,"column":36}},"314":{"start":{"line":1102,"column":25},"end":{"line":1119,"column":5}},"315":{"start":{"line":1121,"column":4},"end":{"line":1137,"column":7}},"316":{"start":{"line":1122,"column":6},"end":{"line":1128,"column":7}},"317":{"start":{"line":1123,"column":8},"end":{"line":1123,"column":59}},"318":{"start":{"line":1124,"column":8},"end":{"line":1127,"column":11}},"319":{"start":{"line":1130,"column":6},"end":{"line":1136,"column":9}},"320":{"start":{"line":1141,"column":0},"end":{"line":1170,"column":2}},"321":{"start":{"line":1145,"column":25},"end":{"line":1145,"column":35}},"322":{"start":{"line":1147,"column":18},"end":{"line":1153,"column":5}},"323":{"start":{"line":1155,"column":4},"end":{"line":1168,"column":7}},"324":{"start":{"line":1156,"column":6},"end":{"line":1162,"column":7}},"325":{"start":{"line":1157,"column":8},"end":{"line":1157,"column":50}},"326":{"start":{"line":1158,"column":8},"end":{"line":1161,"column":11}},"327":{"start":{"line":1164,"column":6},"end":{"line":1167,"column":9}},"328":{"start":{"line":1172,"column":0},"end":{"line":1272,"column":2}},"329":{"start":{"line":1176,"column":25},"end":{"line":1176,"column":35}},"330":{"start":{"line":1178,"column":30},"end":{"line":1182,"column":5}},"331":{"start":{"line":1184,"column":31},"end":{"line":1194,"column":5}},"332":{"start":{"line":1196,"column":4},"end":{"line":1270,"column":7}},"333":{"start":{"line":1197,"column":6},"end":{"line":1203,"column":7}},"334":{"start":{"line":1198,"column":8},"end":{"line":1198,"column":73}},"335":{"start":{"line":1199,"column":8},"end":{"line":1202,"column":11}},"336":{"start":{"line":1205,"column":6},"end":{"line":1269,"column":8}},"337":{"start":{"line":1209,"column":10},"end":{"line":1215,"column":11}},"338":{"start":{"line":1210,"column":12},"end":{"line":1210,"column":79}},"339":{"start":{"line":1211,"column":12},"end":{"line":1214,"column":15}},"340":{"start":{"line":1217,"column":31},"end":{"line":1217,"column":71}},"341":{"start":{"line":1218,"column":32},"end":{"line":1218,"column":74}},"342":{"start":{"line":1221,"column":12},"end":{"line":1223,"column":17}},"343":{"start":{"line":1226,"column":12},"end":{"line":1226,"column":61}},"344":{"start":{"line":1228,"column":30},"end":{"line":1235,"column":11}},"345":{"start":{"line":1237,"column":10},"end":{"line":1267,"column":12}},"346":{"start":{"line":1246,"column":14},"end":{"line":1252,"column":15}},"347":{"start":{"line":1247,"column":16},"end":{"line":1247,"column":75}},"348":{"start":{"line":1248,"column":16},"end":{"line":1251,"column":19}},"349":{"start":{"line":1254,"column":14},"end":{"line":1265,"column":17}},"350":{"start":{"line":1274,"column":0},"end":{"line":1319,"column":2}},"351":{"start":{"line":1278,"column":25},"end":{"line":1278,"column":35}},"352":{"start":{"line":1280,"column":18},"end":{"line":1302,"column":5}},"353":{"start":{"line":1304,"column":4},"end":{"line":1317,"column":7}},"354":{"start":{"line":1305,"column":6},"end":{"line":1311,"column":7}},"355":{"start":{"line":1306,"column":8},"end":{"line":1306,"column":56}},"356":{"start":{"line":1307,"column":8},"end":{"line":1310,"column":11}},"357":{"start":{"line":1313,"column":6},"end":{"line":1316,"column":9}},"358":{"start":{"line":1321,"column":0},"end":{"line":1432,"column":2}},"359":{"start":{"line":1325,"column":25},"end":{"line":1325,"column":56}},"360":{"start":{"line":1326,"column":40},"end":{"line":1326,"column":48}},"361":{"start":{"line":1327,"column":26},"end":{"line":1327,"column":69}},"362":{"start":{"line":1329,"column":28},"end":{"line":1329,"column":65}},"363":{"start":{"line":1331,"column":4},"end":{"line":1336,"column":5}},"364":{"start":{"line":1332,"column":6},"end":{"line":1335,"column":9}},"365":{"start":{"line":1338,"column":4},"end":{"line":1343,"column":5}},"366":{"start":{"line":1339,"column":6},"end":{"line":1342,"column":9}},"367":{"start":{"line":1345,"column":34},"end":{"line":1358,"column":5}},"368":{"start":{"line":1360,"column":4},"end":{"line":1430,"column":7}},"369":{"start":{"line":1361,"column":6},"end":{"line":1367,"column":7}},"370":{"start":{"line":1362,"column":8},"end":{"line":1362,"column":61}},"371":{"start":{"line":1363,"column":8},"end":{"line":1366,"column":11}},"372":{"start":{"line":1369,"column":6},"end":{"line":1374,"column":7}},"373":{"start":{"line":1370,"column":8},"end":{"line":1373,"column":11}},"374":{"start":{"line":1376,"column":25},"end":{"line":1376,"column":37}},"375":{"start":{"line":1378,"column":26},"end":{"line":1387,"column":7}},"376":{"start":{"line":1389,"column":6},"end":{"line":1429,"column":8}},"377":{"start":{"line":1393,"column":10},"end":{"line":1399,"column":11}},"378":{"start":{"line":1394,"column":12},"end":{"line":1394,"column":58}},"379":{"start":{"line":1395,"column":12},"end":{"line":1398,"column":15}},"380":{"start":{"line":1401,"column":10},"end":{"line":1406,"column":11}},"381":{"start":{"line":1402,"column":12},"end":{"line":1405,"column":15}},"382":{"start":{"line":1408,"column":10},"end":{"line":1427,"column":12}},"383":{"start":{"line":1418,"column":14},"end":{"line":1420,"column":15}},"384":{"start":{"line":1419,"column":16},"end":{"line":1419,"column":95}},"385":{"start":{"line":1422,"column":14},"end":{"line":1425,"column":17}},"386":{"start":{"line":1434,"column":0},"end":{"line":1628,"column":2}},"387":{"start":{"line":1439,"column":21},"end":{"line":1439,"column":42}},"388":{"start":{"line":1440,"column":18},"end":{"line":1440,"column":54}},"389":{"start":{"line":1441,"column":17},"end":{"line":1441,"column":52}},"390":{"start":{"line":1442,"column":20},"end":{"line":1442,"column":51}},"391":{"start":{"line":1443,"column":25},"end":{"line":1445,"column":20}},"392":{"start":{"line":1446,"column":24},"end":{"line":1446,"column":66}},"393":{"start":{"line":1448,"column":4},"end":{"line":1453,"column":5}},"394":{"start":{"line":1449,"column":6},"end":{"line":1452,"column":9}},"395":{"start":{"line":1455,"column":4},"end":{"line":1460,"column":5}},"396":{"start":{"line":1456,"column":6},"end":{"line":1459,"column":9}},"397":{"start":{"line":1462,"column":4},"end":{"line":1467,"column":5}},"398":{"start":{"line":1463,"column":6},"end":{"line":1466,"column":9}},"399":{"start":{"line":1469,"column":25},"end":{"line":1469,"column":41}},"400":{"start":{"line":1471,"column":18},"end":{"line":1471,"column":22}},"401":{"start":{"line":1472,"column":19},"end":{"line":1472,"column":23}},"402":{"start":{"line":1473,"column":24},"end":{"line":1473,"column":28}},"403":{"start":{"line":1474,"column":19},"end":{"line":1474,"column":23}},"404":{"start":{"line":1476,"column":4},"end":{"line":1494,"column":5}},"405":{"start":{"line":1477,"column":6},"end":{"line":1482,"column":7}},"406":{"start":{"line":1478,"column":8},"end":{"line":1481,"column":11}},"407":{"start":{"line":1484,"column":6},"end":{"line":1484,"column":67}},"408":{"start":{"line":1486,"column":6},"end":{"line":1493,"column":13}},"409":{"start":{"line":1496,"column":4},"end":{"line":1514,"column":5}},"410":{"start":{"line":1497,"column":6},"end":{"line":1502,"column":7}},"411":{"start":{"line":1498,"column":8},"end":{"line":1501,"column":11}},"412":{"start":{"line":1504,"column":6},"end":{"line":1504,"column":56}},"413":{"start":{"line":1506,"column":6},"end":{"line":1511,"column":7}},"414":{"start":{"line":1507,"column":8},"end":{"line":1510,"column":11}},"415":{"start":{"line":1513,"column":6},"end":{"line":1513,"column":44}},"416":{"start":{"line":1516,"column":29},"end":{"line":1521,"column":5}},"417":{"start":{"line":1523,"column":4},"end":{"line":1626,"column":7}},"418":{"start":{"line":1524,"column":6},"end":{"line":1530,"column":7}},"419":{"start":{"line":1525,"column":8},"end":{"line":1525,"column":56}},"420":{"start":{"line":1526,"column":8},"end":{"line":1529,"column":11}},"421":{"start":{"line":1532,"column":6},"end":{"line":1537,"column":7}},"422":{"start":{"line":1533,"column":8},"end":{"line":1536,"column":11}},"423":{"start":{"line":1539,"column":28},"end":{"line":1543,"column":7}},"424":{"start":{"line":1545,"column":6},"end":{"line":1625,"column":9}},"425":{"start":{"line":1546,"column":8},"end":{"line":1552,"column":9}},"426":{"start":{"line":1547,"column":10},"end":{"line":1547,"column":51}},"427":{"start":{"line":1548,"column":10},"end":{"line":1551,"column":13}},"428":{"start":{"line":1554,"column":29},"end":{"line":1554,"column":59}},"429":{"start":{"line":1556,"column":28},"end":{"line":1571,"column":9}},"430":{"start":{"line":1573,"column":23},"end":{"line":1585,"column":9}},"431":{"start":{"line":1587,"column":8},"end":{"line":1624,"column":11}},"432":{"start":{"line":1588,"column":10},"end":{"line":1594,"column":11}},"433":{"start":{"line":1589,"column":12},"end":{"line":1589,"column":58}},"434":{"start":{"line":1590,"column":12},"end":{"line":1593,"column":15}},"435":{"start":{"line":1596,"column":10},"end":{"line":1623,"column":13}},"436":{"start":{"line":1597,"column":12},"end":{"line":1603,"column":13}},"437":{"start":{"line":1598,"column":14},"end":{"line":1598,"column":75}},"438":{"start":{"line":1599,"column":14},"end":{"line":1602,"column":17}},"439":{"start":{"line":1605,"column":12},"end":{"line":1622,"column":15}},"440":{"start":{"line":1630,"column":0},"end":{"line":1767,"column":2}},"441":{"start":{"line":1635,"column":21},"end":{"line":1635,"column":48}},"442":{"start":{"line":1636,"column":20},"end":{"line":1636,"column":51}},"443":{"start":{"line":1637,"column":25},"end":{"line":1639,"column":20}},"444":{"start":{"line":1640,"column":24},"end":{"line":1640,"column":66}},"445":{"start":{"line":1642,"column":4},"end":{"line":1647,"column":5}},"446":{"start":{"line":1643,"column":6},"end":{"line":1646,"column":9}},"447":{"start":{"line":1649,"column":4},"end":{"line":1654,"column":5}},"448":{"start":{"line":1650,"column":6},"end":{"line":1653,"column":9}},"449":{"start":{"line":1656,"column":25},"end":{"line":1656,"column":41}},"450":{"start":{"line":1658,"column":18},"end":{"line":1658,"column":22}},"451":{"start":{"line":1659,"column":19},"end":{"line":1659,"column":23}},"452":{"start":{"line":1660,"column":24},"end":{"line":1660,"column":28}},"453":{"start":{"line":1661,"column":19},"end":{"line":1661,"column":23}},"454":{"start":{"line":1663,"column":4},"end":{"line":1673,"column":5}},"455":{"start":{"line":1664,"column":6},"end":{"line":1669,"column":7}},"456":{"start":{"line":1665,"column":8},"end":{"line":1668,"column":11}},"457":{"start":{"line":1671,"column":6},"end":{"line":1671,"column":67}},"458":{"start":{"line":1672,"column":6},"end":{"line":1672,"column":54}},"459":{"start":{"line":1675,"column":4},"end":{"line":1693,"column":5}},"460":{"start":{"line":1676,"column":6},"end":{"line":1681,"column":7}},"461":{"start":{"line":1677,"column":8},"end":{"line":1680,"column":11}},"462":{"start":{"line":1683,"column":6},"end":{"line":1683,"column":56}},"463":{"start":{"line":1685,"column":6},"end":{"line":1690,"column":7}},"464":{"start":{"line":1686,"column":8},"end":{"line":1689,"column":11}},"465":{"start":{"line":1692,"column":6},"end":{"line":1692,"column":44}},"466":{"start":{"line":1695,"column":29},"end":{"line":1700,"column":5}},"467":{"start":{"line":1702,"column":4},"end":{"line":1765,"column":7}},"468":{"start":{"line":1703,"column":6},"end":{"line":1709,"column":7}},"469":{"start":{"line":1704,"column":8},"end":{"line":1704,"column":55}},"470":{"start":{"line":1705,"column":8},"end":{"line":1708,"column":11}},"471":{"start":{"line":1711,"column":6},"end":{"line":1716,"column":7}},"472":{"start":{"line":1712,"column":8},"end":{"line":1715,"column":11}},"473":{"start":{"line":1718,"column":20},"end":{"line":1728,"column":7}},"474":{"start":{"line":1730,"column":6},"end":{"line":1764,"column":8}},"475":{"start":{"line":1742,"column":10},"end":{"line":1748,"column":11}},"476":{"start":{"line":1743,"column":12},"end":{"line":1743,"column":55}},"477":{"start":{"line":1744,"column":12},"end":{"line":1747,"column":15}},"478":{"start":{"line":1750,"column":10},"end":{"line":1762,"column":13}},"479":{"start":{"line":1769,"column":0},"end":{"line":1810,"column":2}},"480":{"start":{"line":1773,"column":25},"end":{"line":1773,"column":35}},"481":{"start":{"line":1775,"column":18},"end":{"line":1793,"column":5}},"482":{"start":{"line":1795,"column":4},"end":{"line":1808,"column":7}},"483":{"start":{"line":1796,"column":6},"end":{"line":1802,"column":7}},"484":{"start":{"line":1797,"column":8},"end":{"line":1797,"column":56}},"485":{"start":{"line":1798,"column":8},"end":{"line":1801,"column":11}},"486":{"start":{"line":1804,"column":6},"end":{"line":1807,"column":9}},"487":{"start":{"line":1812,"column":0},"end":{"line":1980,"column":2}},"488":{"start":{"line":1817,"column":25},"end":{"line":1817,"column":35}},"489":{"start":{"line":1818,"column":27},"end":{"line":1818,"column":35}},"490":{"start":{"line":1820,"column":25},"end":{"line":1820,"column":41}},"491":{"start":{"line":1822,"column":20},"end":{"line":1824,"column":10}},"492":{"start":{"line":1826,"column":21},"end":{"line":1826,"column":68}},"493":{"start":{"line":1828,"column":24},"end":{"line":1833,"column":5}},"494":{"start":{"line":1835,"column":4},"end":{"line":1978,"column":7}},"495":{"start":{"line":1836,"column":6},"end":{"line":1842,"column":7}},"496":{"start":{"line":1837,"column":8},"end":{"line":1837,"column":57}},"497":{"start":{"line":1838,"column":8},"end":{"line":1841,"column":11}},"498":{"start":{"line":1844,"column":6},"end":{"line":1849,"column":7}},"499":{"start":{"line":1845,"column":8},"end":{"line":1848,"column":11}},"500":{"start":{"line":1851,"column":21},"end":{"line":1851,"column":33}},"501":{"start":{"line":1853,"column":6},"end":{"line":1858,"column":7}},"502":{"start":{"line":1854,"column":8},"end":{"line":1857,"column":11}},"503":{"start":{"line":1860,"column":27},"end":{"line":1864,"column":7}},"504":{"start":{"line":1866,"column":6},"end":{"line":1977,"column":9}},"505":{"start":{"line":1867,"column":8},"end":{"line":1873,"column":9}},"506":{"start":{"line":1868,"column":10},"end":{"line":1868,"column":61}},"507":{"start":{"line":1869,"column":10},"end":{"line":1872,"column":13}},"508":{"start":{"line":1875,"column":28},"end":{"line":1875,"column":61}},"509":{"start":{"line":1877,"column":33},"end":{"line":1881,"column":9}},"510":{"start":{"line":1883,"column":8},"end":{"line":1976,"column":11}},"511":{"start":{"line":1884,"column":10},"end":{"line":1890,"column":11}},"512":{"start":{"line":1885,"column":12},"end":{"line":1885,"column":59}},"513":{"start":{"line":1886,"column":12},"end":{"line":1889,"column":15}},"514":{"start":{"line":1892,"column":30},"end":{"line":1909,"column":11}},"515":{"start":{"line":1911,"column":25},"end":{"line":1919,"column":11}},"516":{"start":{"line":1921,"column":10},"end":{"line":1975,"column":13}},"517":{"start":{"line":1922,"column":12},"end":{"line":1928,"column":13}},"518":{"start":{"line":1923,"column":14},"end":{"line":1923,"column":67}},"519":{"start":{"line":1924,"column":14},"end":{"line":1927,"column":17}},"520":{"start":{"line":1929,"column":40},"end":{"line":1948,"column":13}},"521":{"start":{"line":1930,"column":14},"end":{"line":1947,"column":17}},"522":{"start":{"line":1950,"column":33},"end":{"line":1952,"column":20}},"523":{"start":{"line":1954,"column":12},"end":{"line":1956,"column":13}},"524":{"start":{"line":1955,"column":14},"end":{"line":1955,"column":43}},"525":{"start":{"line":1958,"column":12},"end":{"line":1974,"column":14}},"526":{"start":{"line":1968,"column":16},"end":{"line":1970,"column":17}},"527":{"start":{"line":1969,"column":18},"end":{"line":1969,"column":95}},"528":{"start":{"line":1972,"column":16},"end":{"line":1972,"column":45}},"529":{"start":{"line":1982,"column":0},"end":{"line":2084,"column":3}},"530":{"start":{"line":1983,"column":20},"end":{"line":1983,"column":63}},"531":{"start":{"line":1985,"column":33},"end":{"line":2016,"column":3}},"532":{"start":{"line":2018,"column":35},"end":{"line":2058,"column":3}},"533":{"start":{"line":2060,"column":16},"end":{"line":2068,"column":3}},"534":{"start":{"line":2070,"column":2},"end":{"line":2083,"column":5}},"535":{"start":{"line":2071,"column":4},"end":{"line":2077,"column":5}},"536":{"start":{"line":2072,"column":6},"end":{"line":2072,"column":50}},"537":{"start":{"line":2073,"column":6},"end":{"line":2076,"column":9}},"538":{"start":{"line":2079,"column":4},"end":{"line":2082,"column":7}},"539":{"start":{"line":2086,"column":0},"end":{"line":2202,"column":2}},"540":{"start":{"line":2090,"column":30},"end":{"line":2094,"column":5}},"541":{"start":{"line":2096,"column":34},"end":{"line":2100,"column":5}},"542":{"start":{"line":2102,"column":30},"end":{"line":2108,"column":5}},"543":{"start":{"line":2110,"column":34},"end":{"line":2127,"column":5}},"544":{"start":{"line":2129,"column":4},"end":{"line":2200,"column":7}},"545":{"start":{"line":2130,"column":6},"end":{"line":2136,"column":7}},"546":{"start":{"line":2131,"column":8},"end":{"line":2131,"column":65}},"547":{"start":{"line":2132,"column":8},"end":{"line":2135,"column":11}},"548":{"start":{"line":2138,"column":6},"end":{"line":2199,"column":8}},"549":{"start":{"line":2142,"column":10},"end":{"line":2148,"column":11}},"550":{"start":{"line":2143,"column":12},"end":{"line":2143,"column":77}},"551":{"start":{"line":2144,"column":12},"end":{"line":2147,"column":15}},"552":{"start":{"line":2150,"column":10},"end":{"line":2197,"column":12}},"553":{"start":{"line":2154,"column":14},"end":{"line":2160,"column":15}},"554":{"start":{"line":2155,"column":16},"end":{"line":2155,"column":73}},"555":{"start":{"line":2156,"column":16},"end":{"line":2159,"column":19}},"556":{"start":{"line":2162,"column":14},"end":{"line":2195,"column":16}},"557":{"start":{"line":2166,"column":18},"end":{"line":2172,"column":19}},"558":{"start":{"line":2167,"column":20},"end":{"line":2167,"column":82}},"559":{"start":{"line":2168,"column":20},"end":{"line":2171,"column":23}},"560":{"start":{"line":2174,"column":39},"end":{"line":2174,"column":71}},"561":{"start":{"line":2176,"column":20},"end":{"line":2176,"column":60}},"562":{"start":{"line":2177,"column":39},"end":{"line":2177,"column":71}},"563":{"start":{"line":2180,"column":20},"end":{"line":2182,"column":25}},"564":{"start":{"line":2184,"column":18},"end":{"line":2193,"column":21}},"565":{"start":{"line":2204,"column":0},"end":{"line":2264,"column":2}},"566":{"start":{"line":2208,"column":32},"end":{"line":2212,"column":5}},"567":{"start":{"line":2215,"column":4},"end":{"line":2230,"column":5}},"568":{"start":{"line":2232,"column":4},"end":{"line":2262,"column":7}},"569":{"start":{"line":2233,"column":6},"end":{"line":2239,"column":7}},"570":{"start":{"line":2234,"column":8},"end":{"line":2234,"column":62}},"571":{"start":{"line":2235,"column":8},"end":{"line":2238,"column":11}},"572":{"start":{"line":2241,"column":6},"end":{"line":2261,"column":9}},"573":{"start":{"line":2242,"column":8},"end":{"line":2248,"column":9}},"574":{"start":{"line":2243,"column":10},"end":{"line":2243,"column":68}},"575":{"start":{"line":2244,"column":10},"end":{"line":2247,"column":13}},"576":{"start":{"line":2250,"column":31},"end":{"line":2250,"column":65}},"577":{"start":{"line":2251,"column":34},"end":{"line":2251,"column":50}},"578":{"start":{"line":2253,"column":8},"end":{"line":2260,"column":11}},"579":{"start":{"line":2266,"column":0},"end":{"line":2305,"column":3}},"580":{"start":{"line":2268,"column":16},"end":{"line":2282,"column":3}},"581":{"start":{"line":2284,"column":2},"end":{"line":2304,"column":5}},"582":{"start":{"line":2285,"column":4},"end":{"line":2291,"column":5}},"583":{"start":{"line":2286,"column":6},"end":{"line":2286,"column":48}},"584":{"start":{"line":2287,"column":6},"end":{"line":2290,"column":9}},"585":{"start":{"line":2293,"column":4},"end":{"line":2298,"column":5}},"586":{"start":{"line":2294,"column":6},"end":{"line":2297,"column":9}},"587":{"start":{"line":2300,"column":4},"end":{"line":2303,"column":7}},"588":{"start":{"line":2307,"column":0},"end":{"line":2347,"column":3}},"589":{"start":{"line":2313,"column":6},"end":{"line":2313,"column":14}},"590":{"start":{"line":2315,"column":16},"end":{"line":2323,"column":3}},"591":{"start":{"line":2325,"column":17},"end":{"line":2331,"column":3}},"592":{"start":{"line":2333,"column":2},"end":{"line":2346,"column":5}},"593":{"start":{"line":2334,"column":4},"end":{"line":2340,"column":5}},"594":{"start":{"line":2335,"column":6},"end":{"line":2335,"column":50}},"595":{"start":{"line":2336,"column":6},"end":{"line":2339,"column":9}},"596":{"start":{"line":2342,"column":4},"end":{"line":2345,"column":7}},"597":{"start":{"line":2349,"column":0},"end":{"line":2375,"column":3}},"598":{"start":{"line":2350,"column":2},"end":{"line":2355,"column":3}},"599":{"start":{"line":2351,"column":4},"end":{"line":2354,"column":7}},"600":{"start":{"line":2357,"column":19},"end":{"line":2357,"column":65}},"601":{"start":{"line":2359,"column":22},"end":{"line":2359,"column":68}},"602":{"start":{"line":2361,"column":2},"end":{"line":2374,"column":5}},"603":{"start":{"line":2362,"column":4},"end":{"line":2368,"column":5}},"604":{"start":{"line":2363,"column":6},"end":{"line":2363,"column":48}},"605":{"start":{"line":2364,"column":6},"end":{"line":2367,"column":9}},"606":{"start":{"line":2370,"column":4},"end":{"line":2373,"column":7}},"607":{"start":{"line":2378,"column":0},"end":{"line":2499,"column":2}},"608":{"start":{"line":2382,"column":21},"end":{"line":2382,"column":48}},"609":{"start":{"line":2383,"column":27},"end":{"line":2383,"column":70}},"610":{"start":{"line":2385,"column":4},"end":{"line":2390,"column":5}},"611":{"start":{"line":2386,"column":6},"end":{"line":2389,"column":9}},"612":{"start":{"line":2392,"column":24},"end":{"line":2397,"column":5}},"613":{"start":{"line":2399,"column":4},"end":{"line":2497,"column":7}},"614":{"start":{"line":2400,"column":6},"end":{"line":2406,"column":7}},"615":{"start":{"line":2401,"column":8},"end":{"line":2401,"column":69}},"616":{"start":{"line":2402,"column":8},"end":{"line":2405,"column":11}},"617":{"start":{"line":2408,"column":6},"end":{"line":2413,"column":7}},"618":{"start":{"line":2409,"column":8},"end":{"line":2412,"column":11}},"619":{"start":{"line":2415,"column":24},"end":{"line":2415,"column":36}},"620":{"start":{"line":2417,"column":6},"end":{"line":2422,"column":7}},"621":{"start":{"line":2418,"column":8},"end":{"line":2421,"column":11}},"622":{"start":{"line":2424,"column":6},"end":{"line":2429,"column":7}},"623":{"start":{"line":2425,"column":8},"end":{"line":2428,"column":11}},"624":{"start":{"line":2431,"column":28},"end":{"line":2436,"column":7}},"625":{"start":{"line":2438,"column":6},"end":{"line":2496,"column":9}},"626":{"start":{"line":2439,"column":8},"end":{"line":2445,"column":9}},"627":{"start":{"line":2440,"column":10},"end":{"line":2440,"column":55}},"628":{"start":{"line":2441,"column":10},"end":{"line":2444,"column":13}},"629":{"start":{"line":2447,"column":8},"end":{"line":2452,"column":9}},"630":{"start":{"line":2448,"column":10},"end":{"line":2451,"column":13}},"631":{"start":{"line":2454,"column":28},"end":{"line":2466,"column":9}},"632":{"start":{"line":2468,"column":8},"end":{"line":2495,"column":10}},"633":{"start":{"line":2472,"column":12},"end":{"line":2478,"column":13}},"634":{"start":{"line":2473,"column":14},"end":{"line":2473,"column":61}},"635":{"start":{"line":2474,"column":14},"end":{"line":2477,"column":17}},"636":{"start":{"line":2480,"column":12},"end":{"line":2493,"column":15}},"637":{"start":{"line":2501,"column":0},"end":{"line":2610,"column":2}},"638":{"start":{"line":2505,"column":21},"end":{"line":2505,"column":48}},"639":{"start":{"line":2507,"column":4},"end":{"line":2512,"column":5}},"640":{"start":{"line":2508,"column":6},"end":{"line":2511,"column":9}},"641":{"start":{"line":2514,"column":24},"end":{"line":2519,"column":5}},"642":{"start":{"line":2521,"column":4},"end":{"line":2608,"column":7}},"643":{"start":{"line":2522,"column":6},"end":{"line":2524,"column":7}},"644":{"start":{"line":2523,"column":8},"end":{"line":2523,"column":90}},"645":{"start":{"line":2526,"column":6},"end":{"line":2528,"column":7}},"646":{"start":{"line":2527,"column":8},"end":{"line":2527,"column":85}},"647":{"start":{"line":2530,"column":24},"end":{"line":2530,"column":36}},"648":{"start":{"line":2532,"column":6},"end":{"line":2537,"column":7}},"649":{"start":{"line":2533,"column":8},"end":{"line":2536,"column":11}},"650":{"start":{"line":2539,"column":24},"end":{"line":2544,"column":7}},"651":{"start":{"line":2546,"column":6},"end":{"line":2607,"column":9}},"652":{"start":{"line":2547,"column":8},"end":{"line":2549,"column":9}},"653":{"start":{"line":2548,"column":10},"end":{"line":2548,"column":90}},"654":{"start":{"line":2551,"column":8},"end":{"line":2553,"column":9}},"655":{"start":{"line":2552,"column":10},"end":{"line":2552,"column":96}},"656":{"start":{"line":2555,"column":21},"end":{"line":2555,"column":31}},"657":{"start":{"line":2557,"column":31},"end":{"line":2562,"column":9}},"658":{"start":{"line":2564,"column":8},"end":{"line":2606,"column":11}},"659":{"start":{"line":2565,"column":10},"end":{"line":2567,"column":11}},"660":{"start":{"line":2566,"column":12},"end":{"line":2566,"column":97}},"661":{"start":{"line":2569,"column":28},"end":{"line":2569,"column":38}},"662":{"start":{"line":2570,"column":10},"end":{"line":2575,"column":11}},"663":{"start":{"line":2571,"column":12},"end":{"line":2574,"column":15}},"664":{"start":{"line":2577,"column":30},"end":{"line":2577,"column":56}},"665":{"start":{"line":2577,"column":51},"end":{"line":2577,"column":55}},"666":{"start":{"line":2578,"column":31},"end":{"line":2578,"column":68}},"667":{"start":{"line":2578,"column":53},"end":{"line":2578,"column":56}},"668":{"start":{"line":2580,"column":31},"end":{"line":2585,"column":11}},"669":{"start":{"line":2587,"column":10},"end":{"line":2605,"column":13}},"670":{"start":{"line":2588,"column":12},"end":{"line":2590,"column":13}},"671":{"start":{"line":2589,"column":14},"end":{"line":2589,"column":97}},"672":{"start":{"line":2592,"column":28},"end":{"line":2592,"column":38}},"673":{"start":{"line":2593,"column":41},"end":{"line":2596,"column":15}},"674":{"start":{"line":2593,"column":70},"end":{"line":2596,"column":13}},"675":{"start":{"line":2595,"column":50},"end":{"line":2595,"column":100}},"676":{"start":{"line":2598,"column":12},"end":{"line":2604,"column":15}},"677":{"start":{"line":2612,"column":0},"end":{"line":2681,"column":2}},"678":{"start":{"line":2616,"column":19},"end":{"line":2616,"column":44}},"679":{"start":{"line":2623,"column":8},"end":{"line":2623,"column":16}},"680":{"start":{"line":2625,"column":4},"end":{"line":2627,"column":5}},"681":{"start":{"line":2626,"column":6},"end":{"line":2626,"column":92}},"682":{"start":{"line":2629,"column":24},"end":{"line":2635,"column":5}},"683":{"start":{"line":2637,"column":4},"end":{"line":2679,"column":7}},"684":{"start":{"line":2638,"column":6},"end":{"line":2640,"column":7}},"685":{"start":{"line":2639,"column":8},"end":{"line":2639,"column":92}},"686":{"start":{"line":2642,"column":6},"end":{"line":2644,"column":7}},"687":{"start":{"line":2643,"column":8},"end":{"line":2643,"column":83}},"688":{"start":{"line":2646,"column":6},"end":{"line":2648,"column":7}},"689":{"start":{"line":2647,"column":8},"end":{"line":2647,"column":80}},"690":{"start":{"line":2650,"column":20},"end":{"line":2659,"column":7}},"691":{"start":{"line":2661,"column":6},"end":{"line":2678,"column":8}},"692":{"start":{"line":2672,"column":10},"end":{"line":2674,"column":11}},"693":{"start":{"line":2673,"column":12},"end":{"line":2673,"column":94}},"694":{"start":{"line":2676,"column":10},"end":{"line":2676,"column":83}},"695":{"start":{"line":2683,"column":0},"end":{"line":2796,"column":2}},"696":{"start":{"line":2687,"column":19},"end":{"line":2687,"column":44}},"697":{"start":{"line":2695,"column":8},"end":{"line":2695,"column":16}},"698":{"start":{"line":2697,"column":4},"end":{"line":2699,"column":5}},"699":{"start":{"line":2698,"column":6},"end":{"line":2698,"column":92}},"700":{"start":{"line":2701,"column":4},"end":{"line":2703,"column":5}},"701":{"start":{"line":2702,"column":6},"end":{"line":2702,"column":88}},"702":{"start":{"line":2705,"column":4},"end":{"line":2707,"column":5}},"703":{"start":{"line":2706,"column":6},"end":{"line":2706,"column":94}},"704":{"start":{"line":2709,"column":24},"end":{"line":2715,"column":5}},"705":{"start":{"line":2717,"column":4},"end":{"line":2794,"column":7}},"706":{"start":{"line":2718,"column":6},"end":{"line":2718,"column":99}},"707":{"start":{"line":2718,"column":15},"end":{"line":2718,"column":99}},"708":{"start":{"line":2719,"column":6},"end":{"line":2721,"column":7}},"709":{"start":{"line":2720,"column":8},"end":{"line":2720,"column":83}},"710":{"start":{"line":2722,"column":6},"end":{"line":2724,"column":7}},"711":{"start":{"line":2723,"column":8},"end":{"line":2723,"column":80}},"712":{"start":{"line":2726,"column":28},"end":{"line":2731,"column":7}},"713":{"start":{"line":2733,"column":6},"end":{"line":2793,"column":8}},"714":{"start":{"line":2744,"column":10},"end":{"line":2746,"column":11}},"715":{"start":{"line":2745,"column":12},"end":{"line":2745,"column":95}},"716":{"start":{"line":2748,"column":29},"end":{"line":2748,"column":45}},"717":{"start":{"line":2750,"column":10},"end":{"line":2757,"column":11}},"718":{"start":{"line":2751,"column":12},"end":{"line":2756,"column":15}},"719":{"start":{"line":2752,"column":14},"end":{"line":2754,"column":15}},"720":{"start":{"line":2753,"column":16},"end":{"line":2753,"column":130}},"721":{"start":{"line":2755,"column":14},"end":{"line":2755,"column":113}},"722":{"start":{"line":2759,"column":10},"end":{"line":2764,"column":11}},"723":{"start":{"line":2760,"column":12},"end":{"line":2763,"column":15}},"724":{"start":{"line":2766,"column":25},"end":{"line":2771,"column":12}},"725":{"start":{"line":2766,"column":56},"end":{"line":2771,"column":11}},"726":{"start":{"line":2773,"column":37},"end":{"line":2778,"column":11}},"727":{"start":{"line":2780,"column":10},"end":{"line":2791,"column":13}},"728":{"start":{"line":2781,"column":12},"end":{"line":2783,"column":13}},"729":{"start":{"line":2782,"column":14},"end":{"line":2782,"column":119}},"730":{"start":{"line":2785,"column":12},"end":{"line":2790,"column":15}},"731":{"start":{"line":2786,"column":14},"end":{"line":2788,"column":15}},"732":{"start":{"line":2787,"column":16},"end":{"line":2787,"column":130}},"733":{"start":{"line":2789,"column":14},"end":{"line":2789,"column":113}},"734":{"start":{"line":2798,"column":0},"end":{"line":2852,"column":2}},"735":{"start":{"line":2802,"column":23},"end":{"line":2802,"column":52}},"736":{"start":{"line":2804,"column":4},"end":{"line":2806,"column":5}},"737":{"start":{"line":2805,"column":6},"end":{"line":2805,"column":96}},"738":{"start":{"line":2808,"column":24},"end":{"line":2815,"column":5}},"739":{"start":{"line":2817,"column":4},"end":{"line":2850,"column":7}},"740":{"start":{"line":2818,"column":6},"end":{"line":2818,"column":103}},"741":{"start":{"line":2818,"column":15},"end":{"line":2818,"column":103}},"742":{"start":{"line":2819,"column":6},"end":{"line":2821,"column":7}},"743":{"start":{"line":2820,"column":8},"end":{"line":2820,"column":87}},"744":{"start":{"line":2823,"column":18},"end":{"line":2823,"column":30}},"745":{"start":{"line":2824,"column":6},"end":{"line":2826,"column":7}},"746":{"start":{"line":2825,"column":8},"end":{"line":2825,"column":80}},"747":{"start":{"line":2828,"column":6},"end":{"line":2849,"column":8}},"748":{"start":{"line":2832,"column":10},"end":{"line":2832,"column":110}},"749":{"start":{"line":2832,"column":25},"end":{"line":2832,"column":110}},"750":{"start":{"line":2834,"column":10},"end":{"line":2847,"column":12}},"751":{"start":{"line":2838,"column":14},"end":{"line":2838,"column":115}},"752":{"start":{"line":2838,"column":29},"end":{"line":2838,"column":115}},"753":{"start":{"line":2840,"column":14},"end":{"line":2845,"column":17}},"754":{"start":{"line":2841,"column":16},"end":{"line":2843,"column":17}},"755":{"start":{"line":2842,"column":18},"end":{"line":2842,"column":134}},"756":{"start":{"line":2844,"column":16},"end":{"line":2844,"column":93}},"757":{"start":{"line":2854,"column":0},"end":{"line":2961,"column":2}},"758":{"start":{"line":2858,"column":21},"end":{"line":2858,"column":48}},"759":{"start":{"line":2860,"column":4},"end":{"line":2862,"column":5}},"760":{"start":{"line":2861,"column":6},"end":{"line":2861,"column":94}},"761":{"start":{"line":2864,"column":18},"end":{"line":2880,"column":5}},"762":{"start":{"line":2882,"column":4},"end":{"line":2959,"column":7}},"763":{"start":{"line":2883,"column":6},"end":{"line":2883,"column":95}},"764":{"start":{"line":2883,"column":15},"end":{"line":2883,"column":95}},"765":{"start":{"line":2884,"column":6},"end":{"line":2886,"column":7}},"766":{"start":{"line":2885,"column":8},"end":{"line":2885,"column":83}},"767":{"start":{"line":2888,"column":19},"end":{"line":2888,"column":29}},"768":{"start":{"line":2889,"column":6},"end":{"line":2891,"column":7}},"769":{"start":{"line":2890,"column":8},"end":{"line":2890,"column":90}},"770":{"start":{"line":2893,"column":33},"end":{"line":2899,"column":7}},"771":{"start":{"line":2901,"column":6},"end":{"line":2958,"column":8}},"772":{"start":{"line":2905,"column":10},"end":{"line":2907,"column":11}},"773":{"start":{"line":2906,"column":12},"end":{"line":2906,"column":106}},"774":{"start":{"line":2909,"column":32},"end":{"line":2909,"column":55}},"775":{"start":{"line":2911,"column":32},"end":{"line":2916,"column":11}},"776":{"start":{"line":2918,"column":10},"end":{"line":2956,"column":13}},"777":{"start":{"line":2919,"column":12},"end":{"line":2919,"column":107}},"778":{"start":{"line":2919,"column":22},"end":{"line":2919,"column":107}},"779":{"start":{"line":2921,"column":30},"end":{"line":2921,"column":40}},"780":{"start":{"line":2922,"column":12},"end":{"line":2927,"column":13}},"781":{"start":{"line":2923,"column":14},"end":{"line":2926,"column":17}},"782":{"start":{"line":2929,"column":32},"end":{"line":2929,"column":58}},"783":{"start":{"line":2929,"column":53},"end":{"line":2929,"column":57}},"784":{"start":{"line":2930,"column":33},"end":{"line":2930,"column":70}},"785":{"start":{"line":2930,"column":55},"end":{"line":2930,"column":58}},"786":{"start":{"line":2932,"column":33},"end":{"line":2937,"column":13}},"787":{"start":{"line":2939,"column":12},"end":{"line":2955,"column":15}},"788":{"start":{"line":2940,"column":14},"end":{"line":2940,"column":107}},"789":{"start":{"line":2940,"column":24},"end":{"line":2940,"column":107}},"790":{"start":{"line":2942,"column":43},"end":{"line":2945,"column":17}},"791":{"start":{"line":2942,"column":72},"end":{"line":2945,"column":15}},"792":{"start":{"line":2944,"column":52},"end":{"line":2944,"column":97}},"793":{"start":{"line":2947,"column":14},"end":{"line":2954,"column":17}},"794":{"start":{"line":2963,"column":0},"end":{"line":3043,"column":2}},"795":{"start":{"line":2967,"column":21},"end":{"line":2967,"column":48}},"796":{"start":{"line":2968,"column":22},"end":{"line":2968,"column":65}},"797":{"start":{"line":2970,"column":4},"end":{"line":2972,"column":5}},"798":{"start":{"line":2971,"column":6},"end":{"line":2971,"column":94}},"799":{"start":{"line":2974,"column":22},"end":{"line":2980,"column":5}},"800":{"start":{"line":2982,"column":4},"end":{"line":3041,"column":7}},"801":{"start":{"line":2983,"column":6},"end":{"line":2983,"column":95}},"802":{"start":{"line":2983,"column":15},"end":{"line":2983,"column":95}},"803":{"start":{"line":2984,"column":6},"end":{"line":2986,"column":7}},"804":{"start":{"line":2985,"column":8},"end":{"line":2985,"column":83}},"805":{"start":{"line":2988,"column":19},"end":{"line":2988,"column":29}},"806":{"start":{"line":2989,"column":6},"end":{"line":2991,"column":7}},"807":{"start":{"line":2990,"column":8},"end":{"line":2990,"column":90}},"808":{"start":{"line":2993,"column":33},"end":{"line":2999,"column":7}},"809":{"start":{"line":3001,"column":6},"end":{"line":3040,"column":9}},"810":{"start":{"line":3002,"column":8},"end":{"line":3002,"column":114}},"811":{"start":{"line":3002,"column":18},"end":{"line":3002,"column":114}},"812":{"start":{"line":3004,"column":30},"end":{"line":3004,"column":47}},"813":{"start":{"line":3006,"column":8},"end":{"line":3016,"column":9}},"814":{"start":{"line":3011,"column":10},"end":{"line":3015,"column":13}},"815":{"start":{"line":3018,"column":28},"end":{"line":3023,"column":9}},"816":{"start":{"line":3025,"column":8},"end":{"line":3039,"column":10}},"817":{"start":{"line":3029,"column":12},"end":{"line":3031,"column":13}},"818":{"start":{"line":3030,"column":14},"end":{"line":3030,"column":103}},"819":{"start":{"line":3033,"column":12},"end":{"line":3037,"column":15}},"820":{"start":{"line":3045,"column":0},"end":{"line":3240,"column":2}},"821":{"start":{"line":3049,"column":22},"end":{"line":3049,"column":50}},"822":{"start":{"line":3050,"column":20},"end":{"line":3050,"column":76}},"823":{"start":{"line":3051,"column":22},"end":{"line":3051,"column":65}},"824":{"start":{"line":3053,"column":4},"end":{"line":3055,"column":5}},"825":{"start":{"line":3054,"column":6},"end":{"line":3054,"column":95}},"826":{"start":{"line":3057,"column":25},"end":{"line":3062,"column":5}},"827":{"start":{"line":3064,"column":4},"end":{"line":3238,"column":7}},"828":{"start":{"line":3065,"column":6},"end":{"line":3065,"column":103}},"829":{"start":{"line":3065,"column":16},"end":{"line":3065,"column":103}},"830":{"start":{"line":3066,"column":6},"end":{"line":3068,"column":7}},"831":{"start":{"line":3067,"column":8},"end":{"line":3067,"column":86}},"832":{"start":{"line":3070,"column":22},"end":{"line":3070,"column":29}},"833":{"start":{"line":3071,"column":6},"end":{"line":3073,"column":7}},"834":{"start":{"line":3072,"column":8},"end":{"line":3072,"column":97}},"835":{"start":{"line":3075,"column":24},"end":{"line":3080,"column":7}},"836":{"start":{"line":3082,"column":6},"end":{"line":3237,"column":9}},"837":{"start":{"line":3083,"column":8},"end":{"line":3083,"column":98}},"838":{"start":{"line":3083,"column":18},"end":{"line":3083,"column":98}},"839":{"start":{"line":3084,"column":8},"end":{"line":3086,"column":9}},"840":{"start":{"line":3085,"column":10},"end":{"line":3085,"column":85}},"841":{"start":{"line":3088,"column":21},"end":{"line":3088,"column":28}},"842":{"start":{"line":3090,"column":31},"end":{"line":3095,"column":9}},"843":{"start":{"line":3097,"column":8},"end":{"line":3236,"column":11}},"844":{"start":{"line":3098,"column":10},"end":{"line":3098,"column":106}},"845":{"start":{"line":3098,"column":21},"end":{"line":3098,"column":106}},"846":{"start":{"line":3100,"column":28},"end":{"line":3100,"column":39}},"847":{"start":{"line":3101,"column":10},"end":{"line":3103,"column":11}},"848":{"start":{"line":3102,"column":12},"end":{"line":3102,"column":94}},"849":{"start":{"line":3105,"column":30},"end":{"line":3105,"column":56}},"850":{"start":{"line":3105,"column":51},"end":{"line":3105,"column":55}},"851":{"start":{"line":3106,"column":31},"end":{"line":3106,"column":68}},"852":{"start":{"line":3106,"column":53},"end":{"line":3106,"column":56}},"853":{"start":{"line":3108,"column":31},"end":{"line":3112,"column":11}},"854":{"start":{"line":3114,"column":10},"end":{"line":3235,"column":13}},"855":{"start":{"line":3115,"column":12},"end":{"line":3115,"column":105}},"856":{"start":{"line":3115,"column":22},"end":{"line":3115,"column":105}},"857":{"start":{"line":3117,"column":28},"end":{"line":3117,"column":38}},"858":{"start":{"line":3118,"column":31},"end":{"line":3118,"column":33}},"859":{"start":{"line":3119,"column":30},"end":{"line":3119,"column":31}},"860":{"start":{"line":3120,"column":31},"end":{"line":3120,"column":32}},"861":{"start":{"line":3122,"column":12},"end":{"line":3175,"column":13}},"862":{"start":{"line":3123,"column":14},"end":{"line":3123,"column":58}},"863":{"start":{"line":3126,"column":16},"end":{"line":3126,"column":90}},"864":{"start":{"line":3126,"column":36},"end":{"line":3126,"column":81}},"865":{"start":{"line":3128,"column":30},"end":{"line":3128,"column":31}},"866":{"start":{"line":3129,"column":27},"end":{"line":3129,"column":28}},"867":{"start":{"line":3130,"column":37},"end":{"line":3130,"column":41}},"868":{"start":{"line":3131,"column":31},"end":{"line":3131,"column":35}},"869":{"start":{"line":3133,"column":14},"end":{"line":3152,"column":15}},"870":{"start":{"line":3134,"column":16},"end":{"line":3136,"column":25}},"871":{"start":{"line":3138,"column":38},"end":{"line":3142,"column":17}},"872":{"start":{"line":3140,"column":20},"end":{"line":3141,"column":46}},"873":{"start":{"line":3144,"column":16},"end":{"line":3151,"column":17}},"874":{"start":{"line":3149,"column":18},"end":{"line":3149,"column":32}},"875":{"start":{"line":3150,"column":18},"end":{"line":3150,"column":56}},"876":{"start":{"line":3154,"column":14},"end":{"line":3163,"column":15}},"877":{"start":{"line":3155,"column":16},"end":{"line":3155,"column":72}},"878":{"start":{"line":3156,"column":16},"end":{"line":3162,"column":17}},"879":{"start":{"line":3160,"column":18},"end":{"line":3160,"column":32}},"880":{"start":{"line":3161,"column":18},"end":{"line":3161,"column":56}},"881":{"start":{"line":3165,"column":14},"end":{"line":3165,"column":37}},"882":{"start":{"line":3167,"column":14},"end":{"line":3174,"column":17}},"883":{"start":{"line":3177,"column":31},"end":{"line":3177,"column":87}},"884":{"start":{"line":3178,"column":27},"end":{"line":3178,"column":83}},"885":{"start":{"line":3180,"column":42},"end":{"line":3183,"column":13}},"886":{"start":{"line":3185,"column":12},"end":{"line":3234,"column":15}},"887":{"start":{"line":3186,"column":14},"end":{"line":3186,"column":119}},"888":{"start":{"line":3186,"column":26},"end":{"line":3186,"column":119}},"889":{"start":{"line":3188,"column":41},"end":{"line":3193,"column":15}},"890":{"start":{"line":3195,"column":14},"end":{"line":3233,"column":17}},"891":{"start":{"line":3196,"column":16},"end":{"line":3196,"column":119}},"892":{"start":{"line":3196,"column":31},"end":{"line":3196,"column":119}},"893":{"start":{"line":3198,"column":38},"end":{"line":3209,"column":17}},"894":{"start":{"line":3211,"column":16},"end":{"line":3232,"column":18}},"895":{"start":{"line":3215,"column":20},"end":{"line":3217,"column":21}},"896":{"start":{"line":3216,"column":22},"end":{"line":3216,"column":109}},"897":{"start":{"line":3219,"column":20},"end":{"line":3230,"column":23}},"898":{"start":{"line":3242,"column":0},"end":{"line":3286,"column":2}},"899":{"start":{"line":3246,"column":22},"end":{"line":3246,"column":50}},"900":{"start":{"line":3247,"column":22},"end":{"line":3247,"column":65}},"901":{"start":{"line":3249,"column":4},"end":{"line":3251,"column":5}},"902":{"start":{"line":3250,"column":6},"end":{"line":3250,"column":95}},"903":{"start":{"line":3253,"column":18},"end":{"line":3257,"column":5}},"904":{"start":{"line":3259,"column":4},"end":{"line":3284,"column":7}},"905":{"start":{"line":3260,"column":6},"end":{"line":3262,"column":7}},"906":{"start":{"line":3261,"column":8},"end":{"line":3261,"column":95}},"907":{"start":{"line":3264,"column":26},"end":{"line":3269,"column":7}},"908":{"start":{"line":3271,"column":6},"end":{"line":3283,"column":9}},"909":{"start":{"line":3272,"column":8},"end":{"line":3274,"column":9}},"910":{"start":{"line":3273,"column":10},"end":{"line":3273,"column":101}},"911":{"start":{"line":3276,"column":31},"end":{"line":3276,"column":72}},"912":{"start":{"line":3278,"column":8},"end":{"line":3282,"column":11}},"913":{"start":{"line":3288,"column":0},"end":{"line":3344,"column":2}},"914":{"start":{"line":3292,"column":21},"end":{"line":3292,"column":48}},"915":{"start":{"line":3294,"column":4},"end":{"line":3296,"column":5}},"916":{"start":{"line":3295,"column":6},"end":{"line":3295,"column":94}},"917":{"start":{"line":3298,"column":24},"end":{"line":3303,"column":5}},"918":{"start":{"line":3305,"column":4},"end":{"line":3342,"column":7}},"919":{"start":{"line":3306,"column":6},"end":{"line":3306,"column":102}},"920":{"start":{"line":3306,"column":16},"end":{"line":3306,"column":102}},"921":{"start":{"line":3307,"column":6},"end":{"line":3309,"column":7}},"922":{"start":{"line":3308,"column":8},"end":{"line":3308,"column":85}},"923":{"start":{"line":3310,"column":6},"end":{"line":3312,"column":7}},"924":{"start":{"line":3311,"column":8},"end":{"line":3311,"column":80}},"925":{"start":{"line":3314,"column":20},"end":{"line":3330,"column":7}},"926":{"start":{"line":3332,"column":6},"end":{"line":3341,"column":9}},"927":{"start":{"line":3333,"column":8},"end":{"line":3335,"column":9}},"928":{"start":{"line":3334,"column":10},"end":{"line":3334,"column":99}},"929":{"start":{"line":3337,"column":8},"end":{"line":3340,"column":11}},"930":{"start":{"line":3348,"column":0},"end":{"line":3378,"column":3}},"931":{"start":{"line":3349,"column":16},"end":{"line":3362,"column":3}},"932":{"start":{"line":3364,"column":2},"end":{"line":3377,"column":5}},"933":{"start":{"line":3365,"column":4},"end":{"line":3371,"column":5}},"934":{"start":{"line":3366,"column":6},"end":{"line":3366,"column":51}},"935":{"start":{"line":3367,"column":6},"end":{"line":3370,"column":9}},"936":{"start":{"line":3373,"column":4},"end":{"line":3376,"column":7}},"937":{"start":{"line":3380,"column":0},"end":{"line":3414,"column":3}},"938":{"start":{"line":3381,"column":30},"end":{"line":3381,"column":38}},"939":{"start":{"line":3383,"column":2},"end":{"line":3388,"column":3}},"940":{"start":{"line":3384,"column":4},"end":{"line":3387,"column":7}},"941":{"start":{"line":3390,"column":16},"end":{"line":3393,"column":3}},"942":{"start":{"line":3395,"column":2},"end":{"line":3413,"column":4}},"943":{"start":{"line":3399,"column":6},"end":{"line":3405,"column":7}},"944":{"start":{"line":3400,"column":8},"end":{"line":3400,"column":55}},"945":{"start":{"line":3401,"column":8},"end":{"line":3404,"column":11}},"946":{"start":{"line":3407,"column":6},"end":{"line":3411,"column":9}},"947":{"start":{"line":3416,"column":0},"end":{"line":3485,"column":3}},"948":{"start":{"line":3417,"column":17},"end":{"line":3417,"column":27}},"949":{"start":{"line":3419,"column":26},"end":{"line":3433,"column":3}},"950":{"start":{"line":3435,"column":23},"end":{"line":3449,"column":3}},"951":{"start":{"line":3451,"column":2},"end":{"line":3484,"column":5}},"952":{"start":{"line":3452,"column":4},"end":{"line":3458,"column":5}},"953":{"start":{"line":3453,"column":6},"end":{"line":3453,"column":60}},"954":{"start":{"line":3454,"column":6},"end":{"line":3457,"column":9}},"955":{"start":{"line":3460,"column":4},"end":{"line":3465,"column":5}},"956":{"start":{"line":3461,"column":6},"end":{"line":3464,"column":9}},"957":{"start":{"line":3467,"column":4},"end":{"line":3483,"column":7}},"958":{"start":{"line":3468,"column":6},"end":{"line":3474,"column":7}},"959":{"start":{"line":3469,"column":8},"end":{"line":3469,"column":67}},"960":{"start":{"line":3470,"column":8},"end":{"line":3473,"column":11}},"961":{"start":{"line":3476,"column":6},"end":{"line":3482,"column":9}},"962":{"start":{"line":3487,"column":0},"end":{"line":3588,"column":3}},"963":{"start":{"line":3488,"column":23},"end":{"line":3488,"column":44}},"964":{"start":{"line":3489,"column":20},"end":{"line":3489,"column":56}},"965":{"start":{"line":3490,"column":22},"end":{"line":3490,"column":65}},"966":{"start":{"line":3492,"column":2},"end":{"line":3497,"column":3}},"967":{"start":{"line":3493,"column":4},"end":{"line":3496,"column":7}},"968":{"start":{"line":3499,"column":2},"end":{"line":3504,"column":3}},"969":{"start":{"line":3500,"column":4},"end":{"line":3503,"column":7}},"970":{"start":{"line":3506,"column":31},"end":{"line":3511,"column":3}},"971":{"start":{"line":3513,"column":2},"end":{"line":3587,"column":5}},"972":{"start":{"line":3514,"column":4},"end":{"line":3520,"column":5}},"973":{"start":{"line":3515,"column":6},"end":{"line":3515,"column":64}},"974":{"start":{"line":3516,"column":6},"end":{"line":3519,"column":9}},"975":{"start":{"line":3522,"column":4},"end":{"line":3527,"column":5}},"976":{"start":{"line":3523,"column":6},"end":{"line":3526,"column":9}},"977":{"start":{"line":3529,"column":34},"end":{"line":3531,"column":12}},"978":{"start":{"line":3533,"column":29},"end":{"line":3536,"column":5}},"979":{"start":{"line":3538,"column":4},"end":{"line":3586,"column":6}},"980":{"start":{"line":3542,"column":8},"end":{"line":3548,"column":9}},"981":{"start":{"line":3543,"column":10},"end":{"line":3543,"column":69}},"982":{"start":{"line":3544,"column":10},"end":{"line":3547,"column":13}},"983":{"start":{"line":3550,"column":36},"end":{"line":3556,"column":9}},"984":{"start":{"line":3551,"column":10},"end":{"line":3555,"column":13}},"985":{"start":{"line":3558,"column":8},"end":{"line":3563,"column":9}},"986":{"start":{"line":3562,"column":10},"end":{"line":3562,"column":39}},"987":{"start":{"line":3565,"column":8},"end":{"line":3584,"column":10}},"988":{"start":{"line":3575,"column":12},"end":{"line":3580,"column":13}},"989":{"start":{"line":3576,"column":14},"end":{"line":3579,"column":16}},"990":{"start":{"line":3582,"column":12},"end":{"line":3582,"column":41}},"991":{"start":{"line":3590,"column":0},"end":{"line":3639,"column":3}},"992":{"start":{"line":3591,"column":20},"end":{"line":3591,"column":29}},"993":{"start":{"line":3593,"column":2},"end":{"line":3598,"column":3}},"994":{"start":{"line":3594,"column":4},"end":{"line":3597,"column":7}},"995":{"start":{"line":3600,"column":26},"end":{"line":3600,"column":66}},"996":{"start":{"line":3602,"column":16},"end":{"line":3616,"column":3}},"997":{"start":{"line":3618,"column":2},"end":{"line":3638,"column":5}},"998":{"start":{"line":3619,"column":4},"end":{"line":3625,"column":5}},"999":{"start":{"line":3620,"column":6},"end":{"line":3620,"column":48}},"1000":{"start":{"line":3621,"column":6},"end":{"line":3624,"column":9}},"1001":{"start":{"line":3627,"column":4},"end":{"line":3632,"column":5}},"1002":{"start":{"line":3628,"column":6},"end":{"line":3631,"column":9}},"1003":{"start":{"line":3634,"column":4},"end":{"line":3637,"column":7}},"1004":{"start":{"line":3643,"column":0},"end":{"line":3697,"column":2}},"1005":{"start":{"line":3647,"column":28},"end":{"line":3647,"column":70}},"1006":{"start":{"line":3648,"column":30},"end":{"line":3648,"column":76}},"1007":{"start":{"line":3649,"column":33},"end":{"line":3653,"column":5}},"1008":{"start":{"line":3654,"column":36},"end":{"line":3657,"column":5}},"1009":{"start":{"line":3659,"column":4},"end":{"line":3695,"column":7}},"1010":{"start":{"line":3660,"column":6},"end":{"line":3663,"column":7}},"1011":{"start":{"line":3661,"column":8},"end":{"line":3661,"column":60}},"1012":{"start":{"line":3662,"column":8},"end":{"line":3662,"column":89}},"1013":{"start":{"line":3665,"column":6},"end":{"line":3694,"column":9}},"1014":{"start":{"line":3666,"column":8},"end":{"line":3669,"column":9}},"1015":{"start":{"line":3667,"column":10},"end":{"line":3667,"column":66}},"1016":{"start":{"line":3668,"column":10},"end":{"line":3668,"column":91}},"1017":{"start":{"line":3671,"column":8},"end":{"line":3693,"column":11}},"1018":{"start":{"line":3672,"column":10},"end":{"line":3675,"column":11}},"1019":{"start":{"line":3673,"column":12},"end":{"line":3673,"column":74}},"1020":{"start":{"line":3674,"column":12},"end":{"line":3674,"column":93}},"1021":{"start":{"line":3677,"column":10},"end":{"line":3692,"column":13}},"1022":{"start":{"line":3678,"column":12},"end":{"line":3681,"column":13}},"1023":{"start":{"line":3679,"column":14},"end":{"line":3679,"column":73}},"1024":{"start":{"line":3680,"column":14},"end":{"line":3680,"column":95}},"1025":{"start":{"line":3683,"column":12},"end":{"line":3691,"column":15}},"1026":{"start":{"line":3699,"column":0},"end":{"line":3734,"column":2}},"1027":{"start":{"line":3703,"column":18},"end":{"line":3717,"column":5}},"1028":{"start":{"line":3719,"column":4},"end":{"line":3732,"column":7}},"1029":{"start":{"line":3720,"column":6},"end":{"line":3726,"column":7}},"1030":{"start":{"line":3721,"column":8},"end":{"line":3721,"column":49}},"1031":{"start":{"line":3722,"column":8},"end":{"line":3725,"column":11}},"1032":{"start":{"line":3728,"column":6},"end":{"line":3731,"column":9}},"1033":{"start":{"line":3736,"column":0},"end":{"line":3785,"column":2}},"1034":{"start":{"line":3740,"column":18},"end":{"line":3740,"column":63}},"1035":{"start":{"line":3742,"column":18},"end":{"line":3752,"column":5}},"1036":{"start":{"line":3754,"column":4},"end":{"line":3783,"column":7}},"1037":{"start":{"line":3755,"column":6},"end":{"line":3761,"column":7}},"1038":{"start":{"line":3756,"column":8},"end":{"line":3756,"column":51}},"1039":{"start":{"line":3757,"column":8},"end":{"line":3760,"column":11}},"1040":{"start":{"line":3763,"column":6},"end":{"line":3768,"column":7}},"1041":{"start":{"line":3764,"column":8},"end":{"line":3767,"column":11}},"1042":{"start":{"line":3770,"column":6},"end":{"line":3777,"column":19}},"1043":{"start":{"line":3779,"column":6},"end":{"line":3782,"column":9}},"1044":{"start":{"line":3787,"column":0},"end":{"line":3825,"column":2}},"1045":{"start":{"line":3791,"column":18},"end":{"line":3791,"column":63}},"1046":{"start":{"line":3793,"column":18},"end":{"line":3801,"column":5}},"1047":{"start":{"line":3803,"column":4},"end":{"line":3823,"column":7}},"1048":{"start":{"line":3804,"column":6},"end":{"line":3810,"column":7}},"1049":{"start":{"line":3805,"column":8},"end":{"line":3805,"column":51}},"1050":{"start":{"line":3806,"column":8},"end":{"line":3809,"column":11}},"1051":{"start":{"line":3812,"column":6},"end":{"line":3817,"column":7}},"1052":{"start":{"line":3813,"column":8},"end":{"line":3816,"column":11}},"1053":{"start":{"line":3819,"column":6},"end":{"line":3822,"column":9}},"1054":{"start":{"line":3827,"column":0},"end":{"line":3858,"column":2}},"1055":{"start":{"line":3831,"column":18},"end":{"line":3841,"column":5}},"1056":{"start":{"line":3843,"column":4},"end":{"line":3856,"column":7}},"1057":{"start":{"line":3844,"column":6},"end":{"line":3850,"column":7}},"1058":{"start":{"line":3845,"column":8},"end":{"line":3845,"column":53}},"1059":{"start":{"line":3846,"column":8},"end":{"line":3849,"column":11}},"1060":{"start":{"line":3852,"column":6},"end":{"line":3855,"column":9}},"1061":{"start":{"line":3860,"column":0},"end":{"line":3904,"column":2}},"1062":{"start":{"line":3864,"column":22},"end":{"line":3864,"column":32}},"1063":{"start":{"line":3865,"column":21},"end":{"line":3865,"column":29}},"1064":{"start":{"line":3867,"column":25},"end":{"line":3867,"column":70}},"1065":{"start":{"line":3869,"column":4},"end":{"line":3874,"column":5}},"1066":{"start":{"line":3870,"column":6},"end":{"line":3873,"column":9}},"1067":{"start":{"line":3876,"column":18},"end":{"line":3880,"column":5}},"1068":{"start":{"line":3882,"column":4},"end":{"line":3902,"column":7}},"1069":{"start":{"line":3883,"column":6},"end":{"line":3889,"column":7}},"1070":{"start":{"line":3884,"column":8},"end":{"line":3884,"column":55}},"1071":{"start":{"line":3885,"column":8},"end":{"line":3888,"column":11}},"1072":{"start":{"line":3891,"column":6},"end":{"line":3896,"column":7}},"
[...]
":2,"238":1,"239":1,"240":1,"241":14,"242":2,"243":2,"244":2,"245":1,"246":1,"247":1,"248":14,"249":5,"250":5,"251":5,"252":5,"253":1,"254":1,"255":1,"256":0,"257":0,"258":1,"259":1,"260":4,"261":3,"262":3,"263":3,"264":3,"265":1,"266":1,"267":2,"268":3,"269":1,"270":1,"271":1,"272":0,"273":0,"274":1,"275":14,"276":8,"277":8,"278":8,"279":8,"280":1,"281":1,"282":7,"283":1,"284":6,"285":6,"286":1,"287":5,"288":5,"289":5,"290":1,"291":1,"292":4,"293":1,"294":3,"295":3,"296":3,"297":2,"298":2,"299":1,"300":1,"301":1,"302":14,"303":4,"304":4,"305":1,"306":3,"307":3,"308":3,"309":0,"310":0,"311":3,"312":1,"313":2,"314":2,"315":2,"316":2,"317":1,"318":1,"319":1,"320":14,"321":1,"322":1,"323":1,"324":1,"325":0,"326":0,"327":1,"328":14,"329":5,"330":5,"331":5,"332":5,"333":5,"334":1,"335":1,"336":4,"337":4,"338":1,"339":1,"340":3,"341":3,"342":3,"343":3,"344":3,"345":3,"346":3,"347":1,"348":1,"349":2,"350":14,"351":2,"352":2,"353":2,"354":2,"355":1,"356":1,"357":1,"358":14,"359":8,"360":8,"361":8,"362":8,"363":8,"364":1,"365":7,"366":1,"367":6,"368":6,"369":6,"370":1,"371":1,"372":5,"373":1,"374":4,"375":4,"376":4,"377":4,"378":1,"379":1,"380":3,"381":1,"382":2,"383":2,"384":1,"385":2,"386":14,"387":11,"388":11,"389":11,"390":11,"391":11,"392":11,"393":11,"394":1,"395":10,"396":1,"397":9,"398":1,"399":8,"400":8,"401":8,"402":8,"403":8,"404":8,"405":1,"406":0,"407":1,"408":1,"409":8,"410":7,"411":1,"412":6,"413":6,"414":0,"415":6,"416":7,"417":7,"418":7,"419":1,"420":1,"421":6,"422":1,"423":5,"424":5,"425":5,"426":1,"427":1,"428":4,"429":4,"430":4,"431":4,"432":4,"433":1,"434":1,"435":3,"436":3,"437":1,"438":1,"439":2,"440":14,"441":12,"442":12,"443":12,"444":12,"445":12,"446":1,"447":11,"448":1,"449":10,"450":10,"451":10,"452":10,"453":10,"454":10,"455":2,"456":1,"457":1,"458":1,"459":9,"460":8,"461":0,"462":8,"463":8,"464":3,"465":5,"466":6,"467":6,"468":6,"469":1,"470":1,"471":5,"472":1,"473":4,"474":4,"475":4,"476":1,"477":1,"478":3,"479":14,"480":3,"481":3,"482":3,"483":3,"484":1,"485":1,"486":2,"487":14,"488":7,"489":7,"490":7,"491":7,"492":7,"493":7,"494":7,"495":7,"496":1,"497":1,"498":6,"499":1,"500":5,"501":5,"502":1,"503":4,"504":4,"505":4,"506":1,"507":1,"508":3,"509":3,"510":3,"511":3,"512":1,"513":1,"514":2,"515":2,"516":2,"517":2,"518":1,"519":1,"520":1,"521":1,"522":1,"523":1,"524":1,"525":0,"526":0,"527":0,"528":0,"529":14,"530":2,"531":2,"532":2,"533":2,"534":2,"535":2,"536":1,"537":1,"538":1,"539":14,"540":4,"541":4,"542":4,"543":4,"544":4,"545":4,"546":0,"547":0,"548":4,"549":4,"550":1,"551":1,"552":3,"553":3,"554":1,"555":1,"556":2,"557":2,"558":1,"559":1,"560":1,"561":1,"562":1,"563":1,"564":1,"565":14,"566":3,"567":3,"568":3,"569":3,"570":1,"571":1,"572":2,"573":2,"574":1,"575":1,"576":1,"577":1,"578":1,"579":14,"580":4,"581":4,"582":4,"583":1,"584":1,"585":3,"586":1,"587":2,"588":14,"589":3,"590":3,"591":3,"592":3,"593":3,"594":1,"595":1,"596":2,"597":14,"598":3,"599":1,"600":2,"601":2,"602":2,"603":2,"604":1,"605":1,"606":1,"607":14,"608":9,"609":9,"610":9,"611":1,"612":8,"613":8,"614":8,"615":1,"616":1,"617":7,"618":1,"619":6,"620":6,"621":1,"622":5,"623":1,"624":4,"625":4,"626":4,"627":1,"628":1,"629":3,"630":1,"631":2,"632":2,"633":2,"634":1,"635":1,"636":1,"637":14,"638":8,"639":8,"640":1,"641":7,"642":7,"643":7,"644":1,"645":6,"646":1,"647":5,"648":5,"649":0,"650":5,"651":5,"652":5,"653":0,"654":5,"655":1,"656":4,"657":4,"658":4,"659":4,"660":1,"661":3,"662":3,"663":1,"664":2,"665":2,"666":2,"667":2,"668":2,"669":2,"670":2,"671":1,"672":1,"673":1,"674":1,"675":1,"676":1,"677":14,"678":7,"679":7,"680":7,"681":1,"682":6,"683":6,"684":6,"685":1,"686":5,"687":1,"688":4,"689":1,"690":3,"691":3,"692":3,"693":1,"694":2,"695":14,"696":7,"697":7,"698":7,"699":1,"700":6,"701":1,"702":5,"703":1,"704":4,"705":4,"706":4,"707":1,"708":3,"709":1,"710":2,"711":0,"712":2,"713":2,"714":2,"715":0,"716":2,"717":2,"718":1,"719":1,"720":0,"721":1,"722":1,"723":0,"724":1,"725":2,"726":1,"727":1,"728":1,"729":0,"730":1,"731":1,"732":0,"733":1,"734":14,"735":7,"736":7,"737":1,"738":6,"739":6,"740":6,"741":0,"742":6,"743":1,"744":5,"745":5,"746":1,"747":4,"748":4,"749":1,"750":3,"751":3,"752":1,"753":2,"754":2,"755":1,"756":1,"757":14,"758":9,"759":9,"760":1,"761":8,"762":8,"763":8,"764":1,"765":7,"766":1,"767":6,"768":6,"769":1,"770":5,"771":5,"772":5,"773":1,"774":4,"775":4,"776":4,"777":4,"778":1,"779":3,"780":3,"781":1,"782":2,"783":2,"784":2,"785":2,"786":2,"787":2,"788":2,"789":1,"790":1,"791":1,"792":1,"793":1,"794":14,"795":14,"796":14,"797":14,"798":2,"799":12,"800":12,"801":12,"802":2,"803":10,"804":2,"805":8,"806":8,"807":2,"808":6,"809":6,"810":6,"811":1,"812":5,"813":5,"814":2,"815":3,"816":3,"817":3,"818":1,"819":2,"820":14,"821":11,"822":11,"823":11,"824":11,"825":1,"826":10,"827":10,"828":10,"829":1,"830":9,"831":2,"832":7,"833":7,"834":1,"835":6,"836":6,"837":6,"838":0,"839":6,"840":1,"841":5,"842":5,"843":5,"844":5,"845":0,"846":5,"847":5,"848":1,"849":4,"850":4,"851":4,"852":4,"853":4,"854":4,"855":4,"856":0,"857":4,"858":4,"859":4,"860":4,"861":4,"862":4,"863":4,"864":4,"865":4,"866":4,"867":4,"868":4,"869":4,"870":3,"871":3,"872":3,"873":3,"874":3,"875":3,"876":4,"877":1,"878":1,"879":0,"880":0,"881":4,"882":4,"883":4,"884":4,"885":4,"886":4,"887":4,"888":0,"889":4,"890":4,"891":4,"892":1,"893":3,"894":3,"895":3,"896":1,"897":2,"898":14,"899":13,"900":13,"901":13,"902":2,"903":11,"904":11,"905":11,"906":2,"907":9,"908":9,"909":9,"910":3,"911":6,"912":6,"913":14,"914":3,"915":3,"916":0,"917":3,"918":3,"919":3,"920":0,"921":3,"922":0,"923":3,"924":1,"925":2,"926":2,"927":2,"928":1,"929":1,"930":14,"931":0,"932":0,"933":0,"934":0,"935":0,"936":0,"937":14,"938":4,"939":4,"940":2,"941":2,"942":2,"943":2,"944":1,"945":1,"946":1,"947":14,"948":5,"949":5,"950":5,"951":5,"952":5,"953":1,"954":1,"955":4,"956":1,"957":3,"958":3,"959":1,"960":1,"961":2,"962":14,"963":6,"964":6,"965":6,"966":6,"967":1,"968":5,"969":1,"970":4,"971":4,"972":4,"973":1,"974":1,"975":3,"976":1,"977":2,"978":2,"979":2,"980":2,"981":1,"982":1,"983":1,"984":1,"985":1,"986":1,"987":0,"988":0,"989":0,"990":0,"991":14,"992":4,"993":4,"994":1,"995":3,"996":3,"997":3,"998":3,"999":1,"1000":1,"1001":2,"1002":1,"1003":1,"1004":14,"1005":5,"1006":5,"1007":5,"1008":5,"1009":5,"1010":5,"1011":1,"1012":1,"1013":4,"1014":4,"1015":1,"1016":1,"1017":3,"1018":3,"1019":1,"1020":1,"1021":2,"1022":2,"1023":1,"1024":1,"1025":1,"1026":14,"1027":3,"1028":3,"1029":3,"1030":1,"1031":1,"1032":2,"1033":14,"1034":3,"1035":3,"1036":3,"1037":3,"1038":1,"1039":1,"1040":2,"1041":1,"1042":1,"1043":1,"1044":14,"1045":3,"1046":3,"1047":3,"1048":3,"1049":1,"1050":1,"1051":2,"1052":1,"1053":1,"1054":14,"1055":2,"1056":2,"1057":2,"1058":1,"1059":1,"1060":1,"1061":14,"1062":4,"1063":4,"1064":4,"1065":4,"1066":1,"1067":3,"1068":3,"1069":3,"1070":1,"1071":1,"1072":2,"1073":1,"1074":1,"1075":14,"1076":3,"1077":3,"1078":1,"1079":2,"1080":2,"1081":2,"1082":1,"1083":1,"1084":1,"1085":14,"1086":2,"1087":2,"1088":2,"1089":1,"1090":1,"1091":1,"1092":14,"1093":11,"1094":11,"1095":11,"1096":11,"1097":1,"1098":10,"1099":10,"1100":10,"1101":10,"1102":1,"1103":1,"1104":9,"1105":1,"1106":8,"1107":8,"1108":8,"1109":3,"1110":3,"1111":3,"1112":1,"1113":1,"1114":2,"1115":1,"1116":1,"1117":1,"1118":1,"1119":1,"1120":0,"1121":1,"1122":1,"1123":3,"1124":5,"1125":5,"1126":5,"1127":1,"1128":1,"1129":4,"1130":1,"1131":3,"1132":1,"1133":2,"1134":2,"1135":2,"1136":0,"1137":0,"1138":2,"1139":1,"1140":1,"1141":1,"1142":1,"1143":0,"1144":0,"1145":1,"1146":1,"1147":1,"1148":0,"1149":0,"1150":1,"1151":1,"1152":1,"1153":1,"1154":14,"1155":2,"1156":2,"1157":2,"1158":2,"1159":2,"1160":0,"1161":0,"1162":2,"1163":1,"1164":1,"1165":14,"1166":3,"1167":3,"1168":3,"1169":3,"1170":3,"1171":3,"1172":3,"1173":0,"1174":0,"1175":3,"1176":3,"1177":0,"1178":0,"1179":3,"1180":3,"1181":0,"1182":0,"1183":3,"1184":3,"1185":0,"1186":0,"1187":3,"1188":1,"1189":2,"1190":14,"1191":7,"1192":7,"1193":7,"1194":1,"1195":6,"1196":6,"1197":6,"1198":1,"1199":5,"1200":5,"1201":1,"1202":1,"1203":4,"1204":1,"1205":3,"1206":3,"1207":3,"1208":1,"1209":1,"1210":2,"1211":2,"1212":1,"1213":1,"1214":1,"1215":0,"1216":0,"1217":14,"1218":3,"1219":3,"1220":3,"1221":0,"1222":0,"1223":3,"1224":0,"1225":3,"1226":3,"1227":3,"1228":3,"1229":3,"1230":3,"1231":3,"1232":0,"1233":0,"1234":3,"1235":3,"1236":1,"1237":1,"1238":2,"1239":2,"1240":1,"1241":1,"1242":1,"1243":14,"1244":3,"1245":3,"1246":3,"1247":1,"1248":1,"1249":2,"1250":1,"1251":1,"1252":1,"1253":1,"1254":1,"1255":0,"1256":0,"1257":1,"1258":1,"1259":14,"1260":0,"1261":0,"1262":0,"1263":0,"1264":0,"1265":0,"1266":0,"1267":0,"1268":0,"1269":0,"1270":0,"1271":0,"1272":0,"1273":0,"1274":0,"1275":14,"1276":0,"1277":0,"1278":0,"1279":0,"1280":0,"1281":0,"1282":14,"1283":6,"1284":6,"1285":6,"1286":6,"1287":1,"1288":5,"1289":5,"1290":5,"1291":1,"1292":1,"1293":4,"1294":0,"1295":4,"1296":4,"1297":4,"1298":4,"1299":0,"1300":0,"1301":4,"1302":1,"1303":3,"1304":3,"1305":3,"1306":0,"1307":0,"1308":3,"1309":1,"1310":2,"1311":2,"1312":2,"1313":1,"1314":1,"1315":1,"1316":0,"1317":1,"1318":1,"1319":0,"1320":1,"1321":14,"1322":5,"1323":5,"1324":5,"1325":2,"1326":2,"1327":3,"1328":14,"1329":3,"1330":3,"1331":3,"1332":2,"1333":2,"1334":1,"1335":14,"1336":5,"1337":5,"1338":2,"1339":3,"1340":3,"1341":3,"1342":1,"1343":1,"1344":2,"1345":1,"1346":1,"1347":14,"1348":2,"1349":2,"1350":2,"1351":1,"1352":1,"1353":1,"1354":14,"1355":3,"1356":3,"1357":3,"1358":3,"1359":1,"1360":2,"1361":2,"1362":2,"1363":0,"1364":0,"1365":2,"1366":1,"1367":1,"1368":1,"1369":1,"1370":1,"1371":1,"1372":1,"1373":0,"1374":0,"1375":0,"1376":0,"1377":0,"1378":0,"1379":0,"1380":0,"1381":0,"1382":0,"1383":0,"1384":0,"1385":0,"1386":0,"1387":0,"1388":0,"1389":0,"1390":0,"1391":0,"1392":0,"1393":0,"1394":0,"1395":0,"1396":0,"1397":0,"1398":0,"1399":0,"1400":0,"1401":0,"1402":0,"1403":0,"1404":0,"1405":0,"1406":0,"1407":0,"1408":0,"1409":0,"1410":14,"1411":0,"1412":0,"1413":0,"1414":0,"1415":0,"1416":0,"1417":0,"1418":0,"1419":0,"1420":0,"1421":0,"1422":0,"1423":0,"1424":0,"1425":0,"1426":0,"1427":0,"1428":0,"1429":0,"1430":0,"1431":0,"1432":0,"1433":0,"1434":0,"1435":0,"1436":0,"1437":0,"1438":0,"1439":0,"1440":0,"1441":0,"1442":0,"1443":0,"1444":0,"1445":0,"1446":14,"1447":0,"1448":14,"1449":0,"1450":0,"1451":0,"1452":0,"1453":0,"1454":0,"1455":0,"1456":0,"1457":0,"1458":0,"1459":0,"1460":0,"1461":0,"1462":0,"1463":0,"1464":0,"1465":0,"1466":0,"1467":0,"1468":0,"1469":0,"1470":0,"1471":14,"1472":0,"1473":0,"1474":0,"1475":0,"1476":0,"1477":0,"1478":0,"1479":14,"1480":14,"1481":0,"1482":14,"1483":0,"1484":0,"1485":14,"1486":14,"1487":14},"f":{"0":1,"1":298,"2":574,"3":233,"4":24,"5":24,"6":3,"7":3,"8":2,"9":11,"10":4,"11":4,"12":4,"13":3,"14":28,"15":7,"16":7,"17":4,"18":8,"19":5,"20":1,"21":6,"22":6,"23":2,"24":2,"25":5,"26":5,"27":3,"28":7,"29":5,"30":3,"31":2,"32":11,"33":5,"34":2,"35":2,"36":2,"37":2,"38":5,"39":1,"40":3,"41":1,"42":8,"43":8,"44":5,"45":3,"46":4,"47":3,"48":2,"49":1,"50":1,"51":5,"52":5,"53":4,"54":3,"55":2,"56":2,"57":8,"58":6,"59":4,"60":2,"61":11,"62":7,"63":5,"64":4,"65":3,"66":12,"67":6,"68":4,"69":3,"70":3,"71":7,"72":7,"73":4,"74":3,"75":2,"76":1,"77":0,"78":2,"79":2,"80":4,"81":4,"82":4,"83":3,"84":2,"85":3,"86":3,"87":2,"88":4,"89":4,"90":3,"91":3,"92":3,"93":2,"94":9,"95":8,"96":4,"97":2,"98":8,"99":7,"100":5,"101":4,"102":2,"103":2,"104":2,"105":1,"106":1,"107":7,"108":6,"109":3,"110":7,"111":4,"112":2,"113":1,"114":2,"115":1,"116":1,"117":7,"118":6,"119":4,"120":3,"121":2,"122":9,"123":8,"124":5,"125":4,"126":2,"127":2,"128":2,"129":1,"130":1,"131":14,"132":12,"133":6,"134":3,"135":11,"136":10,"137":6,"138":5,"139":4,"140":4,"141":4,"142":4,"143":3,"144":4,"145":4,"146":3,"147":13,"148":11,"149":9,"150":3,"151":3,"152":2,"153":0,"154":0,"155":4,"156":2,"157":5,"158":5,"159":3,"160":6,"161":4,"162":2,"163":1,"164":0,"165":4,"166":3,"167":5,"168":5,"169":4,"170":3,"171":2,"172":3,"173":3,"174":3,"175":3,"176":1,"177":3,"178":3,"179":2,"180":2,"181":4,"182":3,"183":3,"184":2,"185":2,"186":2,"187":11,"188":10,"189":3,"190":1,"191":5,"192":2,"193":1,"194":1,"195":1,"196":1,"197":2,"198":2,"199":3,"200":3,"201":3,"202":3,"203":3,"204":7,"205":5,"206":3,"207":2,"208":3,"209":3,"210":3,"211":3,"212":2,"213":3,"214":3,"215":1,"216":1,"217":0,"218":0,"219":0,"220":0,"221":0,"222":0,"223":6,"224":5,"225":4,"226":3,"227":2,"228":1,"229":5,"230":5,"231":3,"232":3,"233":5,"234":3,"235":2,"236":2,"237":3,"238":2,"239":0,"240":0,"241":0,"242":0,"243":0,"244":0,"245":0,"246":0,"247":0,"248":0,"249":0,"250":0,"251":0,"252":0,"253":0,"254":0,"255":0,"256":0,"257":0,"258":0,"259":0,"260":0},"b":{"0":[14,0],"1":[0,14],"2":[1,0],"3":[5,293],"4":[298,293],"5":[0,233],"6":[56,177],"7":[7,170],"8":[3,17],"9":[6,17],"10":[23,20],"11":[3,3],"12":[3,1],"13":[5,1],"14":[3,15],"15":[2,1],"16":[3,13],"17":[2,1],"18":[1,2],"19":[2,0],"20":[2,1],"21":[0,2],"22":[1,10],"23":[10,0],"24":[10,7],"25":[3,7],"26":[2,5],"27":[2,3],"28":[5,4],"29":[1,2],"30":[1,1],"31":[4,1],"32":[1,3],"33":[3,2],"34":[28,0],"35":[28,0],"36":[1,27],"37":[27,26],"38":[26,0],"39":[14,0],"40":[0,14],"41":[0],"42":[4,3,2],"43":[3,1],"44":[0],"45":[0],"46":[5,0],"47":[1,5],"48":[1,4],"49":[5,5],"50":[1,3],"51":[1,2],"52":[1,1],"53":[1,0],"54":[1,0],"55":[1,1],"56":[1,1],"57":[1,1],"58":[1,1],"59":[1,1],"60":[1,0],"61":[1,1],"62":[0,1],"63":[1,1],"64":[1,0],"65":[1,0],"66":[1,1],"67":[1,1],"68":[1,1],"69":[1,1],"70":[1,1],"71":[0,5],"72":[1,4],"73":[5,5],"74":[1,3],"75":[1,2],"76":[1,6],"77":[7,6,6],"78":[6,0],"79":[1,5],"80":[1,4],"81":[1,3],"82":[4,4],"83":[1,2],"84":[1,1],"85":[1,10],"86":[11,10],"87":[10,0],"88":[1,9],"89":[9,9],"90":[9,7],"91":[0,9],"92":[2,7],"93":[1,1],"94":[7,1],"95":[1,6],"96":[2,4],"97":[5,5],"98":[5,5],"99":[5,5],"100":[5,5],"101":[1,4],"102":[1,1,0],"103":[4,4],"104":[4,4],"105":[4,4],"106":[4,4],"107":[0,2],"108":[2,2],"109":[1,1],"110":[1,0],"111":[1,1],"112":[1,0],"113":[1,4],"114":[0,1],"115":[1,0],"116":[3,1],"117":[4,2,1],"118":[2,1],"119":[1,0],"120":[1,2],"121":[2,0],"122":[0,1],"123":[1,0],"124":[1,7],"125":[1,6],"126":[7,7],"127":[1,5],"128":[1,4],"129":[1,3],"130":[4,4],"131":[2,1],"132":[1,1],"133":[1,3],"134":[4,3],"135":[0,3],"136":[1,2],"137":[3,3],"138":[1,1],"139":[1,0],"140":[0,1],"141":[1,4],"142":[1,3],"143":[3,0],"144":[3,0],"145":[3,0],"146":[3,3],"147":[1,2],"148":[1,2],"149":[1,1],"150":[1,1],"151":[1,0],"152":[1,7],"153":[8,7],"154":[1,6],"155":[7,7],"156":[1,5],"157":[1,4],"158":[5,5],"159":[4,2],"160":[4,2],"161":[1,3],"162":[1,2],"163":[3,3],"164":[2,0],"165":[2,0],"166":[1,1],"167":[11,1],"168":[11,0],"169":[11,10],"170":[11,1],"171":[11,3],"172":[1,10],"173":[11,10],"174":[1,9],"175":[10,9],"176":[1,8],"177":[8,6],"178":[1,7],"179":[0,1],"180":[1,0],"181":[0,0],"182":[0,0],"183":[0,0],"184":[7,1],"185":[1,6],"186":[0,6],"187":[1,6],"188":[1,5],"189":[6,6],"190":[1,4],"191":[4,0],"192":[1,3],"193":[1,2],"194":[0,2],"195":[12,9],"196":[12,0],"197":[12,3],"198":[1,11],"199":[12,11],"200":[1,10],"201":[10,9],"202":[2,8],"203":[1,1],"204":[8,1],"205":[0,8],"206":[3,5],"207":[1,5],"208":[1,4],"209":[5,5],"210":[1,3],"211":[1,2],"212":[2,0],"213":[7,7],"214":[0,7],"215":[0,7],"216":[0,0],"217":[1,6],"218":[1,5],"219":[6,6],"220":[1,4],"221":[1,3],"222":[3,0],"223":[1,2],"224":[2,0],"225":[1,1],"226":[1,0],"227":[1,0],"228":[1,0],"229":[1,1],"230":[0,0],"231":[0,0],"232":[1,1],"233":[1,0],"234":[0,4],"235":[1,3],"236":[1,2],"237":[1,1],"238":[1,0],"239":[1,0],"240":[1,0],"241":[1,0],"242":[1,0],"243":[1,0],"244":[1,2],"245":[1,1],"246":[1,0],"247":[1,0],"248":[1,0],"249":[1,3],"250":[1,2],"251":[3,3],"252":[3,2],"253":[3,0],"254":[3,1],"255":[3,1],"256":[1,2],"257":[1,2],"258":[1,1],"259":[1,8],"260":[9,8],"261":[1,7],"262":[1,6],"263":[7,7],"264":[1,5],"265":[1,4],"266":[1,3],"267":[1,2],"268":[3,3],"269":[2,0],"270":[1,1],"271":[1,0],"272":[1,7],"273":[8,7],"274":[1,6],"275":[1,5],"276":[6,6],"277":[0,5],"278":[0,5],"279":[1,4],"280":[5,5],"281":[1,3],"282":[3,0],"283":[1,2],"284":[1,1],"285":[1,0],"286":[1,6],"287":[7,6],"288":[1,5],"289":[1,4],"290":[5,5],"291":[1,3],"292":[3,0],"293":[3,2],"294":[3,2],"295":[1,2],"296":[1,2],"297":[1,2],"298":[6],"299":[1,6],"300":[7,6],"301":[1,5],"302":[1,4],"303":[5,1],"304":[1,3],"305":[1,2],"306":[3,3],"307":[0,2],"308":[2,0],"309":[2,0],"310":[1,1],"311":[1,0],"312":[0,2],"313":[1,1],"314":[0,1],"315":[0,1],"316":[1,1],"317":[2,0],"318":[1,1],"319":[2,0],"320":[0,1],"321":[0,1],"322":[1,6],"323":[7,6],"324":[0,6],"325":[1,5],"326":[6,6],"327":[1,4],"328":[1,3],"329":[1,2],"330":[1,1],"331":[1,8],"332":[9,8],"333":[1,7],"334":[1,6],"335":[7,7],"336":[1,5],"337":[1,4],"338":[4,3],"339":[1,3],"340":[3,0],"341":[1,2],"342":[1,1],"343":[1,0],"344":[2,12],"345":[14,12],"346":[2,10],"347":[2,8],"348":[10,10],"349":[2,6],"350":[1,5],"351":[5,3],"352":[2,3],"353":[5,2,2],"354":[1,2],"355":[10,1],"356":[1,10],"357":[11,10],"358":[1,9],"359":[2,7],"360":[9,9],"361":[1,6],"362":[0,6],"363":[1,5],"364":[6,6],"365":[0,5],"366":[5,0],"367":[1,4],"368":[0,4],"369":[4,0],"370":[4,0],"371":[4,0],"372":[3,1],"373":[4,1],"374":[3,0],"375":[3,3],"376":[3,0],"377":[3,3,3],"378":[3,0],"379":[1,3],"380":[1,0],"381":[0,1],"382":[0,0],"383":[4,0],"384":[3,1],"385":[4,2],"386":[0,4],"387":[1,3],"388":[1,2],"389":[2,11],"390":[13,12],"391":[2,9],"392":[3,6],"393":[9,8,8],"394":[6,2],"395":[0,3],"396":[3,3],"397":[0,3],"398":[0,3],"399":[3,3],"400":[1,2],"401":[1,1],"402":[1,0],"403":[0,0],"404":[0,0],"405":[2,2],"406":[4,3],"407":[1,1],"408":[1,4],"409":[1,3],"410":[4,4],"411":[1,2],"412":[2,1],"413":[6,0],"414":[1,5],"415":[6,5],"416":[1,4],"417":[1,3],"418":[1,2],"419":[3,3],"420":[2,0],"421":[1,1],"422":[1,0],"423":[1,0],"424":[1,1],"425":[0,0],"426":[1,3],"427":[1,2],"428":[1,1],"429":[2,2],"430":[1,4],"431":[1,3],"432":[1,2],"433":[1,1],"434":[1,0],"435":[1,0],"436":[1,0],"437":[1,0],"438":[1,2],"439":[2,0],"440":[1,2],"441":[1,1],"442":[2,2],"443":[1,2],"444":[1,1],"445":[2,2],"446":[1,1],"447":[1,0],"448":[1,3],"449":[1,2],"450":[1,1],"451":[2,2],"452":[1,2],"453":[3,2],"454":[2,2],"455":[1,1],"456":[1,1],"457":[1,1],"458":[1,0],"459":[1,10],"460":[11,10],"461":[7,3],"462":[10,7],"463":[1,9],"464":[1,8],"465":[9,9],"466":[8,0],"467":[3,5],"468":[3,5],"469":[1,2],"470":[1,1],"471":[1,0],"472":[1,4],"473":[1,3],"474":[4,4],"475":[1,2],"476":[0,2],"477":[1,1],"478":[0,1],"479":[0,1],"480":[1,0],"481":[1,1],"482":[2,0],"483":[0,2],"484":[1,1],"485":[2,2],"486":[0,3],"487":[0,3],"488":[0,3],"489":[0,3],"490":[1,2],"491":[3,3],"492":[1,6],"493":[7,6,6,6],"494":[1,5],"495":[1,4],"496":[1,3],"497":[4,4],"498":[1,2],"499":[2,1],"500":[1,1],"501":[0,3],"502":[0,3],"503":[3,3],"504":[0,3],"505":[1,2],"506":[1,1],"507":[1,0],"508":[1,0],"509":[1,0],"510":[1,2],"511":[1,1],"512":[2,2],"513":[0,1],"514":[1,0],"515":[1,0],"516":[0,0],"517":[0,0],"518":[0,0],"519":[0,0],"520":[0,0],"521":[0,0],"522":[0,0],"523":[0,0],"524":[6,1],"525":[1,5],"526":[6,5,5],"527":[1,4],"528":[0,4],"529":[4,4],"530":[0,4],"531":[1,3],"532":[4,4],"533":[0,3],"534":[1,2],"535":[3,3],"536":[1,1],"537":[1,0],"538":[0,1],"539":[2,3],"540":[3,1],"541":[2,1],"542":[1,0],"543":[2,3],"544":[5,3],"545":[1,2],"546":[1,1],"547":[2,2],"548":[1,1],"549":[3,0],"550":[1,2],"551":[3,2],"552":[0,2],"553":[1,1],"554":[2,2],"555":[1,0],"556":[1,0],"557":[1,1],"558":[0,0],"559":[0,0],"560":[0,0],"561":[0,0],"562":[0,0],"563":[0,0],"564":[0,0],"565":[0,0],"566":[0,0],"567":[0,0],"568":[0,0],"569":[0,0],"570":[0,0],"571":[0,0],"572":[0,0],"573":[0,0],"574":[0,0],"575":[0,0],"576":[0,0],"577":[0,0],"578":[0,0],"579":[0,0],"580":[0,0],"581":[0,0],"582":[0],"583":[0],"584":[0,0],"585":[0,0],"586":[0,0],"587":[0,0],"588":[0,0],"589":[0,0],"590":[0,0],"591":[0,0],"592":[0,0],"593":[0,0,0],"594":[0,0],"595":[0,0],"596":[0,0],"597":[0,0],"598":[0,0],"599":[0,0],"600":[0,0],"601":[0,0],"602":[0,0],"603":[0,0],"604":[0,0],"605":[0,0],"606":[0,14],"607":[14,0]},"_coverageSchema":"1a1c01bbd47fc00a2c39e90264f33305004495a9","hash":"5a3e64b4f6c18c39a1694147056c09d910afc884"}
}
