TN:
SF:dbms.js
FN:20,(anonymous_0)
FN:26,(anonymous_1)
FNF:2
FNH:2
FNDA:3,(anonymous_0)
FNDA:3,(anonymous_1)
DA:6,3
DA:8,3
DA:18,3
DA:20,3
DA:21,3
DA:22,1
DA:23,1
DA:26,3
DA:27,3
DA:28,1
DA:29,1
DA:32,2
LF:12
LH:12
BRDA:21,0,0,1
BRDA:21,0,1,2
BRDA:27,1,0,1
BRDA:27,1,1,2
BRF:4
BRH:4
end_of_record
TN:
SF:server.js
FN:24,createToken
FN:36,authenticateToken
FN:60,authorizeRoles
FN:61,(anonymous_3)
FN:84,normalizeResourceUrl
FN:98,getEmbedUrl
FN:141,recalculateCourseCounts
FN:150,(anonymous_7)
FN:164,(anonymous_8)
FN:174,detectUploadedFileType
FN:207,normalizeQuizText
FN:214,recalculateQuizTotalPoints
FN:221,(anonymous_12)
FN:229,(anonymous_13)
FN:234,canManageModuleQuiz
FN:265,(anonymous_15)
FN:268,(anonymous_16)
FN:277,extractYouTubeId
FN:285,getUserWithProfileByEmail
FN:311,createNotification
FN:342,(anonymous_20)
FN:346,(anonymous_21)
FN:349,(anonymous_22)
FN:413,(anonymous_23)
FN:414,(anonymous_24)
FN:450,(anonymous_25)
FN:455,(anonymous_26)
FN:478,(anonymous_27)
FN:493,(anonymous_28)
FN:518,(anonymous_29)
FN:539,(anonymous_30)
FN:551,(anonymous_31)
FN:587,(anonymous_32)
FN:697,(anonymous_33)
FN:731,(anonymous_34)
FN:759,(anonymous_35)
FN:776,(anonymous_36)
FN:797,(anonymous_37)
FN:813,(anonymous_38)
FN:838,(anonymous_39)
FN:900,(anonymous_40)
FN:934,(anonymous_41)
FN:953,(anonymous_42)
FN:963,(anonymous_43)
FN:994,(anonymous_44)
FN:1025,(anonymous_45)
FN:1053,(anonymous_46)
FN:1084,(anonymous_47)
FN:1121,(anonymous_48)
FN:1144,(anonymous_49)
FN:1155,(anonymous_50)
FN:1175,(anonymous_51)
FN:1196,(anonymous_52)
FN:1208,(anonymous_53)
FN:1245,(anonymous_54)
FN:1277,(anonymous_55)
FN:1304,(anonymous_56)
FN:1324,(anonymous_57)
FN:1360,(anonymous_58)
FN:1392,(anonymous_59)
FN:1417,(anonymous_60)
FN:1438,(anonymous_61)
FN:1523,(anonymous_62)
FN:1545,(anonymous_63)
FN:1587,(anonymous_64)
FN:1596,(anonymous_65)
FN:1634,(anonymous_66)
FN:1702,(anonymous_67)
FN:1741,(anonymous_68)
FN:1772,(anonymous_69)
FN:1795,(anonymous_70)
FN:1816,(anonymous_71)
FN:1835,(anonymous_72)
FN:1866,(anonymous_73)
FN:1883,(anonymous_74)
FN:1921,(anonymous_75)
FN:1929,(anonymous_76)
FN:1967,(anonymous_77)
FN:1982,(anonymous_78)
FN:2070,(anonymous_79)
FN:2089,(anonymous_80)
FN:2129,(anonymous_81)
FN:2141,(anonymous_82)
FN:2153,(anonymous_83)
FN:2165,(anonymous_84)
FN:2207,(anonymous_85)
FN:2232,(anonymous_86)
FN:2241,(anonymous_87)
FN:2266,(anonymous_88)
FN:2284,(anonymous_89)
FN:2307,(anonymous_90)
FN:2333,(anonymous_91)
FN:2349,(anonymous_92)
FN:2361,(anonymous_93)
FN:2381,(anonymous_94)
FN:2399,(anonymous_95)
FN:2438,(anonymous_96)
FN:2471,(anonymous_97)
FN:2504,(anonymous_98)
FN:2521,(anonymous_99)
FN:2546,(anonymous_100)
FN:2564,(anonymous_101)
FN:2577,(anonymous_102)
FN:2578,(anonymous_103)
FN:2587,(anonymous_104)
FN:2593,(anonymous_105)
FN:2595,(anonymous_106)
FN:2615,(anonymous_107)
FN:2637,(anonymous_108)
FN:2671,(anonymous_109)
FN:2686,(anonymous_110)
FN:2717,(anonymous_111)
FN:2743,(anonymous_112)
FN:2751,(anonymous_113)
FN:2766,(anonymous_114)
FN:2780,(anonymous_115)
FN:2785,(anonymous_116)
FN:2801,(anonymous_117)
FN:2817,(anonymous_118)
FN:2831,(anonymous_119)
FN:2837,(anonymous_120)
FN:2840,(anonymous_121)
FN:2857,(anonymous_122)
FN:2882,(anonymous_123)
FN:2904,(anonymous_124)
FN:2918,(anonymous_125)
FN:2929,(anonymous_126)
FN:2930,(anonymous_127)
FN:2939,(anonymous_128)
FN:2942,(anonymous_129)
FN:2944,(anonymous_130)
FN:2966,(anonymous_131)
FN:2982,(anonymous_132)
FN:3001,(anonymous_133)
FN:3028,(anonymous_134)
FN:3048,(anonymous_135)
FN:3064,(anonymous_136)
FN:3082,(anonymous_137)
FN:3097,(anonymous_138)
FN:3105,(anonymous_139)
FN:3106,(anonymous_140)
FN:3114,(anonymous_141)
FN:3126,(anonymous_142)
FN:3139,(anonymous_143)
FN:3185,(anonymous_144)
FN:3195,(anonymous_145)
FN:3214,(anonymous_146)
FN:3245,(anonymous_147)
FN:3259,(anonymous_148)
FN:3271,(anonymous_149)
FN:3291,(anonymous_150)
FN:3305,(anonymous_151)
FN:3332,(anonymous_152)
FN:3348,(anonymous_153)
FN:3364,(anonymous_154)
FN:3380,(anonymous_155)
FN:3398,(anonymous_156)
FN:3416,(anonymous_157)
FN:3451,(anonymous_158)
FN:3467,(anonymous_159)
FN:3487,(anonymous_160)
FN:3513,(anonymous_161)
FN:3541,(anonymous_162)
FN:3550,(anonymous_163)
FN:3574,(anonymous_164)
FN:3590,(anonymous_165)
FN:3618,(anonymous_166)
FN:3646,(anonymous_167)
FN:3659,(anonymous_168)
FN:3665,(anonymous_169)
FN:3671,(anonymous_170)
FN:3677,(anonymous_171)
FN:3702,(anonymous_172)
FN:3719,(anonymous_173)
FN:3739,(anonymous_174)
FN:3754,(anonymous_175)
FN:3777,(anonymous_176)
FN:3790,(anonymous_177)
FN:3803,(anonymous_178)
FN:3830,(anonymous_179)
FN:3843,(anonymous_180)
FN:3863,(anonymous_181)
FN:3882,(anonymous_182)
FN:3909,(anonymous_183)
FN:3924,(anonymous_184)
FN:3949,(anonymous_185)
FN:3962,(anonymous_186)
FN:3983,(anonymous_187)
FN:4008,(anonymous_188)
FN:4040,(anonymous_189)
FN:4060,(anonymous_190)
FN:4098,(anonymous_191)
FN:4132,(anonymous_192)
FN:4157,(anonymous_193)
FN:4175,(anonymous_194)
FN:4191,(anonymous_195)
FN:4204,(anonymous_196)
FN:4225,(anonymous_197)
FN:4235,(anonymous_198)
FN:4262,(anonymous_199)
FN:4285,(anonymous_200)
FN:4294,(anonymous_201)
FN:4303,(anonymous_202)
FN:4312,(anonymous_203)
FN:4342,(anonymous_204)
FN:4366,(anonymous_205)
FN:4387,(anonymous_206)
FN:4402,(anonymous_207)
FN:4437,(anonymous_208)
FN:4445,(anonymous_209)
FN:4484,(anonymous_210)
FN:4493,(anonymous_211)
FN:4502,(anonymous_212)
FN:4531,(anonymous_213)
FN:4539,(anonymous_214)
FN:4585,(anonymous_215)
FN:4596,(anonymous_216)
FN:4612,(anonymous_217)
FN:4620,(anonymous_218)
FN:4660,(anonymous_219)
FN:4671,(anonymous_220)
FN:4687,(anonymous_221)
FN:4702,(anonymous_222)
FN:4722,(anonymous_223)
FN:4741,(anonymous_224)
FN:4771,(anonymous_225)
FN:4794,(anonymous_226)
FN:4824,(anonymous_227)
FN:4851,(anonymous_228)
FN:4874,(anonymous_229)
FN:4883,(anonymous_230)
FN:4899,(anonymous_231)
FN:4907,(anonymous_232)
FN:4923,(anonymous_233)
FN:4941,(anonymous_234)
FN:4964,(anonymous_235)
FN:4973,(anonymous_236)
FN:4996,(anonymous_237)
FN:5015,(anonymous_238)
FN:5052,(anonymous_239)
FN:5061,(anonymous_240)
FN:5068,(anonymous_241)
FN:5077,(anonymous_242)
FN:5082,(anonymous_243)
FN:5088,(anonymous_244)
FN:5101,(anonymous_245)
FN:5107,(anonymous_246)
FN:5121,(anonymous_247)
FN:5153,(anonymous_248)
FN:5172,(anonymous_249)
FN:5208,(anonymous_250)
FN:5222,(anonymous_251)
FN:5238,(anonymous_252)
FN:5261,(anonymous_253)
FN:5267,(anonymous_254)
FN:5304,(anonymous_255)
FN:5316,(anonymous_256)
FN:5341,(anonymous_257)
FN:5344,(anonymous_258)
FN:5364,(anonymous_259)
FN:5369,(anonymous_260)
FNF:261
FNH:229
FNDA:1,createToken
FNDA:298,authenticateToken
FNDA:574,authorizeRoles
FNDA:233,(anonymous_3)
FNDA:24,normalizeResourceUrl
FNDA:24,getEmbedUrl
FNDA:3,recalculateCourseCounts
FNDA:3,(anonymous_7)
FNDA:2,(anonymous_8)
FNDA:11,detectUploadedFileType
FNDA:4,normalizeQuizText
FNDA:4,recalculateQuizTotalPoints
FNDA:4,(anonymous_12)
FNDA:3,(anonymous_13)
FNDA:28,canManageModuleQuiz
FNDA:7,(anonymous_15)
FNDA:7,(anonymous_16)
FNDA:4,extractYouTubeId
FNDA:8,getUserWithProfileByEmail
FNDA:5,createNotification
FNDA:1,(anonymous_20)
FNDA:6,(anonymous_21)
FNDA:6,(anonymous_22)
FNDA:2,(anonymous_23)
FNDA:2,(anonymous_24)
FNDA:5,(anonymous_25)
FNDA:5,(anonymous_26)
FNDA:3,(anonymous_27)
FNDA:7,(anonymous_28)
FNDA:5,(anonymous_29)
FNDA:3,(anonymous_30)
FNDA:2,(anonymous_31)
FNDA:11,(anonymous_32)
FNDA:5,(anonymous_33)
FNDA:2,(anonymous_34)
FNDA:2,(anonymous_35)
FNDA:2,(anonymous_36)
FNDA:2,(anonymous_37)
FNDA:5,(anonymous_38)
FNDA:1,(anonymous_39)
FNDA:3,(anonymous_40)
FNDA:1,(anonymous_41)
FNDA:8,(anonymous_42)
FNDA:8,(anonymous_43)
FNDA:5,(anonymous_44)
FNDA:3,(anonymous_45)
FNDA:4,(anonymous_46)
FNDA:3,(anonymous_47)
FNDA:2,(anonymous_48)
FNDA:1,(anonymous_49)
FNDA:1,(anonymous_50)
FNDA:5,(anonymous_51)
FNDA:5,(anonymous_52)
FNDA:4,(anonymous_53)
FNDA:3,(anonymous_54)
FNDA:2,(anonymous_55)
FNDA:2,(anonymous_56)
FNDA:8,(anonymous_57)
FNDA:6,(anonymous_58)
FNDA:4,(anonymous_59)
FNDA:2,(anonymous_60)
FNDA:11,(anonymous_61)
FNDA:7,(anonymous_62)
FNDA:5,(anonymous_63)
FNDA:4,(anonymous_64)
FNDA:3,(anonymous_65)
FNDA:12,(anonymous_66)
FNDA:6,(anonymous_67)
FNDA:4,(anonymous_68)
FNDA:3,(anonymous_69)
FNDA:3,(anonymous_70)
FNDA:7,(anonymous_71)
FNDA:7,(anonymous_72)
FNDA:4,(anonymous_73)
FNDA:3,(anonymous_74)
FNDA:2,(anonymous_75)
FNDA:1,(anonymous_76)
FNDA:0,(anonymous_77)
FNDA:2,(anonymous_78)
FNDA:2,(anonymous_79)
FNDA:4,(anonymous_80)
FNDA:4,(anonymous_81)
FNDA:4,(anonymous_82)
FNDA:3,(anonymous_83)
FNDA:2,(anonymous_84)
FNDA:3,(anonymous_85)
FNDA:3,(anonymous_86)
FNDA:2,(anonymous_87)
FNDA:4,(anonymous_88)
FNDA:4,(anonymous_89)
FNDA:3,(anonymous_90)
FNDA:3,(anonymous_91)
FNDA:3,(anonymous_92)
FNDA:2,(anonymous_93)
FNDA:9,(anonymous_94)
FNDA:8,(anonymous_95)
FNDA:4,(anonymous_96)
FNDA:2,(anonymous_97)
FNDA:8,(anonymous_98)
FNDA:7,(anonymous_99)
FNDA:5,(anonymous_100)
FNDA:4,(anonymous_101)
FNDA:2,(anonymous_102)
FNDA:2,(anonymous_103)
FNDA:2,(anonymous_104)
FNDA:1,(anonymous_105)
FNDA:1,(anonymous_106)
FNDA:7,(anonymous_107)
FNDA:6,(anonymous_108)
FNDA:3,(anonymous_109)
FNDA:7,(anonymous_110)
FNDA:4,(anonymous_111)
FNDA:2,(anonymous_112)
FNDA:1,(anonymous_113)
FNDA:2,(anonymous_114)
FNDA:1,(anonymous_115)
FNDA:1,(anonymous_116)
FNDA:7,(anonymous_117)
FNDA:6,(anonymous_118)
FNDA:4,(anonymous_119)
FNDA:3,(anonymous_120)
FNDA:2,(anonymous_121)
FNDA:9,(anonymous_122)
FNDA:8,(anonymous_123)
FNDA:5,(anonymous_124)
FNDA:4,(anonymous_125)
FNDA:2,(anonymous_126)
FNDA:2,(anonymous_127)
FNDA:2,(anonymous_128)
FNDA:1,(anonymous_129)
FNDA:1,(anonymous_130)
FNDA:14,(anonymous_131)
FNDA:12,(anonymous_132)
FNDA:6,(anonymous_133)
FNDA:3,(anonymous_134)
FNDA:11,(anonymous_135)
FNDA:10,(anonymous_136)
FNDA:6,(anonymous_137)
FNDA:5,(anonymous_138)
FNDA:4,(anonymous_139)
FNDA:4,(anonymous_140)
FNDA:4,(anonymous_141)
FNDA:4,(anonymous_142)
FNDA:3,(anonymous_143)
FNDA:4,(anonymous_144)
FNDA:4,(anonymous_145)
FNDA:3,(anonymous_146)
FNDA:13,(anonymous_147)
FNDA:11,(anonymous_148)
FNDA:9,(anonymous_149)
FNDA:3,(anonymous_150)
FNDA:3,(anonymous_151)
FNDA:2,(anonymous_152)
FNDA:0,(anonymous_153)
FNDA:0,(anonymous_154)
FNDA:4,(anonymous_155)
FNDA:2,(anonymous_156)
FNDA:5,(anonymous_157)
FNDA:5,(anonymous_158)
FNDA:3,(anonymous_159)
FNDA:6,(anonymous_160)
FNDA:4,(anonymous_161)
FNDA:2,(anonymous_162)
FNDA:1,(anonymous_163)
FNDA:0,(anonymous_164)
FNDA:4,(anonymous_165)
FNDA:3,(anonymous_166)
FNDA:5,(anonymous_167)
FNDA:5,(anonymous_168)
FNDA:4,(anonymous_169)
FNDA:3,(anonymous_170)
FNDA:2,(anonymous_171)
FNDA:3,(anonymous_172)
FNDA:3,(anonymous_173)
FNDA:3,(anonymous_174)
FNDA:3,(anonymous_175)
FNDA:1,(anonymous_176)
FNDA:3,(anonymous_177)
FNDA:3,(anonymous_178)
FNDA:2,(anonymous_179)
FNDA:2,(anonymous_180)
FNDA:4,(anonymous_181)
FNDA:3,(anonymous_182)
FNDA:3,(anonymous_183)
FNDA:2,(anonymous_184)
FNDA:2,(anonymous_185)
FNDA:2,(anonymous_186)
FNDA:11,(anonymous_187)
FNDA:10,(anonymous_188)
FNDA:3,(anonymous_189)
FNDA:1,(anonymous_190)
FNDA:5,(anonymous_191)
FNDA:2,(anonymous_192)
FNDA:1,(anonymous_193)
FNDA:1,(anonymous_194)
FNDA:1,(anonymous_195)
FNDA:1,(anonymous_196)
FNDA:2,(anonymous_197)
FNDA:2,(anonymous_198)
FNDA:3,(anonymous_199)
FNDA:3,(anonymous_200)
FNDA:3,(anonymous_201)
FNDA:3,(anonymous_202)
FNDA:3,(anonymous_203)
FNDA:7,(anonymous_204)
FNDA:5,(anonymous_205)
FNDA:3,(anonymous_206)
FNDA:2,(anonymous_207)
FNDA:3,(anonymous_208)
FNDA:3,(anonymous_209)
FNDA:3,(anonymous_210)
FNDA:3,(anonymous_211)
FNDA:2,(anonymous_212)
FNDA:3,(anonymous_213)
FNDA:3,(anonymous_214)
FNDA:1,(anonymous_215)
FNDA:1,(anonymous_216)
FNDA:0,(anonymous_217)
FNDA:0,(anonymous_218)
FNDA:0,(anonymous_219)
FNDA:0,(anonymous_220)
FNDA:0,(anonymous_221)
FNDA:0,(anonymous_222)
FNDA:6,(anonymous_223)
FNDA:5,(anonymous_224)
FNDA:4,(anonymous_225)
FNDA:3,(anonymous_226)
FNDA:2,(anonymous_227)
FNDA:1,(anonymous_228)
FNDA:5,(anonymous_229)
FNDA:5,(anonymous_230)
FNDA:3,(anonymous_231)
FNDA:3,(anonymous_232)
FNDA:5,(anonymous_233)
FNDA:3,(anonymous_234)
FNDA:2,(anonymous_235)
FNDA:2,(anonymous_236)
FNDA:3,(anonymous_237)
FNDA:2,(anonymous_238)
FNDA:0,(anonymous_239)
FNDA:0,(anonymous_240)
FNDA:0,(anonymous_241)
FNDA:0,(anonymous_242)
FNDA:0,(anonymous_243)
FNDA:0,(anonymous_244)
FNDA:0,(anonymous_245)
FNDA:0,(anonymous_246)
FNDA:0,(anonymous_247)
FNDA:0,(anonymous_248)
FNDA:0,(anonymous_249)
FNDA:0,(anonymous_250)
FNDA:0,(anonymous_251)
FNDA:0,(anonymous_252)
FNDA:0,(anonymous_253)
FNDA:0,(anonymous_254)
FNDA:0,(anonymous_255)
FNDA:0,(anonymous_256)
FNDA:0,(anonymous_257)
FNDA:0,(anonymous_258)
FNDA:0,(anonymous_259)
FNDA:0,(anonymous_260)
DA:1,14
DA:2,14
DA:3,14
DA:4,14
DA:5,14
DA:6,14
DA:7,14
DA:8,14
DA:9,14
DA:12,14
DA:13,14
DA:16,14
DA:17,14
DA:20,14
DA:21,0
DA:25,1
DA:37,298
DA:39,298
DA:40,5
DA:46,293
DA:48,293
DA:49,293
DA:50,291
DA:51,291
DA:53,2
DA:61,574
DA:62,233
DA:63,0
DA:69,233
DA:70,56
DA:73,177
DA:74,7
DA:80,170
DA:85,24
DA:86,24
DA:88,20
DA:89,3
DA:92,17
DA:94,4
DA:99,24
DA:100,24
DA:101,23
DA:104,23
DA:105,6
DA:107,6
DA:108,3
DA:111,3
DA:114,6
DA:115,5
DA:120,18
DA:121,3
DA:122,3
DA:123,2
DA:128,16
DA:129,3
DA:130,3
DA:131,2
DA:135,14
DA:137,1
DA:142,3
DA:150,3
DA:151,3
DA:152,1
DA:155,2
DA:156,2
DA:158,2
DA:164,2
DA:165,2
DA:166,0
DA:169,2
DA:175,11
DA:177,10
DA:178,10
DA:180,10
DA:181,3
DA:184,7
DA:185,2
DA:188,5
DA:192,2
DA:195,3
DA:196,1
DA:199,2
DA:200,1
DA:203,1
DA:208,4
DA:215,4
DA:221,4
DA:222,4
DA:224,3
DA:226,3
DA:229,3
DA:235,28
DA:236,28
DA:238,28
DA:240,27
DA:248,14
DA:254,14
DA:255,14
DA:256,14
DA:258,14
DA:260,14
DA:261,0
DA:264,14
DA:266,7
DA:269,7
DA:270,7
DA:271,7
DA:275,14
DA:279,4
DA:282,4
DA:287,8
DA:288,8
DA:308,8
DA:319,5
DA:320,5
DA:322,5
DA:334,5
DA:342,14
DA:343,1
DA:346,14
DA:347,6
DA:349,6
DA:350,6
DA:351,1
DA:352,1
DA:358,5
DA:359,1
DA:365,4
DA:366,4
DA:368,4
DA:369,1
DA:375,3
DA:376,1
DA:382,2
DA:383,1
DA:389,1
DA:402,1
DA:404,1
DA:413,14
DA:414,2
DA:415,2
DA:416,1
DA:417,1
DA:423,1
DA:424,0
DA:430,1
DA:432,1
DA:450,14
DA:451,5
DA:453,5
DA:455,5
DA:456,5
DA:457,0
DA:458,0
DA:461,5
DA:462,1
DA:465,4
DA:466,4
DA:468,4
DA:469,1
DA:475,3
DA:476,3
DA:478,3
DA:479,3
DA:480,1
DA:481,1
DA:484,2
DA:493,14
DA:494,7
DA:495,7
DA:497,7
DA:498,1
DA:504,6
DA:505,6
DA:507,6
DA:508,6
DA:509,1
DA:515,5
DA:519,5
DA:520,1
DA:521,1
DA:527,4
DA:528,1
DA:534,3
DA:536,3
DA:540,3
DA:541,1
DA:542,1
DA:548,2
DA:552,2
DA:553,1
DA:554,1
DA:560,1
DA:571,0
DA:572,0
DA:580,14
DA:597,11
DA:599,11
DA:600,1
DA:606,10
DA:610,10
DA:611,1
DA:617,9
DA:618,9
DA:620,9
DA:624,9
DA:625,9
DA:626,9
DA:627,9
DA:629,9
DA:630,2
DA:631,1
DA:637,1
DA:639,1
DA:642,8
DA:643,7
DA:644,1
DA:650,6
DA:652,6
DA:653,2
DA:659,4
DA:662,5
DA:681,5
DA:697,5
DA:698,5
DA:699,1
DA:700,1
DA:707,4
DA:731,14
DA:732,2
DA:734,2
DA:735,0
DA:741,2
DA:759,2
DA:760,2
DA:761,1
DA:762,1
DA:768,1
DA:776,14
DA:777,2
DA:797,2
DA:798,2
DA:799,1
DA:800,1
DA:806,1
DA:813,14
DA:814,5
DA:815,5
DA:816,5
DA:818,5
DA:819,1
DA:838,1
DA:839,1
DA:840,0
DA:841,0
DA:847,1
DA:853,1
DA:856,4
DA:858,3
DA:862,3
DA:900,3
DA:901,3
DA:902,1
DA:903,1
DA:909,2
DA:915,3
DA:918,1
DA:934,1
DA:935,1
DA:936,0
DA:937,0
DA:943,1
DA:950,14
DA:954,8
DA:956,8
DA:963,8
DA:964,8
DA:965,1
DA:966,1
DA:972,7
DA:973,1
DA:979,6
DA:980,6
DA:981,1
DA:987,5
DA:994,5
DA:995,5
DA:996,1
DA:997,1
DA:1003,4
DA:1004,1
DA:1010,3
DA:1022,3
DA:1026,3
DA:1027,2
DA:1029,2
DA:1030,1
DA:1036,1
DA:1042,1
DA:1053,14
DA:1054,4
DA:1056,4
DA:1057,1
DA:1063,3
DA:1084,3
DA:1085,3
DA:1086,0
DA:1087,0
DA:1093,3
DA:1094,1
DA:1100,2
DA:1102,2
DA:1121,2
DA:1122,2
DA:1123,1
DA:1124,1
DA:1130,1
DA:1141,14
DA:1145,1
DA:1147,1
DA:1155,1
DA:1156,1
DA:1157,0
DA:1158,0
DA:1164,1
DA:1172,14
DA:1176,5
DA:1178,5
DA:1184,5
DA:1196,5
DA:1197,5
DA:1198,1
DA:1199,1
DA:1205,4
DA:1209,4
DA:1210,1
DA:1211,1
DA:1217,3
DA:1218,3
DA:1221,3
DA:1226,3
DA:1228,3
DA:1237,3
DA:1246,3
DA:1247,1
DA:1248,1
DA:1254,2
DA:1274,14
DA:1278,2
DA:1280,2
DA:1304,2
DA:1305,2
DA:1306,1
DA:1307,1
DA:1313,1
DA:1321,14
DA:1325,8
DA:1326,8
DA:1327,8
DA:1329,8
DA:1331,8
DA:1332,1
DA:1338,7
DA:1339,1
DA:1345,6
DA:1360,6
DA:1361,6
DA:1362,1
DA:1363,1
DA:1369,5
DA:1370,1
DA:1376,4
DA:1378,4
DA:1389,4
DA:1393,4
DA:1394,1
DA:1395,1
DA:1401,3
DA:1402,1
DA:1408,2
DA:1418,2
DA:1419,1
DA:1422,2
DA:1434,14
DA:1439,11
DA:1440,11
DA:1441,11
DA:1442,11
DA:1443,11
DA:1446,11
DA:1448,11
DA:1449,1
DA:1455,10
DA:1456,1
DA:1462,9
DA:1463,1
DA:1469,8
DA:1471,8
DA:1472,8
DA:1473,8
DA:1474,8
DA:1476,8
DA:1477,1
DA:1478,0
DA:1484,1
DA:1486,1
DA:1496,8
DA:1497,7
DA:1498,1
DA:1504,6
DA:1506,6
DA:1507,0
DA:1513,6
DA:1516,7
DA:1523,7
DA:1524,7
DA:1525,1
DA:1526,1
DA:1532,6
DA:1533,1
DA:1539,5
DA:1545,5
DA:1546,5
DA:1547,1
DA:1548,1
DA:1554,4
DA:1556,4
DA:1573,4
DA:1587,4
DA:1588,4
DA:1589,1
DA:1590,1
DA:1596,3
DA:1597,3
DA:1598,1
DA:1599,1
DA:1605,2
DA:1630,14
DA:1635,12
DA:1636,12
DA:1637,12
DA:1640,12
DA:1642,12
DA:1643,1
DA:1649,11
DA:1650,1
DA:1656,10
DA:1658,10
DA:1659,10
DA:1660,10
DA:1661,10
DA:1663,10
DA:1664,2
DA:1665,1
DA:1671,1
DA:1672,1
DA:1675,9
DA:1676,8
DA:1677,0
DA:1683,8
DA:1685,8
DA:1686,3
DA:1692,5
DA:1695,6
DA:1702,6
DA:1703,6
DA:1704,1
DA:1705,1
DA:1711,5
DA:1712,1
DA:1718,4
DA:1730,4
DA:1742,4
DA:1743,1
DA:1744,1
DA:1750,3
DA:1769,14
DA:1773,3
DA:1775,3
DA:1795,3
DA:1796,3
DA:1797,1
DA:1798,1
DA:1804,2
DA:1812,14
DA:1817,7
DA:1818,7
DA:1820,7
DA:1822,7
DA:1826,7
DA:1828,7
DA:1835,7
DA:1836,7
DA:1837,1
DA:1838,1
DA:1844,6
DA:1845,1
DA:1851,5
DA:1853,5
DA:1854,1
DA:1860,4
DA:1866,4
DA:1867,4
DA:1868,1
DA:1869,1
DA:1875,3
DA:1877,3
DA:1883,3
DA:1884,3
DA:1885,1
DA:1886,1
DA:1892,2
DA:1911,2
DA:1921,2
DA:1922,2
DA:1923,1
DA:1924,1
DA:1929,1
DA:1930,1
DA:1950,1
DA:1954,1
DA:1955,1
DA:1958,0
DA:1968,0
DA:1969,0
DA:1972,0
DA:1982,14
DA:1983,2
DA:1985,2
DA:2018,2
DA:2060,2
DA:2070,2
DA:2071,2
DA:2072,1
DA:2073,1
DA:2079,1
DA:2086,14
DA:2090,4
DA:2096,4
DA:2102,4
DA:2110,4
DA:2129,4
DA:2130,4
DA:2131,0
DA:2132,0
DA:2138,4
DA:2142,4
DA:2143,1
DA:2144,1
DA:2150,3
DA:2154,3
DA:2155,1
DA:2156,1
DA:2162,2
DA:2166,2
DA:2167,1
DA:2168,1
DA:2174,1
DA:2176,1
DA:2177,1
DA:2180,1
DA:2184,1
DA:2204,14
DA:2208,3
DA:2215,3
DA:2232,3
DA:2233,3
DA:2234,1
DA:2235,1
DA:2241,2
DA:2242,2
DA:2243,1
DA:2244,1
DA:2250,1
DA:2251,1
DA:2253,1
DA:2266,14
DA:2268,4
DA:2284,4
DA:2285,4
DA:2286,1
DA:2287,1
DA:2293,3
DA:2294,1
DA:2300,2
DA:2307,14
DA:2313,3
DA:2315,3
DA:2325,3
DA:2333,3
DA:2334,3
DA:2335,1
DA:2336,1
DA:2342,2
DA:2349,14
DA:2350,3
DA:2351,1
DA:2357,2
DA:2359,2
DA:2361,2
DA:2362,2
DA:2363,1
DA:2364,1
DA:2370,1
DA:2378,14
DA:2382,9
DA:2383,9
DA:2385,9
DA:2386,1
DA:2392,8
DA:2399,8
DA:2400,8
DA:2401,1
DA:2402,1
DA:2408,7
DA:2409,1
DA:2415,6
DA:2417,6
DA:2418,1
DA:2424,5
DA:2425,1
DA:2431,4
DA:2438,4
DA:2439,4
DA:2440,1
DA:2441,1
DA:2447,3
DA:2448,1
DA:2454,2
DA:2468,2
DA:2472,2
DA:2473,1
DA:2474,1
DA:2480,1
DA:2501,14
DA:2505,8
DA:2507,8
DA:2508,1
DA:2514,7
DA:2521,7
DA:2522,7
DA:2523,1
DA:2526,6
DA:2527,1
DA:2530,5
DA:2532,5
DA:2533,0
DA:2539,5
DA:2546,5
DA:2547,5
DA:2548,0
DA:2551,5
DA:2552,1
DA:2555,4
DA:2557,4
DA:2564,4
DA:2565,4
DA:2566,1
DA:2569,3
DA:2570,3
DA:2571,1
DA:2577,2
DA:2578,2
DA:2580,2
DA:2587,2
DA:2588,2
DA:2589,1
DA:2592,1
DA:2593,1
DA:2595,1
DA:2598,1
DA:2612,14
DA:2616,7
DA:2623,7
DA:2625,7
DA:2626,1
DA:2629,6
DA:2637,6
DA:2638,6
DA:2639,1
DA:2642,5
DA:2643,1
DA:2646,4
DA:2647,1
DA:2650,3
DA:2661,3
DA:2672,3
DA:2673,1
DA:2676,2
DA:2683,14
DA:2687,7
DA:2695,7
DA:2697,7
DA:2698,1
DA:2701,6
DA:2702,1
DA:2705,5
DA:2706,1
DA:2709,4
DA:2717,4
DA:2718,4
DA:2719,3
DA:2720,1
DA:2722,2
DA:2723,0
DA:2726,2
DA:2733,2
DA:2744,2
DA:2745,0
DA:2748,2
DA:2750,2
DA:2751,1
DA:2752,1
DA:2753,0
DA:2755,1
DA:2759,1
DA:2760,0
DA:2766,2
DA:2773,1
DA:2780,1
DA:2781,1
DA:2782,0
DA:2785,1
DA:2786,1
DA:2787,0
DA:2789,1
DA:2798,14
DA:2802,7
DA:2804,7
DA:2805,1
DA:2808,6
DA:2817,6
DA:2818,6
DA:2819,6
DA:2820,1
DA:2823,5
DA:2824,5
DA:2825,1
DA:2828,4
DA:2832,4
DA:2834,3
DA:2838,3
DA:2840,2
DA:2841,2
DA:2842,1
DA:2844,1
DA:2854,14
DA:2858,9
DA:2860,9
DA:2861,1
DA:2864,8
DA:2882,8
DA:2883,8
DA:2884,7
DA:2885,1
DA:2888,6
DA:2889,6
DA:2890,1
DA:2893,5
DA:2901,5
DA:2905,5
DA:2906,1
DA:2909,4
DA:2911,4
DA:2918,4
DA:2919,4
DA:2921,3
DA:2922,3
DA:2923,1
DA:2929,2
DA:2930,2
DA:2932,2
DA:2939,2
DA:2940,2
DA:2942,1
DA:2944,1
DA:2947,1
DA:2963,14
DA:2967,14
DA:2968,14
DA:2970,14
DA:2971,2
DA:2974,12
DA:2982,12
DA:2983,12
DA:2984,10
DA:2985,2
DA:2988,8
DA:2989,8
DA:2990,2
DA:2993,6
DA:3001,6
DA:3002,6
DA:3004,5
DA:3006,5
DA:3011,2
DA:3018,3
DA:3025,3
DA:3029,3
DA:3030,1
DA:3033,2
DA:3045,14
DA:3049,11
DA:3050,11
DA:3051,11
DA:3053,11
DA:3054,1
DA:3057,10
DA:3064,10
DA:3065,10
DA:3066,9
DA:3067,2
DA:3070,7
DA:3071,7
DA:3072,1
DA:3075,6
DA:3082,6
DA:3083,6
DA:3084,6
DA:3085,1
DA:3088,5
DA:3090,5
DA:3097,5
DA:3098,5
DA:3100,5
DA:3101,5
DA:3102,1
DA:3105,4
DA:3106,4
DA:3108,4
DA:3114,4
DA:3115,4
DA:3117,4
DA:3118,4
DA:3119,4
DA:3120,4
DA:3122,4
DA:3123,4
DA:3126,4
DA:3128,4
DA:3129,4
DA:3130,4
DA:3131,4
DA:3133,4
DA:3134,3
DA:3138,3
DA:3140,3
DA:3144,3
DA:3149,3
DA:3150,3
DA:3154,4
DA:3155,1
DA:3156,1
DA:3160,0
DA:3161,0
DA:3165,4
DA:3167,4
DA:3177,4
DA:3178,4
DA:3180,4
DA:3185,4
DA:3186,4
DA:3188,4
DA:3195,4
DA:3196,4
DA:3198,3
DA:3211,3
DA:3215,3
DA:3216,1
DA:3219,2
DA:3242,14
DA:3246,13
DA:3247,13
DA:3249,13
DA:3250,2
DA:3253,11
DA:3259,11
DA:3260,11
DA:3261,2
DA:3264,9
DA:3271,9
DA:3272,9
DA:3273,3
DA:3276,6
DA:3278,6
DA:3288,14
DA:3292,3
DA:3294,3
DA:3295,0
DA:3298,3
DA:3305,3
DA:3306,3
DA:3307,3
DA:3308,0
DA:3310,3
DA:3311,1
DA:3314,2
DA:3332,2
DA:3333,2
DA:3334,1
DA:3337,1
DA:3348,14
DA:3349,0
DA:3364,0
DA:3365,0
DA:3366,0
DA:3367,0
DA:3373,0
DA:3380,14
DA:3381,4
DA:3383,4
DA:3384,2
DA:3390,2
DA:3395,2
DA:3399,2
DA:3400,1
DA:3401,1
DA:3407,1
DA:3416,14
DA:3417,5
DA:3419,5
DA:3435,5
DA:3451,5
DA:3452,5
DA:3453,1
DA:3454,1
DA:3460,4
DA:3461,1
DA:3467,3
DA:3468,3
DA:3469,1
DA:3470,1
DA:3476,2
DA:3487,14
DA:3488,6
DA:3489,6
DA:3490,6
DA:3492,6
DA:3493,1
DA:3499,5
DA:3500,1
DA:3506,4
DA:3513,4
DA:3514,4
DA:3515,1
DA:3516,1
DA:3522,3
DA:3523,1
DA:3529,2
DA:3533,2
DA:3538,2
DA:3542,2
DA:3543,1
DA:3544,1
DA:3550,1
DA:3551,1
DA:3558,1
DA:3562,1
DA:3565,0
DA:3575,0
DA:3576,0
DA:3582,0
DA:3590,14
DA:3591,4
DA:3593,4
DA:3594,1
DA:3600,3
DA:3602,3
DA:3618,3
DA:3619,3
DA:3620,1
DA:3621,1
DA:3627,2
DA:3628,1
DA:3634,1
DA:3643,14
DA:3647,5
DA:3648,5
DA:3649,5
DA:3654,5
DA:3659,5
DA:3660,5
DA:3661,1
DA:3662,1
DA:3665,4
DA:3666,4
DA:3667,1
DA:3668,1
DA:3671,3
DA:3672,3
DA:3673,1
DA:3674,1
DA:3677,2
DA:3678,2
DA:3679,1
DA:3680,1
DA:3683,1
DA:3699,14
DA:3703,3
DA:3719,3
DA:3720,3
DA:3721,1
DA:3722,1
DA:3728,2
DA:3736,14
DA:3740,3
DA:3742,3
DA:3754,3
DA:3755,3
DA:3756,1
DA:3757,1
DA:3763,2
DA:3764,1
DA:3770,1
DA:3779,1
DA:3787,14
DA:3791,3
DA:3793,3
DA:3803,3
DA:3804,3
DA:3805,1
DA:3806,1
DA:3812,2
DA:3813,1
DA:3819,1
DA:3827,14
DA:3831,2
DA:3843,2
DA:3844,2
DA:3845,1
DA:3846,1
DA:3852,1
DA:3860,14
DA:3864,4
DA:3865,4
DA:3867,4
DA:3869,4
DA:3870,1
DA:3876,3
DA:3882,3
DA:3883,3
DA:3884,1
DA:3885,1
DA:3891,2
DA:3892,1
DA:3898,1
DA:3906,14
DA:3910,3
DA:3912,3
DA:3913,1
DA:3919,2
DA:3924,2
DA:3925,2
DA:3926,1
DA:3927,1
DA:3933,1
DA:3946,14
DA:3950,2
DA:3962,2
DA:3963,2
DA:3964,1
DA:3965,1
DA:3971,1
DA:3979,14
DA:3984,11
DA:3985,11
DA:3987,11
DA:3989,11
DA:3990,1
DA:3997,10
DA:4001,10
DA:4008,10
DA:4009,10
DA:4010,1
DA:4011,1
DA:4017,9
DA:4018,1
DA:4024,8
DA:4026,8
DA:4033,8
DA:4034,3
DA:4040,3
DA:4041,3
DA:4042,1
DA:4043,1
DA:4049,2
DA:4050,1
DA:4057,1
DA:4061,1
DA:4062,1
DA:4063,1
DA:4069,0
DA:4076,1
DA:4079,1
DA:4085,3
DA:4090,5
DA:4098,5
DA:4099,5
DA:4100,1
DA:4101,1
DA:4107,4
DA:4108,1
DA:4114,3
DA:4115,1
DA:4121,2
DA:4129,2
DA:4133,2
DA:4134,0
DA:4135,0
DA:4141,2
DA:4142,1
DA:4148,1
DA:4154,1
DA:4158,1
DA:4159,0
DA:4160,0
DA:4166,1
DA:4172,1
DA:4176,1
DA:4177,0
DA:4178,0
DA:4184,1
DA:4188,1
DA:4195,1
DA:4207,1
DA:4222,14
DA:4226,2
DA:4227,2
DA:4229,2
DA:4235,2
DA:4236,2
DA:4237,0
DA:4238,0
DA:4244,2
DA:4245,1
DA:4251,1
DA:4259,14
DA:4263,3
DA:4265,3
DA:4270,3
DA:4275,3
DA:4280,3
DA:4285,3
DA:4286,3
DA:4287,0
DA:4288,0
DA:4294,3
DA:4295,3
DA:4296,0
DA:4297,0
DA:4303,3
DA:4304,3
DA:4305,0
DA:4306,0
DA:4312,3
DA:4313,3
DA:4314,0
DA:4315,0
DA:4321,3
DA:4322,1
DA:4328,2
DA:4339,14
DA:4343,7
DA:4344,7
DA:4346,7
DA:4347,1
DA:4353,6
DA:4354,6
DA:4356,6
DA:4357,1
DA:4363,5
DA:4367,5
DA:4368,1
DA:4369,1
DA:4375,4
DA:4376,1
DA:4382,3
DA:4384,3
DA:4388,3
DA:4389,1
DA:4390,1
DA:4396,2
DA:4403,2
DA:4404,1
DA:4405,1
DA:4411,1
DA:4422,0
DA:4423,0
DA:4434,14
DA:4438,3
DA:4445,3
DA:4446,3
DA:4447,0
DA:4448,0
DA:4454,3
DA:4455,0
DA:4461,3
DA:4462,3
DA:4464,3
DA:4470,3
DA:4477,3
DA:4484,3
DA:4485,3
DA:4486,0
DA:4487,0
DA:4493,3
DA:4494,3
DA:4495,1
DA:4496,1
DA:4502,2
DA:4503,2
DA:4504,1
DA:4505,1
DA:4511,1
DA:4528,14
DA:4532,3
DA:4539,3
DA:4540,3
DA:4541,1
DA:4542,1
DA:4548,2
DA:4549,1
DA:4555,1
DA:4557,1
DA:4585,1
DA:4586,1
DA:4587,0
DA:4588,0
DA:4594,1
DA:4596,1
DA:4609,14
DA:4613,0
DA:4620,0
DA:4621,0
DA:4622,0
DA:4623,0
DA:4629,0
DA:4630,0
DA:4636,0
DA:4638,0
DA:4660,0
DA:4661,0
DA:4662,0
DA:4663,0
DA:4669,0
DA:4671,0
DA:4684,14
DA:4688,0
DA:4702,0
DA:4703,0
DA:4704,0
DA:4705,0
DA:4711,0
DA:4719,14
DA:4723,6
DA:4724,6
DA:4725,6
DA:4727,6
DA:4728,1
DA:4734,5
DA:4741,5
DA:4742,5
DA:4743,1
DA:4744,1
DA:4750,4
DA:4751,0
DA:4757,4
DA:4759,4
DA:4768,4
DA:4772,4
DA:4773,0
DA:4774,0
DA:4780,4
DA:4781,1
DA:4787,3
DA:4794,3
DA:4795,3
DA:4796,0
DA:4797,0
DA:4803,3
DA:4804,1
DA:4810,2
DA:4821,2
DA:4825,2
DA:4826,1
DA:4828,1
DA:4829,1
DA:4835,0
DA:4841,1
DA:4852,1
DA:4853,0
DA:4856,1
DA:4874,14
DA:4875,5
DA:4883,5
DA:4884,5
DA:4885,2
DA:4886,2
DA:4892,3
DA:4899,14
DA:4900,3
DA:4907,3
DA:4908,3
DA:4909,2
DA:4910,2
DA:4916,1
DA:4923,14
DA:4924,5
DA:4926,5
DA:4927,2
DA:4933,3
DA:4941,3
DA:4942,3
DA:4943,1
DA:4944,1
DA:4950,2
DA:4951,1
DA:4957,1
DA:4964,14
DA:4965,2
DA:4973,2
DA:4974,2
DA:4975,1
DA:4976,1
DA:4982,1
DA:4993,14
DA:4997,3
DA:4998,3
DA:4999,3
DA:5001,3
DA:5002,1
DA:5008,2
DA:5015,2
DA:5016,2
DA:5017,0
DA:5018,0
DA:5024,2
DA:5025,1
DA:5031,1
DA:5032,1
DA:5036,1
DA:5037,1
DA:5039,1
DA:5040,1
DA:5046,0
DA:5052,0
DA:5053,0
DA:5054,0
DA:5055,0
DA:5061,0
DA:5063,0
DA:5068,0
DA:5069,0
DA:5070,0
DA:5071,0
DA:5077,0
DA:5078,0
DA:5079,0
DA:5082,0
DA:5083,0
DA:5088,0
DA:5089,0
DA:5090,0
DA:5091,0
DA:5097,0
DA:5101,0
DA:5102,0
DA:5107,0
DA:5108,0
DA:5109,0
DA:5110,0
DA:5116,0
DA:5121,0
DA:5122,0
DA:5123,0
DA:5124,0
DA:5130,0
DA:5131,0
DA:5137,0
DA:5150,14
DA:5154,0
DA:5155,0
DA:5156,0
DA:5158,0
DA:5159,0
DA:5165,0
DA:5172,0
DA:5173,0
DA:5174,0
DA:5175,0
DA:5181,0
DA:5182,0
DA:5188,0
DA:5189,0
DA:5193,0
DA:5194,0
DA:5196,0
DA:5197,0
DA:5203,0
DA:5208,0
DA:5209,0
DA:5210,0
DA:5211,0
DA:5217,0
DA:5222,0
DA:5223,0
DA:5224,0
DA:5225,0
DA:5231,0
DA:5232,0
DA:5238,0
DA:5239,0
DA:5240,0
DA:5241,0
DA:5247,0
DA:5261,14
DA:5262,0
DA:5267,14
DA:5268,0
DA:5270,0
DA:5271,0
DA:5274,0
DA:5275,0
DA:5282,0
DA:5283,0
DA:5288,0
DA:5289,0
DA:5291,0
DA:5294,0
DA:5298,0
DA:5299,0
DA:5301,0
DA:5303,0
DA:5304,0
DA:5316,0
DA:5327,0
DA:5329,0
DA:5330,0
DA:5341,14
DA:5342,0
DA:5344,0
DA:5345,0
DA:5346,0
DA:5348,0
DA:5349,0
DA:5356,0
DA:5362,14
DA:5364,14
DA:5365,0
DA:5368,14
DA:5369,0
DA:5370,0
DA:5374,14
DA:5376,14
DA:5377,14
LF:1455
LH:1249
BRDA:13,0,0,14
BRDA:13,0,1,0
BRDA:20,1,0,0
BRDA:20,1,1,14
BRDA:29,2,0,1
BRDA:29,2,1,0
BRDA:39,3,0,5
BRDA:39,3,1,293
BRDA:39,4,0,298
BRDA:39,4,1,293
BRDA:62,5,0,0
BRDA:62,5,1,233
BRDA:69,6,0,56
BRDA:69,6,1,177
BRDA:73,7,0,7
BRDA:73,7,1,170
BRDA:88,8,0,3
BRDA:88,8,1,17
BRDA:104,9,0,6
BRDA:104,9,1,17
BRDA:104,10,0,23
BRDA:104,10,1,20
BRDA:107,11,0,3
BRDA:107,11,1,3
BRDA:111,12,0,3
BRDA:111,12,1,1
BRDA:114,13,0,5
BRDA:114,13,1,1
BRDA:120,14,0,3
BRDA:120,14,1,15
BRDA:122,15,0,2
BRDA:122,15,1,1
BRDA:128,16,0,3
BRDA:128,16,1,13
BRDA:130,17,0,2
BRDA:130,17,1,1
BRDA:151,18,0,1
BRDA:151,18,1,2
BRDA:155,19,0,2
BRDA:155,19,1,0
BRDA:156,20,0,2
BRDA:156,20,1,1
BRDA:165,21,0,0
BRDA:165,21,1,2
BRDA:175,22,0,1
BRDA:175,22,1,10
BRDA:177,23,0,10
BRDA:177,23,1,0
BRDA:178,24,0,10
BRDA:178,24,1,7
BRDA:180,25,0,3
BRDA:180,25,1,7
BRDA:184,26,0,2
BRDA:184,26,1,5
BRDA:188,27,0,2
BRDA:188,27,1,3
BRDA:189,28,0,5
BRDA:189,28,1,4
BRDA:195,29,0,1
BRDA:195,29,1,2
BRDA:199,30,0,1
BRDA:199,30,1,1
BRDA:208,31,0,4
BRDA:208,31,1,1
BRDA:222,32,0,1
BRDA:222,32,1,3
BRDA:224,33,0,3
BRDA:224,33,1,2
BRDA:235,34,0,28
BRDA:235,34,1,0
BRDA:236,35,0,28
BRDA:236,35,1,0
BRDA:238,36,0,1
BRDA:238,36,1,27
BRDA:241,37,0,27
BRDA:241,37,1,26
BRDA:242,38,0,26
BRDA:242,38,1,0
BRDA:250,39,0,14
BRDA:250,39,1,0
BRDA:260,40,0,0
BRDA:260,40,1,14
BRDA:277,41,0,0
BRDA:279,42,0,4
BRDA:279,42,1,3
BRDA:279,42,2,2
BRDA:282,43,0,3
BRDA:282,43,1,1
BRDA:313,44,0,0
BRDA:317,45,0,0
BRDA:320,46,0,5
BRDA:320,46,1,0
BRDA:350,47,0,1
BRDA:350,47,1,5
BRDA:358,48,0,1
BRDA:358,48,1,4
BRDA:358,49,0,5
BRDA:358,49,1,5
BRDA:368,50,0,1
BRDA:368,50,1,3
BRDA:375,51,0,1
BRDA:375,51,1,2
BRDA:382,52,0,1
BRDA:382,52,1,1
BRDA:392,53,0,1
BRDA:392,53,1,0
BRDA:393,54,0,1
BRDA:393,54,1,0
BRDA:394,55,0,1
BRDA:394,55,1,1
BRDA:395,56,0,1
BRDA:395,56,1,1
BRDA:396,57,0,1
BRDA:396,57,1,1
BRDA:397,58,0,1
BRDA:397,58,1,1
BRDA:398,59,0,1
BRDA:398,59,1,1
BRDA:399,60,0,1
BRDA:399,60,1,0
BRDA:415,61,0,1
BRDA:415,61,1,1
BRDA:423,62,0,0
BRDA:423,62,1,1
BRDA:423,63,0,1
BRDA:423,63,1,1
BRDA:437,64,0,1
BRDA:437,64,1,0
BRDA:438,65,0,1
BRDA:438,65,1,0
BRDA:439,66,0,1
BRDA:439,66,1,1
BRDA:440,67,0,1
BRDA:440,67,1,1
BRDA:441,68,0,1
BRDA:441,68,1,1
BRDA:442,69,0,1
BRDA:442,69,1,1
BRDA:443,70,0,1
BRDA:443,70,1,1
BRDA:456,71,0,0
BRDA:456,71,1,5
BRDA:461,72,0,1
BRDA:461,72,1,4
BRDA:461,73,0,5
BRDA:461,73,1,5
BRDA:468,74,0,1
BRDA:468,74,1,3
BRDA:479,75,0,1
BRDA:479,75,1,2
BRDA:497,76,0,1
BRDA:497,76,1,6
BRDA:497,77,0,7
BRDA:497,77,1,6
BRDA:497,77,2,6
BRDA:505,78,0,6
BRDA:505,78,1,0
BRDA:508,79,0,1
BRDA:508,79,1,5
BRDA:519,80,0,1
BRDA:519,80,1,4
BRDA:527,81,0,1
BRDA:527,81,1,3
BRDA:527,82,0,4
BRDA:527,82,1,4
BRDA:540,83,0,1
BRDA:540,83,1,2
BRDA:552,84,0,1
BRDA:552,84,1,1
BRDA:599,85,0,1
BRDA:599,85,1,10
BRDA:599,86,0,11
BRDA:599,86,1,10
BRDA:606,87,0,10
BRDA:606,87,1,0
BRDA:610,88,0,1
BRDA:610,88,1,9
BRDA:617,89,0,9
BRDA:617,89,1,9
BRDA:618,90,0,9
BRDA:618,90,1,7
BRDA:620,91,0,0
BRDA:620,91,1,9
BRDA:629,92,0,2
BRDA:629,92,1,7
BRDA:630,93,0,1
BRDA:630,93,1,1
BRDA:642,94,0,7
BRDA:642,94,1,1
BRDA:643,95,0,1
BRDA:643,95,1,6
BRDA:652,96,0,2
BRDA:652,96,1,4
BRDA:684,97,0,5
BRDA:684,97,1,5
BRDA:685,98,0,5
BRDA:685,98,1,5
BRDA:686,99,0,5
BRDA:686,99,1,5
BRDA:687,100,0,5
BRDA:687,100,1,5
BRDA:698,101,0,1
BRDA:698,101,1,4
BRDA:703,102,0,1
BRDA:703,102,1,1
BRDA:703,102,2,0
BRDA:715,103,0,4
BRDA:715,103,1,4
BRDA:716,104,0,4
BRDA:716,104,1,4
BRDA:717,105,0,4
BRDA:717,105,1,4
BRDA:718,106,0,4
BRDA:718,106,1,4
BRDA:734,107,0,0
BRDA:734,107,1,2
BRDA:734,108,0,2
BRDA:734,108,1,2
BRDA:760,109,0,1
BRDA:760,109,1,1
BRDA:770,110,0,1
BRDA:770,110,1,0
BRDA:798,111,0,1
BRDA:798,111,1,1
BRDA:808,112,0,1
BRDA:808,112,1,0
BRDA:818,113,0,1
BRDA:818,113,1,4
BRDA:839,114,0,0
BRDA:839,114,1,1
BRDA:849,115,0,1
BRDA:849,115,1,0
BRDA:856,116,0,3
BRDA:856,116,1,1
BRDA:856,117,0,4
BRDA:856,117,1,2
BRDA:856,117,2,1
BRDA:858,118,0,2
BRDA:858,118,1,1
BRDA:860,119,0,1
BRDA:860,119,1,0
BRDA:901,120,0,1
BRDA:901,120,1,2
BRDA:911,121,0,2
BRDA:911,121,1,0
BRDA:935,122,0,0
BRDA:935,122,1,1
BRDA:945,123,0,1
BRDA:945,123,1,0
BRDA:964,124,0,1
BRDA:964,124,1,7
BRDA:972,125,0,1
BRDA:972,125,1,6
BRDA:972,126,0,7
BRDA:972,126,1,7
BRDA:980,127,0,1
BRDA:980,127,1,5
BRDA:995,128,0,1
BRDA:995,128,1,4
BRDA:1003,129,0,1
BRDA:1003,129,1,3
BRDA:1003,130,0,4
BRDA:1003,130,1,4
BRDA:1026,131,0,2
BRDA:1026,131,1,1
BRDA:1029,132,0,1
BRDA:1029,132,1,1
BRDA:1056,133,0,1
BRDA:1056,133,1,3
BRDA:1056,134,0,4
BRDA:1056,134,1,3
BRDA:1085,135,0,0
BRDA:1085,135,1,3
BRDA:1093,136,0,1
BRDA:1093,136,1,2
BRDA:1093,137,0,3
BRDA:1093,137,1,3
BRDA:1122,138,0,1
BRDA:1122,138,1,1
BRDA:1134,139,0,1
BRDA:1134,139,1,0
BRDA:1156,140,0,0
BRDA:1156,140,1,1
BRDA:1197,141,0,1
BRDA:1197,141,1,4
BRDA:1209,142,0,1
BRDA:1209,142,1,3
BRDA:1217,143,0,3
BRDA:1217,143,1,0
BRDA:1218,144,0,3
BRDA:1218,144,1,0
BRDA:1221,145,0,3
BRDA:1221,145,1,0
BRDA:1226,146,0,3
BRDA:1226,146,1,3
BRDA:1241,147,0,1
BRDA:1241,147,1,2
BRDA:1246,148,0,1
BRDA:1246,148,1,2
BRDA:1262,149,0,1
BRDA:1262,149,1,1
BRDA:1305,150,0,1
BRDA:1305,150,1,1
BRDA:1315,151,0,1
BRDA:1315,151,1,0
BRDA:1331,152,0,1
BRDA:1331,152,1,7
BRDA:1331,153,0,8
BRDA:1331,153,1,7
BRDA:1338,154,0,1
BRDA:1338,154,1,6
BRDA:1338,155,0,7
BRDA:1338,155,1,7
BRDA:1361,156,0,1
BRDA:1361,156,1,5
BRDA:1369,157,0,1
BRDA:1369,157,1,4
BRDA:1369,158,0,5
BRDA:1369,158,1,5
BRDA:1391,159,0,4
BRDA:1391,159,1,2
BRDA:1391,160,0,4
BRDA:1391,160,1,2
BRDA:1393,161,0,1
BRDA:1393,161,1,3
BRDA:1401,162,0,1
BRDA:1401,162,1,2
BRDA:1401,163,0,3
BRDA:1401,163,1,3
BRDA:1414,164,0,2
BRDA:1414,164,1,0
BRDA:1414,165,0,2
BRDA:1414,165,1,0
BRDA:1418,166,0,1
BRDA:1418,166,1,1
BRDA:1440,167,0,11
BRDA:1440,167,1,1
BRDA:1441,168,0,11
BRDA:1441,168,1,0
BRDA:1442,169,0,11
BRDA:1442,169,1,10
BRDA:1443,170,0,11
BRDA:1443,170,1,1
BRDA:1446,171,0,11
BRDA:1446,171,1,3
BRDA:1448,172,0,1
BRDA:1448,172,1,10
BRDA:1448,173,0,11
BRDA:1448,173,1,10
BRDA:1455,174,0,1
BRDA:1455,174,1,9
BRDA:1455,175,0,10
BRDA:1455,175,1,9
BRDA:1462,176,0,1
BRDA:1462,176,1,8
BRDA:1469,177,0,8
BRDA:1469,177,1,6
BRDA:1476,178,0,1
BRDA:1476,178,1,7
BRDA:1477,179,0,0
BRDA:1477,179,1,1
BRDA:1486,180,0,1
BRDA:1486,180,1,0
BRDA:1488,181,0,0
BRDA:1488,181,1,0
BRDA:1490,182,0,0
BRDA:1490,182,1,0
BRDA:1490,183,0,0
BRDA:1490,183,1,0
BRDA:1496,184,0,7
BRDA:1496,184,1,1
BRDA:1497,185,0,1
BRDA:1497,185,1,6
BRDA:1506,186,0,0
BRDA:1506,186,1,6
BRDA:1524,187,0,1
BRDA:1524,187,1,6
BRDA:1532,188,0,1
BRDA:1532,188,1,5
BRDA:1532,189,0,6
BRDA:1532,189,1,6
BRDA:1546,190,0,1
BRDA:1546,190,1,4
BRDA:1554,191,0,4
BRDA:1554,191,1,0
BRDA:1588,192,0,1
BRDA:1588,192,1,3
BRDA:1597,193,0,1
BRDA:1597,193,1,2
BRDA:1607,194,0,0
BRDA:1607,194,1,2
BRDA:1636,195,0,12
BRDA:1636,195,1,9
BRDA:1637,196,0,12
BRDA:1637,196,1,0
BRDA:1640,197,0,12
BRDA:1640,197,1,3
BRDA:1642,198,0,1
BRDA:1642,198,1,11
BRDA:1642,199,0,12
BRDA:1642,199,1,11
BRDA:1649,200,0,1
BRDA:1649,200,1,10
BRDA:1656,201,0,10
BRDA:1656,201,1,9
BRDA:1663,202,0,2
BRDA:1663,202,1,8
BRDA:1664,203,0,1
BRDA:1664,203,1,1
BRDA:1675,204,0,8
BRDA:1675,204,1,1
BRDA:1676,205,0,0
BRDA:1676,205,1,8
BRDA:1685,206,0,3
BRDA:1685,206,1,5
BRDA:1703,207,0,1
BRDA:1703,207,1,5
BRDA:1711,208,0,1
BRDA:1711,208,1,4
BRDA:1711,209,0,5
BRDA:1711,209,1,5
BRDA:1742,210,0,1
BRDA:1742,210,1,3
BRDA:1796,211,0,1
BRDA:1796,211,1,2
BRDA:1806,212,0,2
BRDA:1806,212,1,0
BRDA:1820,213,0,7
BRDA:1820,213,1,7
BRDA:1822,214,0,0
BRDA:1822,214,1,7
BRDA:1826,215,0,0
BRDA:1826,215,1,7
BRDA:1826,216,0,0
BRDA:1826,216,1,0
BRDA:1836,217,0,1
BRDA:1836,217,1,6
BRDA:1844,218,0,1
BRDA:1844,218,1,5
BRDA:1844,219,0,6
BRDA:1844,219,1,6
BRDA:1853,220,0,1
BRDA:1853,220,1,4
BRDA:1867,221,0,1
BRDA:1867,221,1,3
BRDA:1875,222,0,3
BRDA:1875,222,1,0
BRDA:1884,223,0,1
BRDA:1884,223,1,2
BRDA:1915,224,0,2
BRDA:1915,224,1,0
BRDA:1922,225,0,1
BRDA:1922,225,1,1
BRDA:1938,226,0,1
BRDA:1938,226,1,0
BRDA:1950,227,0,1
BRDA:1950,227,1,0
BRDA:1954,228,0,1
BRDA:1954,228,1,0
BRDA:1954,229,0,1
BRDA:1954,229,1,1
BRDA:1964,230,0,0
BRDA:1964,230,1,0
BRDA:1968,231,0,0
BRDA:1968,231,1,0
BRDA:2071,232,0,1
BRDA:2071,232,1,1
BRDA:2081,233,0,1
BRDA:2081,233,1,0
BRDA:2130,234,0,0
BRDA:2130,234,1,4
BRDA:2142,235,0,1
BRDA:2142,235,1,3
BRDA:2154,236,0,1
BRDA:2154,236,1,2
BRDA:2166,237,0,1
BRDA:2166,237,1,1
BRDA:2174,238,0,1
BRDA:2174,238,1,0
BRDA:2176,239,0,1
BRDA:2176,239,1,0
BRDA:2177,240,0,1
BRDA:2177,240,1,0
BRDA:2180,241,0,1
BRDA:2180,241,1,0
BRDA:2190,242,0,1
BRDA:2190,242,1,0
BRDA:2191,243,0,1
BRDA:2191,243,1,0
BRDA:2233,244,0,1
BRDA:2233,244,1,2
BRDA:2242,245,0,1
BRDA:2242,245,1,1
BRDA:2250,246,0,1
BRDA:2250,246,1,0
BRDA:2251,247,0,1
BRDA:2251,247,1,0
BRDA:2258,248,0,1
BRDA:2258,248,1,0
BRDA:2285,249,0,1
BRDA:2285,249,1,3
BRDA:2293,250,0,1
BRDA:2293,250,1,2
BRDA:2293,251,0,3
BRDA:2293,251,1,3
BRDA:2326,252,0,3
BRDA:2326,252,1,2
BRDA:2327,253,0,3
BRDA:2327,253,1,0
BRDA:2328,254,0,3
BRDA:2328,254,1,1
BRDA:2329,255,0,3
BRDA:2329,255,1,1
BRDA:2334,256,0,1
BRDA:2334,256,1,2
BRDA:2350,257,0,1
BRDA:2350,257,1,2
BRDA:2362,258,0,1
BRDA:2362,258,1,1
BRDA:2385,259,0,1
BRDA:2385,259,1,8
BRDA:2385,260,0,9
BRDA:2385,260,1,8
BRDA:2400,261,0,1
BRDA:2400,261,1,7
BRDA:2408,262,0,1
BRDA:2408,262,1,6
BRDA:2408,263,0,7
BRDA:2408,263,1,7
BRDA:2417,264,0,1
BRDA:2417,264,1,5
BRDA:2424,265,0,1
BRDA:2424,265,1,4
BRDA:2439,266,0,1
BRDA:2439,266,1,3
BRDA:2447,267,0,1
BRDA:2447,267,1,2
BRDA:2447,268,0,3
BRDA:2447,268,1,3
BRDA:2470,269,0,2
BRDA:2470,269,1,0
BRDA:2472,270,0,1
BRDA:2472,270,1,1
BRDA:2485,271,0,1
BRDA:2485,271,1,0
BRDA:2507,272,0,1
BRDA:2507,272,1,7
BRDA:2507,273,0,8
BRDA:2507,273,1,7
BRDA:2522,274,0,1
BRDA:2522,274,1,6
BRDA:2526,275,0,1
BRDA:2526,275,1,5
BRDA:2526,276,0,6
BRDA:2526,276,1,6
BRDA:2532,277,0,0
BRDA:2532,277,1,5
BRDA:2547,278,0,0
BRDA:2547,278,1,5
BRDA:2551,279,0,1
BRDA:2551,279,1,4
BRDA:2551,280,0,5
BRDA:2551,280,1,5
BRDA:2565,281,0,1
BRDA:2565,281,1,3
BRDA:2569,282,0,3
BRDA:2569,282,1,0
BRDA:2570,283,0,1
BRDA:2570,283,1,2
BRDA:2588,284,0,1
BRDA:2588,284,1,1
BRDA:2592,285,0,1
BRDA:2592,285,1,0
BRDA:2625,286,0,1
BRDA:2625,286,1,6
BRDA:2625,287,0,7
BRDA:2625,287,1,6
BRDA:2638,288,0,1
BRDA:2638,288,1,5
BRDA:2642,289,0,1
BRDA:2642,289,1,4
BRDA:2642,290,0,5
BRDA:2642,290,1,5
BRDA:2646,291,0,1
BRDA:2646,291,1,3
BRDA:2664,292,0,3
BRDA:2664,292,1,0
BRDA:2665,293,0,3
BRDA:2665,293,1,2
BRDA:2666,294,0,3
BRDA:2666,294,1,2
BRDA:2667,295,0,1
BRDA:2667,295,1,2
BRDA:2668,296,0,1
BRDA:2668,296,1,2
BRDA:2672,297,0,1
BRDA:2672,297,1,2
BRDA:2694,298,0,6
BRDA:2697,299,0,1
BRDA:2697,299,1,6
BRDA:2697,300,0,7
BRDA:2697,300,1,6
BRDA:2701,301,0,1
BRDA:2701,301,1,5
BRDA:2705,302,0,1
BRDA:2705,302,1,4
BRDA:2705,303,0,5
BRDA:2705,303,1,1
BRDA:2718,304,0,1
BRDA:2718,304,1,3
BRDA:2719,305,0,1
BRDA:2719,305,1,2
BRDA:2719,306,0,3
BRDA:2719,306,1,3
BRDA:2722,307,0,0
BRDA:2722,307,1,2
BRDA:2739,308,0,2
BRDA:2739,308,1,0
BRDA:2740,309,0,2
BRDA:2740,309,1,0
BRDA:2741,310,0,1
BRDA:2741,310,1,1
BRDA:2741,311,0,1
BRDA:2741,311,1,0
BRDA:2744,312,0,0
BRDA:2744,312,1,2
BRDA:2750,313,0,1
BRDA:2750,313,1,1
BRDA:2752,314,0,0
BRDA:2752,314,1,1
BRDA:2759,315,0,0
BRDA:2759,315,1,1
BRDA:2759,316,0,1
BRDA:2759,316,1,1
BRDA:2768,317,0,2
BRDA:2768,317,1,0
BRDA:2769,318,0,1
BRDA:2769,318,1,1
BRDA:2770,319,0,2
BRDA:2770,319,1,0
BRDA:2781,320,0,0
BRDA:2781,320,1,1
BRDA:2786,321,0,0
BRDA:2786,321,1,1
BRDA:2804,322,0,1
BRDA:2804,322,1,6
BRDA:2804,323,0,7
BRDA:2804,323,1,6
BRDA:2818,324,0,0
BRDA:2818,324,1,6
BRDA:2819,325,0,1
BRDA:2819,325,1,5
BRDA:2819,326,0,6
BRDA:2819,326,1,6
BRDA:2824,327,0,1
BRDA:2824,327,1,4
BRDA:2832,328,0,1
BRDA:2832,328,1,3
BRDA:2838,329,0,1
BRDA:2838,329,1,2
BRDA:2841,330,0,1
BRDA:2841,330,1,1
BRDA:2860,331,0,1
BRDA:2860,331,1,8
BRDA:2860,332,0,9
BRDA:2860,332,1,8
BRDA:2883,333,0,1
BRDA:2883,333,1,7
BRDA:2884,334,0,1
BRDA:2884,334,1,6
BRDA:2884,335,0,7
BRDA:2884,335,1,7
BRDA:2889,336,0,1
BRDA:2889,336,1,5
BRDA:2905,337,0,1
BRDA:2905,337,1,4
BRDA:2909,338,0,4
BRDA:2909,338,1,3
BRDA:2919,339,0,1
BRDA:2919,339,1,3
BRDA:2921,340,0,3
BRDA:2921,340,1,0
BRDA:2922,341,0,1
BRDA:2922,341,1,2
BRDA:2940,342,0,1
BRDA:2940,342,1,1
BRDA:2944,343,0,1
BRDA:2944,343,1,0
BRDA:2970,344,0,2
BRDA:2970,344,1,12
BRDA:2970,345,0,14
BRDA:2970,345,1,12
BRDA:2983,346,0,2
BRDA:2983,346,1,10
BRDA:2984,347,0,2
BRDA:2984,347,1,8
BRDA:2984,348,0,10
BRDA:2984,348,1,10
BRDA:2989,349,0,2
BRDA:2989,349,1,6
BRDA:3002,350,0,1
BRDA:3002,350,1,5
BRDA:3004,351,0,5
BRDA:3004,351,1,3
BRDA:3006,352,0,2
BRDA:3006,352,1,3
BRDA:3007,353,0,5
BRDA:3007,353,1,2
BRDA:3007,353,2,2
BRDA:3029,354,0,1
BRDA:3029,354,1,2
BRDA:3050,355,0,10
BRDA:3050,355,1,1
BRDA:3053,356,0,1
BRDA:3053,356,1,10
BRDA:3053,357,0,11
BRDA:3053,357,1,10
BRDA:3065,358,0,1
BRDA:3065,358,1,9
BRDA:3066,359,0,2
BRDA:3066,359,1,7
BRDA:3066,360,0,9
BRDA:3066,360,1,9
BRDA:3071,361,0,1
BRDA:3071,361,1,6
BRDA:3083,362,0,0
BRDA:3083,362,1,6
BRDA:3084,363,0,1
BRDA:3084,363,1,5
BRDA:3084,364,0,6
BRDA:3084,364,1,6
BRDA:3098,365,0,0
BRDA:3098,365,1,5
BRDA:3100,366,0,5
BRDA:3100,366,1,0
BRDA:3101,367,0,1
BRDA:3101,367,1,4
BRDA:3115,368,0,0
BRDA:3115,368,1,4
BRDA:3117,369,0,4
BRDA:3117,369,1,0
BRDA:3123,370,0,4
BRDA:3123,370,1,0
BRDA:3126,371,0,4
BRDA:3126,371,1,0
BRDA:3133,372,0,3
BRDA:3133,372,1,1
BRDA:3133,373,0,4
BRDA:3133,373,1,1
BRDA:3134,374,0,3
BRDA:3134,374,1,0
BRDA:3140,375,0,3
BRDA:3140,375,1,3
BRDA:3144,376,0,3
BRDA:3144,376,1,0
BRDA:3145,377,0,3
BRDA:3145,377,1,3
BRDA:3145,377,2,3
BRDA:3150,378,0,3
BRDA:3150,378,1,0
BRDA:3154,379,0,1
BRDA:3154,379,1,3
BRDA:3155,380,0,1
BRDA:3155,380,1,0
BRDA:3156,381,0,0
BRDA:3156,381,1,1
BRDA:3161,382,0,0
BRDA:3161,382,1,0
BRDA:3177,383,0,4
BRDA:3177,383,1,0
BRDA:3178,384,0,3
BRDA:3178,384,1,1
BRDA:3178,385,0,4
BRDA:3178,385,1,2
BRDA:3186,386,0,0
BRDA:3186,386,1,4
BRDA:3196,387,0,1
BRDA:3196,387,1,3
BRDA:3215,388,0,1
BRDA:3215,388,1,2
BRDA:3249,389,0,2
BRDA:3249,389,1,11
BRDA:3249,390,0,13
BRDA:3249,390,1,12
BRDA:3260,391,0,2
BRDA:3260,391,1,9
BRDA:3272,392,0,3
BRDA:3272,392,1,6
BRDA:3272,393,0,9
BRDA:3272,393,1,8
BRDA:3272,393,2,8
BRDA:3276,394,0,6
BRDA:3276,394,1,2
BRDA:3294,395,0,0
BRDA:3294,395,1,3
BRDA:3294,396,0,3
BRDA:3294,396,1,3
BRDA:3306,397,0,0
BRDA:3306,397,1,3
BRDA:3307,398,0,0
BRDA:3307,398,1,3
BRDA:3307,399,0,3
BRDA:3307,399,1,3
BRDA:3310,400,0,1
BRDA:3310,400,1,2
BRDA:3333,401,0,1
BRDA:3333,401,1,1
BRDA:3339,402,0,1
BRDA:3339,402,1,0
BRDA:3365,403,0,0
BRDA:3365,403,1,0
BRDA:3375,404,0,0
BRDA:3375,404,1,0
BRDA:3383,405,0,2
BRDA:3383,405,1,2
BRDA:3383,406,0,4
BRDA:3383,406,1,3
BRDA:3399,407,0,1
BRDA:3399,407,1,1
BRDA:3452,408,0,1
BRDA:3452,408,1,4
BRDA:3460,409,0,1
BRDA:3460,409,1,3
BRDA:3460,410,0,4
BRDA:3460,410,1,4
BRDA:3468,411,0,1
BRDA:3468,411,1,2
BRDA:3480,412,0,2
BRDA:3480,412,1,1
BRDA:3489,413,0,6
BRDA:3489,413,1,0
BRDA:3492,414,0,1
BRDA:3492,414,1,5
BRDA:3492,415,0,6
BRDA:3492,415,1,5
BRDA:3499,416,0,1
BRDA:3499,416,1,4
BRDA:3514,417,0,1
BRDA:3514,417,1,3
BRDA:3522,418,0,1
BRDA:3522,418,1,2
BRDA:3522,419,0,3
BRDA:3522,419,1,3
BRDA:3529,420,0,2
BRDA:3529,420,1,0
BRDA:3542,421,0,1
BRDA:3542,421,1,1
BRDA:3554,422,0,1
BRDA:3554,422,1,0
BRDA:3558,423,0,1
BRDA:3558,423,1,0
BRDA:3559,424,0,1
BRDA:3559,424,1,1
BRDA:3575,425,0,0
BRDA:3575,425,1,0
BRDA:3593,426,0,1
BRDA:3593,426,1,3
BRDA:3619,427,0,1
BRDA:3619,427,1,2
BRDA:3627,428,0,1
BRDA:3627,428,1,1
BRDA:3627,429,0,2
BRDA:3627,429,1,2
BRDA:3660,430,0,1
BRDA:3660,430,1,4
BRDA:3666,431,0,1
BRDA:3666,431,1,3
BRDA:3672,432,0,1
BRDA:3672,432,1,2
BRDA:3678,433,0,1
BRDA:3678,433,1,1
BRDA:3686,434,0,1
BRDA:3686,434,1,0
BRDA:3687,435,0,1
BRDA:3687,435,1,0
BRDA:3688,436,0,1
BRDA:3688,436,1,0
BRDA:3689,437,0,1
BRDA:3689,437,1,0
BRDA:3720,438,0,1
BRDA:3720,438,1,2
BRDA:3730,439,0,2
BRDA:3730,439,1,0
BRDA:3755,440,0,1
BRDA:3755,440,1,2
BRDA:3763,441,0,1
BRDA:3763,441,1,1
BRDA:3763,442,0,2
BRDA:3763,442,1,2
BRDA:3804,443,0,1
BRDA:3804,443,1,2
BRDA:3812,444,0,1
BRDA:3812,444,1,1
BRDA:3812,445,0,2
BRDA:3812,445,1,2
BRDA:3844,446,0,1
BRDA:3844,446,1,1
BRDA:3854,447,0,1
BRDA:3854,447,1,0
BRDA:3869,448,0,1
BRDA:3869,448,1,3
BRDA:3883,449,0,1
BRDA:3883,449,1,2
BRDA:3891,450,0,1
BRDA:3891,450,1,1
BRDA:3891,451,0,2
BRDA:3891,451,1,2
BRDA:3912,452,0,1
BRDA:3912,452,1,2
BRDA:3912,453,0,3
BRDA:3912,453,1,2
BRDA:3924,454,0,2
BRDA:3924,454,1,2
BRDA:3925,455,0,1
BRDA:3925,455,1,1
BRDA:3939,456,0,1
BRDA:3939,456,1,1
BRDA:3963,457,0,1
BRDA:3963,457,1,1
BRDA:3973,458,0,1
BRDA:3973,458,1,0
BRDA:3989,459,0,1
BRDA:3989,459,1,10
BRDA:3989,460,0,11
BRDA:3989,460,1,10
BRDA:3997,461,0,7
BRDA:3997,461,1,3
BRDA:3997,462,0,10
BRDA:3997,462,1,7
BRDA:4009,463,0,1
BRDA:4009,463,1,9
BRDA:4017,464,0,1
BRDA:4017,464,1,8
BRDA:4017,465,0,9
BRDA:4017,465,1,9
BRDA:4024,466,0,8
BRDA:4024,466,1,0
BRDA:4026,467,0,3
BRDA:4026,467,1,5
BRDA:4033,468,0,3
BRDA:4033,468,1,5
BRDA:4041,469,0,1
BRDA:4041,469,1,2
BRDA:4049,470,0,1
BRDA:4049,470,1,1
BRDA:4061,471,0,1
BRDA:4061,471,1,0
BRDA:4099,472,0,1
BRDA:4099,472,1,4
BRDA:4107,473,0,1
BRDA:4107,473,1,3
BRDA:4107,474,0,4
BRDA:4107,474,1,4
BRDA:4114,475,0,1
BRDA:4114,475,1,2
BRDA:4133,476,0,0
BRDA:4133,476,1,2
BRDA:4141,477,0,1
BRDA:4141,477,1,1
BRDA:4158,478,0,0
BRDA:4158,478,1,1
BRDA:4176,479,0,0
BRDA:4176,479,1,1
BRDA:4184,480,0,1
BRDA:4184,480,1,0
BRDA:4185,481,0,1
BRDA:4185,481,1,1
BRDA:4235,482,0,2
BRDA:4235,482,1,0
BRDA:4236,483,0,0
BRDA:4236,483,1,2
BRDA:4244,484,0,1
BRDA:4244,484,1,1
BRDA:4244,485,0,2
BRDA:4244,485,1,2
BRDA:4286,486,0,0
BRDA:4286,486,1,3
BRDA:4295,487,0,0
BRDA:4295,487,1,3
BRDA:4304,488,0,0
BRDA:4304,488,1,3
BRDA:4313,489,0,0
BRDA:4313,489,1,3
BRDA:4321,490,0,1
BRDA:4321,490,1,2
BRDA:4321,491,0,3
BRDA:4321,491,1,3
BRDA:4346,492,0,1
BRDA:4346,492,1,6
BRDA:4346,493,0,7
BRDA:4346,493,1,6
BRDA:4346,493,2,6
BRDA:4346,493,3,6
BRDA:4356,494,0,1
BRDA:4356,494,1,5
BRDA:4367,495,0,1
BRDA:4367,495,1,4
BRDA:4375,496,0,1
BRDA:4375,496,1,3
BRDA:4375,497,0,4
BRDA:4375,497,1,4
BRDA:4388,498,0,1
BRDA:4388,498,1,2
BRDA:4401,499,0,2
BRDA:4401,499,1,1
BRDA:4403,500,0,1
BRDA:4403,500,1,1
BRDA:4446,501,0,0
BRDA:4446,501,1,3
BRDA:4454,502,0,0
BRDA:4454,502,1,3
BRDA:4454,503,0,3
BRDA:4454,503,1,3
BRDA:4485,504,0,0
BRDA:4485,504,1,3
BRDA:4494,505,0,1
BRDA:4494,505,1,2
BRDA:4503,506,0,1
BRDA:4503,506,1,1
BRDA:4516,507,0,1
BRDA:4516,507,1,0
BRDA:4517,508,0,1
BRDA:4517,508,1,0
BRDA:4518,509,0,1
BRDA:4518,509,1,0
BRDA:4540,510,0,1
BRDA:4540,510,1,2
BRDA:4548,511,0,1
BRDA:4548,511,1,1
BRDA:4548,512,0,2
BRDA:4548,512,1,2
BRDA:4586,513,0,0
BRDA:4586,513,1,1
BRDA:4596,514,0,1
BRDA:4596,514,1,0
BRDA:4599,515,0,1
BRDA:4599,515,1,0
BRDA:4621,516,0,0
BRDA:4621,516,1,0
BRDA:4629,517,0,0
BRDA:4629,517,1,0
BRDA:4629,518,0,0
BRDA:4629,518,1,0
BRDA:4661,519,0,0
BRDA:4661,519,1,0
BRDA:4671,520,0,0
BRDA:4671,520,1,0
BRDA:4674,521,0,0
BRDA:4674,521,1,0
BRDA:4703,522,0,0
BRDA:4703,522,1,0
BRDA:4713,523,0,0
BRDA:4713,523,1,0
BRDA:4723,524,0,6
BRDA:4723,524,1,1
BRDA:4727,525,0,1
BRDA:4727,525,1,5
BRDA:4727,526,0,6
BRDA:4727,526,1,5
BRDA:4727,526,2,5
BRDA:4742,527,0,1
BRDA:4742,527,1,4
BRDA:4750,528,0,0
BRDA:4750,528,1,4
BRDA:4750,529,0,4
BRDA:4750,529,1,4
BRDA:4772,530,0,0
BRDA:4772,530,1,4
BRDA:4780,531,0,1
BRDA:4780,531,1,3
BRDA:4780,532,0,4
BRDA:4780,532,1,4
BRDA:4795,533,0,0
BRDA:4795,533,1,3
BRDA:4803,534,0,1
BRDA:4803,534,1,2
BRDA:4803,535,0,3
BRDA:4803,535,1,3
BRDA:4825,536,0,1
BRDA:4825,536,1,1
BRDA:4828,537,0,1
BRDA:4828,537,1,0
BRDA:4852,538,0,0
BRDA:4852,538,1,1
BRDA:4884,539,0,2
BRDA:4884,539,1,3
BRDA:4894,540,0,3
BRDA:4894,540,1,1
BRDA:4908,541,0,2
BRDA:4908,541,1,1
BRDA:4918,542,0,1
BRDA:4918,542,1,0
BRDA:4926,543,0,2
BRDA:4926,543,1,3
BRDA:4926,544,0,5
BRDA:4926,544,1,3
BRDA:4942,545,0,1
BRDA:4942,545,1,2
BRDA:4950,546,0,1
BRDA:4950,546,1,1
BRDA:4950,547,0,2
BRDA:4950,547,1,2
BRDA:4974,548,0,1
BRDA:4974,548,1,1
BRDA:4999,549,0,3
BRDA:4999,549,1,0
BRDA:5001,550,0,1
BRDA:5001,550,1,2
BRDA:5001,551,0,3
BRDA:5001,551,1,2
BRDA:5016,552,0,0
BRDA:5016,552,1,2
BRDA:5024,553,0,1
BRDA:5024,553,1,1
BRDA:5024,554,0,2
BRDA:5024,554,1,2
BRDA:5032,555,0,1
BRDA:5032,555,1,0
BRDA:5039,556,0,1
BRDA:5039,556,1,0
BRDA:5039,557,0,1
BRDA:5039,557,1,1
BRDA:5053,558,0,0
BRDA:5053,558,1,0
BRDA:5061,559,0,0
BRDA:5061,559,1,0
BRDA:5069,560,0,0
BRDA:5069,560,1,0
BRDA:5078,561,0,0
BRDA:5078,561,1,0
BRDA:5089,562,0,0
BRDA:5089,562,1,0
BRDA:5108,563,0,0
BRDA:5108,563,1,0
BRDA:5122,564,0,0
BRDA:5122,564,1,0
BRDA:5130,565,0,0
BRDA:5130,565,1,0
BRDA:5130,566,0,0
BRDA:5130,566,1,0
BRDA:5156,567,0,0
BRDA:5156,567,1,0
BRDA:5158,568,0,0
BRDA:5158,568,1,0
BRDA:5158,569,0,0
BRDA:5158,569,1,0
BRDA:5173,570,0,0
BRDA:5173,570,1,0
BRDA:5181,571,0,0
BRDA:5181,571,1,0
BRDA:5181,572,0,0
BRDA:5181,572,1,0
BRDA:5189,573,0,0
BRDA:5189,573,1,0
BRDA:5196,574,0,0
BRDA:5196,574,1,0
BRDA:5196,575,0,0
BRDA:5196,575,1,0
BRDA:5209,576,0,0
BRDA:5209,576,1,0
BRDA:5223,577,0,0
BRDA:5223,577,1,0
BRDA:5231,578,0,0
BRDA:5231,578,1,0
BRDA:5231,579,0,0
BRDA:5231,579,1,0
BRDA:5239,580,0,0
BRDA:5239,580,1,0
BRDA:5249,581,0,0
BRDA:5249,581,1,0
BRDA:5268,582,0,0
BRDA:5268,583,0,0
BRDA:5270,584,0,0
BRDA:5270,584,1,0
BRDA:5274,585,0,0
BRDA:5274,585,1,0
BRDA:5285,586,0,0
BRDA:5285,586,1,0
BRDA:5288,587,0,0
BRDA:5288,587,1,0
BRDA:5303,588,0,0
BRDA:5303,588,1,0
BRDA:5304,589,0,0
BRDA:5304,589,1,0
BRDA:5305,590,0,0
BRDA:5305,590,1,0
BRDA:5306,591,0,0
BRDA:5306,591,1,0
BRDA:5307,592,0,0
BRDA:5307,592,1,0
BRDA:5308,593,0,0
BRDA:5308,593,1,0
BRDA:5308,593,2,0
BRDA:5309,594,0,0
BRDA:5309,594,1,0
BRDA:5310,595,0,0
BRDA:5310,595,1,0
BRDA:5311,596,0,0
BRDA:5311,596,1,0
BRDA:5312,597,0,0
BRDA:5312,597,1,0
BRDA:5316,598,0,0
BRDA:5316,598,1,0
BRDA:5317,599,0,0
BRDA:5317,599,1,0
BRDA:5318,600,0,0
BRDA:5318,600,1,0
BRDA:5319,601,0,0
BRDA:5319,601,1,0
BRDA:5320,602,0,0
BRDA:5320,602,1,0
BRDA:5321,603,0,0
BRDA:5321,603,1,0
BRDA:5322,604,0,0
BRDA:5322,604,1,0
BRDA:5348,605,0,0
BRDA:5348,605,1,0
BRDA:5368,606,0,0
BRDA:5368,606,1,14
BRDA:5376,607,0,14
BRDA:5376,607,1,0
BRF:1221
BRH:934
end_of_record
