TN:
SF:dbms.js
FN:20,(anonymous_0)
FN:26,(anonymous_1)
FNF:2
FNH:2
FNDA:1,(anonymous_0)
FNDA:1,(anonymous_1)
DA:6,1
DA:8,1
DA:18,1
DA:20,1
DA:21,1
DA:22,1
DA:23,1
DA:26,1
DA:27,1
DA:28,1
DA:29,1
DA:32,0
LF:12
LH:11
BRDA:21,0,0,1
BRDA:21,0,1,0
BRDA:27,1,0,1
BRDA:27,1,1,0
BRF:4
BRH:2
end_of_record
TN:
SF:server.js
FN:23,createToken
FN:35,authenticateToken
FN:59,authorizeRoles
FN:60,(anonymous_3)
FN:101,(anonymous_4)
FN:104,(anonymous_5)
FN:113,extractYouTubeId
FN:121,getUserWithProfileByEmail
FN:144,(anonymous_8)
FN:148,(anonymous_9)
FN:151,(anonymous_10)
FN:198,(anonymous_11)
FN:199,(anonymous_12)
FN:234,(anonymous_13)
FN:239,(anonymous_14)
FN:262,(anonymous_15)
FN:277,(anonymous_16)
FN:302,(anonymous_17)
FN:323,(anonymous_18)
FN:335,(anonymous_19)
FN:371,(anonymous_20)
FN:437,(anonymous_21)
FN:467,(anonymous_22)
FN:485,(anonymous_23)
FN:502,(anonymous_24)
FN:519,(anonymous_25)
FN:536,(anonymous_26)
FN:556,(anonymous_27)
FN:588,(anonymous_28)
FN:607,(anonymous_29)
FN:617,(anonymous_30)
FN:648,(anonymous_31)
FN:679,(anonymous_32)
FN:707,(anonymous_33)
FN:726,(anonymous_34)
FN:753,(anonymous_35)
FN:776,(anonymous_36)
FN:787,(anonymous_37)
FN:807,(anonymous_38)
FN:826,(anonymous_39)
FN:838,(anonymous_40)
FN:872,(anonymous_41)
FN:900,(anonymous_42)
FN:927,(anonymous_43)
FN:947,(anonymous_44)
FN:980,(anonymous_45)
FN:1008,(anonymous_46)
FN:1044,(anonymous_47)
FN:1078,(anonymous_48)
FN:1109,(anonymous_49)
FN:1130,(anonymous_50)
FN:1157,(anonymous_51)
FN:1180,(anonymous_52)
FN:1201,(anonymous_53)
FN:1220,(anonymous_54)
FN:1251,(anonymous_55)
FN:1268,(anonymous_56)
FN:1306,(anonymous_57)
FN:1340,(anonymous_58)
FN:1367,(anonymous_59)
FN:1386,(anonymous_60)
FN:1426,(anonymous_61)
FN:1438,(anonymous_62)
FN:1450,(anonymous_63)
FN:1462,(anonymous_64)
FN:1504,(anonymous_65)
FN:1524,(anonymous_66)
FN:1533,(anonymous_67)
FN:1558,(anonymous_68)
FN:1573,(anonymous_69)
FN:1596,(anonymous_70)
FN:1625,(anonymous_71)
FN:1641,(anonymous_72)
FN:1653,(anonymous_73)
FN:1674,(anonymous_74)
FN:1687,(anonymous_75)
FN:1693,(anonymous_76)
FN:1699,(anonymous_77)
FN:1705,(anonymous_78)
FN:1730,(anonymous_79)
FN:1747,(anonymous_80)
FN:1767,(anonymous_81)
FN:1786,(anonymous_82)
FN:1813,(anonymous_83)
FN:1828,(anonymous_84)
FN:1853,(anonymous_85)
FN:1866,(anonymous_86)
FN:1886,(anonymous_87)
FN:1904,(anonymous_88)
FN:1933,(anonymous_89)
FN:1961,(anonymous_90)
FN:1971,(anonymous_91)
FN:1998,(anonymous_92)
FN:2021,(anonymous_93)
FN:2030,(anonymous_94)
FN:2039,(anonymous_95)
FN:2048,(anonymous_96)
FN:2078,(anonymous_97)
FN:2102,(anonymous_98)
FN:2123,(anonymous_99)
FN:2138,(anonymous_100)
FN:2173,(anonymous_101)
FN:2181,(anonymous_102)
FN:2220,(anonymous_103)
FN:2229,(anonymous_104)
FN:2238,(anonymous_105)
FN:2267,(anonymous_106)
FN:2275,(anonymous_107)
FN:2321,(anonymous_108)
FN:2332,(anonymous_109)
FN:2348,(anonymous_110)
FN:2356,(anonymous_111)
FN:2396,(anonymous_112)
FN:2407,(anonymous_113)
FN:2423,(anonymous_114)
FN:2438,(anonymous_115)
FN:2458,(anonymous_116)
FN:2475,(anonymous_117)
FN:2502,(anonymous_118)
FN:2525,(anonymous_119)
FN:2555,(anonymous_120)
FN:2588,(anonymous_121)
FN:2593,(anonymous_122)
FN:2630,(anonymous_123)
FN:2642,(anonymous_124)
FN:2667,(anonymous_125)
FN:2670,(anonymous_126)
FN:2690,(anonymous_127)
FN:2695,(anonymous_128)
FNF:129
FNH:7
FNDA:0,createToken
FNDA:3,authenticateToken
FNDA:26,authorizeRoles
FNDA:0,(anonymous_3)
FNDA:0,(anonymous_4)
FNDA:0,(anonymous_5)
FNDA:0,extractYouTubeId
FNDA:1,getUserWithProfileByEmail
FNDA:1,(anonymous_8)
FNDA:1,(anonymous_9)
FNDA:0,(anonymous_10)
FNDA:0,(anonymous_11)
FNDA:0,(anonymous_12)
FNDA:0,(anonymous_13)
FNDA:0,(anonymous_14)
FNDA:0,(anonymous_15)
FNDA:0,(anonymous_16)
FNDA:0,(anonymous_17)
FNDA:0,(anonymous_18)
FNDA:0,(anonymous_19)
FNDA:0,(anonymous_20)
FNDA:0,(anonymous_21)
FNDA:0,(anonymous_22)
FNDA:0,(anonymous_23)
FNDA:0,(anonymous_24)
FNDA:0,(anonymous_25)
FNDA:0,(anonymous_26)
FNDA:0,(anonymous_27)
FNDA:0,(anonymous_28)
FNDA:0,(anonymous_29)
FNDA:0,(anonymous_30)
FNDA:0,(anonymous_31)
FNDA:0,(anonymous_32)
FNDA:0,(anonymous_33)
FNDA:0,(anonymous_34)
FNDA:0,(anonymous_35)
FNDA:0,(anonymous_36)
FNDA:0,(anonymous_37)
FNDA:0,(anonymous_38)
FNDA:0,(anonymous_39)
FNDA:0,(anonymous_40)
FNDA:0,(anonymous_41)
FNDA:0,(anonymous_42)
FNDA:0,(anonymous_43)
FNDA:0,(anonymous_44)
FNDA:0,(anonymous_45)
FNDA:0,(anonymous_46)
FNDA:0,(anonymous_47)
FNDA:0,(anonymous_48)
FNDA:0,(anonymous_49)
FNDA:0,(anonymous_50)
FNDA:0,(anonymous_51)
FNDA:0,(anonymous_52)
FNDA:0,(anonymous_53)
FNDA:0,(anonymous_54)
FNDA:0,(anonymous_55)
FNDA:0,(anonymous_56)
FNDA:0,(anonymous_57)
FNDA:0,(anonymous_58)
FNDA:0,(anonymous_59)
FNDA:0,(anonymous_60)
FNDA:0,(anonymous_61)
FNDA:0,(anonymous_62)
FNDA:0,(anonymous_63)
FNDA:0,(anonymous_64)
FNDA:0,(anonymous_65)
FNDA:0,(anonymous_66)
FNDA:0,(anonymous_67)
FNDA:0,(anonymous_68)
FNDA:0,(anonymous_69)
FNDA:0,(anonymous_70)
FNDA:0,(anonymous_71)
FNDA:0,(anonymous_72)
FNDA:0,(anonymous_73)
FNDA:0,(anonymous_74)
FNDA:0,(anonymous_75)
FNDA:0,(anonymous_76)
FNDA:0,(anonymous_77)
FNDA:0,(anonymous_78)
FNDA:0,(anonymous_79)
FNDA:0,(anonymous_80)
FNDA:0,(anonymous_81)
FNDA:0,(anonymous_82)
FNDA:0,(anonymous_83)
FNDA:0,(anonymous_84)
FNDA:0,(anonymous_85)
FNDA:0,(anonymous_86)
FNDA:0,(anonymous_87)
FNDA:0,(anonymous_88)
FNDA:0,(anonymous_89)
FNDA:0,(anonymous_90)
FNDA:0,(anonymous_91)
FNDA:0,(anonymous_92)
FNDA:0,(anonymous_93)
FNDA:0,(anonymous_94)
FNDA:0,(anonymous_95)
FNDA:0,(anonymous_96)
FNDA:0,(anonymous_97)
FNDA:0,(anonymous_98)
FNDA:0,(anonymous_99)
FNDA:0,(anonymous_100)
FNDA:0,(anonymous_101)
FNDA:0,(anonymous_102)
FNDA:0,(anonymous_103)
FNDA:0,(anonymous_104)
FNDA:0,(anonymous_105)
FNDA:0,(anonymous_106)
FNDA:0,(anonymous_107)
FNDA:0,(anonymous_108)
FNDA:0,(anonymous_109)
FNDA:0,(anonymous_110)
FNDA:0,(anonymous_111)
FNDA:0,(anonymous_112)
FNDA:0,(anonymous_113)
FNDA:0,(anonymous_114)
FNDA:0,(anonymous_115)
FNDA:0,(anonymous_116)
FNDA:0,(anonymous_117)
FNDA:0,(anonymous_118)
FNDA:0,(anonymous_119)
FNDA:0,(anonymous_120)
FNDA:0,(anonymous_121)
FNDA:0,(anonymous_122)
FNDA:0,(anonymous_123)
FNDA:0,(anonymous_124)
FNDA:1,(anonymous_125)
FNDA:1,(anonymous_126)
FNDA:0,(anonymous_127)
FNDA:0,(anonymous_128)
DA:1,1
DA:2,1
DA:3,1
DA:4,1
DA:5,1
DA:6,1
DA:7,1
DA:8,1
DA:9,1
DA:12,1
DA:13,1
DA:16,1
DA:17,1
DA:19,1
DA:20,0
DA:24,0
DA:36,3
DA:38,3
DA:39,3
DA:45,0
DA:47,0
DA:48,0
DA:49,0
DA:50,0
DA:52,0
DA:60,26
DA:61,0
DA:62,0
DA:68,0
DA:69,0
DA:72,0
DA:73,0
DA:79,0
DA:84,1
DA:90,1
DA:91,1
DA:92,1
DA:94,1
DA:96,1
DA:97,0
DA:100,1
DA:102,0
DA:105,0
DA:106,0
DA:107,0
DA:111,1
DA:115,0
DA:118,0
DA:122,1
DA:139,1
DA:144,1
DA:145,1
DA:148,1
DA:149,1
DA:151,1
DA:152,0
DA:153,0
DA:154,0
DA:159,0
DA:160,0
DA:166,0
DA:167,0
DA:169,0
DA:170,0
DA:176,0
DA:187,0
DA:189,0
DA:198,1
DA:199,0
DA:200,0
DA:201,0
DA:202,0
DA:208,0
DA:209,0
DA:215,0
DA:217,0
DA:234,1
DA:235,0
DA:237,0
DA:239,0
DA:240,0
DA:241,0
DA:242,0
DA:245,0
DA:246,0
DA:249,0
DA:250,0
DA:252,0
DA:253,0
DA:259,0
DA:260,0
DA:262,0
DA:263,0
DA:264,0
DA:265,0
DA:268,0
DA:277,1
DA:278,0
DA:279,0
DA:281,0
DA:282,0
DA:288,0
DA:289,0
DA:291,0
DA:292,0
DA:293,0
DA:299,0
DA:303,0
DA:304,0
DA:305,0
DA:311,0
DA:312,0
DA:318,0
DA:320,0
DA:324,0
DA:325,0
DA:326,0
DA:332,0
DA:336,0
DA:337,0
DA:338,0
DA:344,0
DA:355,0
DA:356,0
DA:364,1
DA:379,0
DA:381,0
DA:382,0
DA:388,0
DA:389,0
DA:391,0
DA:395,0
DA:399,0
DA:410,0
DA:425,0
DA:437,0
DA:438,0
DA:439,0
DA:440,0
DA:447,0
DA:467,1
DA:468,0
DA:470,0
DA:485,0
DA:486,0
DA:487,0
DA:488,0
DA:494,0
DA:502,1
DA:503,0
DA:519,0
DA:520,0
DA:521,0
DA:522,0
DA:528,0
DA:536,1
DA:537,0
DA:538,0
DA:556,0
DA:557,0
DA:558,0
DA:559,0
DA:565,0
DA:571,0
DA:574,0
DA:588,0
DA:589,0
DA:590,0
DA:591,0
DA:597,0
DA:604,1
DA:608,0
DA:610,0
DA:617,0
DA:618,0
DA:619,0
DA:620,0
DA:626,0
DA:627,0
DA:633,0
DA:634,0
DA:635,0
DA:641,0
DA:648,0
DA:649,0
DA:650,0
DA:651,0
DA:657,0
DA:658,0
DA:664,0
DA:676,0
DA:680,0
DA:681,0
DA:683,0
DA:684,0
DA:690,0
DA:696,0
DA:707,1
DA:708,0
DA:710,0
DA:726,0
DA:727,0
DA:728,0
DA:729,0
DA:735,0
DA:736,0
DA:742,0
DA:744,0
DA:753,0
DA:754,0
DA:755,0
DA:756,0
DA:762,0
DA:773,1
DA:777,0
DA:779,0
DA:787,0
DA:788,0
DA:789,0
DA:790,0
DA:796,0
DA:804,1
DA:808,0
DA:810,0
DA:816,0
DA:826,0
DA:827,0
DA:828,0
DA:829,0
DA:835,0
DA:839,0
DA:840,0
DA:841,0
DA:847,0
DA:848,0
DA:851,0
DA:853,0
DA:854,0
DA:864,0
DA:872,0
DA:873,0
DA:874,0
DA:875,0
DA:881,0
DA:897,1
DA:901,0
DA:903,0
DA:927,0
DA:928,0
DA:929,0
DA:930,0
DA:936,0
DA:944,1
DA:948,0
DA:949,0
DA:951,0
DA:953,0
DA:954,0
DA:960,0
DA:971,0
DA:981,0
DA:982,0
DA:983,0
DA:989,0
DA:990,0
DA:996,0
DA:1005,1
DA:1009,0
DA:1010,0
DA:1012,0
DA:1013,0
DA:1019,0
DA:1021,0
DA:1025,0
DA:1038,0
DA:1044,0
DA:1045,0
DA:1046,0
DA:1047,0
DA:1053,0
DA:1055,0
DA:1068,0
DA:1078,0
DA:1079,0
DA:1080,0
DA:1081,0
DA:1087,0
DA:1105,1
DA:1110,0
DA:1111,0
DA:1113,0
DA:1115,0
DA:1119,0
DA:1121,0
DA:1127,0
DA:1131,0
DA:1132,0
DA:1133,0
DA:1139,0
DA:1154,1
DA:1158,0
DA:1160,0
DA:1180,0
DA:1181,0
DA:1182,0
DA:1183,0
DA:1189,0
DA:1197,1
DA:1202,0
DA:1203,0
DA:1205,0
DA:1207,0
DA:1211,0
DA:1213,0
DA:1220,0
DA:1221,0
DA:1222,0
DA:1223,0
DA:1229,0
DA:1230,0
DA:1236,0
DA:1238,0
DA:1239,0
DA:1245,0
DA:1251,0
DA:1252,0
DA:1253,0
DA:1254,0
DA:1260,0
DA:1262,0
DA:1268,0
DA:1269,0
DA:1270,0
DA:1271,0
DA:1277,0
DA:1296,0
DA:1306,0
DA:1307,0
DA:1308,0
DA:1309,0
DA:1315,0
DA:1340,1
DA:1341,0
DA:1367,0
DA:1368,0
DA:1369,0
DA:1370,0
DA:1376,0
DA:1383,1
DA:1387,0
DA:1393,0
DA:1399,0
DA:1407,0
DA:1426,0
DA:1427,0
DA:1428,0
DA:1429,0
DA:1435,0
DA:1439,0
DA:1440,0
DA:1441,0
DA:1447,0
DA:1451,0
DA:1452,0
DA:1453,0
DA:1459,0
DA:1463,0
DA:1464,0
DA:1465,0
DA:1471,0
DA:1473,0
DA:1474,0
DA:1477,0
DA:1481,0
DA:1501,1
DA:1505,0
DA:1511,0
DA:1524,0
DA:1525,0
DA:1526,0
DA:1527,0
DA:1533,0
DA:1534,0
DA:1535,0
DA:1536,0
DA:1542,0
DA:1543,0
DA:1545,0
DA:1558,1
DA:1559,0
DA:1573,0
DA:1574,0
DA:1575,0
DA:1576,0
DA:1582,0
DA:1583,0
DA:1589,0
DA:1596,1
DA:1603,0
DA:1605,0
DA:1616,0
DA:1625,0
DA:1626,0
DA:1627,0
DA:1628,0
DA:1634,0
DA:1641,1
DA:1642,0
DA:1643,0
DA:1649,0
DA:1651,0
DA:1653,0
DA:1654,0
DA:1655,0
DA:1656,0
DA:1662,0
DA:1671,1
DA:1675,0
DA:1676,0
DA:1677,0
DA:1682,0
DA:1687,0
DA:1688,0
DA:1689,0
DA:1690,0
DA:1693,0
DA:1694,0
DA:1695,0
DA:1696,0
DA:1699,0
DA:1700,0
DA:1701,0
DA:1702,0
DA:1705,0
DA:1706,0
DA:1707,0
DA:1708,0
DA:1711,0
DA:1727,1
DA:1731,0
DA:1747,0
DA:1748,0
DA:1749,0
DA:1750,0
DA:1756,0
DA:1764,1
DA:1768,0
DA:1769,0
DA:1771,0
DA:1773,0
DA:1774,0
DA:1780,0
DA:1786,0
DA:1787,0
DA:1788,0
DA:1789,0
DA:1795,0
DA:1796,0
DA:1802,0
DA:1810,1
DA:1814,0
DA:1816,0
DA:1817,0
DA:1823,0
DA:1828,0
DA:1829,0
DA:1830,0
DA:1831,0
DA:1837,0
DA:1850,1
DA:1854,0
DA:1866,0
DA:1867,0
DA:1868,0
DA:1869,0
DA:1875,0
DA:1883,1
DA:1887,0
DA:1888,0
DA:1890,0
DA:1891,0
DA:1897,0
DA:1904,0
DA:1905,0
DA:1906,0
DA:1907,0
DA:1913,0
DA:1914,0
DA:1920,0
DA:1921,0
DA:1927,0
DA:1933,0
DA:1934,0
DA:1935,0
DA:1936,0
DA:1942,0
DA:1943,0
DA:1949,0
DA:1958,1
DA:1962,0
DA:1963,0
DA:1965,0
DA:1971,0
DA:1972,0
DA:1973,0
DA:1974,0
DA:1980,0
DA:1981,0
DA:1987,0
DA:1995,1
DA:1999,0
DA:2001,0
DA:2006,0
DA:2011,0
DA:2016,0
DA:2021,0
DA:2022,0
DA:2023,0
DA:2024,0
DA:2030,0
DA:2031,0
DA:2032,0
DA:2033,0
DA:2039,0
DA:2040,0
DA:2041,0
DA:2042,0
DA:2048,0
DA:2049,0
DA:2050,0
DA:2051,0
DA:2057,0
DA:2058,0
DA:2064,0
DA:2075,1
DA:2079,0
DA:2080,0
DA:2082,0
DA:2083,0
DA:2089,0
DA:2090,0
DA:2092,0
DA:2093,0
DA:2099,0
DA:2103,0
DA:2104,0
DA:2105,0
DA:2111,0
DA:2112,0
DA:2118,0
DA:2120,0
DA:2124,0
DA:2125,0
DA:2126,0
DA:2132,0
DA:2139,0
DA:2140,0
DA:2141,0
DA:2147,0
DA:2158,0
DA:2159,0
DA:2170,1
DA:2174,0
DA:2181,0
DA:2182,0
DA:2183,0
DA:2184,0
DA:2190,0
DA:2191,0
DA:2197,0
DA:2198,0
DA:2200,0
DA:2206,0
DA:2213,0
DA:2220,0
DA:2221,0
DA:2222,0
DA:2223,0
DA:2229,0
DA:2230,0
DA:2231,0
DA:2232,0
DA:2238,0
DA:2239,0
DA:2240,0
DA:2241,0
DA:2247,0
DA:2264,1
DA:2268,0
DA:2275,0
DA:2276,0
DA:2277,0
DA:2278,0
DA:2284,0
DA:2285,0
DA:2291,0
DA:2293,0
DA:2321,0
DA:2322,0
DA:2323,0
DA:2324,0
DA:2330,0
DA:2332,0
DA:2345,1
DA:2349,0
DA:2356,0
DA:2357,0
DA:2358,0
DA:2359,0
DA:2365,0
DA:2366,0
DA:2372,0
DA:2374,0
DA:2396,0
DA:2397,0
DA:2398,0
DA:2399,0
DA:2405,0
DA:2407,0
DA:2420,1
DA:2424,0
DA:2438,0
DA:2439,0
DA:2440,0
DA:2441,0
DA:2447,0
DA:2455,1
DA:2459,0
DA:2461,0
DA:2462,0
DA:2468,0
DA:2475,0
DA:2476,0
DA:2477,0
DA:2478,0
DA:2484,0
DA:2485,0
DA:2491,0
DA:2493,0
DA:2502,0
DA:2503,0
DA:2504,0
DA:2505,0
DA:2511,0
DA:2512,0
DA:2518,0
DA:2525,0
DA:2526,0
DA:2527,0
DA:2528,0
DA:2534,0
DA:2535,0
DA:2541,0
DA:2552,0
DA:2556,0
DA:2557,0
DA:2559,0
DA:2560,0
DA:2566,0
DA:2572,0
DA:2588,1
DA:2589,0
DA:2593,1
DA:2594,0
DA:2596,0
DA:2597,0
DA:2600,0
DA:2601,0
DA:2608,0
DA:2609,0
DA:2614,0
DA:2615,0
DA:2617,0
DA:2620,0
DA:2624,0
DA:2625,0
DA:2627,0
DA:2629,0
DA:2630,0
DA:2642,0
DA:2653,0
DA:2655,0
DA:2656,0
DA:2667,1
DA:2668,1
DA:2670,1
DA:2671,1
DA:2672,1
DA:2674,1
DA:2675,0
DA:2682,1
DA:2688,1
DA:2690,1
DA:2691,0
DA:2694,1
DA:2695,0
DA:2696,0
DA:2700,1
LF:698
LH:83
BRDA:13,0,0,1
BRDA:13,0,1,0
BRDA:17,1,0,1
BRDA:17,1,1,0
BRDA:19,2,0,0
BRDA:19,2,1,1
BRDA:28,3,0,0
BRDA:28,3,1,0
BRDA:38,4,0,3
BRDA:38,4,1,0
BRDA:38,5,0,3
BRDA:38,5,1,0
BRDA:61,6,0,0
BRDA:61,6,1,0
BRDA:68,7,0,0
BRDA:68,7,1,0
BRDA:72,8,0,0
BRDA:72,8,1,0
BRDA:86,9,0,1
BRDA:86,9,1,0
BRDA:96,10,0,0
BRDA:96,10,1,1
BRDA:113,11,0,0
BRDA:115,12,0,0
BRDA:115,12,1,0
BRDA:115,12,2,0
BRDA:118,13,0,0
BRDA:118,13,1,0
BRDA:152,14,0,0
BRDA:152,14,1,0
BRDA:159,15,0,0
BRDA:159,15,1,0
BRDA:159,16,0,0
BRDA:159,16,1,0
BRDA:169,17,0,0
BRDA:169,17,1,0
BRDA:179,18,0,0
BRDA:179,18,1,0
BRDA:180,19,0,0
BRDA:180,19,1,0
BRDA:181,20,0,0
BRDA:181,20,1,0
BRDA:182,21,0,0
BRDA:182,21,1,0
BRDA:183,22,0,0
BRDA:183,22,1,0
BRDA:184,23,0,0
BRDA:184,23,1,0
BRDA:200,24,0,0
BRDA:200,24,1,0
BRDA:208,25,0,0
BRDA:208,25,1,0
BRDA:208,26,0,0
BRDA:208,26,1,0
BRDA:222,27,0,0
BRDA:222,27,1,0
BRDA:223,28,0,0
BRDA:223,28,1,0
BRDA:224,29,0,0
BRDA:224,29,1,0
BRDA:225,30,0,0
BRDA:225,30,1,0
BRDA:226,31,0,0
BRDA:226,31,1,0
BRDA:227,32,0,0
BRDA:227,32,1,0
BRDA:240,33,0,0
BRDA:240,33,1,0
BRDA:245,34,0,0
BRDA:245,34,1,0
BRDA:245,35,0,0
BRDA:245,35,1,0
BRDA:252,36,0,0
BRDA:252,36,1,0
BRDA:263,37,0,0
BRDA:263,37,1,0
BRDA:281,38,0,0
BRDA:281,38,1,0
BRDA:281,39,0,0
BRDA:281,39,1,0
BRDA:281,39,2,0
BRDA:289,40,0,0
BRDA:289,40,1,0
BRDA:292,41,0,0
BRDA:292,41,1,0
BRDA:303,42,0,0
BRDA:303,42,1,0
BRDA:311,43,0,0
BRDA:311,43,1,0
BRDA:311,44,0,0
BRDA:311,44,1,0
BRDA:324,45,0,0
BRDA:324,45,1,0
BRDA:336,46,0,0
BRDA:336,46,1,0
BRDA:381,47,0,0
BRDA:381,47,1,0
BRDA:381,48,0,0
BRDA:381,48,1,0
BRDA:388,49,0,0
BRDA:388,49,1,0
BRDA:389,50,0,0
BRDA:389,50,1,0
BRDA:391,51,0,0
BRDA:391,51,1,0
BRDA:395,52,0,0
BRDA:395,52,1,0
BRDA:399,53,0,0
BRDA:399,53,1,0
BRDA:401,54,0,0
BRDA:401,54,1,0
BRDA:402,55,0,0
BRDA:402,55,1,0
BRDA:404,56,0,0
BRDA:404,56,1,0
BRDA:428,57,0,0
BRDA:428,57,1,0
BRDA:429,58,0,0
BRDA:429,58,1,0
BRDA:430,59,0,0
BRDA:430,59,1,0
BRDA:431,60,0,0
BRDA:431,60,1,0
BRDA:438,61,0,0
BRDA:438,61,1,0
BRDA:443,62,0,0
BRDA:443,62,1,0
BRDA:443,62,2,0
BRDA:455,63,0,0
BRDA:455,63,1,0
BRDA:456,64,0,0
BRDA:456,64,1,0
BRDA:457,65,0,0
BRDA:457,65,1,0
BRDA:458,66,0,0
BRDA:458,66,1,0
BRDA:486,67,0,0
BRDA:486,67,1,0
BRDA:496,68,0,0
BRDA:496,68,1,0
BRDA:520,69,0,0
BRDA:520,69,1,0
BRDA:530,70,0,0
BRDA:530,70,1,0
BRDA:537,71,0,0
BRDA:537,71,1,0
BRDA:557,72,0,0
BRDA:557,72,1,0
BRDA:567,73,0,0
BRDA:567,73,1,0
BRDA:589,74,0,0
BRDA:589,74,1,0
BRDA:599,75,0,0
BRDA:599,75,1,0
BRDA:618,76,0,0
BRDA:618,76,1,0
BRDA:626,77,0,0
BRDA:626,77,1,0
BRDA:626,78,0,0
BRDA:626,78,1,0
BRDA:634,79,0,0
BRDA:634,79,1,0
BRDA:649,80,0,0
BRDA:649,80,1,0
BRDA:657,81,0,0
BRDA:657,81,1,0
BRDA:657,82,0,0
BRDA:657,82,1,0
BRDA:680,83,0,0
BRDA:680,83,1,0
BRDA:683,84,0,0
BRDA:683,84,1,0
BRDA:727,85,0,0
BRDA:727,85,1,0
BRDA:735,86,0,0
BRDA:735,86,1,0
BRDA:735,87,0,0
BRDA:735,87,1,0
BRDA:754,88,0,0
BRDA:754,88,1,0
BRDA:766,89,0,0
BRDA:766,89,1,0
BRDA:788,90,0,0
BRDA:788,90,1,0
BRDA:827,91,0,0
BRDA:827,91,1,0
BRDA:839,92,0,0
BRDA:839,92,1,0
BRDA:847,93,0,0
BRDA:847,93,1,0
BRDA:848,94,0,0
BRDA:848,94,1,0
BRDA:851,95,0,0
BRDA:851,95,1,0
BRDA:853,96,0,0
BRDA:853,96,1,0
BRDA:873,97,0,0
BRDA:873,97,1,0
BRDA:928,98,0,0
BRDA:928,98,1,0
BRDA:938,99,0,0
BRDA:938,99,1,0
BRDA:953,100,0,0
BRDA:953,100,1,0
BRDA:953,101,0,0
BRDA:953,101,1,0
BRDA:975,102,0,0
BRDA:975,102,1,0
BRDA:976,103,0,0
BRDA:976,103,1,0
BRDA:981,104,0,0
BRDA:981,104,1,0
BRDA:989,105,0,0
BRDA:989,105,1,0
BRDA:989,106,0,0
BRDA:989,106,1,0
BRDA:1012,107,0,0
BRDA:1012,107,1,0
BRDA:1012,108,0,0
BRDA:1012,108,1,0
BRDA:1019,109,0,0
BRDA:1019,109,1,0
BRDA:1021,110,0,0
BRDA:1021,110,1,0
BRDA:1025,111,0,0
BRDA:1025,111,1,0
BRDA:1027,112,0,0
BRDA:1027,112,1,0
BRDA:1028,113,0,0
BRDA:1028,113,1,0
BRDA:1030,114,0,0
BRDA:1030,114,1,0
BRDA:1032,115,0,0
BRDA:1032,115,1,0
BRDA:1045,116,0,0
BRDA:1045,116,1,0
BRDA:1053,117,0,0
BRDA:1053,117,1,0
BRDA:1072,118,0,0
BRDA:1072,118,1,0
BRDA:1079,119,0,0
BRDA:1079,119,1,0
BRDA:1089,120,0,0
BRDA:1089,120,1,0
BRDA:1095,121,0,0
BRDA:1095,121,1,0
BRDA:1113,122,0,0
BRDA:1113,122,1,0
BRDA:1115,123,0,0
BRDA:1115,123,1,0
BRDA:1119,124,0,0
BRDA:1119,124,1,0
BRDA:1119,125,0,0
BRDA:1119,125,1,0
BRDA:1129,126,0,0
BRDA:1129,126,1,0
BRDA:1131,127,0,0
BRDA:1131,127,1,0
BRDA:1144,128,0,0
BRDA:1144,128,1,0
BRDA:1181,129,0,0
BRDA:1181,129,1,0
BRDA:1191,130,0,0
BRDA:1191,130,1,0
BRDA:1205,131,0,0
BRDA:1205,131,1,0
BRDA:1207,132,0,0
BRDA:1207,132,1,0
BRDA:1211,133,0,0
BRDA:1211,133,1,0
BRDA:1211,134,0,0
BRDA:1211,134,1,0
BRDA:1221,135,0,0
BRDA:1221,135,1,0
BRDA:1229,136,0,0
BRDA:1229,136,1,0
BRDA:1229,137,0,0
BRDA:1229,137,1,0
BRDA:1238,138,0,0
BRDA:1238,138,1,0
BRDA:1252,139,0,0
BRDA:1252,139,1,0
BRDA:1260,140,0,0
BRDA:1260,140,1,0
BRDA:1269,141,0,0
BRDA:1269,141,1,0
BRDA:1300,142,0,0
BRDA:1300,142,1,0
BRDA:1307,143,0,0
BRDA:1307,143,1,0
BRDA:1323,144,0,0
BRDA:1323,144,1,0
BRDA:1368,145,0,0
BRDA:1368,145,1,0
BRDA:1378,146,0,0
BRDA:1378,146,1,0
BRDA:1427,147,0,0
BRDA:1427,147,1,0
BRDA:1439,148,0,0
BRDA:1439,148,1,0
BRDA:1451,149,0,0
BRDA:1451,149,1,0
BRDA:1463,150,0,0
BRDA:1463,150,1,0
BRDA:1471,151,0,0
BRDA:1471,151,1,0
BRDA:1473,152,0,0
BRDA:1473,152,1,0
BRDA:1474,153,0,0
BRDA:1474,153,1,0
BRDA:1477,154,0,0
BRDA:1477,154,1,0
BRDA:1487,155,0,0
BRDA:1487,155,1,0
BRDA:1488,156,0,0
BRDA:1488,156,1,0
BRDA:1525,157,0,0
BRDA:1525,157,1,0
BRDA:1534,158,0,0
BRDA:1534,158,1,0
BRDA:1542,159,0,0
BRDA:1542,159,1,0
BRDA:1543,160,0,0
BRDA:1543,160,1,0
BRDA:1550,161,0,0
BRDA:1550,161,1,0
BRDA:1574,162,0,0
BRDA:1574,162,1,0
BRDA:1582,163,0,0
BRDA:1582,163,1,0
BRDA:1582,164,0,0
BRDA:1582,164,1,0
BRDA:1617,165,0,0
BRDA:1617,165,1,0
BRDA:1618,166,0,0
BRDA:1618,166,1,0
BRDA:1619,167,0,0
BRDA:1619,167,1,0
BRDA:1620,168,0,0
BRDA:1620,168,1,0
BRDA:1621,169,0,0
BRDA:1621,169,1,0
BRDA:1626,170,0,0
BRDA:1626,170,1,0
BRDA:1642,171,0,0
BRDA:1642,171,1,0
BRDA:1654,172,0,0
BRDA:1654,172,1,0
BRDA:1688,173,0,0
BRDA:1688,173,1,0
BRDA:1694,174,0,0
BRDA:1694,174,1,0
BRDA:1700,175,0,0
BRDA:1700,175,1,0
BRDA:1706,176,0,0
BRDA:1706,176,1,0
BRDA:1714,177,0,0
BRDA:1714,177,1,0
BRDA:1715,178,0,0
BRDA:1715,178,1,0
BRDA:1716,179,0,0
BRDA:1716,179,1,0
BRDA:1717,180,0,0
BRDA:1717,180,1,0
BRDA:1748,181,0,0
BRDA:1748,181,1,0
BRDA:1758,182,0,0
BRDA:1758,182,1,0
BRDA:1773,183,0,0
BRDA:1773,183,1,0
BRDA:1787,184,0,0
BRDA:1787,184,1,0
BRDA:1795,185,0,0
BRDA:1795,185,1,0
BRDA:1795,186,0,0
BRDA:1795,186,1,0
BRDA:1816,187,0,0
BRDA:1816,187,1,0
BRDA:1816,188,0,0
BRDA:1816,188,1,0
BRDA:1828,189,0,0
BRDA:1828,189,1,0
BRDA:1829,190,0,0
BRDA:1829,190,1,0
BRDA:1843,191,0,0
BRDA:1843,191,1,0
BRDA:1867,192,0,0
BRDA:1867,192,1,0
BRDA:1877,193,0,0
BRDA:1877,193,1,0
BRDA:1890,194,0,0
BRDA:1890,194,1,0
BRDA:1905,195,0,0
BRDA:1905,195,1,0
BRDA:1913,196,0,0
BRDA:1913,196,1,0
BRDA:1913,197,0,0
BRDA:1913,197,1,0
BRDA:1920,198,0,0
BRDA:1920,198,1,0
BRDA:1934,199,0,0
BRDA:1934,199,1,0
BRDA:1942,200,0,0
BRDA:1942,200,1,0
BRDA:1942,201,0,0
BRDA:1942,201,1,0
BRDA:1971,202,0,0
BRDA:1971,202,1,0
BRDA:1972,203,0,0
BRDA:1972,203,1,0
BRDA:1980,204,0,0
BRDA:1980,204,1,0
BRDA:1980,205,0,0
BRDA:1980,205,1,0
BRDA:2022,206,0,0
BRDA:2022,206,1,0
BRDA:2031,207,0,0
BRDA:2031,207,1,0
BRDA:2040,208,0,0
BRDA:2040,208,1,0
BRDA:2049,209,0,0
BRDA:2049,209,1,0
BRDA:2057,210,0,0
BRDA:2057,210,1,0
BRDA:2057,211,0,0
BRDA:2057,211,1,0
BRDA:2082,212,0,0
BRDA:2082,212,1,0
BRDA:2082,213,0,0
BRDA:2082,213,1,0
BRDA:2082,213,2,0
BRDA:2082,213,3,0
BRDA:2092,214,0,0
BRDA:2092,214,1,0
BRDA:2103,215,0,0
BRDA:2103,215,1,0
BRDA:2111,216,0,0
BRDA:2111,216,1,0
BRDA:2111,217,0,0
BRDA:2111,217,1,0
BRDA:2124,218,0,0
BRDA:2124,218,1,0
BRDA:2137,219,0,0
BRDA:2137,219,1,0
BRDA:2139,220,0,0
BRDA:2139,220,1,0
BRDA:2182,221,0,0
BRDA:2182,221,1,0
BRDA:2190,222,0,0
BRDA:2190,222,1,0
BRDA:2190,223,0,0
BRDA:2190,223,1,0
BRDA:2221,224,0,0
BRDA:2221,224,1,0
BRDA:2230,225,0,0
BRDA:2230,225,1,0
BRDA:2239,226,0,0
BRDA:2239,226,1,0
BRDA:2252,227,0,0
BRDA:2252,227,1,0
BRDA:2253,228,0,0
BRDA:2253,228,1,0
BRDA:2254,229,0,0
BRDA:2254,229,1,0
BRDA:2276,230,0,0
BRDA:2276,230,1,0
BRDA:2284,231,0,0
BRDA:2284,231,1,0
BRDA:2284,232,0,0
BRDA:2284,232,1,0
BRDA:2322,233,0,0
BRDA:2322,233,1,0
BRDA:2332,234,0,0
BRDA:2332,234,1,0
BRDA:2335,235,0,0
BRDA:2335,235,1,0
BRDA:2357,236,0,0
BRDA:2357,236,1,0
BRDA:2365,237,0,0
BRDA:2365,237,1,0
BRDA:2365,238,0,0
BRDA:2365,238,1,0
BRDA:2397,239,0,0
BRDA:2397,239,1,0
BRDA:2407,240,0,0
BRDA:2407,240,1,0
BRDA:2410,241,0,0
BRDA:2410,241,1,0
BRDA:2439,242,0,0
BRDA:2439,242,1,0
BRDA:2449,243,0,0
BRDA:2449,243,1,0
BRDA:2461,244,0,0
BRDA:2461,244,1,0
BRDA:2461,245,0,0
BRDA:2461,245,1,0
BRDA:2476,246,0,0
BRDA:2476,246,1,0
BRDA:2484,247,0,0
BRDA:2484,247,1,0
BRDA:2484,248,0,0
BRDA:2484,248,1,0
BRDA:2503,249,0,0
BRDA:2503,249,1,0
BRDA:2511,250,0,0
BRDA:2511,250,1,0
BRDA:2511,251,0,0
BRDA:2511,251,1,0
BRDA:2526,252,0,0
BRDA:2526,252,1,0
BRDA:2534,253,0,0
BRDA:2534,253,1,0
BRDA:2534,254,0,0
BRDA:2534,254,1,0
BRDA:2556,255,0,0
BRDA:2556,255,1,0
BRDA:2559,256,0,0
BRDA:2559,256,1,0
BRDA:2594,257,0,0
BRDA:2594,258,0,0
BRDA:2596,259,0,0
BRDA:2596,259,1,0
BRDA:2600,260,0,0
BRDA:2600,260,1,0
BRDA:2611,261,0,0
BRDA:2611,261,1,0
BRDA:2614,262,0,0
BRDA:2614,262,1,0
BRDA:2629,263,0,0
BRDA:2629,263,1,0
BRDA:2630,264,0,0
BRDA:2630,264,1,0
BRDA:2631,265,0,0
BRDA:2631,265,1,0
BRDA:2632,266,0,0
BRDA:2632,266,1,0
BRDA:2633,267,0,0
BRDA:2633,267,1,0
BRDA:2634,268,0,0
BRDA:2634,268,1,0
BRDA:2634,268,2,0
BRDA:2635,269,0,0
BRDA:2635,269,1,0
BRDA:2636,270,0,0
BRDA:2636,270,1,0
BRDA:2637,271,0,0
BRDA:2637,271,1,0
BRDA:2638,272,0,0
BRDA:2638,272,1,0
BRDA:2642,273,0,0
BRDA:2642,273,1,0
BRDA:2643,274,0,0
BRDA:2643,274,1,0
BRDA:2644,275,0,0
BRDA:2644,275,1,0
BRDA:2645,276,0,0
BRDA:2645,276,1,0
BRDA:2646,277,0,0
BRDA:2646,277,1,0
BRDA:2647,278,0,0
BRDA:2647,278,1,0
BRDA:2648,279,0,0
BRDA:2648,279,1,0
BRDA:2674,280,0,0
BRDA:2674,280,1,1
BRDA:2694,281,0,0
BRDA:2694,281,1,1
BRF:567
BRH:9
end_of_record
